[2021-07-12 13:40:09,833] {scheduler_job.py:182} INFO - Started process (PID=65760) to work on /Users/pierre-olivierboisvert/Desktop/GIT/Spotify-ETL/env/lib/python3.8/site-packages/airflow/example_dags/example_branch_day_of_week_operator.py
[2021-07-12 13:40:09,834] {scheduler_job.py:633} INFO - Processing file /Users/pierre-olivierboisvert/Desktop/GIT/Spotify-ETL/env/lib/python3.8/site-packages/airflow/example_dags/example_branch_day_of_week_operator.py for tasks to queue
[2021-07-12 13:40:09,834] {logging_mixin.py:104} INFO - [2021-07-12 13:40:09,834] {dagbag.py:496} INFO - Filling up the DagBag from /Users/pierre-olivierboisvert/Desktop/GIT/Spotify-ETL/env/lib/python3.8/site-packages/airflow/example_dags/example_branch_day_of_week_operator.py
[2021-07-12 13:40:09,843] {scheduler_job.py:643} INFO - DAG(s) dict_keys(['example_weekday_branch_operator']) retrieved from /Users/pierre-olivierboisvert/Desktop/GIT/Spotify-ETL/env/lib/python3.8/site-packages/airflow/example_dags/example_branch_day_of_week_operator.py
[2021-07-12 13:40:09,884] {logging_mixin.py:104} INFO - [2021-07-12 13:40:09,884] {dag.py:1833} INFO - Sync 1 DAGs
[2021-07-12 13:40:09,900] {logging_mixin.py:104} INFO - [2021-07-12 13:40:09,899] {dag.py:2306} INFO - Setting next_dagrun for example_weekday_branch_operator to 2021-07-10 00:00:00+00:00
[2021-07-12 13:40:09,913] {scheduler_job.py:190} INFO - Processing /Users/pierre-olivierboisvert/Desktop/GIT/Spotify-ETL/env/lib/python3.8/site-packages/airflow/example_dags/example_branch_day_of_week_operator.py took 0.080 seconds
[2021-07-12 13:41:48,703] {scheduler_job.py:182} INFO - Started process (PID=65947) to work on /Users/pierre-olivierboisvert/Desktop/GIT/Spotify-ETL/env/lib/python3.8/site-packages/airflow/example_dags/example_branch_day_of_week_operator.py
[2021-07-12 13:41:48,704] {scheduler_job.py:633} INFO - Processing file /Users/pierre-olivierboisvert/Desktop/GIT/Spotify-ETL/env/lib/python3.8/site-packages/airflow/example_dags/example_branch_day_of_week_operator.py for tasks to queue
[2021-07-12 13:41:48,704] {logging_mixin.py:104} INFO - [2021-07-12 13:41:48,704] {dagbag.py:496} INFO - Filling up the DagBag from /Users/pierre-olivierboisvert/Desktop/GIT/Spotify-ETL/env/lib/python3.8/site-packages/airflow/example_dags/example_branch_day_of_week_operator.py
[2021-07-12 13:41:48,713] {scheduler_job.py:643} INFO - DAG(s) dict_keys(['example_weekday_branch_operator']) retrieved from /Users/pierre-olivierboisvert/Desktop/GIT/Spotify-ETL/env/lib/python3.8/site-packages/airflow/example_dags/example_branch_day_of_week_operator.py
[2021-07-12 13:41:48,753] {logging_mixin.py:104} INFO - [2021-07-12 13:41:48,753] {dag.py:1833} INFO - Sync 1 DAGs
[2021-07-12 13:41:48,765] {logging_mixin.py:104} INFO - [2021-07-12 13:41:48,765] {dag.py:2306} INFO - Setting next_dagrun for example_weekday_branch_operator to 2021-07-10 00:00:00+00:00
[2021-07-12 13:41:48,777] {scheduler_job.py:190} INFO - Processing /Users/pierre-olivierboisvert/Desktop/GIT/Spotify-ETL/env/lib/python3.8/site-packages/airflow/example_dags/example_branch_day_of_week_operator.py took 0.074 seconds
[2021-07-12 13:42:57,599] {scheduler_job.py:182} INFO - Started process (PID=66013) to work on /Users/pierre-olivierboisvert/Desktop/GIT/Spotify-ETL/env/lib/python3.8/site-packages/airflow/example_dags/example_branch_day_of_week_operator.py
[2021-07-12 13:42:57,600] {scheduler_job.py:633} INFO - Processing file /Users/pierre-olivierboisvert/Desktop/GIT/Spotify-ETL/env/lib/python3.8/site-packages/airflow/example_dags/example_branch_day_of_week_operator.py for tasks to queue
[2021-07-12 13:42:57,600] {logging_mixin.py:104} INFO - [2021-07-12 13:42:57,600] {dagbag.py:496} INFO - Filling up the DagBag from /Users/pierre-olivierboisvert/Desktop/GIT/Spotify-ETL/env/lib/python3.8/site-packages/airflow/example_dags/example_branch_day_of_week_operator.py
[2021-07-12 13:42:57,609] {scheduler_job.py:643} INFO - DAG(s) dict_keys(['example_weekday_branch_operator']) retrieved from /Users/pierre-olivierboisvert/Desktop/GIT/Spotify-ETL/env/lib/python3.8/site-packages/airflow/example_dags/example_branch_day_of_week_operator.py
[2021-07-12 13:42:57,643] {logging_mixin.py:104} INFO - [2021-07-12 13:42:57,643] {dag.py:1833} INFO - Sync 1 DAGs
[2021-07-12 13:42:57,655] {logging_mixin.py:104} INFO - [2021-07-12 13:42:57,655] {dag.py:2306} INFO - Setting next_dagrun for example_weekday_branch_operator to 2021-07-10 00:00:00+00:00
[2021-07-12 13:42:57,668] {scheduler_job.py:190} INFO - Processing /Users/pierre-olivierboisvert/Desktop/GIT/Spotify-ETL/env/lib/python3.8/site-packages/airflow/example_dags/example_branch_day_of_week_operator.py took 0.069 seconds
[2021-07-12 13:44:05,286] {scheduler_job.py:182} INFO - Started process (PID=66077) to work on /Users/pierre-olivierboisvert/Desktop/GIT/Spotify-ETL/env/lib/python3.8/site-packages/airflow/example_dags/example_branch_day_of_week_operator.py
[2021-07-12 13:44:05,287] {scheduler_job.py:633} INFO - Processing file /Users/pierre-olivierboisvert/Desktop/GIT/Spotify-ETL/env/lib/python3.8/site-packages/airflow/example_dags/example_branch_day_of_week_operator.py for tasks to queue
[2021-07-12 13:44:05,287] {logging_mixin.py:104} INFO - [2021-07-12 13:44:05,287] {dagbag.py:496} INFO - Filling up the DagBag from /Users/pierre-olivierboisvert/Desktop/GIT/Spotify-ETL/env/lib/python3.8/site-packages/airflow/example_dags/example_branch_day_of_week_operator.py
[2021-07-12 13:44:05,296] {scheduler_job.py:643} INFO - DAG(s) dict_keys(['example_weekday_branch_operator']) retrieved from /Users/pierre-olivierboisvert/Desktop/GIT/Spotify-ETL/env/lib/python3.8/site-packages/airflow/example_dags/example_branch_day_of_week_operator.py
[2021-07-12 13:44:05,331] {logging_mixin.py:104} INFO - [2021-07-12 13:44:05,331] {dag.py:1833} INFO - Sync 1 DAGs
[2021-07-12 13:44:05,345] {logging_mixin.py:104} INFO - [2021-07-12 13:44:05,345] {dag.py:2306} INFO - Setting next_dagrun for example_weekday_branch_operator to 2021-07-10 00:00:00+00:00
[2021-07-12 13:44:05,355] {scheduler_job.py:190} INFO - Processing /Users/pierre-olivierboisvert/Desktop/GIT/Spotify-ETL/env/lib/python3.8/site-packages/airflow/example_dags/example_branch_day_of_week_operator.py took 0.070 seconds
[2021-07-12 13:45:14,259] {scheduler_job.py:182} INFO - Started process (PID=66147) to work on /Users/pierre-olivierboisvert/Desktop/GIT/Spotify-ETL/env/lib/python3.8/site-packages/airflow/example_dags/example_branch_day_of_week_operator.py
[2021-07-12 13:45:14,259] {scheduler_job.py:633} INFO - Processing file /Users/pierre-olivierboisvert/Desktop/GIT/Spotify-ETL/env/lib/python3.8/site-packages/airflow/example_dags/example_branch_day_of_week_operator.py for tasks to queue
[2021-07-12 13:45:14,259] {logging_mixin.py:104} INFO - [2021-07-12 13:45:14,259] {dagbag.py:496} INFO - Filling up the DagBag from /Users/pierre-olivierboisvert/Desktop/GIT/Spotify-ETL/env/lib/python3.8/site-packages/airflow/example_dags/example_branch_day_of_week_operator.py
[2021-07-12 13:45:14,268] {scheduler_job.py:643} INFO - DAG(s) dict_keys(['example_weekday_branch_operator']) retrieved from /Users/pierre-olivierboisvert/Desktop/GIT/Spotify-ETL/env/lib/python3.8/site-packages/airflow/example_dags/example_branch_day_of_week_operator.py
[2021-07-12 13:45:14,302] {logging_mixin.py:104} INFO - [2021-07-12 13:45:14,302] {dag.py:1833} INFO - Sync 1 DAGs
[2021-07-12 13:45:14,316] {logging_mixin.py:104} INFO - [2021-07-12 13:45:14,316] {dag.py:2306} INFO - Setting next_dagrun for example_weekday_branch_operator to 2021-07-10 00:00:00+00:00
[2021-07-12 13:45:14,329] {scheduler_job.py:190} INFO - Processing /Users/pierre-olivierboisvert/Desktop/GIT/Spotify-ETL/env/lib/python3.8/site-packages/airflow/example_dags/example_branch_day_of_week_operator.py took 0.071 seconds
[2021-07-12 13:46:21,270] {scheduler_job.py:182} INFO - Started process (PID=66212) to work on /Users/pierre-olivierboisvert/Desktop/GIT/Spotify-ETL/env/lib/python3.8/site-packages/airflow/example_dags/example_branch_day_of_week_operator.py
[2021-07-12 13:46:21,271] {scheduler_job.py:633} INFO - Processing file /Users/pierre-olivierboisvert/Desktop/GIT/Spotify-ETL/env/lib/python3.8/site-packages/airflow/example_dags/example_branch_day_of_week_operator.py for tasks to queue
[2021-07-12 13:46:21,271] {logging_mixin.py:104} INFO - [2021-07-12 13:46:21,271] {dagbag.py:496} INFO - Filling up the DagBag from /Users/pierre-olivierboisvert/Desktop/GIT/Spotify-ETL/env/lib/python3.8/site-packages/airflow/example_dags/example_branch_day_of_week_operator.py
[2021-07-12 13:46:21,280] {scheduler_job.py:643} INFO - DAG(s) dict_keys(['example_weekday_branch_operator']) retrieved from /Users/pierre-olivierboisvert/Desktop/GIT/Spotify-ETL/env/lib/python3.8/site-packages/airflow/example_dags/example_branch_day_of_week_operator.py
[2021-07-12 13:46:21,322] {logging_mixin.py:104} INFO - [2021-07-12 13:46:21,322] {dag.py:1833} INFO - Sync 1 DAGs
[2021-07-12 13:46:21,332] {logging_mixin.py:104} INFO - [2021-07-12 13:46:21,332] {dag.py:2306} INFO - Setting next_dagrun for example_weekday_branch_operator to 2021-07-10 00:00:00+00:00
[2021-07-12 13:46:21,346] {scheduler_job.py:190} INFO - Processing /Users/pierre-olivierboisvert/Desktop/GIT/Spotify-ETL/env/lib/python3.8/site-packages/airflow/example_dags/example_branch_day_of_week_operator.py took 0.077 seconds
[2021-07-12 13:47:30,939] {scheduler_job.py:182} INFO - Started process (PID=66282) to work on /Users/pierre-olivierboisvert/Desktop/GIT/Spotify-ETL/env/lib/python3.8/site-packages/airflow/example_dags/example_branch_day_of_week_operator.py
[2021-07-12 13:47:30,939] {scheduler_job.py:633} INFO - Processing file /Users/pierre-olivierboisvert/Desktop/GIT/Spotify-ETL/env/lib/python3.8/site-packages/airflow/example_dags/example_branch_day_of_week_operator.py for tasks to queue
[2021-07-12 13:47:30,940] {logging_mixin.py:104} INFO - [2021-07-12 13:47:30,940] {dagbag.py:496} INFO - Filling up the DagBag from /Users/pierre-olivierboisvert/Desktop/GIT/Spotify-ETL/env/lib/python3.8/site-packages/airflow/example_dags/example_branch_day_of_week_operator.py
[2021-07-12 13:47:30,949] {scheduler_job.py:643} INFO - DAG(s) dict_keys(['example_weekday_branch_operator']) retrieved from /Users/pierre-olivierboisvert/Desktop/GIT/Spotify-ETL/env/lib/python3.8/site-packages/airflow/example_dags/example_branch_day_of_week_operator.py
[2021-07-12 13:47:30,988] {logging_mixin.py:104} INFO - [2021-07-12 13:47:30,988] {dag.py:1833} INFO - Sync 1 DAGs
[2021-07-12 13:47:30,999] {logging_mixin.py:104} INFO - [2021-07-12 13:47:30,999] {dag.py:2306} INFO - Setting next_dagrun for example_weekday_branch_operator to 2021-07-10 00:00:00+00:00
[2021-07-12 13:47:31,013] {scheduler_job.py:190} INFO - Processing /Users/pierre-olivierboisvert/Desktop/GIT/Spotify-ETL/env/lib/python3.8/site-packages/airflow/example_dags/example_branch_day_of_week_operator.py took 0.075 seconds
[2021-07-12 13:48:42,954] {scheduler_job.py:182} INFO - Started process (PID=66357) to work on /Users/pierre-olivierboisvert/Desktop/GIT/Spotify-ETL/env/lib/python3.8/site-packages/airflow/example_dags/example_branch_day_of_week_operator.py
[2021-07-12 13:48:42,954] {scheduler_job.py:633} INFO - Processing file /Users/pierre-olivierboisvert/Desktop/GIT/Spotify-ETL/env/lib/python3.8/site-packages/airflow/example_dags/example_branch_day_of_week_operator.py for tasks to queue
[2021-07-12 13:48:42,955] {logging_mixin.py:104} INFO - [2021-07-12 13:48:42,955] {dagbag.py:496} INFO - Filling up the DagBag from /Users/pierre-olivierboisvert/Desktop/GIT/Spotify-ETL/env/lib/python3.8/site-packages/airflow/example_dags/example_branch_day_of_week_operator.py
[2021-07-12 13:48:42,964] {scheduler_job.py:643} INFO - DAG(s) dict_keys(['example_weekday_branch_operator']) retrieved from /Users/pierre-olivierboisvert/Desktop/GIT/Spotify-ETL/env/lib/python3.8/site-packages/airflow/example_dags/example_branch_day_of_week_operator.py
[2021-07-12 13:48:43,002] {logging_mixin.py:104} INFO - [2021-07-12 13:48:43,002] {dag.py:1833} INFO - Sync 1 DAGs
[2021-07-12 13:48:43,013] {logging_mixin.py:104} INFO - [2021-07-12 13:48:43,013] {dag.py:2306} INFO - Setting next_dagrun for example_weekday_branch_operator to 2021-07-10 00:00:00+00:00
[2021-07-12 13:48:43,026] {scheduler_job.py:190} INFO - Processing /Users/pierre-olivierboisvert/Desktop/GIT/Spotify-ETL/env/lib/python3.8/site-packages/airflow/example_dags/example_branch_day_of_week_operator.py took 0.073 seconds
[2021-07-12 13:50:16,229] {scheduler_job.py:182} INFO - Started process (PID=66460) to work on /Users/pierre-olivierboisvert/Desktop/GIT/Spotify-ETL/env/lib/python3.8/site-packages/airflow/example_dags/example_branch_day_of_week_operator.py
[2021-07-12 13:50:16,233] {scheduler_job.py:633} INFO - Processing file /Users/pierre-olivierboisvert/Desktop/GIT/Spotify-ETL/env/lib/python3.8/site-packages/airflow/example_dags/example_branch_day_of_week_operator.py for tasks to queue
[2021-07-12 13:50:16,234] {logging_mixin.py:104} INFO - [2021-07-12 13:50:16,234] {dagbag.py:496} INFO - Filling up the DagBag from /Users/pierre-olivierboisvert/Desktop/GIT/Spotify-ETL/env/lib/python3.8/site-packages/airflow/example_dags/example_branch_day_of_week_operator.py
[2021-07-12 13:50:16,248] {scheduler_job.py:643} INFO - DAG(s) dict_keys(['example_weekday_branch_operator']) retrieved from /Users/pierre-olivierboisvert/Desktop/GIT/Spotify-ETL/env/lib/python3.8/site-packages/airflow/example_dags/example_branch_day_of_week_operator.py
[2021-07-12 13:50:16,291] {logging_mixin.py:104} INFO - [2021-07-12 13:50:16,291] {dag.py:1833} INFO - Sync 1 DAGs
[2021-07-12 13:50:16,305] {logging_mixin.py:104} INFO - [2021-07-12 13:50:16,305] {dag.py:2306} INFO - Setting next_dagrun for example_weekday_branch_operator to 2021-07-10 00:00:00+00:00
[2021-07-12 13:50:16,317] {scheduler_job.py:190} INFO - Processing /Users/pierre-olivierboisvert/Desktop/GIT/Spotify-ETL/env/lib/python3.8/site-packages/airflow/example_dags/example_branch_day_of_week_operator.py took 0.088 seconds
[2021-07-12 13:51:27,912] {scheduler_job.py:182} INFO - Started process (PID=66530) to work on /Users/pierre-olivierboisvert/Desktop/GIT/Spotify-ETL/env/lib/python3.8/site-packages/airflow/example_dags/example_branch_day_of_week_operator.py
[2021-07-12 13:51:27,913] {scheduler_job.py:633} INFO - Processing file /Users/pierre-olivierboisvert/Desktop/GIT/Spotify-ETL/env/lib/python3.8/site-packages/airflow/example_dags/example_branch_day_of_week_operator.py for tasks to queue
[2021-07-12 13:51:27,913] {logging_mixin.py:104} INFO - [2021-07-12 13:51:27,913] {dagbag.py:496} INFO - Filling up the DagBag from /Users/pierre-olivierboisvert/Desktop/GIT/Spotify-ETL/env/lib/python3.8/site-packages/airflow/example_dags/example_branch_day_of_week_operator.py
[2021-07-12 13:51:27,922] {scheduler_job.py:643} INFO - DAG(s) dict_keys(['example_weekday_branch_operator']) retrieved from /Users/pierre-olivierboisvert/Desktop/GIT/Spotify-ETL/env/lib/python3.8/site-packages/airflow/example_dags/example_branch_day_of_week_operator.py
[2021-07-12 13:51:27,962] {logging_mixin.py:104} INFO - [2021-07-12 13:51:27,962] {dag.py:1833} INFO - Sync 1 DAGs
[2021-07-12 13:51:27,973] {logging_mixin.py:104} INFO - [2021-07-12 13:51:27,973] {dag.py:2306} INFO - Setting next_dagrun for example_weekday_branch_operator to 2021-07-10 00:00:00+00:00
[2021-07-12 13:51:27,987] {scheduler_job.py:190} INFO - Processing /Users/pierre-olivierboisvert/Desktop/GIT/Spotify-ETL/env/lib/python3.8/site-packages/airflow/example_dags/example_branch_day_of_week_operator.py took 0.076 seconds
[2021-07-12 13:52:54,791] {scheduler_job.py:182} INFO - Started process (PID=66642) to work on /Users/pierre-olivierboisvert/Desktop/GIT/Spotify-ETL/env/lib/python3.8/site-packages/airflow/example_dags/example_branch_day_of_week_operator.py
[2021-07-12 13:52:54,791] {scheduler_job.py:633} INFO - Processing file /Users/pierre-olivierboisvert/Desktop/GIT/Spotify-ETL/env/lib/python3.8/site-packages/airflow/example_dags/example_branch_day_of_week_operator.py for tasks to queue
[2021-07-12 13:52:54,796] {logging_mixin.py:104} INFO - [2021-07-12 13:52:54,796] {dagbag.py:496} INFO - Filling up the DagBag from /Users/pierre-olivierboisvert/Desktop/GIT/Spotify-ETL/env/lib/python3.8/site-packages/airflow/example_dags/example_branch_day_of_week_operator.py
[2021-07-12 13:52:54,807] {scheduler_job.py:643} INFO - DAG(s) dict_keys(['example_weekday_branch_operator']) retrieved from /Users/pierre-olivierboisvert/Desktop/GIT/Spotify-ETL/env/lib/python3.8/site-packages/airflow/example_dags/example_branch_day_of_week_operator.py
[2021-07-12 13:52:54,842] {logging_mixin.py:104} INFO - [2021-07-12 13:52:54,842] {dag.py:1833} INFO - Sync 1 DAGs
[2021-07-12 13:52:54,853] {logging_mixin.py:104} INFO - [2021-07-12 13:52:54,853] {dag.py:2306} INFO - Setting next_dagrun for example_weekday_branch_operator to 2021-07-10 00:00:00+00:00
[2021-07-12 13:52:54,865] {scheduler_job.py:190} INFO - Processing /Users/pierre-olivierboisvert/Desktop/GIT/Spotify-ETL/env/lib/python3.8/site-packages/airflow/example_dags/example_branch_day_of_week_operator.py took 0.074 seconds
