[2021-07-12 13:39:15,862] {scheduler_job.py:182} INFO - Started process (PID=65648) to work on /Users/pierre-olivierboisvert/Desktop/GIT/Spotify-ETL/env/lib/python3.8/site-packages/airflow/example_dags/example_trigger_target_dag.py
[2021-07-12 13:39:15,863] {scheduler_job.py:633} INFO - Processing file /Users/pierre-olivierboisvert/Desktop/GIT/Spotify-ETL/env/lib/python3.8/site-packages/airflow/example_dags/example_trigger_target_dag.py for tasks to queue
[2021-07-12 13:39:15,863] {logging_mixin.py:104} INFO - [2021-07-12 13:39:15,863] {dagbag.py:496} INFO - Filling up the DagBag from /Users/pierre-olivierboisvert/Desktop/GIT/Spotify-ETL/env/lib/python3.8/site-packages/airflow/example_dags/example_trigger_target_dag.py
[2021-07-12 13:39:15,875] {scheduler_job.py:643} INFO - DAG(s) dict_keys(['example_trigger_target_dag']) retrieved from /Users/pierre-olivierboisvert/Desktop/GIT/Spotify-ETL/env/lib/python3.8/site-packages/airflow/example_dags/example_trigger_target_dag.py
[2021-07-12 13:39:15,881] {logging_mixin.py:104} INFO - [2021-07-12 13:39:15,881] {dag.py:1833} INFO - Sync 1 DAGs
[2021-07-12 13:39:15,919] {logging_mixin.py:104} INFO - [2021-07-12 13:39:15,919] {dag.py:2306} INFO - Setting next_dagrun for example_trigger_target_dag to None
[2021-07-12 13:39:15,932] {scheduler_job.py:190} INFO - Processing /Users/pierre-olivierboisvert/Desktop/GIT/Spotify-ETL/env/lib/python3.8/site-packages/airflow/example_dags/example_trigger_target_dag.py took 0.071 seconds
[2021-07-12 13:40:40,305] {scheduler_job.py:182} INFO - Started process (PID=65838) to work on /Users/pierre-olivierboisvert/Desktop/GIT/Spotify-ETL/env/lib/python3.8/site-packages/airflow/example_dags/example_trigger_target_dag.py
[2021-07-12 13:40:40,305] {scheduler_job.py:633} INFO - Processing file /Users/pierre-olivierboisvert/Desktop/GIT/Spotify-ETL/env/lib/python3.8/site-packages/airflow/example_dags/example_trigger_target_dag.py for tasks to queue
[2021-07-12 13:40:40,306] {logging_mixin.py:104} INFO - [2021-07-12 13:40:40,306] {dagbag.py:496} INFO - Filling up the DagBag from /Users/pierre-olivierboisvert/Desktop/GIT/Spotify-ETL/env/lib/python3.8/site-packages/airflow/example_dags/example_trigger_target_dag.py
[2021-07-12 13:40:40,370] {scheduler_job.py:643} INFO - DAG(s) dict_keys(['example_trigger_target_dag']) retrieved from /Users/pierre-olivierboisvert/Desktop/GIT/Spotify-ETL/env/lib/python3.8/site-packages/airflow/example_dags/example_trigger_target_dag.py
[2021-07-12 13:40:40,440] {logging_mixin.py:104} INFO - [2021-07-12 13:40:40,439] {dag.py:1833} INFO - Sync 1 DAGs
[2021-07-12 13:40:40,455] {logging_mixin.py:104} INFO - [2021-07-12 13:40:40,455] {dag.py:2306} INFO - Setting next_dagrun for example_trigger_target_dag to None
[2021-07-12 13:40:40,463] {scheduler_job.py:190} INFO - Processing /Users/pierre-olivierboisvert/Desktop/GIT/Spotify-ETL/env/lib/python3.8/site-packages/airflow/example_dags/example_trigger_target_dag.py took 0.159 seconds
[2021-07-12 13:42:05,561] {scheduler_job.py:182} INFO - Started process (PID=65963) to work on /Users/pierre-olivierboisvert/Desktop/GIT/Spotify-ETL/env/lib/python3.8/site-packages/airflow/example_dags/example_trigger_target_dag.py
[2021-07-12 13:42:05,561] {scheduler_job.py:633} INFO - Processing file /Users/pierre-olivierboisvert/Desktop/GIT/Spotify-ETL/env/lib/python3.8/site-packages/airflow/example_dags/example_trigger_target_dag.py for tasks to queue
[2021-07-12 13:42:05,561] {logging_mixin.py:104} INFO - [2021-07-12 13:42:05,561] {dagbag.py:496} INFO - Filling up the DagBag from /Users/pierre-olivierboisvert/Desktop/GIT/Spotify-ETL/env/lib/python3.8/site-packages/airflow/example_dags/example_trigger_target_dag.py
[2021-07-12 13:42:05,574] {scheduler_job.py:643} INFO - DAG(s) dict_keys(['example_trigger_target_dag']) retrieved from /Users/pierre-olivierboisvert/Desktop/GIT/Spotify-ETL/env/lib/python3.8/site-packages/airflow/example_dags/example_trigger_target_dag.py
[2021-07-12 13:42:05,612] {logging_mixin.py:104} INFO - [2021-07-12 13:42:05,612] {dag.py:1833} INFO - Sync 1 DAGs
[2021-07-12 13:42:05,620] {logging_mixin.py:104} INFO - [2021-07-12 13:42:05,620] {dag.py:2306} INFO - Setting next_dagrun for example_trigger_target_dag to None
[2021-07-12 13:42:05,633] {scheduler_job.py:190} INFO - Processing /Users/pierre-olivierboisvert/Desktop/GIT/Spotify-ETL/env/lib/python3.8/site-packages/airflow/example_dags/example_trigger_target_dag.py took 0.073 seconds
[2021-07-12 13:43:12,229] {scheduler_job.py:182} INFO - Started process (PID=66027) to work on /Users/pierre-olivierboisvert/Desktop/GIT/Spotify-ETL/env/lib/python3.8/site-packages/airflow/example_dags/example_trigger_target_dag.py
[2021-07-12 13:43:12,230] {scheduler_job.py:633} INFO - Processing file /Users/pierre-olivierboisvert/Desktop/GIT/Spotify-ETL/env/lib/python3.8/site-packages/airflow/example_dags/example_trigger_target_dag.py for tasks to queue
[2021-07-12 13:43:12,230] {logging_mixin.py:104} INFO - [2021-07-12 13:43:12,230] {dagbag.py:496} INFO - Filling up the DagBag from /Users/pierre-olivierboisvert/Desktop/GIT/Spotify-ETL/env/lib/python3.8/site-packages/airflow/example_dags/example_trigger_target_dag.py
[2021-07-12 13:43:12,241] {scheduler_job.py:643} INFO - DAG(s) dict_keys(['example_trigger_target_dag']) retrieved from /Users/pierre-olivierboisvert/Desktop/GIT/Spotify-ETL/env/lib/python3.8/site-packages/airflow/example_dags/example_trigger_target_dag.py
[2021-07-12 13:43:12,277] {logging_mixin.py:104} INFO - [2021-07-12 13:43:12,277] {dag.py:1833} INFO - Sync 1 DAGs
[2021-07-12 13:43:12,285] {logging_mixin.py:104} INFO - [2021-07-12 13:43:12,284] {dag.py:2306} INFO - Setting next_dagrun for example_trigger_target_dag to None
[2021-07-12 13:43:12,299] {scheduler_job.py:190} INFO - Processing /Users/pierre-olivierboisvert/Desktop/GIT/Spotify-ETL/env/lib/python3.8/site-packages/airflow/example_dags/example_trigger_target_dag.py took 0.070 seconds
[2021-07-12 13:44:21,783] {scheduler_job.py:182} INFO - Started process (PID=66097) to work on /Users/pierre-olivierboisvert/Desktop/GIT/Spotify-ETL/env/lib/python3.8/site-packages/airflow/example_dags/example_trigger_target_dag.py
[2021-07-12 13:44:21,783] {scheduler_job.py:633} INFO - Processing file /Users/pierre-olivierboisvert/Desktop/GIT/Spotify-ETL/env/lib/python3.8/site-packages/airflow/example_dags/example_trigger_target_dag.py for tasks to queue
[2021-07-12 13:44:21,783] {logging_mixin.py:104} INFO - [2021-07-12 13:44:21,783] {dagbag.py:496} INFO - Filling up the DagBag from /Users/pierre-olivierboisvert/Desktop/GIT/Spotify-ETL/env/lib/python3.8/site-packages/airflow/example_dags/example_trigger_target_dag.py
[2021-07-12 13:44:21,793] {scheduler_job.py:643} INFO - DAG(s) dict_keys(['example_trigger_target_dag']) retrieved from /Users/pierre-olivierboisvert/Desktop/GIT/Spotify-ETL/env/lib/python3.8/site-packages/airflow/example_dags/example_trigger_target_dag.py
[2021-07-12 13:44:21,829] {logging_mixin.py:104} INFO - [2021-07-12 13:44:21,829] {dag.py:1833} INFO - Sync 1 DAGs
[2021-07-12 13:44:21,836] {logging_mixin.py:104} INFO - [2021-07-12 13:44:21,836] {dag.py:2306} INFO - Setting next_dagrun for example_trigger_target_dag to None
[2021-07-12 13:44:21,849] {scheduler_job.py:190} INFO - Processing /Users/pierre-olivierboisvert/Desktop/GIT/Spotify-ETL/env/lib/python3.8/site-packages/airflow/example_dags/example_trigger_target_dag.py took 0.067 seconds
[2021-07-12 13:45:28,327] {scheduler_job.py:182} INFO - Started process (PID=66161) to work on /Users/pierre-olivierboisvert/Desktop/GIT/Spotify-ETL/env/lib/python3.8/site-packages/airflow/example_dags/example_trigger_target_dag.py
[2021-07-12 13:45:28,328] {scheduler_job.py:633} INFO - Processing file /Users/pierre-olivierboisvert/Desktop/GIT/Spotify-ETL/env/lib/python3.8/site-packages/airflow/example_dags/example_trigger_target_dag.py for tasks to queue
[2021-07-12 13:45:28,328] {logging_mixin.py:104} INFO - [2021-07-12 13:45:28,328] {dagbag.py:496} INFO - Filling up the DagBag from /Users/pierre-olivierboisvert/Desktop/GIT/Spotify-ETL/env/lib/python3.8/site-packages/airflow/example_dags/example_trigger_target_dag.py
[2021-07-12 13:45:28,341] {scheduler_job.py:643} INFO - DAG(s) dict_keys(['example_trigger_target_dag']) retrieved from /Users/pierre-olivierboisvert/Desktop/GIT/Spotify-ETL/env/lib/python3.8/site-packages/airflow/example_dags/example_trigger_target_dag.py
[2021-07-12 13:45:28,380] {logging_mixin.py:104} INFO - [2021-07-12 13:45:28,380] {dag.py:1833} INFO - Sync 1 DAGs
[2021-07-12 13:45:28,390] {logging_mixin.py:104} INFO - [2021-07-12 13:45:28,390] {dag.py:2306} INFO - Setting next_dagrun for example_trigger_target_dag to None
[2021-07-12 13:45:28,402] {scheduler_job.py:190} INFO - Processing /Users/pierre-olivierboisvert/Desktop/GIT/Spotify-ETL/env/lib/python3.8/site-packages/airflow/example_dags/example_trigger_target_dag.py took 0.076 seconds
[2021-07-12 13:46:38,587] {scheduler_job.py:182} INFO - Started process (PID=66230) to work on /Users/pierre-olivierboisvert/Desktop/GIT/Spotify-ETL/env/lib/python3.8/site-packages/airflow/example_dags/example_trigger_target_dag.py
[2021-07-12 13:46:38,587] {scheduler_job.py:633} INFO - Processing file /Users/pierre-olivierboisvert/Desktop/GIT/Spotify-ETL/env/lib/python3.8/site-packages/airflow/example_dags/example_trigger_target_dag.py for tasks to queue
[2021-07-12 13:46:38,588] {logging_mixin.py:104} INFO - [2021-07-12 13:46:38,588] {dagbag.py:496} INFO - Filling up the DagBag from /Users/pierre-olivierboisvert/Desktop/GIT/Spotify-ETL/env/lib/python3.8/site-packages/airflow/example_dags/example_trigger_target_dag.py
[2021-07-12 13:46:38,600] {scheduler_job.py:643} INFO - DAG(s) dict_keys(['example_trigger_target_dag']) retrieved from /Users/pierre-olivierboisvert/Desktop/GIT/Spotify-ETL/env/lib/python3.8/site-packages/airflow/example_dags/example_trigger_target_dag.py
[2021-07-12 13:46:38,643] {logging_mixin.py:104} INFO - [2021-07-12 13:46:38,643] {dag.py:1833} INFO - Sync 1 DAGs
[2021-07-12 13:46:38,653] {logging_mixin.py:104} INFO - [2021-07-12 13:46:38,652] {dag.py:2306} INFO - Setting next_dagrun for example_trigger_target_dag to None
[2021-07-12 13:46:38,662] {scheduler_job.py:190} INFO - Processing /Users/pierre-olivierboisvert/Desktop/GIT/Spotify-ETL/env/lib/python3.8/site-packages/airflow/example_dags/example_trigger_target_dag.py took 0.076 seconds
[2021-07-12 13:47:45,388] {scheduler_job.py:182} INFO - Started process (PID=66296) to work on /Users/pierre-olivierboisvert/Desktop/GIT/Spotify-ETL/env/lib/python3.8/site-packages/airflow/example_dags/example_trigger_target_dag.py
[2021-07-12 13:47:45,388] {scheduler_job.py:633} INFO - Processing file /Users/pierre-olivierboisvert/Desktop/GIT/Spotify-ETL/env/lib/python3.8/site-packages/airflow/example_dags/example_trigger_target_dag.py for tasks to queue
[2021-07-12 13:47:45,389] {logging_mixin.py:104} INFO - [2021-07-12 13:47:45,389] {dagbag.py:496} INFO - Filling up the DagBag from /Users/pierre-olivierboisvert/Desktop/GIT/Spotify-ETL/env/lib/python3.8/site-packages/airflow/example_dags/example_trigger_target_dag.py
[2021-07-12 13:47:45,398] {scheduler_job.py:643} INFO - DAG(s) dict_keys(['example_trigger_target_dag']) retrieved from /Users/pierre-olivierboisvert/Desktop/GIT/Spotify-ETL/env/lib/python3.8/site-packages/airflow/example_dags/example_trigger_target_dag.py
[2021-07-12 13:47:45,438] {logging_mixin.py:104} INFO - [2021-07-12 13:47:45,438] {dag.py:1833} INFO - Sync 1 DAGs
[2021-07-12 13:47:45,446] {logging_mixin.py:104} INFO - [2021-07-12 13:47:45,446] {dag.py:2306} INFO - Setting next_dagrun for example_trigger_target_dag to None
[2021-07-12 13:47:45,456] {scheduler_job.py:190} INFO - Processing /Users/pierre-olivierboisvert/Desktop/GIT/Spotify-ETL/env/lib/python3.8/site-packages/airflow/example_dags/example_trigger_target_dag.py took 0.068 seconds
[2021-07-12 13:48:59,835] {scheduler_job.py:182} INFO - Started process (PID=66373) to work on /Users/pierre-olivierboisvert/Desktop/GIT/Spotify-ETL/env/lib/python3.8/site-packages/airflow/example_dags/example_trigger_target_dag.py
[2021-07-12 13:48:59,836] {scheduler_job.py:633} INFO - Processing file /Users/pierre-olivierboisvert/Desktop/GIT/Spotify-ETL/env/lib/python3.8/site-packages/airflow/example_dags/example_trigger_target_dag.py for tasks to queue
[2021-07-12 13:48:59,836] {logging_mixin.py:104} INFO - [2021-07-12 13:48:59,836] {dagbag.py:496} INFO - Filling up the DagBag from /Users/pierre-olivierboisvert/Desktop/GIT/Spotify-ETL/env/lib/python3.8/site-packages/airflow/example_dags/example_trigger_target_dag.py
[2021-07-12 13:48:59,846] {scheduler_job.py:643} INFO - DAG(s) dict_keys(['example_trigger_target_dag']) retrieved from /Users/pierre-olivierboisvert/Desktop/GIT/Spotify-ETL/env/lib/python3.8/site-packages/airflow/example_dags/example_trigger_target_dag.py
[2021-07-12 13:48:59,880] {logging_mixin.py:104} INFO - [2021-07-12 13:48:59,880] {dag.py:1833} INFO - Sync 1 DAGs
[2021-07-12 13:48:59,888] {logging_mixin.py:104} INFO - [2021-07-12 13:48:59,888] {dag.py:2306} INFO - Setting next_dagrun for example_trigger_target_dag to None
[2021-07-12 13:48:59,897] {scheduler_job.py:190} INFO - Processing /Users/pierre-olivierboisvert/Desktop/GIT/Spotify-ETL/env/lib/python3.8/site-packages/airflow/example_dags/example_trigger_target_dag.py took 0.064 seconds
[2021-07-12 13:49:57,047] {scheduler_job.py:182} INFO - Started process (PID=66441) to work on /Users/pierre-olivierboisvert/Desktop/GIT/Spotify-ETL/env/lib/python3.8/site-packages/airflow/example_dags/example_trigger_target_dag.py
[2021-07-12 13:49:57,049] {scheduler_job.py:633} INFO - Processing file /Users/pierre-olivierboisvert/Desktop/GIT/Spotify-ETL/env/lib/python3.8/site-packages/airflow/example_dags/example_trigger_target_dag.py for tasks to queue
[2021-07-12 13:49:57,049] {logging_mixin.py:104} INFO - [2021-07-12 13:49:57,049] {dagbag.py:496} INFO - Filling up the DagBag from /Users/pierre-olivierboisvert/Desktop/GIT/Spotify-ETL/env/lib/python3.8/site-packages/airflow/example_dags/example_trigger_target_dag.py
[2021-07-12 13:49:57,061] {scheduler_job.py:643} INFO - DAG(s) dict_keys(['example_trigger_target_dag']) retrieved from /Users/pierre-olivierboisvert/Desktop/GIT/Spotify-ETL/env/lib/python3.8/site-packages/airflow/example_dags/example_trigger_target_dag.py
[2021-07-12 13:49:57,104] {logging_mixin.py:104} INFO - [2021-07-12 13:49:57,104] {dag.py:1833} INFO - Sync 1 DAGs
[2021-07-12 13:49:57,112] {logging_mixin.py:104} INFO - [2021-07-12 13:49:57,112] {dag.py:2306} INFO - Setting next_dagrun for example_trigger_target_dag to None
[2021-07-12 13:49:57,123] {scheduler_job.py:190} INFO - Processing /Users/pierre-olivierboisvert/Desktop/GIT/Spotify-ETL/env/lib/python3.8/site-packages/airflow/example_dags/example_trigger_target_dag.py took 0.077 seconds
[2021-07-12 13:51:08,847] {scheduler_job.py:182} INFO - Started process (PID=66511) to work on /Users/pierre-olivierboisvert/Desktop/GIT/Spotify-ETL/env/lib/python3.8/site-packages/airflow/example_dags/example_trigger_target_dag.py
[2021-07-12 13:51:08,848] {scheduler_job.py:633} INFO - Processing file /Users/pierre-olivierboisvert/Desktop/GIT/Spotify-ETL/env/lib/python3.8/site-packages/airflow/example_dags/example_trigger_target_dag.py for tasks to queue
[2021-07-12 13:51:08,848] {logging_mixin.py:104} INFO - [2021-07-12 13:51:08,848] {dagbag.py:496} INFO - Filling up the DagBag from /Users/pierre-olivierboisvert/Desktop/GIT/Spotify-ETL/env/lib/python3.8/site-packages/airflow/example_dags/example_trigger_target_dag.py
[2021-07-12 13:51:08,858] {scheduler_job.py:643} INFO - DAG(s) dict_keys(['example_trigger_target_dag']) retrieved from /Users/pierre-olivierboisvert/Desktop/GIT/Spotify-ETL/env/lib/python3.8/site-packages/airflow/example_dags/example_trigger_target_dag.py
[2021-07-12 13:51:08,895] {logging_mixin.py:104} INFO - [2021-07-12 13:51:08,895] {dag.py:1833} INFO - Sync 1 DAGs
[2021-07-12 13:51:08,903] {logging_mixin.py:104} INFO - [2021-07-12 13:51:08,903] {dag.py:2306} INFO - Setting next_dagrun for example_trigger_target_dag to None
[2021-07-12 13:51:08,915] {scheduler_job.py:190} INFO - Processing /Users/pierre-olivierboisvert/Desktop/GIT/Spotify-ETL/env/lib/python3.8/site-packages/airflow/example_dags/example_trigger_target_dag.py took 0.068 seconds
[2021-07-12 13:52:31,503] {scheduler_job.py:182} INFO - Started process (PID=66623) to work on /Users/pierre-olivierboisvert/Desktop/GIT/Spotify-ETL/env/lib/python3.8/site-packages/airflow/example_dags/example_trigger_target_dag.py
[2021-07-12 13:52:31,504] {scheduler_job.py:633} INFO - Processing file /Users/pierre-olivierboisvert/Desktop/GIT/Spotify-ETL/env/lib/python3.8/site-packages/airflow/example_dags/example_trigger_target_dag.py for tasks to queue
[2021-07-12 13:52:31,504] {logging_mixin.py:104} INFO - [2021-07-12 13:52:31,504] {dagbag.py:496} INFO - Filling up the DagBag from /Users/pierre-olivierboisvert/Desktop/GIT/Spotify-ETL/env/lib/python3.8/site-packages/airflow/example_dags/example_trigger_target_dag.py
[2021-07-12 13:52:31,516] {scheduler_job.py:643} INFO - DAG(s) dict_keys(['example_trigger_target_dag']) retrieved from /Users/pierre-olivierboisvert/Desktop/GIT/Spotify-ETL/env/lib/python3.8/site-packages/airflow/example_dags/example_trigger_target_dag.py
[2021-07-12 13:52:31,562] {logging_mixin.py:104} INFO - [2021-07-12 13:52:31,562] {dag.py:1833} INFO - Sync 1 DAGs
[2021-07-12 13:52:31,571] {logging_mixin.py:104} INFO - [2021-07-12 13:52:31,570] {dag.py:2306} INFO - Setting next_dagrun for example_trigger_target_dag to None
[2021-07-12 13:52:31,583] {scheduler_job.py:190} INFO - Processing /Users/pierre-olivierboisvert/Desktop/GIT/Spotify-ETL/env/lib/python3.8/site-packages/airflow/example_dags/example_trigger_target_dag.py took 0.081 seconds
[2021-07-12 13:54:01,245] {scheduler_job.py:182} INFO - Started process (PID=66873) to work on /Users/pierre-olivierboisvert/Desktop/GIT/Spotify-ETL/env/lib/python3.8/site-packages/airflow/example_dags/example_trigger_target_dag.py
[2021-07-12 13:54:01,246] {scheduler_job.py:633} INFO - Processing file /Users/pierre-olivierboisvert/Desktop/GIT/Spotify-ETL/env/lib/python3.8/site-packages/airflow/example_dags/example_trigger_target_dag.py for tasks to queue
[2021-07-12 13:54:01,246] {logging_mixin.py:104} INFO - [2021-07-12 13:54:01,246] {dagbag.py:496} INFO - Filling up the DagBag from /Users/pierre-olivierboisvert/Desktop/GIT/Spotify-ETL/env/lib/python3.8/site-packages/airflow/example_dags/example_trigger_target_dag.py
[2021-07-12 13:54:01,257] {scheduler_job.py:643} INFO - DAG(s) dict_keys(['example_trigger_target_dag']) retrieved from /Users/pierre-olivierboisvert/Desktop/GIT/Spotify-ETL/env/lib/python3.8/site-packages/airflow/example_dags/example_trigger_target_dag.py
[2021-07-12 13:54:01,298] {logging_mixin.py:104} INFO - [2021-07-12 13:54:01,298] {dag.py:1833} INFO - Sync 1 DAGs
[2021-07-12 13:54:01,317] {logging_mixin.py:104} INFO - [2021-07-12 13:54:01,316] {dag.py:2306} INFO - Setting next_dagrun for example_trigger_target_dag to None
[2021-07-12 13:54:01,335] {scheduler_job.py:190} INFO - Processing /Users/pierre-olivierboisvert/Desktop/GIT/Spotify-ETL/env/lib/python3.8/site-packages/airflow/example_dags/example_trigger_target_dag.py took 0.090 seconds
[2021-07-12 13:55:18,802] {scheduler_job.py:182} INFO - Started process (PID=66973) to work on /Users/pierre-olivierboisvert/Desktop/GIT/Spotify-ETL/env/lib/python3.8/site-packages/airflow/example_dags/example_trigger_target_dag.py
[2021-07-12 13:55:18,802] {scheduler_job.py:633} INFO - Processing file /Users/pierre-olivierboisvert/Desktop/GIT/Spotify-ETL/env/lib/python3.8/site-packages/airflow/example_dags/example_trigger_target_dag.py for tasks to queue
[2021-07-12 13:55:18,802] {logging_mixin.py:104} INFO - [2021-07-12 13:55:18,802] {dagbag.py:496} INFO - Filling up the DagBag from /Users/pierre-olivierboisvert/Desktop/GIT/Spotify-ETL/env/lib/python3.8/site-packages/airflow/example_dags/example_trigger_target_dag.py
[2021-07-12 13:55:18,813] {scheduler_job.py:643} INFO - DAG(s) dict_keys(['example_trigger_target_dag']) retrieved from /Users/pierre-olivierboisvert/Desktop/GIT/Spotify-ETL/env/lib/python3.8/site-packages/airflow/example_dags/example_trigger_target_dag.py
[2021-07-12 13:55:18,851] {logging_mixin.py:104} INFO - [2021-07-12 13:55:18,851] {dag.py:1833} INFO - Sync 1 DAGs
[2021-07-12 13:55:18,862] {logging_mixin.py:104} INFO - [2021-07-12 13:55:18,862] {dag.py:2306} INFO - Setting next_dagrun for example_trigger_target_dag to None
[2021-07-12 13:55:18,875] {scheduler_job.py:190} INFO - Processing /Users/pierre-olivierboisvert/Desktop/GIT/Spotify-ETL/env/lib/python3.8/site-packages/airflow/example_dags/example_trigger_target_dag.py took 0.074 seconds
[2021-07-12 13:56:31,823] {scheduler_job.py:182} INFO - Started process (PID=67043) to work on /Users/pierre-olivierboisvert/Desktop/GIT/Spotify-ETL/env/lib/python3.8/site-packages/airflow/example_dags/example_trigger_target_dag.py
[2021-07-12 13:56:31,824] {scheduler_job.py:633} INFO - Processing file /Users/pierre-olivierboisvert/Desktop/GIT/Spotify-ETL/env/lib/python3.8/site-packages/airflow/example_dags/example_trigger_target_dag.py for tasks to queue
[2021-07-12 13:56:31,825] {logging_mixin.py:104} INFO - [2021-07-12 13:56:31,825] {dagbag.py:496} INFO - Filling up the DagBag from /Users/pierre-olivierboisvert/Desktop/GIT/Spotify-ETL/env/lib/python3.8/site-packages/airflow/example_dags/example_trigger_target_dag.py
[2021-07-12 13:56:31,838] {scheduler_job.py:643} INFO - DAG(s) dict_keys(['example_trigger_target_dag']) retrieved from /Users/pierre-olivierboisvert/Desktop/GIT/Spotify-ETL/env/lib/python3.8/site-packages/airflow/example_dags/example_trigger_target_dag.py
[2021-07-12 13:56:31,874] {logging_mixin.py:104} INFO - [2021-07-12 13:56:31,874] {dag.py:1833} INFO - Sync 1 DAGs
[2021-07-12 13:56:31,882] {logging_mixin.py:104} INFO - [2021-07-12 13:56:31,882] {dag.py:2306} INFO - Setting next_dagrun for example_trigger_target_dag to None
[2021-07-12 13:56:31,897] {scheduler_job.py:190} INFO - Processing /Users/pierre-olivierboisvert/Desktop/GIT/Spotify-ETL/env/lib/python3.8/site-packages/airflow/example_dags/example_trigger_target_dag.py took 0.075 seconds
[2021-07-12 13:57:50,616] {scheduler_job.py:182} INFO - Started process (PID=67116) to work on /Users/pierre-olivierboisvert/Desktop/GIT/Spotify-ETL/env/lib/python3.8/site-packages/airflow/example_dags/example_trigger_target_dag.py
[2021-07-12 13:57:50,616] {scheduler_job.py:633} INFO - Processing file /Users/pierre-olivierboisvert/Desktop/GIT/Spotify-ETL/env/lib/python3.8/site-packages/airflow/example_dags/example_trigger_target_dag.py for tasks to queue
[2021-07-12 13:57:50,617] {logging_mixin.py:104} INFO - [2021-07-12 13:57:50,617] {dagbag.py:496} INFO - Filling up the DagBag from /Users/pierre-olivierboisvert/Desktop/GIT/Spotify-ETL/env/lib/python3.8/site-packages/airflow/example_dags/example_trigger_target_dag.py
[2021-07-12 13:57:50,626] {scheduler_job.py:643} INFO - DAG(s) dict_keys(['example_trigger_target_dag']) retrieved from /Users/pierre-olivierboisvert/Desktop/GIT/Spotify-ETL/env/lib/python3.8/site-packages/airflow/example_dags/example_trigger_target_dag.py
[2021-07-12 13:57:50,663] {logging_mixin.py:104} INFO - [2021-07-12 13:57:50,663] {dag.py:1833} INFO - Sync 1 DAGs
[2021-07-12 13:57:50,671] {logging_mixin.py:104} INFO - [2021-07-12 13:57:50,671] {dag.py:2306} INFO - Setting next_dagrun for example_trigger_target_dag to None
[2021-07-12 13:57:50,684] {scheduler_job.py:190} INFO - Processing /Users/pierre-olivierboisvert/Desktop/GIT/Spotify-ETL/env/lib/python3.8/site-packages/airflow/example_dags/example_trigger_target_dag.py took 0.069 seconds
[2021-07-12 13:59:21,184] {scheduler_job.py:182} INFO - Started process (PID=67203) to work on /Users/pierre-olivierboisvert/Desktop/GIT/Spotify-ETL/env/lib/python3.8/site-packages/airflow/example_dags/example_trigger_target_dag.py
[2021-07-12 13:59:21,184] {scheduler_job.py:633} INFO - Processing file /Users/pierre-olivierboisvert/Desktop/GIT/Spotify-ETL/env/lib/python3.8/site-packages/airflow/example_dags/example_trigger_target_dag.py for tasks to queue
[2021-07-12 13:59:21,185] {logging_mixin.py:104} INFO - [2021-07-12 13:59:21,185] {dagbag.py:496} INFO - Filling up the DagBag from /Users/pierre-olivierboisvert/Desktop/GIT/Spotify-ETL/env/lib/python3.8/site-packages/airflow/example_dags/example_trigger_target_dag.py
[2021-07-12 13:59:21,194] {scheduler_job.py:643} INFO - DAG(s) dict_keys(['example_trigger_target_dag']) retrieved from /Users/pierre-olivierboisvert/Desktop/GIT/Spotify-ETL/env/lib/python3.8/site-packages/airflow/example_dags/example_trigger_target_dag.py
[2021-07-12 13:59:21,233] {logging_mixin.py:104} INFO - [2021-07-12 13:59:21,233] {dag.py:1833} INFO - Sync 1 DAGs
[2021-07-12 13:59:21,243] {logging_mixin.py:104} INFO - [2021-07-12 13:59:21,243] {dag.py:2306} INFO - Setting next_dagrun for example_trigger_target_dag to None
[2021-07-12 13:59:21,254] {scheduler_job.py:190} INFO - Processing /Users/pierre-olivierboisvert/Desktop/GIT/Spotify-ETL/env/lib/python3.8/site-packages/airflow/example_dags/example_trigger_target_dag.py took 0.071 seconds
[2021-07-12 14:00:46,918] {scheduler_job.py:182} INFO - Started process (PID=67279) to work on /Users/pierre-olivierboisvert/Desktop/GIT/Spotify-ETL/env/lib/python3.8/site-packages/airflow/example_dags/example_trigger_target_dag.py
[2021-07-12 14:00:46,919] {scheduler_job.py:633} INFO - Processing file /Users/pierre-olivierboisvert/Desktop/GIT/Spotify-ETL/env/lib/python3.8/site-packages/airflow/example_dags/example_trigger_target_dag.py for tasks to queue
[2021-07-12 14:00:46,919] {logging_mixin.py:104} INFO - [2021-07-12 14:00:46,919] {dagbag.py:496} INFO - Filling up the DagBag from /Users/pierre-olivierboisvert/Desktop/GIT/Spotify-ETL/env/lib/python3.8/site-packages/airflow/example_dags/example_trigger_target_dag.py
[2021-07-12 14:00:46,928] {scheduler_job.py:643} INFO - DAG(s) dict_keys(['example_trigger_target_dag']) retrieved from /Users/pierre-olivierboisvert/Desktop/GIT/Spotify-ETL/env/lib/python3.8/site-packages/airflow/example_dags/example_trigger_target_dag.py
[2021-07-12 14:00:46,965] {logging_mixin.py:104} INFO - [2021-07-12 14:00:46,965] {dag.py:1833} INFO - Sync 1 DAGs
[2021-07-12 14:00:46,974] {logging_mixin.py:104} INFO - [2021-07-12 14:00:46,974] {dag.py:2306} INFO - Setting next_dagrun for example_trigger_target_dag to None
[2021-07-12 14:00:46,984] {scheduler_job.py:190} INFO - Processing /Users/pierre-olivierboisvert/Desktop/GIT/Spotify-ETL/env/lib/python3.8/site-packages/airflow/example_dags/example_trigger_target_dag.py took 0.066 seconds
[2021-07-12 14:02:08,972] {scheduler_job.py:182} INFO - Started process (PID=67353) to work on /Users/pierre-olivierboisvert/Desktop/GIT/Spotify-ETL/env/lib/python3.8/site-packages/airflow/example_dags/example_trigger_target_dag.py
[2021-07-12 14:02:08,973] {scheduler_job.py:633} INFO - Processing file /Users/pierre-olivierboisvert/Desktop/GIT/Spotify-ETL/env/lib/python3.8/site-packages/airflow/example_dags/example_trigger_target_dag.py for tasks to queue
[2021-07-12 14:02:08,973] {logging_mixin.py:104} INFO - [2021-07-12 14:02:08,973] {dagbag.py:496} INFO - Filling up the DagBag from /Users/pierre-olivierboisvert/Desktop/GIT/Spotify-ETL/env/lib/python3.8/site-packages/airflow/example_dags/example_trigger_target_dag.py
[2021-07-12 14:02:08,983] {scheduler_job.py:643} INFO - DAG(s) dict_keys(['example_trigger_target_dag']) retrieved from /Users/pierre-olivierboisvert/Desktop/GIT/Spotify-ETL/env/lib/python3.8/site-packages/airflow/example_dags/example_trigger_target_dag.py
[2021-07-12 14:02:09,030] {logging_mixin.py:104} INFO - [2021-07-12 14:02:09,030] {dag.py:1833} INFO - Sync 1 DAGs
[2021-07-12 14:02:09,038] {logging_mixin.py:104} INFO - [2021-07-12 14:02:09,038] {dag.py:2306} INFO - Setting next_dagrun for example_trigger_target_dag to None
[2021-07-12 14:02:09,049] {scheduler_job.py:190} INFO - Processing /Users/pierre-olivierboisvert/Desktop/GIT/Spotify-ETL/env/lib/python3.8/site-packages/airflow/example_dags/example_trigger_target_dag.py took 0.077 seconds
[2021-07-12 14:03:30,868] {scheduler_job.py:182} INFO - Started process (PID=67425) to work on /Users/pierre-olivierboisvert/Desktop/GIT/Spotify-ETL/env/lib/python3.8/site-packages/airflow/example_dags/example_trigger_target_dag.py
[2021-07-12 14:03:30,869] {scheduler_job.py:633} INFO - Processing file /Users/pierre-olivierboisvert/Desktop/GIT/Spotify-ETL/env/lib/python3.8/site-packages/airflow/example_dags/example_trigger_target_dag.py for tasks to queue
[2021-07-12 14:03:30,869] {logging_mixin.py:104} INFO - [2021-07-12 14:03:30,869] {dagbag.py:496} INFO - Filling up the DagBag from /Users/pierre-olivierboisvert/Desktop/GIT/Spotify-ETL/env/lib/python3.8/site-packages/airflow/example_dags/example_trigger_target_dag.py
[2021-07-12 14:03:30,880] {scheduler_job.py:643} INFO - DAG(s) dict_keys(['example_trigger_target_dag']) retrieved from /Users/pierre-olivierboisvert/Desktop/GIT/Spotify-ETL/env/lib/python3.8/site-packages/airflow/example_dags/example_trigger_target_dag.py
[2021-07-12 14:03:30,925] {logging_mixin.py:104} INFO - [2021-07-12 14:03:30,925] {dag.py:1833} INFO - Sync 1 DAGs
[2021-07-12 14:03:30,939] {logging_mixin.py:104} INFO - [2021-07-12 14:03:30,939] {dag.py:2306} INFO - Setting next_dagrun for example_trigger_target_dag to None
[2021-07-12 14:03:30,951] {scheduler_job.py:190} INFO - Processing /Users/pierre-olivierboisvert/Desktop/GIT/Spotify-ETL/env/lib/python3.8/site-packages/airflow/example_dags/example_trigger_target_dag.py took 0.085 seconds
[2021-07-12 14:05:03,894] {scheduler_job.py:182} INFO - Started process (PID=67503) to work on /Users/pierre-olivierboisvert/Desktop/GIT/Spotify-ETL/env/lib/python3.8/site-packages/airflow/example_dags/example_trigger_target_dag.py
[2021-07-12 14:05:03,894] {scheduler_job.py:633} INFO - Processing file /Users/pierre-olivierboisvert/Desktop/GIT/Spotify-ETL/env/lib/python3.8/site-packages/airflow/example_dags/example_trigger_target_dag.py for tasks to queue
[2021-07-12 14:05:03,894] {logging_mixin.py:104} INFO - [2021-07-12 14:05:03,894] {dagbag.py:496} INFO - Filling up the DagBag from /Users/pierre-olivierboisvert/Desktop/GIT/Spotify-ETL/env/lib/python3.8/site-packages/airflow/example_dags/example_trigger_target_dag.py
[2021-07-12 14:05:03,907] {scheduler_job.py:643} INFO - DAG(s) dict_keys(['example_trigger_target_dag']) retrieved from /Users/pierre-olivierboisvert/Desktop/GIT/Spotify-ETL/env/lib/python3.8/site-packages/airflow/example_dags/example_trigger_target_dag.py
[2021-07-12 14:05:03,945] {logging_mixin.py:104} INFO - [2021-07-12 14:05:03,945] {dag.py:1833} INFO - Sync 1 DAGs
[2021-07-12 14:05:03,953] {logging_mixin.py:104} INFO - [2021-07-12 14:05:03,953] {dag.py:2306} INFO - Setting next_dagrun for example_trigger_target_dag to None
[2021-07-12 14:05:03,969] {scheduler_job.py:190} INFO - Processing /Users/pierre-olivierboisvert/Desktop/GIT/Spotify-ETL/env/lib/python3.8/site-packages/airflow/example_dags/example_trigger_target_dag.py took 0.076 seconds
[2021-07-12 14:06:45,983] {scheduler_job.py:182} INFO - Started process (PID=67593) to work on /Users/pierre-olivierboisvert/Desktop/GIT/Spotify-ETL/env/lib/python3.8/site-packages/airflow/example_dags/example_trigger_target_dag.py
[2021-07-12 14:06:45,985] {scheduler_job.py:633} INFO - Processing file /Users/pierre-olivierboisvert/Desktop/GIT/Spotify-ETL/env/lib/python3.8/site-packages/airflow/example_dags/example_trigger_target_dag.py for tasks to queue
[2021-07-12 14:06:45,985] {logging_mixin.py:104} INFO - [2021-07-12 14:06:45,985] {dagbag.py:496} INFO - Filling up the DagBag from /Users/pierre-olivierboisvert/Desktop/GIT/Spotify-ETL/env/lib/python3.8/site-packages/airflow/example_dags/example_trigger_target_dag.py
[2021-07-12 14:06:45,999] {scheduler_job.py:643} INFO - DAG(s) dict_keys(['example_trigger_target_dag']) retrieved from /Users/pierre-olivierboisvert/Desktop/GIT/Spotify-ETL/env/lib/python3.8/site-packages/airflow/example_dags/example_trigger_target_dag.py
[2021-07-12 14:06:46,040] {logging_mixin.py:104} INFO - [2021-07-12 14:06:46,040] {dag.py:1833} INFO - Sync 1 DAGs
[2021-07-12 14:06:46,048] {logging_mixin.py:104} INFO - [2021-07-12 14:06:46,048] {dag.py:2306} INFO - Setting next_dagrun for example_trigger_target_dag to None
[2021-07-12 14:06:46,059] {scheduler_job.py:190} INFO - Processing /Users/pierre-olivierboisvert/Desktop/GIT/Spotify-ETL/env/lib/python3.8/site-packages/airflow/example_dags/example_trigger_target_dag.py took 0.077 seconds
[2021-07-12 14:08:16,617] {scheduler_job.py:182} INFO - Started process (PID=67668) to work on /Users/pierre-olivierboisvert/Desktop/GIT/Spotify-ETL/env/lib/python3.8/site-packages/airflow/example_dags/example_trigger_target_dag.py
[2021-07-12 14:08:16,617] {scheduler_job.py:633} INFO - Processing file /Users/pierre-olivierboisvert/Desktop/GIT/Spotify-ETL/env/lib/python3.8/site-packages/airflow/example_dags/example_trigger_target_dag.py for tasks to queue
[2021-07-12 14:08:16,618] {logging_mixin.py:104} INFO - [2021-07-12 14:08:16,617] {dagbag.py:496} INFO - Filling up the DagBag from /Users/pierre-olivierboisvert/Desktop/GIT/Spotify-ETL/env/lib/python3.8/site-packages/airflow/example_dags/example_trigger_target_dag.py
[2021-07-12 14:08:16,628] {scheduler_job.py:643} INFO - DAG(s) dict_keys(['example_trigger_target_dag']) retrieved from /Users/pierre-olivierboisvert/Desktop/GIT/Spotify-ETL/env/lib/python3.8/site-packages/airflow/example_dags/example_trigger_target_dag.py
[2021-07-12 14:08:16,671] {logging_mixin.py:104} INFO - [2021-07-12 14:08:16,670] {dag.py:1833} INFO - Sync 1 DAGs
[2021-07-12 14:08:16,684] {logging_mixin.py:104} INFO - [2021-07-12 14:08:16,683] {dag.py:2306} INFO - Setting next_dagrun for example_trigger_target_dag to None
[2021-07-12 14:08:16,702] {scheduler_job.py:190} INFO - Processing /Users/pierre-olivierboisvert/Desktop/GIT/Spotify-ETL/env/lib/python3.8/site-packages/airflow/example_dags/example_trigger_target_dag.py took 0.086 seconds
[2021-07-12 14:09:51,099] {scheduler_job.py:182} INFO - Started process (PID=67766) to work on /Users/pierre-olivierboisvert/Desktop/GIT/Spotify-ETL/env/lib/python3.8/site-packages/airflow/example_dags/example_trigger_target_dag.py
[2021-07-12 14:09:51,100] {scheduler_job.py:633} INFO - Processing file /Users/pierre-olivierboisvert/Desktop/GIT/Spotify-ETL/env/lib/python3.8/site-packages/airflow/example_dags/example_trigger_target_dag.py for tasks to queue
[2021-07-12 14:09:51,101] {logging_mixin.py:104} INFO - [2021-07-12 14:09:51,100] {dagbag.py:496} INFO - Filling up the DagBag from /Users/pierre-olivierboisvert/Desktop/GIT/Spotify-ETL/env/lib/python3.8/site-packages/airflow/example_dags/example_trigger_target_dag.py
[2021-07-12 14:09:51,112] {scheduler_job.py:643} INFO - DAG(s) dict_keys(['example_trigger_target_dag']) retrieved from /Users/pierre-olivierboisvert/Desktop/GIT/Spotify-ETL/env/lib/python3.8/site-packages/airflow/example_dags/example_trigger_target_dag.py
[2021-07-12 14:09:51,147] {logging_mixin.py:104} INFO - [2021-07-12 14:09:51,147] {dag.py:1833} INFO - Sync 1 DAGs
[2021-07-12 14:09:51,155] {logging_mixin.py:104} INFO - [2021-07-12 14:09:51,155] {dag.py:2306} INFO - Setting next_dagrun for example_trigger_target_dag to None
[2021-07-12 14:09:51,171] {scheduler_job.py:190} INFO - Processing /Users/pierre-olivierboisvert/Desktop/GIT/Spotify-ETL/env/lib/python3.8/site-packages/airflow/example_dags/example_trigger_target_dag.py took 0.073 seconds
[2021-07-12 14:11:13,680] {scheduler_job.py:182} INFO - Started process (PID=67841) to work on /Users/pierre-olivierboisvert/Desktop/GIT/Spotify-ETL/env/lib/python3.8/site-packages/airflow/example_dags/example_trigger_target_dag.py
[2021-07-12 14:11:13,681] {scheduler_job.py:633} INFO - Processing file /Users/pierre-olivierboisvert/Desktop/GIT/Spotify-ETL/env/lib/python3.8/site-packages/airflow/example_dags/example_trigger_target_dag.py for tasks to queue
[2021-07-12 14:11:13,681] {logging_mixin.py:104} INFO - [2021-07-12 14:11:13,681] {dagbag.py:496} INFO - Filling up the DagBag from /Users/pierre-olivierboisvert/Desktop/GIT/Spotify-ETL/env/lib/python3.8/site-packages/airflow/example_dags/example_trigger_target_dag.py
[2021-07-12 14:11:13,697] {scheduler_job.py:643} INFO - DAG(s) dict_keys(['example_trigger_target_dag']) retrieved from /Users/pierre-olivierboisvert/Desktop/GIT/Spotify-ETL/env/lib/python3.8/site-packages/airflow/example_dags/example_trigger_target_dag.py
[2021-07-12 14:11:13,739] {logging_mixin.py:104} INFO - [2021-07-12 14:11:13,738] {dag.py:1833} INFO - Sync 1 DAGs
[2021-07-12 14:11:13,746] {logging_mixin.py:104} INFO - [2021-07-12 14:11:13,746] {dag.py:2306} INFO - Setting next_dagrun for example_trigger_target_dag to None
[2021-07-12 14:11:13,760] {scheduler_job.py:190} INFO - Processing /Users/pierre-olivierboisvert/Desktop/GIT/Spotify-ETL/env/lib/python3.8/site-packages/airflow/example_dags/example_trigger_target_dag.py took 0.080 seconds
[2021-07-12 14:12:27,050] {scheduler_job.py:182} INFO - Started process (PID=67910) to work on /Users/pierre-olivierboisvert/Desktop/GIT/Spotify-ETL/env/lib/python3.8/site-packages/airflow/example_dags/example_trigger_target_dag.py
[2021-07-12 14:12:27,051] {scheduler_job.py:633} INFO - Processing file /Users/pierre-olivierboisvert/Desktop/GIT/Spotify-ETL/env/lib/python3.8/site-packages/airflow/example_dags/example_trigger_target_dag.py for tasks to queue
[2021-07-12 14:12:27,051] {logging_mixin.py:104} INFO - [2021-07-12 14:12:27,051] {dagbag.py:496} INFO - Filling up the DagBag from /Users/pierre-olivierboisvert/Desktop/GIT/Spotify-ETL/env/lib/python3.8/site-packages/airflow/example_dags/example_trigger_target_dag.py
[2021-07-12 14:12:27,060] {scheduler_job.py:643} INFO - DAG(s) dict_keys(['example_trigger_target_dag']) retrieved from /Users/pierre-olivierboisvert/Desktop/GIT/Spotify-ETL/env/lib/python3.8/site-packages/airflow/example_dags/example_trigger_target_dag.py
[2021-07-12 14:12:27,100] {logging_mixin.py:104} INFO - [2021-07-12 14:12:27,100] {dag.py:1833} INFO - Sync 1 DAGs
[2021-07-12 14:12:27,109] {logging_mixin.py:104} INFO - [2021-07-12 14:12:27,109] {dag.py:2306} INFO - Setting next_dagrun for example_trigger_target_dag to None
[2021-07-12 14:12:27,119] {scheduler_job.py:190} INFO - Processing /Users/pierre-olivierboisvert/Desktop/GIT/Spotify-ETL/env/lib/python3.8/site-packages/airflow/example_dags/example_trigger_target_dag.py took 0.069 seconds
[2021-07-12 14:13:52,273] {scheduler_job.py:182} INFO - Started process (PID=68074) to work on /Users/pierre-olivierboisvert/Desktop/GIT/Spotify-ETL/env/lib/python3.8/site-packages/airflow/example_dags/example_trigger_target_dag.py
[2021-07-12 14:13:52,274] {scheduler_job.py:633} INFO - Processing file /Users/pierre-olivierboisvert/Desktop/GIT/Spotify-ETL/env/lib/python3.8/site-packages/airflow/example_dags/example_trigger_target_dag.py for tasks to queue
[2021-07-12 14:13:52,274] {logging_mixin.py:104} INFO - [2021-07-12 14:13:52,274] {dagbag.py:496} INFO - Filling up the DagBag from /Users/pierre-olivierboisvert/Desktop/GIT/Spotify-ETL/env/lib/python3.8/site-packages/airflow/example_dags/example_trigger_target_dag.py
[2021-07-12 14:13:52,286] {scheduler_job.py:643} INFO - DAG(s) dict_keys(['example_trigger_target_dag']) retrieved from /Users/pierre-olivierboisvert/Desktop/GIT/Spotify-ETL/env/lib/python3.8/site-packages/airflow/example_dags/example_trigger_target_dag.py
[2021-07-12 14:13:52,326] {logging_mixin.py:104} INFO - [2021-07-12 14:13:52,326] {dag.py:1833} INFO - Sync 1 DAGs
[2021-07-12 14:13:52,335] {logging_mixin.py:104} INFO - [2021-07-12 14:13:52,335] {dag.py:2306} INFO - Setting next_dagrun for example_trigger_target_dag to None
[2021-07-12 14:13:52,347] {scheduler_job.py:190} INFO - Processing /Users/pierre-olivierboisvert/Desktop/GIT/Spotify-ETL/env/lib/python3.8/site-packages/airflow/example_dags/example_trigger_target_dag.py took 0.075 seconds
[2021-07-12 14:15:26,583] {scheduler_job.py:182} INFO - Started process (PID=68239) to work on /Users/pierre-olivierboisvert/Desktop/GIT/Spotify-ETL/env/lib/python3.8/site-packages/airflow/example_dags/example_trigger_target_dag.py
[2021-07-12 14:15:26,584] {scheduler_job.py:633} INFO - Processing file /Users/pierre-olivierboisvert/Desktop/GIT/Spotify-ETL/env/lib/python3.8/site-packages/airflow/example_dags/example_trigger_target_dag.py for tasks to queue
[2021-07-12 14:15:26,585] {logging_mixin.py:104} INFO - [2021-07-12 14:15:26,584] {dagbag.py:496} INFO - Filling up the DagBag from /Users/pierre-olivierboisvert/Desktop/GIT/Spotify-ETL/env/lib/python3.8/site-packages/airflow/example_dags/example_trigger_target_dag.py
[2021-07-12 14:15:26,597] {scheduler_job.py:643} INFO - DAG(s) dict_keys(['example_trigger_target_dag']) retrieved from /Users/pierre-olivierboisvert/Desktop/GIT/Spotify-ETL/env/lib/python3.8/site-packages/airflow/example_dags/example_trigger_target_dag.py
[2021-07-12 14:15:26,646] {logging_mixin.py:104} INFO - [2021-07-12 14:15:26,646] {dag.py:1833} INFO - Sync 1 DAGs
[2021-07-12 14:15:26,655] {logging_mixin.py:104} INFO - [2021-07-12 14:15:26,655] {dag.py:2306} INFO - Setting next_dagrun for example_trigger_target_dag to None
[2021-07-12 14:15:26,667] {scheduler_job.py:190} INFO - Processing /Users/pierre-olivierboisvert/Desktop/GIT/Spotify-ETL/env/lib/python3.8/site-packages/airflow/example_dags/example_trigger_target_dag.py took 0.085 seconds
[2021-07-12 14:16:55,319] {scheduler_job.py:182} INFO - Started process (PID=68423) to work on /Users/pierre-olivierboisvert/Desktop/GIT/Spotify-ETL/env/lib/python3.8/site-packages/airflow/example_dags/example_trigger_target_dag.py
[2021-07-12 14:16:55,320] {scheduler_job.py:633} INFO - Processing file /Users/pierre-olivierboisvert/Desktop/GIT/Spotify-ETL/env/lib/python3.8/site-packages/airflow/example_dags/example_trigger_target_dag.py for tasks to queue
[2021-07-12 14:16:55,321] {logging_mixin.py:104} INFO - [2021-07-12 14:16:55,320] {dagbag.py:496} INFO - Filling up the DagBag from /Users/pierre-olivierboisvert/Desktop/GIT/Spotify-ETL/env/lib/python3.8/site-packages/airflow/example_dags/example_trigger_target_dag.py
[2021-07-12 14:16:55,333] {scheduler_job.py:643} INFO - DAG(s) dict_keys(['example_trigger_target_dag']) retrieved from /Users/pierre-olivierboisvert/Desktop/GIT/Spotify-ETL/env/lib/python3.8/site-packages/airflow/example_dags/example_trigger_target_dag.py
[2021-07-12 14:16:55,372] {logging_mixin.py:104} INFO - [2021-07-12 14:16:55,372] {dag.py:1833} INFO - Sync 1 DAGs
[2021-07-12 14:16:55,380] {logging_mixin.py:104} INFO - [2021-07-12 14:16:55,380] {dag.py:2306} INFO - Setting next_dagrun for example_trigger_target_dag to None
[2021-07-12 14:16:55,393] {scheduler_job.py:190} INFO - Processing /Users/pierre-olivierboisvert/Desktop/GIT/Spotify-ETL/env/lib/python3.8/site-packages/airflow/example_dags/example_trigger_target_dag.py took 0.075 seconds
[2021-07-12 14:17:41,155] {scheduler_job.py:182} INFO - Started process (PID=68527) to work on /Users/pierre-olivierboisvert/Desktop/GIT/Spotify-ETL/env/lib/python3.8/site-packages/airflow/example_dags/example_trigger_target_dag.py
[2021-07-12 14:17:41,156] {scheduler_job.py:633} INFO - Processing file /Users/pierre-olivierboisvert/Desktop/GIT/Spotify-ETL/env/lib/python3.8/site-packages/airflow/example_dags/example_trigger_target_dag.py for tasks to queue
[2021-07-12 14:17:41,156] {logging_mixin.py:104} INFO - [2021-07-12 14:17:41,156] {dagbag.py:496} INFO - Filling up the DagBag from /Users/pierre-olivierboisvert/Desktop/GIT/Spotify-ETL/env/lib/python3.8/site-packages/airflow/example_dags/example_trigger_target_dag.py
[2021-07-12 14:17:41,171] {scheduler_job.py:643} INFO - DAG(s) dict_keys(['example_trigger_target_dag']) retrieved from /Users/pierre-olivierboisvert/Desktop/GIT/Spotify-ETL/env/lib/python3.8/site-packages/airflow/example_dags/example_trigger_target_dag.py
[2021-07-12 14:17:41,210] {logging_mixin.py:104} INFO - [2021-07-12 14:17:41,210] {dag.py:1833} INFO - Sync 1 DAGs
[2021-07-12 14:17:41,221] {logging_mixin.py:104} INFO - [2021-07-12 14:17:41,221] {dag.py:2306} INFO - Setting next_dagrun for example_trigger_target_dag to None
[2021-07-12 14:17:41,234] {scheduler_job.py:190} INFO - Processing /Users/pierre-olivierboisvert/Desktop/GIT/Spotify-ETL/env/lib/python3.8/site-packages/airflow/example_dags/example_trigger_target_dag.py took 0.080 seconds
[2021-07-12 14:18:50,340] {scheduler_job.py:182} INFO - Started process (PID=68699) to work on /Users/pierre-olivierboisvert/Desktop/GIT/Spotify-ETL/env/lib/python3.8/site-packages/airflow/example_dags/example_trigger_target_dag.py
[2021-07-12 14:18:50,340] {scheduler_job.py:633} INFO - Processing file /Users/pierre-olivierboisvert/Desktop/GIT/Spotify-ETL/env/lib/python3.8/site-packages/airflow/example_dags/example_trigger_target_dag.py for tasks to queue
[2021-07-12 14:18:50,341] {logging_mixin.py:104} INFO - [2021-07-12 14:18:50,341] {dagbag.py:496} INFO - Filling up the DagBag from /Users/pierre-olivierboisvert/Desktop/GIT/Spotify-ETL/env/lib/python3.8/site-packages/airflow/example_dags/example_trigger_target_dag.py
[2021-07-12 14:18:50,353] {scheduler_job.py:643} INFO - DAG(s) dict_keys(['example_trigger_target_dag']) retrieved from /Users/pierre-olivierboisvert/Desktop/GIT/Spotify-ETL/env/lib/python3.8/site-packages/airflow/example_dags/example_trigger_target_dag.py
[2021-07-12 14:18:50,395] {logging_mixin.py:104} INFO - [2021-07-12 14:18:50,394] {dag.py:1833} INFO - Sync 1 DAGs
[2021-07-12 14:18:50,405] {logging_mixin.py:104} INFO - [2021-07-12 14:18:50,405] {dag.py:2306} INFO - Setting next_dagrun for example_trigger_target_dag to None
[2021-07-12 14:18:50,419] {scheduler_job.py:190} INFO - Processing /Users/pierre-olivierboisvert/Desktop/GIT/Spotify-ETL/env/lib/python3.8/site-packages/airflow/example_dags/example_trigger_target_dag.py took 0.080 seconds
[2021-07-12 14:20:01,324] {scheduler_job.py:182} INFO - Started process (PID=68769) to work on /Users/pierre-olivierboisvert/Desktop/GIT/Spotify-ETL/env/lib/python3.8/site-packages/airflow/example_dags/example_trigger_target_dag.py
[2021-07-12 14:20:01,325] {scheduler_job.py:633} INFO - Processing file /Users/pierre-olivierboisvert/Desktop/GIT/Spotify-ETL/env/lib/python3.8/site-packages/airflow/example_dags/example_trigger_target_dag.py for tasks to queue
[2021-07-12 14:20:01,325] {logging_mixin.py:104} INFO - [2021-07-12 14:20:01,325] {dagbag.py:496} INFO - Filling up the DagBag from /Users/pierre-olivierboisvert/Desktop/GIT/Spotify-ETL/env/lib/python3.8/site-packages/airflow/example_dags/example_trigger_target_dag.py
[2021-07-12 14:20:01,337] {scheduler_job.py:643} INFO - DAG(s) dict_keys(['example_trigger_target_dag']) retrieved from /Users/pierre-olivierboisvert/Desktop/GIT/Spotify-ETL/env/lib/python3.8/site-packages/airflow/example_dags/example_trigger_target_dag.py
[2021-07-12 14:20:01,375] {logging_mixin.py:104} INFO - [2021-07-12 14:20:01,375] {dag.py:1833} INFO - Sync 1 DAGs
[2021-07-12 14:20:01,383] {logging_mixin.py:104} INFO - [2021-07-12 14:20:01,383] {dag.py:2306} INFO - Setting next_dagrun for example_trigger_target_dag to None
[2021-07-12 14:20:01,397] {scheduler_job.py:190} INFO - Processing /Users/pierre-olivierboisvert/Desktop/GIT/Spotify-ETL/env/lib/python3.8/site-packages/airflow/example_dags/example_trigger_target_dag.py took 0.074 seconds
[2021-07-12 14:21:35,647] {scheduler_job.py:182} INFO - Started process (PID=68958) to work on /Users/pierre-olivierboisvert/Desktop/GIT/Spotify-ETL/env/lib/python3.8/site-packages/airflow/example_dags/example_trigger_target_dag.py
[2021-07-12 14:21:35,652] {scheduler_job.py:633} INFO - Processing file /Users/pierre-olivierboisvert/Desktop/GIT/Spotify-ETL/env/lib/python3.8/site-packages/airflow/example_dags/example_trigger_target_dag.py for tasks to queue
[2021-07-12 14:21:35,652] {logging_mixin.py:104} INFO - [2021-07-12 14:21:35,652] {dagbag.py:496} INFO - Filling up the DagBag from /Users/pierre-olivierboisvert/Desktop/GIT/Spotify-ETL/env/lib/python3.8/site-packages/airflow/example_dags/example_trigger_target_dag.py
[2021-07-12 14:21:35,662] {scheduler_job.py:643} INFO - DAG(s) dict_keys(['example_trigger_target_dag']) retrieved from /Users/pierre-olivierboisvert/Desktop/GIT/Spotify-ETL/env/lib/python3.8/site-packages/airflow/example_dags/example_trigger_target_dag.py
[2021-07-12 14:21:35,700] {logging_mixin.py:104} INFO - [2021-07-12 14:21:35,700] {dag.py:1833} INFO - Sync 1 DAGs
[2021-07-12 14:21:35,709] {logging_mixin.py:104} INFO - [2021-07-12 14:21:35,708] {dag.py:2306} INFO - Setting next_dagrun for example_trigger_target_dag to None
[2021-07-12 14:21:35,721] {scheduler_job.py:190} INFO - Processing /Users/pierre-olivierboisvert/Desktop/GIT/Spotify-ETL/env/lib/python3.8/site-packages/airflow/example_dags/example_trigger_target_dag.py took 0.074 seconds
[2021-07-12 14:22:36,110] {scheduler_job.py:182} INFO - Started process (PID=69124) to work on /Users/pierre-olivierboisvert/Desktop/GIT/Spotify-ETL/env/lib/python3.8/site-packages/airflow/example_dags/example_trigger_target_dag.py
[2021-07-12 14:22:36,111] {scheduler_job.py:633} INFO - Processing file /Users/pierre-olivierboisvert/Desktop/GIT/Spotify-ETL/env/lib/python3.8/site-packages/airflow/example_dags/example_trigger_target_dag.py for tasks to queue
[2021-07-12 14:22:36,112] {logging_mixin.py:104} INFO - [2021-07-12 14:22:36,112] {dagbag.py:496} INFO - Filling up the DagBag from /Users/pierre-olivierboisvert/Desktop/GIT/Spotify-ETL/env/lib/python3.8/site-packages/airflow/example_dags/example_trigger_target_dag.py
[2021-07-12 14:22:36,125] {scheduler_job.py:643} INFO - DAG(s) dict_keys(['example_trigger_target_dag']) retrieved from /Users/pierre-olivierboisvert/Desktop/GIT/Spotify-ETL/env/lib/python3.8/site-packages/airflow/example_dags/example_trigger_target_dag.py
[2021-07-12 14:22:36,165] {logging_mixin.py:104} INFO - [2021-07-12 14:22:36,165] {dag.py:1833} INFO - Sync 1 DAGs
[2021-07-12 14:22:36,173] {logging_mixin.py:104} INFO - [2021-07-12 14:22:36,173] {dag.py:2306} INFO - Setting next_dagrun for example_trigger_target_dag to None
[2021-07-12 14:22:36,186] {scheduler_job.py:190} INFO - Processing /Users/pierre-olivierboisvert/Desktop/GIT/Spotify-ETL/env/lib/python3.8/site-packages/airflow/example_dags/example_trigger_target_dag.py took 0.076 seconds
[2021-07-12 14:24:00,483] {scheduler_job.py:182} INFO - Started process (PID=69249) to work on /Users/pierre-olivierboisvert/Desktop/GIT/Spotify-ETL/env/lib/python3.8/site-packages/airflow/example_dags/example_trigger_target_dag.py
[2021-07-12 14:24:00,484] {scheduler_job.py:633} INFO - Processing file /Users/pierre-olivierboisvert/Desktop/GIT/Spotify-ETL/env/lib/python3.8/site-packages/airflow/example_dags/example_trigger_target_dag.py for tasks to queue
[2021-07-12 14:24:00,485] {logging_mixin.py:104} INFO - [2021-07-12 14:24:00,485] {dagbag.py:496} INFO - Filling up the DagBag from /Users/pierre-olivierboisvert/Desktop/GIT/Spotify-ETL/env/lib/python3.8/site-packages/airflow/example_dags/example_trigger_target_dag.py
[2021-07-12 14:24:00,497] {scheduler_job.py:643} INFO - DAG(s) dict_keys(['example_trigger_target_dag']) retrieved from /Users/pierre-olivierboisvert/Desktop/GIT/Spotify-ETL/env/lib/python3.8/site-packages/airflow/example_dags/example_trigger_target_dag.py
[2021-07-12 14:24:00,542] {logging_mixin.py:104} INFO - [2021-07-12 14:24:00,541] {dag.py:1833} INFO - Sync 1 DAGs
[2021-07-12 14:24:00,556] {logging_mixin.py:104} INFO - [2021-07-12 14:24:00,556] {dag.py:2306} INFO - Setting next_dagrun for example_trigger_target_dag to None
[2021-07-12 14:24:00,571] {scheduler_job.py:190} INFO - Processing /Users/pierre-olivierboisvert/Desktop/GIT/Spotify-ETL/env/lib/python3.8/site-packages/airflow/example_dags/example_trigger_target_dag.py took 0.089 seconds
[2021-07-12 14:24:58,927] {scheduler_job.py:182} INFO - Started process (PID=69368) to work on /Users/pierre-olivierboisvert/Desktop/GIT/Spotify-ETL/env/lib/python3.8/site-packages/airflow/example_dags/example_trigger_target_dag.py
[2021-07-12 14:24:58,927] {scheduler_job.py:633} INFO - Processing file /Users/pierre-olivierboisvert/Desktop/GIT/Spotify-ETL/env/lib/python3.8/site-packages/airflow/example_dags/example_trigger_target_dag.py for tasks to queue
[2021-07-12 14:24:58,928] {logging_mixin.py:104} INFO - [2021-07-12 14:24:58,927] {dagbag.py:496} INFO - Filling up the DagBag from /Users/pierre-olivierboisvert/Desktop/GIT/Spotify-ETL/env/lib/python3.8/site-packages/airflow/example_dags/example_trigger_target_dag.py
[2021-07-12 14:24:58,937] {scheduler_job.py:643} INFO - DAG(s) dict_keys(['example_trigger_target_dag']) retrieved from /Users/pierre-olivierboisvert/Desktop/GIT/Spotify-ETL/env/lib/python3.8/site-packages/airflow/example_dags/example_trigger_target_dag.py
[2021-07-12 14:24:58,976] {logging_mixin.py:104} INFO - [2021-07-12 14:24:58,976] {dag.py:1833} INFO - Sync 1 DAGs
[2021-07-12 14:24:58,984] {logging_mixin.py:104} INFO - [2021-07-12 14:24:58,984] {dag.py:2306} INFO - Setting next_dagrun for example_trigger_target_dag to None
[2021-07-12 14:24:58,996] {scheduler_job.py:190} INFO - Processing /Users/pierre-olivierboisvert/Desktop/GIT/Spotify-ETL/env/lib/python3.8/site-packages/airflow/example_dags/example_trigger_target_dag.py took 0.070 seconds
[2021-07-12 14:26:05,116] {scheduler_job.py:182} INFO - Started process (PID=69478) to work on /Users/pierre-olivierboisvert/Desktop/GIT/Spotify-ETL/env/lib/python3.8/site-packages/airflow/example_dags/example_trigger_target_dag.py
[2021-07-12 14:26:05,116] {scheduler_job.py:633} INFO - Processing file /Users/pierre-olivierboisvert/Desktop/GIT/Spotify-ETL/env/lib/python3.8/site-packages/airflow/example_dags/example_trigger_target_dag.py for tasks to queue
[2021-07-12 14:26:05,116] {logging_mixin.py:104} INFO - [2021-07-12 14:26:05,116] {dagbag.py:496} INFO - Filling up the DagBag from /Users/pierre-olivierboisvert/Desktop/GIT/Spotify-ETL/env/lib/python3.8/site-packages/airflow/example_dags/example_trigger_target_dag.py
[2021-07-12 14:26:05,126] {scheduler_job.py:643} INFO - DAG(s) dict_keys(['example_trigger_target_dag']) retrieved from /Users/pierre-olivierboisvert/Desktop/GIT/Spotify-ETL/env/lib/python3.8/site-packages/airflow/example_dags/example_trigger_target_dag.py
[2021-07-12 14:26:05,171] {logging_mixin.py:104} INFO - [2021-07-12 14:26:05,171] {dag.py:1833} INFO - Sync 1 DAGs
[2021-07-12 14:26:05,183] {logging_mixin.py:104} INFO - [2021-07-12 14:26:05,183] {dag.py:2306} INFO - Setting next_dagrun for example_trigger_target_dag to None
[2021-07-12 14:26:05,197] {scheduler_job.py:190} INFO - Processing /Users/pierre-olivierboisvert/Desktop/GIT/Spotify-ETL/env/lib/python3.8/site-packages/airflow/example_dags/example_trigger_target_dag.py took 0.083 seconds
