[2021-07-12 13:40:04,606] {scheduler_job.py:182} INFO - Started process (PID=65750) to work on /Users/pierre-olivierboisvert/Desktop/GIT/Spotify-ETL/env/lib/python3.8/site-packages/airflow/example_dags/example_branch_operator.py
[2021-07-12 13:40:04,607] {scheduler_job.py:633} INFO - Processing file /Users/pierre-olivierboisvert/Desktop/GIT/Spotify-ETL/env/lib/python3.8/site-packages/airflow/example_dags/example_branch_operator.py for tasks to queue
[2021-07-12 13:40:04,607] {logging_mixin.py:104} INFO - [2021-07-12 13:40:04,607] {dagbag.py:496} INFO - Filling up the DagBag from /Users/pierre-olivierboisvert/Desktop/GIT/Spotify-ETL/env/lib/python3.8/site-packages/airflow/example_dags/example_branch_operator.py
[2021-07-12 13:40:04,623] {scheduler_job.py:643} INFO - DAG(s) dict_keys(['example_branch_operator']) retrieved from /Users/pierre-olivierboisvert/Desktop/GIT/Spotify-ETL/env/lib/python3.8/site-packages/airflow/example_dags/example_branch_operator.py
[2021-07-12 13:40:04,685] {logging_mixin.py:104} INFO - [2021-07-12 13:40:04,684] {dag.py:1833} INFO - Sync 1 DAGs
[2021-07-12 13:40:04,698] {logging_mixin.py:104} INFO - [2021-07-12 13:40:04,698] {dag.py:2306} INFO - Setting next_dagrun for example_branch_operator to 2021-07-10 00:00:00+00:00
[2021-07-12 13:40:04,714] {scheduler_job.py:190} INFO - Processing /Users/pierre-olivierboisvert/Desktop/GIT/Spotify-ETL/env/lib/python3.8/site-packages/airflow/example_dags/example_branch_operator.py took 0.109 seconds
[2021-07-12 13:41:44,246] {scheduler_job.py:182} INFO - Started process (PID=65943) to work on /Users/pierre-olivierboisvert/Desktop/GIT/Spotify-ETL/env/lib/python3.8/site-packages/airflow/example_dags/example_branch_operator.py
[2021-07-12 13:41:44,246] {scheduler_job.py:633} INFO - Processing file /Users/pierre-olivierboisvert/Desktop/GIT/Spotify-ETL/env/lib/python3.8/site-packages/airflow/example_dags/example_branch_operator.py for tasks to queue
[2021-07-12 13:41:44,247] {logging_mixin.py:104} INFO - [2021-07-12 13:41:44,247] {dagbag.py:496} INFO - Filling up the DagBag from /Users/pierre-olivierboisvert/Desktop/GIT/Spotify-ETL/env/lib/python3.8/site-packages/airflow/example_dags/example_branch_operator.py
[2021-07-12 13:41:44,260] {scheduler_job.py:643} INFO - DAG(s) dict_keys(['example_branch_operator']) retrieved from /Users/pierre-olivierboisvert/Desktop/GIT/Spotify-ETL/env/lib/python3.8/site-packages/airflow/example_dags/example_branch_operator.py
[2021-07-12 13:41:44,298] {logging_mixin.py:104} INFO - [2021-07-12 13:41:44,297] {dag.py:1833} INFO - Sync 1 DAGs
[2021-07-12 13:41:44,308] {logging_mixin.py:104} INFO - [2021-07-12 13:41:44,308] {dag.py:2306} INFO - Setting next_dagrun for example_branch_operator to 2021-07-10 00:00:00+00:00
[2021-07-12 13:41:44,324] {scheduler_job.py:190} INFO - Processing /Users/pierre-olivierboisvert/Desktop/GIT/Spotify-ETL/env/lib/python3.8/site-packages/airflow/example_dags/example_branch_operator.py took 0.079 seconds
[2021-07-12 13:42:53,189] {scheduler_job.py:182} INFO - Started process (PID=66009) to work on /Users/pierre-olivierboisvert/Desktop/GIT/Spotify-ETL/env/lib/python3.8/site-packages/airflow/example_dags/example_branch_operator.py
[2021-07-12 13:42:53,189] {scheduler_job.py:633} INFO - Processing file /Users/pierre-olivierboisvert/Desktop/GIT/Spotify-ETL/env/lib/python3.8/site-packages/airflow/example_dags/example_branch_operator.py for tasks to queue
[2021-07-12 13:42:53,189] {logging_mixin.py:104} INFO - [2021-07-12 13:42:53,189] {dagbag.py:496} INFO - Filling up the DagBag from /Users/pierre-olivierboisvert/Desktop/GIT/Spotify-ETL/env/lib/python3.8/site-packages/airflow/example_dags/example_branch_operator.py
[2021-07-12 13:42:53,200] {scheduler_job.py:643} INFO - DAG(s) dict_keys(['example_branch_operator']) retrieved from /Users/pierre-olivierboisvert/Desktop/GIT/Spotify-ETL/env/lib/python3.8/site-packages/airflow/example_dags/example_branch_operator.py
[2021-07-12 13:42:53,243] {logging_mixin.py:104} INFO - [2021-07-12 13:42:53,243] {dag.py:1833} INFO - Sync 1 DAGs
[2021-07-12 13:42:53,257] {logging_mixin.py:104} INFO - [2021-07-12 13:42:53,257] {dag.py:2306} INFO - Setting next_dagrun for example_branch_operator to 2021-07-10 00:00:00+00:00
[2021-07-12 13:42:53,270] {scheduler_job.py:190} INFO - Processing /Users/pierre-olivierboisvert/Desktop/GIT/Spotify-ETL/env/lib/python3.8/site-packages/airflow/example_dags/example_branch_operator.py took 0.083 seconds
[2021-07-12 13:44:00,867] {scheduler_job.py:182} INFO - Started process (PID=66073) to work on /Users/pierre-olivierboisvert/Desktop/GIT/Spotify-ETL/env/lib/python3.8/site-packages/airflow/example_dags/example_branch_operator.py
[2021-07-12 13:44:00,868] {scheduler_job.py:633} INFO - Processing file /Users/pierre-olivierboisvert/Desktop/GIT/Spotify-ETL/env/lib/python3.8/site-packages/airflow/example_dags/example_branch_operator.py for tasks to queue
[2021-07-12 13:44:00,868] {logging_mixin.py:104} INFO - [2021-07-12 13:44:00,868] {dagbag.py:496} INFO - Filling up the DagBag from /Users/pierre-olivierboisvert/Desktop/GIT/Spotify-ETL/env/lib/python3.8/site-packages/airflow/example_dags/example_branch_operator.py
[2021-07-12 13:44:00,879] {scheduler_job.py:643} INFO - DAG(s) dict_keys(['example_branch_operator']) retrieved from /Users/pierre-olivierboisvert/Desktop/GIT/Spotify-ETL/env/lib/python3.8/site-packages/airflow/example_dags/example_branch_operator.py
[2021-07-12 13:44:00,914] {logging_mixin.py:104} INFO - [2021-07-12 13:44:00,914] {dag.py:1833} INFO - Sync 1 DAGs
[2021-07-12 13:44:00,925] {logging_mixin.py:104} INFO - [2021-07-12 13:44:00,925] {dag.py:2306} INFO - Setting next_dagrun for example_branch_operator to 2021-07-10 00:00:00+00:00
[2021-07-12 13:44:00,938] {scheduler_job.py:190} INFO - Processing /Users/pierre-olivierboisvert/Desktop/GIT/Spotify-ETL/env/lib/python3.8/site-packages/airflow/example_dags/example_branch_operator.py took 0.072 seconds
[2021-07-12 13:45:09,821] {scheduler_job.py:182} INFO - Started process (PID=66143) to work on /Users/pierre-olivierboisvert/Desktop/GIT/Spotify-ETL/env/lib/python3.8/site-packages/airflow/example_dags/example_branch_operator.py
[2021-07-12 13:45:09,822] {scheduler_job.py:633} INFO - Processing file /Users/pierre-olivierboisvert/Desktop/GIT/Spotify-ETL/env/lib/python3.8/site-packages/airflow/example_dags/example_branch_operator.py for tasks to queue
[2021-07-12 13:45:09,822] {logging_mixin.py:104} INFO - [2021-07-12 13:45:09,822] {dagbag.py:496} INFO - Filling up the DagBag from /Users/pierre-olivierboisvert/Desktop/GIT/Spotify-ETL/env/lib/python3.8/site-packages/airflow/example_dags/example_branch_operator.py
[2021-07-12 13:45:09,832] {scheduler_job.py:643} INFO - DAG(s) dict_keys(['example_branch_operator']) retrieved from /Users/pierre-olivierboisvert/Desktop/GIT/Spotify-ETL/env/lib/python3.8/site-packages/airflow/example_dags/example_branch_operator.py
[2021-07-12 13:45:09,872] {logging_mixin.py:104} INFO - [2021-07-12 13:45:09,872] {dag.py:1833} INFO - Sync 1 DAGs
[2021-07-12 13:45:09,883] {logging_mixin.py:104} INFO - [2021-07-12 13:45:09,883] {dag.py:2306} INFO - Setting next_dagrun for example_branch_operator to 2021-07-10 00:00:00+00:00
[2021-07-12 13:45:09,897] {scheduler_job.py:190} INFO - Processing /Users/pierre-olivierboisvert/Desktop/GIT/Spotify-ETL/env/lib/python3.8/site-packages/airflow/example_dags/example_branch_operator.py took 0.076 seconds
[2021-07-12 13:46:16,787] {scheduler_job.py:182} INFO - Started process (PID=66208) to work on /Users/pierre-olivierboisvert/Desktop/GIT/Spotify-ETL/env/lib/python3.8/site-packages/airflow/example_dags/example_branch_operator.py
[2021-07-12 13:46:16,788] {scheduler_job.py:633} INFO - Processing file /Users/pierre-olivierboisvert/Desktop/GIT/Spotify-ETL/env/lib/python3.8/site-packages/airflow/example_dags/example_branch_operator.py for tasks to queue
[2021-07-12 13:46:16,788] {logging_mixin.py:104} INFO - [2021-07-12 13:46:16,788] {dagbag.py:496} INFO - Filling up the DagBag from /Users/pierre-olivierboisvert/Desktop/GIT/Spotify-ETL/env/lib/python3.8/site-packages/airflow/example_dags/example_branch_operator.py
[2021-07-12 13:46:16,798] {scheduler_job.py:643} INFO - DAG(s) dict_keys(['example_branch_operator']) retrieved from /Users/pierre-olivierboisvert/Desktop/GIT/Spotify-ETL/env/lib/python3.8/site-packages/airflow/example_dags/example_branch_operator.py
[2021-07-12 13:46:16,841] {logging_mixin.py:104} INFO - [2021-07-12 13:46:16,841] {dag.py:1833} INFO - Sync 1 DAGs
[2021-07-12 13:46:16,858] {logging_mixin.py:104} INFO - [2021-07-12 13:46:16,858] {dag.py:2306} INFO - Setting next_dagrun for example_branch_operator to 2021-07-10 00:00:00+00:00
[2021-07-12 13:46:16,874] {scheduler_job.py:190} INFO - Processing /Users/pierre-olivierboisvert/Desktop/GIT/Spotify-ETL/env/lib/python3.8/site-packages/airflow/example_dags/example_branch_operator.py took 0.088 seconds
[2021-07-12 13:47:26,531] {scheduler_job.py:182} INFO - Started process (PID=66278) to work on /Users/pierre-olivierboisvert/Desktop/GIT/Spotify-ETL/env/lib/python3.8/site-packages/airflow/example_dags/example_branch_operator.py
[2021-07-12 13:47:26,532] {scheduler_job.py:633} INFO - Processing file /Users/pierre-olivierboisvert/Desktop/GIT/Spotify-ETL/env/lib/python3.8/site-packages/airflow/example_dags/example_branch_operator.py for tasks to queue
[2021-07-12 13:47:26,533] {logging_mixin.py:104} INFO - [2021-07-12 13:47:26,533] {dagbag.py:496} INFO - Filling up the DagBag from /Users/pierre-olivierboisvert/Desktop/GIT/Spotify-ETL/env/lib/python3.8/site-packages/airflow/example_dags/example_branch_operator.py
[2021-07-12 13:47:26,545] {scheduler_job.py:643} INFO - DAG(s) dict_keys(['example_branch_operator']) retrieved from /Users/pierre-olivierboisvert/Desktop/GIT/Spotify-ETL/env/lib/python3.8/site-packages/airflow/example_dags/example_branch_operator.py
[2021-07-12 13:47:26,581] {logging_mixin.py:104} INFO - [2021-07-12 13:47:26,580] {dag.py:1833} INFO - Sync 1 DAGs
[2021-07-12 13:47:26,591] {logging_mixin.py:104} INFO - [2021-07-12 13:47:26,591] {dag.py:2306} INFO - Setting next_dagrun for example_branch_operator to 2021-07-10 00:00:00+00:00
[2021-07-12 13:47:26,603] {scheduler_job.py:190} INFO - Processing /Users/pierre-olivierboisvert/Desktop/GIT/Spotify-ETL/env/lib/python3.8/site-packages/airflow/example_dags/example_branch_operator.py took 0.073 seconds
[2021-07-12 13:48:38,513] {scheduler_job.py:182} INFO - Started process (PID=66353) to work on /Users/pierre-olivierboisvert/Desktop/GIT/Spotify-ETL/env/lib/python3.8/site-packages/airflow/example_dags/example_branch_operator.py
[2021-07-12 13:48:38,514] {scheduler_job.py:633} INFO - Processing file /Users/pierre-olivierboisvert/Desktop/GIT/Spotify-ETL/env/lib/python3.8/site-packages/airflow/example_dags/example_branch_operator.py for tasks to queue
[2021-07-12 13:48:38,514] {logging_mixin.py:104} INFO - [2021-07-12 13:48:38,514] {dagbag.py:496} INFO - Filling up the DagBag from /Users/pierre-olivierboisvert/Desktop/GIT/Spotify-ETL/env/lib/python3.8/site-packages/airflow/example_dags/example_branch_operator.py
[2021-07-12 13:48:38,526] {scheduler_job.py:643} INFO - DAG(s) dict_keys(['example_branch_operator']) retrieved from /Users/pierre-olivierboisvert/Desktop/GIT/Spotify-ETL/env/lib/python3.8/site-packages/airflow/example_dags/example_branch_operator.py
[2021-07-12 13:48:38,572] {logging_mixin.py:104} INFO - [2021-07-12 13:48:38,572] {dag.py:1833} INFO - Sync 1 DAGs
[2021-07-12 13:48:38,586] {logging_mixin.py:104} INFO - [2021-07-12 13:48:38,586] {dag.py:2306} INFO - Setting next_dagrun for example_branch_operator to 2021-07-10 00:00:00+00:00
[2021-07-12 13:48:38,598] {scheduler_job.py:190} INFO - Processing /Users/pierre-olivierboisvert/Desktop/GIT/Spotify-ETL/env/lib/python3.8/site-packages/airflow/example_dags/example_branch_operator.py took 0.086 seconds
[2021-07-12 13:50:11,565] {scheduler_job.py:182} INFO - Started process (PID=66456) to work on /Users/pierre-olivierboisvert/Desktop/GIT/Spotify-ETL/env/lib/python3.8/site-packages/airflow/example_dags/example_branch_operator.py
[2021-07-12 13:50:11,569] {scheduler_job.py:633} INFO - Processing file /Users/pierre-olivierboisvert/Desktop/GIT/Spotify-ETL/env/lib/python3.8/site-packages/airflow/example_dags/example_branch_operator.py for tasks to queue
[2021-07-12 13:50:11,570] {logging_mixin.py:104} INFO - [2021-07-12 13:50:11,570] {dagbag.py:496} INFO - Filling up the DagBag from /Users/pierre-olivierboisvert/Desktop/GIT/Spotify-ETL/env/lib/python3.8/site-packages/airflow/example_dags/example_branch_operator.py
[2021-07-12 13:50:11,585] {scheduler_job.py:643} INFO - DAG(s) dict_keys(['example_branch_operator']) retrieved from /Users/pierre-olivierboisvert/Desktop/GIT/Spotify-ETL/env/lib/python3.8/site-packages/airflow/example_dags/example_branch_operator.py
[2021-07-12 13:50:11,627] {logging_mixin.py:104} INFO - [2021-07-12 13:50:11,627] {dag.py:1833} INFO - Sync 1 DAGs
[2021-07-12 13:50:11,638] {logging_mixin.py:104} INFO - [2021-07-12 13:50:11,638] {dag.py:2306} INFO - Setting next_dagrun for example_branch_operator to 2021-07-10 00:00:00+00:00
[2021-07-12 13:50:11,648] {scheduler_job.py:190} INFO - Processing /Users/pierre-olivierboisvert/Desktop/GIT/Spotify-ETL/env/lib/python3.8/site-packages/airflow/example_dags/example_branch_operator.py took 0.084 seconds
[2021-07-12 13:51:23,917] {scheduler_job.py:182} INFO - Started process (PID=66526) to work on /Users/pierre-olivierboisvert/Desktop/GIT/Spotify-ETL/env/lib/python3.8/site-packages/airflow/example_dags/example_branch_operator.py
[2021-07-12 13:51:23,918] {scheduler_job.py:633} INFO - Processing file /Users/pierre-olivierboisvert/Desktop/GIT/Spotify-ETL/env/lib/python3.8/site-packages/airflow/example_dags/example_branch_operator.py for tasks to queue
[2021-07-12 13:51:23,918] {logging_mixin.py:104} INFO - [2021-07-12 13:51:23,918] {dagbag.py:496} INFO - Filling up the DagBag from /Users/pierre-olivierboisvert/Desktop/GIT/Spotify-ETL/env/lib/python3.8/site-packages/airflow/example_dags/example_branch_operator.py
[2021-07-12 13:51:23,931] {scheduler_job.py:643} INFO - DAG(s) dict_keys(['example_branch_operator']) retrieved from /Users/pierre-olivierboisvert/Desktop/GIT/Spotify-ETL/env/lib/python3.8/site-packages/airflow/example_dags/example_branch_operator.py
[2021-07-12 13:51:23,969] {logging_mixin.py:104} INFO - [2021-07-12 13:51:23,969] {dag.py:1833} INFO - Sync 1 DAGs
[2021-07-12 13:51:23,981] {logging_mixin.py:104} INFO - [2021-07-12 13:51:23,981] {dag.py:2306} INFO - Setting next_dagrun for example_branch_operator to 2021-07-10 00:00:00+00:00
[2021-07-12 13:51:23,993] {scheduler_job.py:190} INFO - Processing /Users/pierre-olivierboisvert/Desktop/GIT/Spotify-ETL/env/lib/python3.8/site-packages/airflow/example_dags/example_branch_operator.py took 0.076 seconds
[2021-07-12 13:52:49,821] {scheduler_job.py:182} INFO - Started process (PID=66637) to work on /Users/pierre-olivierboisvert/Desktop/GIT/Spotify-ETL/env/lib/python3.8/site-packages/airflow/example_dags/example_branch_operator.py
[2021-07-12 13:52:49,822] {scheduler_job.py:633} INFO - Processing file /Users/pierre-olivierboisvert/Desktop/GIT/Spotify-ETL/env/lib/python3.8/site-packages/airflow/example_dags/example_branch_operator.py for tasks to queue
[2021-07-12 13:52:49,823] {logging_mixin.py:104} INFO - [2021-07-12 13:52:49,823] {dagbag.py:496} INFO - Filling up the DagBag from /Users/pierre-olivierboisvert/Desktop/GIT/Spotify-ETL/env/lib/python3.8/site-packages/airflow/example_dags/example_branch_operator.py
[2021-07-12 13:52:49,840] {scheduler_job.py:643} INFO - DAG(s) dict_keys(['example_branch_operator']) retrieved from /Users/pierre-olivierboisvert/Desktop/GIT/Spotify-ETL/env/lib/python3.8/site-packages/airflow/example_dags/example_branch_operator.py
[2021-07-12 13:52:49,886] {logging_mixin.py:104} INFO - [2021-07-12 13:52:49,886] {dag.py:1833} INFO - Sync 1 DAGs
[2021-07-12 13:52:49,904] {logging_mixin.py:104} INFO - [2021-07-12 13:52:49,904] {dag.py:2306} INFO - Setting next_dagrun for example_branch_operator to 2021-07-10 00:00:00+00:00
[2021-07-12 13:52:49,914] {scheduler_job.py:190} INFO - Processing /Users/pierre-olivierboisvert/Desktop/GIT/Spotify-ETL/env/lib/python3.8/site-packages/airflow/example_dags/example_branch_operator.py took 0.094 seconds
[2021-07-12 13:54:19,349] {scheduler_job.py:182} INFO - Started process (PID=66915) to work on /Users/pierre-olivierboisvert/Desktop/GIT/Spotify-ETL/env/lib/python3.8/site-packages/airflow/example_dags/example_branch_operator.py
[2021-07-12 13:54:19,349] {scheduler_job.py:633} INFO - Processing file /Users/pierre-olivierboisvert/Desktop/GIT/Spotify-ETL/env/lib/python3.8/site-packages/airflow/example_dags/example_branch_operator.py for tasks to queue
[2021-07-12 13:54:19,350] {logging_mixin.py:104} INFO - [2021-07-12 13:54:19,350] {dagbag.py:496} INFO - Filling up the DagBag from /Users/pierre-olivierboisvert/Desktop/GIT/Spotify-ETL/env/lib/python3.8/site-packages/airflow/example_dags/example_branch_operator.py
[2021-07-12 13:54:19,360] {scheduler_job.py:643} INFO - DAG(s) dict_keys(['example_branch_operator']) retrieved from /Users/pierre-olivierboisvert/Desktop/GIT/Spotify-ETL/env/lib/python3.8/site-packages/airflow/example_dags/example_branch_operator.py
[2021-07-12 13:54:19,406] {logging_mixin.py:104} INFO - [2021-07-12 13:54:19,406] {dag.py:1833} INFO - Sync 1 DAGs
[2021-07-12 13:54:19,418] {logging_mixin.py:104} INFO - [2021-07-12 13:54:19,418] {dag.py:2306} INFO - Setting next_dagrun for example_branch_operator to 2021-07-10 00:00:00+00:00
[2021-07-12 13:54:19,428] {scheduler_job.py:190} INFO - Processing /Users/pierre-olivierboisvert/Desktop/GIT/Spotify-ETL/env/lib/python3.8/site-packages/airflow/example_dags/example_branch_operator.py took 0.080 seconds
[2021-07-12 13:55:33,977] {scheduler_job.py:182} INFO - Started process (PID=66987) to work on /Users/pierre-olivierboisvert/Desktop/GIT/Spotify-ETL/env/lib/python3.8/site-packages/airflow/example_dags/example_branch_operator.py
[2021-07-12 13:55:33,978] {scheduler_job.py:633} INFO - Processing file /Users/pierre-olivierboisvert/Desktop/GIT/Spotify-ETL/env/lib/python3.8/site-packages/airflow/example_dags/example_branch_operator.py for tasks to queue
[2021-07-12 13:55:33,978] {logging_mixin.py:104} INFO - [2021-07-12 13:55:33,978] {dagbag.py:496} INFO - Filling up the DagBag from /Users/pierre-olivierboisvert/Desktop/GIT/Spotify-ETL/env/lib/python3.8/site-packages/airflow/example_dags/example_branch_operator.py
[2021-07-12 13:55:33,988] {scheduler_job.py:643} INFO - DAG(s) dict_keys(['example_branch_operator']) retrieved from /Users/pierre-olivierboisvert/Desktop/GIT/Spotify-ETL/env/lib/python3.8/site-packages/airflow/example_dags/example_branch_operator.py
[2021-07-12 13:55:34,034] {logging_mixin.py:104} INFO - [2021-07-12 13:55:34,034] {dag.py:1833} INFO - Sync 1 DAGs
[2021-07-12 13:55:34,047] {logging_mixin.py:104} INFO - [2021-07-12 13:55:34,047] {dag.py:2306} INFO - Setting next_dagrun for example_branch_operator to 2021-07-10 00:00:00+00:00
[2021-07-12 13:55:34,061] {scheduler_job.py:190} INFO - Processing /Users/pierre-olivierboisvert/Desktop/GIT/Spotify-ETL/env/lib/python3.8/site-packages/airflow/example_dags/example_branch_operator.py took 0.085 seconds
[2021-07-12 13:56:45,978] {scheduler_job.py:182} INFO - Started process (PID=67057) to work on /Users/pierre-olivierboisvert/Desktop/GIT/Spotify-ETL/env/lib/python3.8/site-packages/airflow/example_dags/example_branch_operator.py
[2021-07-12 13:56:45,978] {scheduler_job.py:633} INFO - Processing file /Users/pierre-olivierboisvert/Desktop/GIT/Spotify-ETL/env/lib/python3.8/site-packages/airflow/example_dags/example_branch_operator.py for tasks to queue
[2021-07-12 13:56:45,979] {logging_mixin.py:104} INFO - [2021-07-12 13:56:45,979] {dagbag.py:496} INFO - Filling up the DagBag from /Users/pierre-olivierboisvert/Desktop/GIT/Spotify-ETL/env/lib/python3.8/site-packages/airflow/example_dags/example_branch_operator.py
[2021-07-12 13:56:45,992] {scheduler_job.py:643} INFO - DAG(s) dict_keys(['example_branch_operator']) retrieved from /Users/pierre-olivierboisvert/Desktop/GIT/Spotify-ETL/env/lib/python3.8/site-packages/airflow/example_dags/example_branch_operator.py
[2021-07-12 13:56:46,033] {logging_mixin.py:104} INFO - [2021-07-12 13:56:46,033] {dag.py:1833} INFO - Sync 1 DAGs
[2021-07-12 13:56:46,048] {logging_mixin.py:104} INFO - [2021-07-12 13:56:46,047] {dag.py:2306} INFO - Setting next_dagrun for example_branch_operator to 2021-07-10 00:00:00+00:00
[2021-07-12 13:56:46,061] {scheduler_job.py:190} INFO - Processing /Users/pierre-olivierboisvert/Desktop/GIT/Spotify-ETL/env/lib/python3.8/site-packages/airflow/example_dags/example_branch_operator.py took 0.084 seconds
[2021-07-12 13:58:04,762] {scheduler_job.py:182} INFO - Started process (PID=67132) to work on /Users/pierre-olivierboisvert/Desktop/GIT/Spotify-ETL/env/lib/python3.8/site-packages/airflow/example_dags/example_branch_operator.py
[2021-07-12 13:58:04,763] {scheduler_job.py:633} INFO - Processing file /Users/pierre-olivierboisvert/Desktop/GIT/Spotify-ETL/env/lib/python3.8/site-packages/airflow/example_dags/example_branch_operator.py for tasks to queue
[2021-07-12 13:58:04,763] {logging_mixin.py:104} INFO - [2021-07-12 13:58:04,763] {dagbag.py:496} INFO - Filling up the DagBag from /Users/pierre-olivierboisvert/Desktop/GIT/Spotify-ETL/env/lib/python3.8/site-packages/airflow/example_dags/example_branch_operator.py
[2021-07-12 13:58:04,773] {scheduler_job.py:643} INFO - DAG(s) dict_keys(['example_branch_operator']) retrieved from /Users/pierre-olivierboisvert/Desktop/GIT/Spotify-ETL/env/lib/python3.8/site-packages/airflow/example_dags/example_branch_operator.py
[2021-07-12 13:58:04,809] {logging_mixin.py:104} INFO - [2021-07-12 13:58:04,808] {dag.py:1833} INFO - Sync 1 DAGs
[2021-07-12 13:58:04,824] {logging_mixin.py:104} INFO - [2021-07-12 13:58:04,824] {dag.py:2306} INFO - Setting next_dagrun for example_branch_operator to 2021-07-10 00:00:00+00:00
[2021-07-12 13:58:04,837] {scheduler_job.py:190} INFO - Processing /Users/pierre-olivierboisvert/Desktop/GIT/Spotify-ETL/env/lib/python3.8/site-packages/airflow/example_dags/example_branch_operator.py took 0.075 seconds
[2021-07-12 13:59:37,420] {scheduler_job.py:182} INFO - Started process (PID=67217) to work on /Users/pierre-olivierboisvert/Desktop/GIT/Spotify-ETL/env/lib/python3.8/site-packages/airflow/example_dags/example_branch_operator.py
[2021-07-12 13:59:37,421] {scheduler_job.py:633} INFO - Processing file /Users/pierre-olivierboisvert/Desktop/GIT/Spotify-ETL/env/lib/python3.8/site-packages/airflow/example_dags/example_branch_operator.py for tasks to queue
[2021-07-12 13:59:37,421] {logging_mixin.py:104} INFO - [2021-07-12 13:59:37,421] {dagbag.py:496} INFO - Filling up the DagBag from /Users/pierre-olivierboisvert/Desktop/GIT/Spotify-ETL/env/lib/python3.8/site-packages/airflow/example_dags/example_branch_operator.py
[2021-07-12 13:59:37,432] {scheduler_job.py:643} INFO - DAG(s) dict_keys(['example_branch_operator']) retrieved from /Users/pierre-olivierboisvert/Desktop/GIT/Spotify-ETL/env/lib/python3.8/site-packages/airflow/example_dags/example_branch_operator.py
[2021-07-12 13:59:37,468] {logging_mixin.py:104} INFO - [2021-07-12 13:59:37,468] {dag.py:1833} INFO - Sync 1 DAGs
[2021-07-12 13:59:37,482] {logging_mixin.py:104} INFO - [2021-07-12 13:59:37,482] {dag.py:2306} INFO - Setting next_dagrun for example_branch_operator to 2021-07-10 00:00:00+00:00
[2021-07-12 13:59:37,494] {scheduler_job.py:190} INFO - Processing /Users/pierre-olivierboisvert/Desktop/GIT/Spotify-ETL/env/lib/python3.8/site-packages/airflow/example_dags/example_branch_operator.py took 0.074 seconds
[2021-07-12 14:01:01,544] {scheduler_job.py:182} INFO - Started process (PID=67294) to work on /Users/pierre-olivierboisvert/Desktop/GIT/Spotify-ETL/env/lib/python3.8/site-packages/airflow/example_dags/example_branch_operator.py
[2021-07-12 14:01:01,545] {scheduler_job.py:633} INFO - Processing file /Users/pierre-olivierboisvert/Desktop/GIT/Spotify-ETL/env/lib/python3.8/site-packages/airflow/example_dags/example_branch_operator.py for tasks to queue
[2021-07-12 14:01:01,546] {logging_mixin.py:104} INFO - [2021-07-12 14:01:01,546] {dagbag.py:496} INFO - Filling up the DagBag from /Users/pierre-olivierboisvert/Desktop/GIT/Spotify-ETL/env/lib/python3.8/site-packages/airflow/example_dags/example_branch_operator.py
[2021-07-12 14:01:01,557] {scheduler_job.py:643} INFO - DAG(s) dict_keys(['example_branch_operator']) retrieved from /Users/pierre-olivierboisvert/Desktop/GIT/Spotify-ETL/env/lib/python3.8/site-packages/airflow/example_dags/example_branch_operator.py
[2021-07-12 14:01:01,598] {logging_mixin.py:104} INFO - [2021-07-12 14:01:01,598] {dag.py:1833} INFO - Sync 1 DAGs
[2021-07-12 14:01:01,610] {logging_mixin.py:104} INFO - [2021-07-12 14:01:01,609] {dag.py:2306} INFO - Setting next_dagrun for example_branch_operator to 2021-07-10 00:00:00+00:00
[2021-07-12 14:01:01,624] {scheduler_job.py:190} INFO - Processing /Users/pierre-olivierboisvert/Desktop/GIT/Spotify-ETL/env/lib/python3.8/site-packages/airflow/example_dags/example_branch_operator.py took 0.080 seconds
[2021-07-12 14:02:25,121] {scheduler_job.py:182} INFO - Started process (PID=67367) to work on /Users/pierre-olivierboisvert/Desktop/GIT/Spotify-ETL/env/lib/python3.8/site-packages/airflow/example_dags/example_branch_operator.py
[2021-07-12 14:02:25,122] {scheduler_job.py:633} INFO - Processing file /Users/pierre-olivierboisvert/Desktop/GIT/Spotify-ETL/env/lib/python3.8/site-packages/airflow/example_dags/example_branch_operator.py for tasks to queue
[2021-07-12 14:02:25,123] {logging_mixin.py:104} INFO - [2021-07-12 14:02:25,123] {dagbag.py:496} INFO - Filling up the DagBag from /Users/pierre-olivierboisvert/Desktop/GIT/Spotify-ETL/env/lib/python3.8/site-packages/airflow/example_dags/example_branch_operator.py
[2021-07-12 14:02:25,139] {scheduler_job.py:643} INFO - DAG(s) dict_keys(['example_branch_operator']) retrieved from /Users/pierre-olivierboisvert/Desktop/GIT/Spotify-ETL/env/lib/python3.8/site-packages/airflow/example_dags/example_branch_operator.py
[2021-07-12 14:02:25,200] {logging_mixin.py:104} INFO - [2021-07-12 14:02:25,200] {dag.py:1833} INFO - Sync 1 DAGs
[2021-07-12 14:02:25,221] {logging_mixin.py:104} INFO - [2021-07-12 14:02:25,221] {dag.py:2306} INFO - Setting next_dagrun for example_branch_operator to 2021-07-10 00:00:00+00:00
[2021-07-12 14:02:25,241] {scheduler_job.py:190} INFO - Processing /Users/pierre-olivierboisvert/Desktop/GIT/Spotify-ETL/env/lib/python3.8/site-packages/airflow/example_dags/example_branch_operator.py took 0.121 seconds
[2021-07-12 14:03:48,522] {scheduler_job.py:182} INFO - Started process (PID=67439) to work on /Users/pierre-olivierboisvert/Desktop/GIT/Spotify-ETL/env/lib/python3.8/site-packages/airflow/example_dags/example_branch_operator.py
[2021-07-12 14:03:48,523] {scheduler_job.py:633} INFO - Processing file /Users/pierre-olivierboisvert/Desktop/GIT/Spotify-ETL/env/lib/python3.8/site-packages/airflow/example_dags/example_branch_operator.py for tasks to queue
[2021-07-12 14:03:48,523] {logging_mixin.py:104} INFO - [2021-07-12 14:03:48,523] {dagbag.py:496} INFO - Filling up the DagBag from /Users/pierre-olivierboisvert/Desktop/GIT/Spotify-ETL/env/lib/python3.8/site-packages/airflow/example_dags/example_branch_operator.py
[2021-07-12 14:03:48,535] {scheduler_job.py:643} INFO - DAG(s) dict_keys(['example_branch_operator']) retrieved from /Users/pierre-olivierboisvert/Desktop/GIT/Spotify-ETL/env/lib/python3.8/site-packages/airflow/example_dags/example_branch_operator.py
[2021-07-12 14:03:48,583] {logging_mixin.py:104} INFO - [2021-07-12 14:03:48,582] {dag.py:1833} INFO - Sync 1 DAGs
[2021-07-12 14:03:48,596] {logging_mixin.py:104} INFO - [2021-07-12 14:03:48,596] {dag.py:2306} INFO - Setting next_dagrun for example_branch_operator to 2021-07-10 00:00:00+00:00
[2021-07-12 14:03:48,613] {scheduler_job.py:190} INFO - Processing /Users/pierre-olivierboisvert/Desktop/GIT/Spotify-ETL/env/lib/python3.8/site-packages/airflow/example_dags/example_branch_operator.py took 0.092 seconds
[2021-07-12 14:05:21,774] {scheduler_job.py:182} INFO - Started process (PID=67517) to work on /Users/pierre-olivierboisvert/Desktop/GIT/Spotify-ETL/env/lib/python3.8/site-packages/airflow/example_dags/example_branch_operator.py
[2021-07-12 14:05:21,779] {scheduler_job.py:633} INFO - Processing file /Users/pierre-olivierboisvert/Desktop/GIT/Spotify-ETL/env/lib/python3.8/site-packages/airflow/example_dags/example_branch_operator.py for tasks to queue
[2021-07-12 14:05:21,779] {logging_mixin.py:104} INFO - [2021-07-12 14:05:21,779] {dagbag.py:496} INFO - Filling up the DagBag from /Users/pierre-olivierboisvert/Desktop/GIT/Spotify-ETL/env/lib/python3.8/site-packages/airflow/example_dags/example_branch_operator.py
[2021-07-12 14:05:21,792] {scheduler_job.py:643} INFO - DAG(s) dict_keys(['example_branch_operator']) retrieved from /Users/pierre-olivierboisvert/Desktop/GIT/Spotify-ETL/env/lib/python3.8/site-packages/airflow/example_dags/example_branch_operator.py
[2021-07-12 14:05:21,831] {logging_mixin.py:104} INFO - [2021-07-12 14:05:21,831] {dag.py:1833} INFO - Sync 1 DAGs
[2021-07-12 14:05:21,842] {logging_mixin.py:104} INFO - [2021-07-12 14:05:21,842] {dag.py:2306} INFO - Setting next_dagrun for example_branch_operator to 2021-07-10 00:00:00+00:00
[2021-07-12 14:05:21,855] {scheduler_job.py:190} INFO - Processing /Users/pierre-olivierboisvert/Desktop/GIT/Spotify-ETL/env/lib/python3.8/site-packages/airflow/example_dags/example_branch_operator.py took 0.082 seconds
[2021-07-12 14:07:04,566] {scheduler_job.py:182} INFO - Started process (PID=67607) to work on /Users/pierre-olivierboisvert/Desktop/GIT/Spotify-ETL/env/lib/python3.8/site-packages/airflow/example_dags/example_branch_operator.py
[2021-07-12 14:07:04,567] {scheduler_job.py:633} INFO - Processing file /Users/pierre-olivierboisvert/Desktop/GIT/Spotify-ETL/env/lib/python3.8/site-packages/airflow/example_dags/example_branch_operator.py for tasks to queue
[2021-07-12 14:07:04,568] {logging_mixin.py:104} INFO - [2021-07-12 14:07:04,568] {dagbag.py:496} INFO - Filling up the DagBag from /Users/pierre-olivierboisvert/Desktop/GIT/Spotify-ETL/env/lib/python3.8/site-packages/airflow/example_dags/example_branch_operator.py
[2021-07-12 14:07:04,590] {scheduler_job.py:643} INFO - DAG(s) dict_keys(['example_branch_operator']) retrieved from /Users/pierre-olivierboisvert/Desktop/GIT/Spotify-ETL/env/lib/python3.8/site-packages/airflow/example_dags/example_branch_operator.py
[2021-07-12 14:07:04,645] {logging_mixin.py:104} INFO - [2021-07-12 14:07:04,645] {dag.py:1833} INFO - Sync 1 DAGs
[2021-07-12 14:07:04,659] {logging_mixin.py:104} INFO - [2021-07-12 14:07:04,659] {dag.py:2306} INFO - Setting next_dagrun for example_branch_operator to 2021-07-10 00:00:00+00:00
[2021-07-12 14:07:04,680] {scheduler_job.py:190} INFO - Processing /Users/pierre-olivierboisvert/Desktop/GIT/Spotify-ETL/env/lib/python3.8/site-packages/airflow/example_dags/example_branch_operator.py took 0.114 seconds
[2021-07-12 14:08:30,983] {scheduler_job.py:182} INFO - Started process (PID=67683) to work on /Users/pierre-olivierboisvert/Desktop/GIT/Spotify-ETL/env/lib/python3.8/site-packages/airflow/example_dags/example_branch_operator.py
[2021-07-12 14:08:30,983] {scheduler_job.py:633} INFO - Processing file /Users/pierre-olivierboisvert/Desktop/GIT/Spotify-ETL/env/lib/python3.8/site-packages/airflow/example_dags/example_branch_operator.py for tasks to queue
[2021-07-12 14:08:30,984] {logging_mixin.py:104} INFO - [2021-07-12 14:08:30,984] {dagbag.py:496} INFO - Filling up the DagBag from /Users/pierre-olivierboisvert/Desktop/GIT/Spotify-ETL/env/lib/python3.8/site-packages/airflow/example_dags/example_branch_operator.py
[2021-07-12 14:08:30,993] {scheduler_job.py:643} INFO - DAG(s) dict_keys(['example_branch_operator']) retrieved from /Users/pierre-olivierboisvert/Desktop/GIT/Spotify-ETL/env/lib/python3.8/site-packages/airflow/example_dags/example_branch_operator.py
[2021-07-12 14:08:31,036] {logging_mixin.py:104} INFO - [2021-07-12 14:08:31,036] {dag.py:1833} INFO - Sync 1 DAGs
[2021-07-12 14:08:31,048] {logging_mixin.py:104} INFO - [2021-07-12 14:08:31,048] {dag.py:2306} INFO - Setting next_dagrun for example_branch_operator to 2021-07-10 00:00:00+00:00
[2021-07-12 14:08:31,060] {scheduler_job.py:190} INFO - Processing /Users/pierre-olivierboisvert/Desktop/GIT/Spotify-ETL/env/lib/python3.8/site-packages/airflow/example_dags/example_branch_operator.py took 0.078 seconds
[2021-07-12 14:10:06,528] {scheduler_job.py:182} INFO - Started process (PID=67780) to work on /Users/pierre-olivierboisvert/Desktop/GIT/Spotify-ETL/env/lib/python3.8/site-packages/airflow/example_dags/example_branch_operator.py
[2021-07-12 14:10:06,529] {scheduler_job.py:633} INFO - Processing file /Users/pierre-olivierboisvert/Desktop/GIT/Spotify-ETL/env/lib/python3.8/site-packages/airflow/example_dags/example_branch_operator.py for tasks to queue
[2021-07-12 14:10:06,529] {logging_mixin.py:104} INFO - [2021-07-12 14:10:06,529] {dagbag.py:496} INFO - Filling up the DagBag from /Users/pierre-olivierboisvert/Desktop/GIT/Spotify-ETL/env/lib/python3.8/site-packages/airflow/example_dags/example_branch_operator.py
[2021-07-12 14:10:06,541] {scheduler_job.py:643} INFO - DAG(s) dict_keys(['example_branch_operator']) retrieved from /Users/pierre-olivierboisvert/Desktop/GIT/Spotify-ETL/env/lib/python3.8/site-packages/airflow/example_dags/example_branch_operator.py
[2021-07-12 14:10:06,583] {logging_mixin.py:104} INFO - [2021-07-12 14:10:06,583] {dag.py:1833} INFO - Sync 1 DAGs
[2021-07-12 14:10:06,598] {logging_mixin.py:104} INFO - [2021-07-12 14:10:06,598] {dag.py:2306} INFO - Setting next_dagrun for example_branch_operator to 2021-07-10 00:00:00+00:00
[2021-07-12 14:10:06,610] {scheduler_job.py:190} INFO - Processing /Users/pierre-olivierboisvert/Desktop/GIT/Spotify-ETL/env/lib/python3.8/site-packages/airflow/example_dags/example_branch_operator.py took 0.083 seconds
[2021-07-12 14:11:29,010] {scheduler_job.py:182} INFO - Started process (PID=67855) to work on /Users/pierre-olivierboisvert/Desktop/GIT/Spotify-ETL/env/lib/python3.8/site-packages/airflow/example_dags/example_branch_operator.py
[2021-07-12 14:11:29,011] {scheduler_job.py:633} INFO - Processing file /Users/pierre-olivierboisvert/Desktop/GIT/Spotify-ETL/env/lib/python3.8/site-packages/airflow/example_dags/example_branch_operator.py for tasks to queue
[2021-07-12 14:11:29,011] {logging_mixin.py:104} INFO - [2021-07-12 14:11:29,011] {dagbag.py:496} INFO - Filling up the DagBag from /Users/pierre-olivierboisvert/Desktop/GIT/Spotify-ETL/env/lib/python3.8/site-packages/airflow/example_dags/example_branch_operator.py
[2021-07-12 14:11:29,022] {scheduler_job.py:643} INFO - DAG(s) dict_keys(['example_branch_operator']) retrieved from /Users/pierre-olivierboisvert/Desktop/GIT/Spotify-ETL/env/lib/python3.8/site-packages/airflow/example_dags/example_branch_operator.py
[2021-07-12 14:11:29,058] {logging_mixin.py:104} INFO - [2021-07-12 14:11:29,058] {dag.py:1833} INFO - Sync 1 DAGs
[2021-07-12 14:11:29,071] {logging_mixin.py:104} INFO - [2021-07-12 14:11:29,071] {dag.py:2306} INFO - Setting next_dagrun for example_branch_operator to 2021-07-10 00:00:00+00:00
[2021-07-12 14:11:29,085] {scheduler_job.py:190} INFO - Processing /Users/pierre-olivierboisvert/Desktop/GIT/Spotify-ETL/env/lib/python3.8/site-packages/airflow/example_dags/example_branch_operator.py took 0.076 seconds
[2021-07-12 14:12:42,974] {scheduler_job.py:182} INFO - Started process (PID=67925) to work on /Users/pierre-olivierboisvert/Desktop/GIT/Spotify-ETL/env/lib/python3.8/site-packages/airflow/example_dags/example_branch_operator.py
[2021-07-12 14:12:42,974] {scheduler_job.py:633} INFO - Processing file /Users/pierre-olivierboisvert/Desktop/GIT/Spotify-ETL/env/lib/python3.8/site-packages/airflow/example_dags/example_branch_operator.py for tasks to queue
[2021-07-12 14:12:42,975] {logging_mixin.py:104} INFO - [2021-07-12 14:12:42,975] {dagbag.py:496} INFO - Filling up the DagBag from /Users/pierre-olivierboisvert/Desktop/GIT/Spotify-ETL/env/lib/python3.8/site-packages/airflow/example_dags/example_branch_operator.py
[2021-07-12 14:12:42,986] {scheduler_job.py:643} INFO - DAG(s) dict_keys(['example_branch_operator']) retrieved from /Users/pierre-olivierboisvert/Desktop/GIT/Spotify-ETL/env/lib/python3.8/site-packages/airflow/example_dags/example_branch_operator.py
[2021-07-12 14:12:43,030] {logging_mixin.py:104} INFO - [2021-07-12 14:12:43,030] {dag.py:1833} INFO - Sync 1 DAGs
[2021-07-12 14:12:43,043] {logging_mixin.py:104} INFO - [2021-07-12 14:12:43,043] {dag.py:2306} INFO - Setting next_dagrun for example_branch_operator to 2021-07-10 00:00:00+00:00
[2021-07-12 14:12:43,057] {scheduler_job.py:190} INFO - Processing /Users/pierre-olivierboisvert/Desktop/GIT/Spotify-ETL/env/lib/python3.8/site-packages/airflow/example_dags/example_branch_operator.py took 0.084 seconds
[2021-07-12 14:14:16,169] {scheduler_job.py:182} INFO - Started process (PID=68102) to work on /Users/pierre-olivierboisvert/Desktop/GIT/Spotify-ETL/env/lib/python3.8/site-packages/airflow/example_dags/example_branch_operator.py
[2021-07-12 14:14:16,170] {scheduler_job.py:633} INFO - Processing file /Users/pierre-olivierboisvert/Desktop/GIT/Spotify-ETL/env/lib/python3.8/site-packages/airflow/example_dags/example_branch_operator.py for tasks to queue
[2021-07-12 14:14:16,172] {logging_mixin.py:104} INFO - [2021-07-12 14:14:16,172] {dagbag.py:496} INFO - Filling up the DagBag from /Users/pierre-olivierboisvert/Desktop/GIT/Spotify-ETL/env/lib/python3.8/site-packages/airflow/example_dags/example_branch_operator.py
[2021-07-12 14:14:16,187] {scheduler_job.py:643} INFO - DAG(s) dict_keys(['example_branch_operator']) retrieved from /Users/pierre-olivierboisvert/Desktop/GIT/Spotify-ETL/env/lib/python3.8/site-packages/airflow/example_dags/example_branch_operator.py
[2021-07-12 14:14:16,240] {logging_mixin.py:104} INFO - [2021-07-12 14:14:16,239] {dag.py:1833} INFO - Sync 1 DAGs
[2021-07-12 14:14:16,251] {logging_mixin.py:104} INFO - [2021-07-12 14:14:16,250] {dag.py:2306} INFO - Setting next_dagrun for example_branch_operator to 2021-07-10 00:00:00+00:00
[2021-07-12 14:14:16,264] {scheduler_job.py:190} INFO - Processing /Users/pierre-olivierboisvert/Desktop/GIT/Spotify-ETL/env/lib/python3.8/site-packages/airflow/example_dags/example_branch_operator.py took 0.097 seconds
[2021-07-12 14:16:19,470] {scheduler_job.py:182} INFO - Started process (PID=68347) to work on /Users/pierre-olivierboisvert/Desktop/GIT/Spotify-ETL/env/lib/python3.8/site-packages/airflow/example_dags/example_branch_operator.py
[2021-07-12 14:16:19,471] {scheduler_job.py:633} INFO - Processing file /Users/pierre-olivierboisvert/Desktop/GIT/Spotify-ETL/env/lib/python3.8/site-packages/airflow/example_dags/example_branch_operator.py for tasks to queue
[2021-07-12 14:16:19,471] {logging_mixin.py:104} INFO - [2021-07-12 14:16:19,471] {dagbag.py:496} INFO - Filling up the DagBag from /Users/pierre-olivierboisvert/Desktop/GIT/Spotify-ETL/env/lib/python3.8/site-packages/airflow/example_dags/example_branch_operator.py
[2021-07-12 14:16:19,484] {scheduler_job.py:643} INFO - DAG(s) dict_keys(['example_branch_operator']) retrieved from /Users/pierre-olivierboisvert/Desktop/GIT/Spotify-ETL/env/lib/python3.8/site-packages/airflow/example_dags/example_branch_operator.py
[2021-07-12 14:16:19,523] {logging_mixin.py:104} INFO - [2021-07-12 14:16:19,522] {dag.py:1833} INFO - Sync 1 DAGs
[2021-07-12 14:16:19,533] {logging_mixin.py:104} INFO - [2021-07-12 14:16:19,533] {dag.py:2306} INFO - Setting next_dagrun for example_branch_operator to 2021-07-10 00:00:00+00:00
[2021-07-12 14:16:19,548] {scheduler_job.py:190} INFO - Processing /Users/pierre-olivierboisvert/Desktop/GIT/Spotify-ETL/env/lib/python3.8/site-packages/airflow/example_dags/example_branch_operator.py took 0.079 seconds
[2021-07-12 14:19:32,170] {scheduler_job.py:182} INFO - Started process (PID=68741) to work on /Users/pierre-olivierboisvert/Desktop/GIT/Spotify-ETL/env/lib/python3.8/site-packages/airflow/example_dags/example_branch_operator.py
[2021-07-12 14:19:32,170] {scheduler_job.py:633} INFO - Processing file /Users/pierre-olivierboisvert/Desktop/GIT/Spotify-ETL/env/lib/python3.8/site-packages/airflow/example_dags/example_branch_operator.py for tasks to queue
[2021-07-12 14:19:32,171] {logging_mixin.py:104} INFO - [2021-07-12 14:19:32,171] {dagbag.py:496} INFO - Filling up the DagBag from /Users/pierre-olivierboisvert/Desktop/GIT/Spotify-ETL/env/lib/python3.8/site-packages/airflow/example_dags/example_branch_operator.py
[2021-07-12 14:19:32,185] {scheduler_job.py:643} INFO - DAG(s) dict_keys(['example_branch_operator']) retrieved from /Users/pierre-olivierboisvert/Desktop/GIT/Spotify-ETL/env/lib/python3.8/site-packages/airflow/example_dags/example_branch_operator.py
[2021-07-12 14:19:32,225] {logging_mixin.py:104} INFO - [2021-07-12 14:19:32,225] {dag.py:1833} INFO - Sync 1 DAGs
[2021-07-12 14:19:32,236] {logging_mixin.py:104} INFO - [2021-07-12 14:19:32,236] {dag.py:2306} INFO - Setting next_dagrun for example_branch_operator to 2021-07-10 00:00:00+00:00
[2021-07-12 14:19:32,249] {scheduler_job.py:190} INFO - Processing /Users/pierre-olivierboisvert/Desktop/GIT/Spotify-ETL/env/lib/python3.8/site-packages/airflow/example_dags/example_branch_operator.py took 0.080 seconds
[2021-07-12 14:23:19,636] {scheduler_job.py:182} INFO - Started process (PID=69167) to work on /Users/pierre-olivierboisvert/Desktop/GIT/Spotify-ETL/env/lib/python3.8/site-packages/airflow/example_dags/example_branch_operator.py
[2021-07-12 14:23:19,637] {scheduler_job.py:633} INFO - Processing file /Users/pierre-olivierboisvert/Desktop/GIT/Spotify-ETL/env/lib/python3.8/site-packages/airflow/example_dags/example_branch_operator.py for tasks to queue
[2021-07-12 14:23:19,638] {logging_mixin.py:104} INFO - [2021-07-12 14:23:19,638] {dagbag.py:496} INFO - Filling up the DagBag from /Users/pierre-olivierboisvert/Desktop/GIT/Spotify-ETL/env/lib/python3.8/site-packages/airflow/example_dags/example_branch_operator.py
[2021-07-12 14:23:19,650] {scheduler_job.py:643} INFO - DAG(s) dict_keys(['example_branch_operator']) retrieved from /Users/pierre-olivierboisvert/Desktop/GIT/Spotify-ETL/env/lib/python3.8/site-packages/airflow/example_dags/example_branch_operator.py
[2021-07-12 14:23:19,697] {logging_mixin.py:104} INFO - [2021-07-12 14:23:19,697] {dag.py:1833} INFO - Sync 1 DAGs
[2021-07-12 14:23:19,717] {logging_mixin.py:104} INFO - [2021-07-12 14:23:19,716] {dag.py:2306} INFO - Setting next_dagrun for example_branch_operator to 2021-07-10 00:00:00+00:00
[2021-07-12 14:23:19,729] {scheduler_job.py:190} INFO - Processing /Users/pierre-olivierboisvert/Desktop/GIT/Spotify-ETL/env/lib/python3.8/site-packages/airflow/example_dags/example_branch_operator.py took 0.097 seconds
