[2021-07-12 13:39:38,826] {scheduler_job.py:182} INFO - Started process (PID=65718) to work on /Users/pierre-olivierboisvert/Desktop/GIT/Spotify-ETL/env/lib/python3.8/site-packages/airflow/example_dags/example_nested_branch_dag.py
[2021-07-12 13:39:38,827] {scheduler_job.py:633} INFO - Processing file /Users/pierre-olivierboisvert/Desktop/GIT/Spotify-ETL/env/lib/python3.8/site-packages/airflow/example_dags/example_nested_branch_dag.py for tasks to queue
[2021-07-12 13:39:38,829] {logging_mixin.py:104} INFO - [2021-07-12 13:39:38,829] {dagbag.py:496} INFO - Filling up the DagBag from /Users/pierre-olivierboisvert/Desktop/GIT/Spotify-ETL/env/lib/python3.8/site-packages/airflow/example_dags/example_nested_branch_dag.py
[2021-07-12 13:39:38,860] {scheduler_job.py:643} INFO - DAG(s) dict_keys(['example_nested_branch_dag']) retrieved from /Users/pierre-olivierboisvert/Desktop/GIT/Spotify-ETL/env/lib/python3.8/site-packages/airflow/example_dags/example_nested_branch_dag.py
[2021-07-12 13:39:38,954] {logging_mixin.py:104} INFO - [2021-07-12 13:39:38,953] {dag.py:1833} INFO - Sync 1 DAGs
[2021-07-12 13:39:38,981] {logging_mixin.py:104} INFO - [2021-07-12 13:39:38,981] {dag.py:2306} INFO - Setting next_dagrun for example_nested_branch_dag to 2021-07-10 00:00:00+00:00
[2021-07-12 13:39:39,010] {scheduler_job.py:190} INFO - Processing /Users/pierre-olivierboisvert/Desktop/GIT/Spotify-ETL/env/lib/python3.8/site-packages/airflow/example_dags/example_nested_branch_dag.py took 0.185 seconds
[2021-07-12 13:41:03,905] {scheduler_job.py:182} INFO - Started process (PID=65909) to work on /Users/pierre-olivierboisvert/Desktop/GIT/Spotify-ETL/env/lib/python3.8/site-packages/airflow/example_dags/example_nested_branch_dag.py
[2021-07-12 13:41:03,906] {scheduler_job.py:633} INFO - Processing file /Users/pierre-olivierboisvert/Desktop/GIT/Spotify-ETL/env/lib/python3.8/site-packages/airflow/example_dags/example_nested_branch_dag.py for tasks to queue
[2021-07-12 13:41:03,906] {logging_mixin.py:104} INFO - [2021-07-12 13:41:03,906] {dagbag.py:496} INFO - Filling up the DagBag from /Users/pierre-olivierboisvert/Desktop/GIT/Spotify-ETL/env/lib/python3.8/site-packages/airflow/example_dags/example_nested_branch_dag.py
[2021-07-12 13:41:03,920] {scheduler_job.py:643} INFO - DAG(s) dict_keys(['example_nested_branch_dag']) retrieved from /Users/pierre-olivierboisvert/Desktop/GIT/Spotify-ETL/env/lib/python3.8/site-packages/airflow/example_dags/example_nested_branch_dag.py
[2021-07-12 13:41:03,960] {logging_mixin.py:104} INFO - [2021-07-12 13:41:03,960] {dag.py:1833} INFO - Sync 1 DAGs
[2021-07-12 13:41:03,976] {logging_mixin.py:104} INFO - [2021-07-12 13:41:03,976] {dag.py:2306} INFO - Setting next_dagrun for example_nested_branch_dag to 2021-07-10 00:00:00+00:00
[2021-07-12 13:41:03,990] {scheduler_job.py:190} INFO - Processing /Users/pierre-olivierboisvert/Desktop/GIT/Spotify-ETL/env/lib/python3.8/site-packages/airflow/example_dags/example_nested_branch_dag.py took 0.085 seconds
[2021-07-12 13:42:24,111] {scheduler_job.py:182} INFO - Started process (PID=65981) to work on /Users/pierre-olivierboisvert/Desktop/GIT/Spotify-ETL/env/lib/python3.8/site-packages/airflow/example_dags/example_nested_branch_dag.py
[2021-07-12 13:42:24,111] {scheduler_job.py:633} INFO - Processing file /Users/pierre-olivierboisvert/Desktop/GIT/Spotify-ETL/env/lib/python3.8/site-packages/airflow/example_dags/example_nested_branch_dag.py for tasks to queue
[2021-07-12 13:42:24,112] {logging_mixin.py:104} INFO - [2021-07-12 13:42:24,112] {dagbag.py:496} INFO - Filling up the DagBag from /Users/pierre-olivierboisvert/Desktop/GIT/Spotify-ETL/env/lib/python3.8/site-packages/airflow/example_dags/example_nested_branch_dag.py
[2021-07-12 13:42:24,121] {scheduler_job.py:643} INFO - DAG(s) dict_keys(['example_nested_branch_dag']) retrieved from /Users/pierre-olivierboisvert/Desktop/GIT/Spotify-ETL/env/lib/python3.8/site-packages/airflow/example_dags/example_nested_branch_dag.py
[2021-07-12 13:42:24,162] {logging_mixin.py:104} INFO - [2021-07-12 13:42:24,162] {dag.py:1833} INFO - Sync 1 DAGs
[2021-07-12 13:42:24,175] {logging_mixin.py:104} INFO - [2021-07-12 13:42:24,175] {dag.py:2306} INFO - Setting next_dagrun for example_nested_branch_dag to 2021-07-10 00:00:00+00:00
[2021-07-12 13:42:24,189] {scheduler_job.py:190} INFO - Processing /Users/pierre-olivierboisvert/Desktop/GIT/Spotify-ETL/env/lib/python3.8/site-packages/airflow/example_dags/example_nested_branch_dag.py took 0.079 seconds
[2021-07-12 13:43:30,680] {scheduler_job.py:182} INFO - Started process (PID=66045) to work on /Users/pierre-olivierboisvert/Desktop/GIT/Spotify-ETL/env/lib/python3.8/site-packages/airflow/example_dags/example_nested_branch_dag.py
[2021-07-12 13:43:30,681] {scheduler_job.py:633} INFO - Processing file /Users/pierre-olivierboisvert/Desktop/GIT/Spotify-ETL/env/lib/python3.8/site-packages/airflow/example_dags/example_nested_branch_dag.py for tasks to queue
[2021-07-12 13:43:30,681] {logging_mixin.py:104} INFO - [2021-07-12 13:43:30,681] {dagbag.py:496} INFO - Filling up the DagBag from /Users/pierre-olivierboisvert/Desktop/GIT/Spotify-ETL/env/lib/python3.8/site-packages/airflow/example_dags/example_nested_branch_dag.py
[2021-07-12 13:43:30,690] {scheduler_job.py:643} INFO - DAG(s) dict_keys(['example_nested_branch_dag']) retrieved from /Users/pierre-olivierboisvert/Desktop/GIT/Spotify-ETL/env/lib/python3.8/site-packages/airflow/example_dags/example_nested_branch_dag.py
[2021-07-12 13:43:30,731] {logging_mixin.py:104} INFO - [2021-07-12 13:43:30,730] {dag.py:1833} INFO - Sync 1 DAGs
[2021-07-12 13:43:30,745] {logging_mixin.py:104} INFO - [2021-07-12 13:43:30,745] {dag.py:2306} INFO - Setting next_dagrun for example_nested_branch_dag to 2021-07-10 00:00:00+00:00
[2021-07-12 13:43:30,757] {scheduler_job.py:190} INFO - Processing /Users/pierre-olivierboisvert/Desktop/GIT/Spotify-ETL/env/lib/python3.8/site-packages/airflow/example_dags/example_nested_branch_dag.py took 0.078 seconds
[2021-07-12 13:44:40,809] {scheduler_job.py:182} INFO - Started process (PID=66115) to work on /Users/pierre-olivierboisvert/Desktop/GIT/Spotify-ETL/env/lib/python3.8/site-packages/airflow/example_dags/example_nested_branch_dag.py
[2021-07-12 13:44:40,809] {scheduler_job.py:633} INFO - Processing file /Users/pierre-olivierboisvert/Desktop/GIT/Spotify-ETL/env/lib/python3.8/site-packages/airflow/example_dags/example_nested_branch_dag.py for tasks to queue
[2021-07-12 13:44:40,810] {logging_mixin.py:104} INFO - [2021-07-12 13:44:40,810] {dagbag.py:496} INFO - Filling up the DagBag from /Users/pierre-olivierboisvert/Desktop/GIT/Spotify-ETL/env/lib/python3.8/site-packages/airflow/example_dags/example_nested_branch_dag.py
[2021-07-12 13:44:40,820] {scheduler_job.py:643} INFO - DAG(s) dict_keys(['example_nested_branch_dag']) retrieved from /Users/pierre-olivierboisvert/Desktop/GIT/Spotify-ETL/env/lib/python3.8/site-packages/airflow/example_dags/example_nested_branch_dag.py
[2021-07-12 13:44:40,860] {logging_mixin.py:104} INFO - [2021-07-12 13:44:40,860] {dag.py:1833} INFO - Sync 1 DAGs
[2021-07-12 13:44:40,871] {logging_mixin.py:104} INFO - [2021-07-12 13:44:40,871] {dag.py:2306} INFO - Setting next_dagrun for example_nested_branch_dag to 2021-07-10 00:00:00+00:00
[2021-07-12 13:44:40,884] {scheduler_job.py:190} INFO - Processing /Users/pierre-olivierboisvert/Desktop/GIT/Spotify-ETL/env/lib/python3.8/site-packages/airflow/example_dags/example_nested_branch_dag.py took 0.076 seconds
[2021-07-12 13:45:47,018] {scheduler_job.py:182} INFO - Started process (PID=66180) to work on /Users/pierre-olivierboisvert/Desktop/GIT/Spotify-ETL/env/lib/python3.8/site-packages/airflow/example_dags/example_nested_branch_dag.py
[2021-07-12 13:45:47,018] {scheduler_job.py:633} INFO - Processing file /Users/pierre-olivierboisvert/Desktop/GIT/Spotify-ETL/env/lib/python3.8/site-packages/airflow/example_dags/example_nested_branch_dag.py for tasks to queue
[2021-07-12 13:45:47,019] {logging_mixin.py:104} INFO - [2021-07-12 13:45:47,019] {dagbag.py:496} INFO - Filling up the DagBag from /Users/pierre-olivierboisvert/Desktop/GIT/Spotify-ETL/env/lib/python3.8/site-packages/airflow/example_dags/example_nested_branch_dag.py
[2021-07-12 13:45:47,031] {scheduler_job.py:643} INFO - DAG(s) dict_keys(['example_nested_branch_dag']) retrieved from /Users/pierre-olivierboisvert/Desktop/GIT/Spotify-ETL/env/lib/python3.8/site-packages/airflow/example_dags/example_nested_branch_dag.py
[2021-07-12 13:45:47,069] {logging_mixin.py:104} INFO - [2021-07-12 13:45:47,068] {dag.py:1833} INFO - Sync 1 DAGs
[2021-07-12 13:45:47,079] {logging_mixin.py:104} INFO - [2021-07-12 13:45:47,079] {dag.py:2306} INFO - Setting next_dagrun for example_nested_branch_dag to 2021-07-10 00:00:00+00:00
[2021-07-12 13:45:47,091] {scheduler_job.py:190} INFO - Processing /Users/pierre-olivierboisvert/Desktop/GIT/Spotify-ETL/env/lib/python3.8/site-packages/airflow/example_dags/example_nested_branch_dag.py took 0.074 seconds
[2021-07-12 13:46:57,571] {scheduler_job.py:182} INFO - Started process (PID=66249) to work on /Users/pierre-olivierboisvert/Desktop/GIT/Spotify-ETL/env/lib/python3.8/site-packages/airflow/example_dags/example_nested_branch_dag.py
[2021-07-12 13:46:57,571] {scheduler_job.py:633} INFO - Processing file /Users/pierre-olivierboisvert/Desktop/GIT/Spotify-ETL/env/lib/python3.8/site-packages/airflow/example_dags/example_nested_branch_dag.py for tasks to queue
[2021-07-12 13:46:57,572] {logging_mixin.py:104} INFO - [2021-07-12 13:46:57,572] {dagbag.py:496} INFO - Filling up the DagBag from /Users/pierre-olivierboisvert/Desktop/GIT/Spotify-ETL/env/lib/python3.8/site-packages/airflow/example_dags/example_nested_branch_dag.py
[2021-07-12 13:46:57,581] {scheduler_job.py:643} INFO - DAG(s) dict_keys(['example_nested_branch_dag']) retrieved from /Users/pierre-olivierboisvert/Desktop/GIT/Spotify-ETL/env/lib/python3.8/site-packages/airflow/example_dags/example_nested_branch_dag.py
[2021-07-12 13:46:57,617] {logging_mixin.py:104} INFO - [2021-07-12 13:46:57,617] {dag.py:1833} INFO - Sync 1 DAGs
[2021-07-12 13:46:57,628] {logging_mixin.py:104} INFO - [2021-07-12 13:46:57,628] {dag.py:2306} INFO - Setting next_dagrun for example_nested_branch_dag to 2021-07-10 00:00:00+00:00
[2021-07-12 13:46:57,639] {scheduler_job.py:190} INFO - Processing /Users/pierre-olivierboisvert/Desktop/GIT/Spotify-ETL/env/lib/python3.8/site-packages/airflow/example_dags/example_nested_branch_dag.py took 0.069 seconds
[2021-07-12 13:48:04,553] {scheduler_job.py:182} INFO - Started process (PID=66320) to work on /Users/pierre-olivierboisvert/Desktop/GIT/Spotify-ETL/env/lib/python3.8/site-packages/airflow/example_dags/example_nested_branch_dag.py
[2021-07-12 13:48:04,553] {scheduler_job.py:633} INFO - Processing file /Users/pierre-olivierboisvert/Desktop/GIT/Spotify-ETL/env/lib/python3.8/site-packages/airflow/example_dags/example_nested_branch_dag.py for tasks to queue
[2021-07-12 13:48:04,553] {logging_mixin.py:104} INFO - [2021-07-12 13:48:04,553] {dagbag.py:496} INFO - Filling up the DagBag from /Users/pierre-olivierboisvert/Desktop/GIT/Spotify-ETL/env/lib/python3.8/site-packages/airflow/example_dags/example_nested_branch_dag.py
[2021-07-12 13:48:04,563] {scheduler_job.py:643} INFO - DAG(s) dict_keys(['example_nested_branch_dag']) retrieved from /Users/pierre-olivierboisvert/Desktop/GIT/Spotify-ETL/env/lib/python3.8/site-packages/airflow/example_dags/example_nested_branch_dag.py
[2021-07-12 13:48:04,609] {logging_mixin.py:104} INFO - [2021-07-12 13:48:04,609] {dag.py:1833} INFO - Sync 1 DAGs
[2021-07-12 13:48:04,620] {logging_mixin.py:104} INFO - [2021-07-12 13:48:04,620] {dag.py:2306} INFO - Setting next_dagrun for example_nested_branch_dag to 2021-07-10 00:00:00+00:00
[2021-07-12 13:48:04,635] {scheduler_job.py:190} INFO - Processing /Users/pierre-olivierboisvert/Desktop/GIT/Spotify-ETL/env/lib/python3.8/site-packages/airflow/example_dags/example_nested_branch_dag.py took 0.083 seconds
[2021-07-12 13:49:21,336] {scheduler_job.py:182} INFO - Started process (PID=66408) to work on /Users/pierre-olivierboisvert/Desktop/GIT/Spotify-ETL/env/lib/python3.8/site-packages/airflow/example_dags/example_nested_branch_dag.py
[2021-07-12 13:49:21,337] {scheduler_job.py:633} INFO - Processing file /Users/pierre-olivierboisvert/Desktop/GIT/Spotify-ETL/env/lib/python3.8/site-packages/airflow/example_dags/example_nested_branch_dag.py for tasks to queue
[2021-07-12 13:49:21,337] {logging_mixin.py:104} INFO - [2021-07-12 13:49:21,337] {dagbag.py:496} INFO - Filling up the DagBag from /Users/pierre-olivierboisvert/Desktop/GIT/Spotify-ETL/env/lib/python3.8/site-packages/airflow/example_dags/example_nested_branch_dag.py
[2021-07-12 13:49:21,351] {scheduler_job.py:643} INFO - DAG(s) dict_keys(['example_nested_branch_dag']) retrieved from /Users/pierre-olivierboisvert/Desktop/GIT/Spotify-ETL/env/lib/python3.8/site-packages/airflow/example_dags/example_nested_branch_dag.py
[2021-07-12 13:49:21,403] {logging_mixin.py:104} INFO - [2021-07-12 13:49:21,402] {dag.py:1833} INFO - Sync 1 DAGs
[2021-07-12 13:49:21,417] {logging_mixin.py:104} INFO - [2021-07-12 13:49:21,417] {dag.py:2306} INFO - Setting next_dagrun for example_nested_branch_dag to 2021-07-10 00:00:00+00:00
[2021-07-12 13:49:21,428] {scheduler_job.py:190} INFO - Processing /Users/pierre-olivierboisvert/Desktop/GIT/Spotify-ETL/env/lib/python3.8/site-packages/airflow/example_dags/example_nested_branch_dag.py took 0.094 seconds
[2021-07-12 13:50:51,993] {scheduler_job.py:182} INFO - Started process (PID=66494) to work on /Users/pierre-olivierboisvert/Desktop/GIT/Spotify-ETL/env/lib/python3.8/site-packages/airflow/example_dags/example_nested_branch_dag.py
[2021-07-12 13:50:51,997] {scheduler_job.py:633} INFO - Processing file /Users/pierre-olivierboisvert/Desktop/GIT/Spotify-ETL/env/lib/python3.8/site-packages/airflow/example_dags/example_nested_branch_dag.py for tasks to queue
[2021-07-12 13:50:51,998] {logging_mixin.py:104} INFO - [2021-07-12 13:50:51,998] {dagbag.py:496} INFO - Filling up the DagBag from /Users/pierre-olivierboisvert/Desktop/GIT/Spotify-ETL/env/lib/python3.8/site-packages/airflow/example_dags/example_nested_branch_dag.py
[2021-07-12 13:50:52,011] {scheduler_job.py:643} INFO - DAG(s) dict_keys(['example_nested_branch_dag']) retrieved from /Users/pierre-olivierboisvert/Desktop/GIT/Spotify-ETL/env/lib/python3.8/site-packages/airflow/example_dags/example_nested_branch_dag.py
[2021-07-12 13:50:52,050] {logging_mixin.py:104} INFO - [2021-07-12 13:50:52,050] {dag.py:1833} INFO - Sync 1 DAGs
[2021-07-12 13:50:52,065] {logging_mixin.py:104} INFO - [2021-07-12 13:50:52,065] {dag.py:2306} INFO - Setting next_dagrun for example_nested_branch_dag to 2021-07-10 00:00:00+00:00
[2021-07-12 13:50:52,075] {scheduler_job.py:190} INFO - Processing /Users/pierre-olivierboisvert/Desktop/GIT/Spotify-ETL/env/lib/python3.8/site-packages/airflow/example_dags/example_nested_branch_dag.py took 0.083 seconds
[2021-07-12 13:52:07,997] {scheduler_job.py:182} INFO - Started process (PID=66574) to work on /Users/pierre-olivierboisvert/Desktop/GIT/Spotify-ETL/env/lib/python3.8/site-packages/airflow/example_dags/example_nested_branch_dag.py
[2021-07-12 13:52:07,998] {scheduler_job.py:633} INFO - Processing file /Users/pierre-olivierboisvert/Desktop/GIT/Spotify-ETL/env/lib/python3.8/site-packages/airflow/example_dags/example_nested_branch_dag.py for tasks to queue
[2021-07-12 13:52:07,998] {logging_mixin.py:104} INFO - [2021-07-12 13:52:07,998] {dagbag.py:496} INFO - Filling up the DagBag from /Users/pierre-olivierboisvert/Desktop/GIT/Spotify-ETL/env/lib/python3.8/site-packages/airflow/example_dags/example_nested_branch_dag.py
[2021-07-12 13:52:08,011] {scheduler_job.py:643} INFO - DAG(s) dict_keys(['example_nested_branch_dag']) retrieved from /Users/pierre-olivierboisvert/Desktop/GIT/Spotify-ETL/env/lib/python3.8/site-packages/airflow/example_dags/example_nested_branch_dag.py
[2021-07-12 13:52:08,052] {logging_mixin.py:104} INFO - [2021-07-12 13:52:08,052] {dag.py:1833} INFO - Sync 1 DAGs
[2021-07-12 13:52:08,063] {logging_mixin.py:104} INFO - [2021-07-12 13:52:08,063] {dag.py:2306} INFO - Setting next_dagrun for example_nested_branch_dag to 2021-07-10 00:00:00+00:00
[2021-07-12 13:52:08,075] {scheduler_job.py:190} INFO - Processing /Users/pierre-olivierboisvert/Desktop/GIT/Spotify-ETL/env/lib/python3.8/site-packages/airflow/example_dags/example_nested_branch_dag.py took 0.079 seconds
[2021-07-12 13:53:40,113] {scheduler_job.py:182} INFO - Started process (PID=66723) to work on /Users/pierre-olivierboisvert/Desktop/GIT/Spotify-ETL/env/lib/python3.8/site-packages/airflow/example_dags/example_nested_branch_dag.py
[2021-07-12 13:53:40,113] {scheduler_job.py:633} INFO - Processing file /Users/pierre-olivierboisvert/Desktop/GIT/Spotify-ETL/env/lib/python3.8/site-packages/airflow/example_dags/example_nested_branch_dag.py for tasks to queue
[2021-07-12 13:53:40,114] {logging_mixin.py:104} INFO - [2021-07-12 13:53:40,113] {dagbag.py:496} INFO - Filling up the DagBag from /Users/pierre-olivierboisvert/Desktop/GIT/Spotify-ETL/env/lib/python3.8/site-packages/airflow/example_dags/example_nested_branch_dag.py
[2021-07-12 13:53:40,125] {scheduler_job.py:643} INFO - DAG(s) dict_keys(['example_nested_branch_dag']) retrieved from /Users/pierre-olivierboisvert/Desktop/GIT/Spotify-ETL/env/lib/python3.8/site-packages/airflow/example_dags/example_nested_branch_dag.py
[2021-07-12 13:53:40,163] {logging_mixin.py:104} INFO - [2021-07-12 13:53:40,163] {dag.py:1833} INFO - Sync 1 DAGs
[2021-07-12 13:53:40,179] {logging_mixin.py:104} INFO - [2021-07-12 13:53:40,179] {dag.py:2306} INFO - Setting next_dagrun for example_nested_branch_dag to 2021-07-10 00:00:00+00:00
[2021-07-12 13:53:40,189] {scheduler_job.py:190} INFO - Processing /Users/pierre-olivierboisvert/Desktop/GIT/Spotify-ETL/env/lib/python3.8/site-packages/airflow/example_dags/example_nested_branch_dag.py took 0.077 seconds
