[2021-07-12 13:39:46,764] {scheduler_job.py:182} INFO - Started process (PID=65724) to work on /Users/pierre-olivierboisvert/Desktop/GIT/Spotify-ETL/env/lib/python3.8/site-packages/airflow/example_dags/example_kubernetes_executor_config.py
[2021-07-12 13:39:46,765] {scheduler_job.py:633} INFO - Processing file /Users/pierre-olivierboisvert/Desktop/GIT/Spotify-ETL/env/lib/python3.8/site-packages/airflow/example_dags/example_kubernetes_executor_config.py for tasks to queue
[2021-07-12 13:39:46,765] {logging_mixin.py:104} INFO - [2021-07-12 13:39:46,765] {dagbag.py:496} INFO - Filling up the DagBag from /Users/pierre-olivierboisvert/Desktop/GIT/Spotify-ETL/env/lib/python3.8/site-packages/airflow/example_dags/example_kubernetes_executor_config.py
[2021-07-12 13:39:46,769] {logging_mixin.py:104} INFO - [2021-07-12 13:39:46,769] {example_kubernetes_executor_config.py:175} WARNING - Could not import DAGs in example_kubernetes_executor_config.py: No module named 'kubernetes'
[2021-07-12 13:39:46,770] {logging_mixin.py:104} INFO - [2021-07-12 13:39:46,770] {example_kubernetes_executor_config.py:176} WARNING - Install kubernetes dependencies with: pip install apache-airflow['cncf.kubernetes']
[2021-07-12 13:39:46,770] {scheduler_job.py:645} WARNING - No viable dags retrieved from /Users/pierre-olivierboisvert/Desktop/GIT/Spotify-ETL/env/lib/python3.8/site-packages/airflow/example_dags/example_kubernetes_executor_config.py
[2021-07-12 13:39:46,809] {scheduler_job.py:190} INFO - Processing /Users/pierre-olivierboisvert/Desktop/GIT/Spotify-ETL/env/lib/python3.8/site-packages/airflow/example_dags/example_kubernetes_executor_config.py took 0.046 seconds
[2021-07-12 13:41:31,114] {scheduler_job.py:182} INFO - Started process (PID=65931) to work on /Users/pierre-olivierboisvert/Desktop/GIT/Spotify-ETL/env/lib/python3.8/site-packages/airflow/example_dags/example_kubernetes_executor_config.py
[2021-07-12 13:41:31,115] {scheduler_job.py:633} INFO - Processing file /Users/pierre-olivierboisvert/Desktop/GIT/Spotify-ETL/env/lib/python3.8/site-packages/airflow/example_dags/example_kubernetes_executor_config.py for tasks to queue
[2021-07-12 13:41:31,115] {logging_mixin.py:104} INFO - [2021-07-12 13:41:31,115] {dagbag.py:496} INFO - Filling up the DagBag from /Users/pierre-olivierboisvert/Desktop/GIT/Spotify-ETL/env/lib/python3.8/site-packages/airflow/example_dags/example_kubernetes_executor_config.py
[2021-07-12 13:41:31,119] {logging_mixin.py:104} INFO - [2021-07-12 13:41:31,119] {example_kubernetes_executor_config.py:175} WARNING - Could not import DAGs in example_kubernetes_executor_config.py: No module named 'kubernetes'
[2021-07-12 13:41:31,119] {logging_mixin.py:104} INFO - [2021-07-12 13:41:31,119] {example_kubernetes_executor_config.py:176} WARNING - Install kubernetes dependencies with: pip install apache-airflow['cncf.kubernetes']
[2021-07-12 13:41:31,120] {scheduler_job.py:645} WARNING - No viable dags retrieved from /Users/pierre-olivierboisvert/Desktop/GIT/Spotify-ETL/env/lib/python3.8/site-packages/airflow/example_dags/example_kubernetes_executor_config.py
[2021-07-12 13:41:31,150] {scheduler_job.py:190} INFO - Processing /Users/pierre-olivierboisvert/Desktop/GIT/Spotify-ETL/env/lib/python3.8/site-packages/airflow/example_dags/example_kubernetes_executor_config.py took 0.037 seconds
[2021-07-12 13:42:40,598] {scheduler_job.py:182} INFO - Started process (PID=65997) to work on /Users/pierre-olivierboisvert/Desktop/GIT/Spotify-ETL/env/lib/python3.8/site-packages/airflow/example_dags/example_kubernetes_executor_config.py
[2021-07-12 13:42:40,599] {scheduler_job.py:633} INFO - Processing file /Users/pierre-olivierboisvert/Desktop/GIT/Spotify-ETL/env/lib/python3.8/site-packages/airflow/example_dags/example_kubernetes_executor_config.py for tasks to queue
[2021-07-12 13:42:40,600] {logging_mixin.py:104} INFO - [2021-07-12 13:42:40,600] {dagbag.py:496} INFO - Filling up the DagBag from /Users/pierre-olivierboisvert/Desktop/GIT/Spotify-ETL/env/lib/python3.8/site-packages/airflow/example_dags/example_kubernetes_executor_config.py
[2021-07-12 13:42:40,605] {logging_mixin.py:104} INFO - [2021-07-12 13:42:40,604] {example_kubernetes_executor_config.py:175} WARNING - Could not import DAGs in example_kubernetes_executor_config.py: No module named 'kubernetes'
[2021-07-12 13:42:40,605] {logging_mixin.py:104} INFO - [2021-07-12 13:42:40,605] {example_kubernetes_executor_config.py:176} WARNING - Install kubernetes dependencies with: pip install apache-airflow['cncf.kubernetes']
[2021-07-12 13:42:40,605] {scheduler_job.py:645} WARNING - No viable dags retrieved from /Users/pierre-olivierboisvert/Desktop/GIT/Spotify-ETL/env/lib/python3.8/site-packages/airflow/example_dags/example_kubernetes_executor_config.py
[2021-07-12 13:42:40,639] {scheduler_job.py:190} INFO - Processing /Users/pierre-olivierboisvert/Desktop/GIT/Spotify-ETL/env/lib/python3.8/site-packages/airflow/example_dags/example_kubernetes_executor_config.py took 0.042 seconds
[2021-07-12 13:43:47,695] {scheduler_job.py:182} INFO - Started process (PID=66061) to work on /Users/pierre-olivierboisvert/Desktop/GIT/Spotify-ETL/env/lib/python3.8/site-packages/airflow/example_dags/example_kubernetes_executor_config.py
[2021-07-12 13:43:47,696] {scheduler_job.py:633} INFO - Processing file /Users/pierre-olivierboisvert/Desktop/GIT/Spotify-ETL/env/lib/python3.8/site-packages/airflow/example_dags/example_kubernetes_executor_config.py for tasks to queue
[2021-07-12 13:43:47,696] {logging_mixin.py:104} INFO - [2021-07-12 13:43:47,696] {dagbag.py:496} INFO - Filling up the DagBag from /Users/pierre-olivierboisvert/Desktop/GIT/Spotify-ETL/env/lib/python3.8/site-packages/airflow/example_dags/example_kubernetes_executor_config.py
[2021-07-12 13:43:47,700] {logging_mixin.py:104} INFO - [2021-07-12 13:43:47,700] {example_kubernetes_executor_config.py:175} WARNING - Could not import DAGs in example_kubernetes_executor_config.py: No module named 'kubernetes'
[2021-07-12 13:43:47,701] {logging_mixin.py:104} INFO - [2021-07-12 13:43:47,700] {example_kubernetes_executor_config.py:176} WARNING - Install kubernetes dependencies with: pip install apache-airflow['cncf.kubernetes']
[2021-07-12 13:43:47,701] {scheduler_job.py:645} WARNING - No viable dags retrieved from /Users/pierre-olivierboisvert/Desktop/GIT/Spotify-ETL/env/lib/python3.8/site-packages/airflow/example_dags/example_kubernetes_executor_config.py
[2021-07-12 13:43:47,733] {scheduler_job.py:190} INFO - Processing /Users/pierre-olivierboisvert/Desktop/GIT/Spotify-ETL/env/lib/python3.8/site-packages/airflow/example_dags/example_kubernetes_executor_config.py took 0.038 seconds
[2021-07-12 13:44:57,052] {scheduler_job.py:182} INFO - Started process (PID=66131) to work on /Users/pierre-olivierboisvert/Desktop/GIT/Spotify-ETL/env/lib/python3.8/site-packages/airflow/example_dags/example_kubernetes_executor_config.py
[2021-07-12 13:44:57,053] {scheduler_job.py:633} INFO - Processing file /Users/pierre-olivierboisvert/Desktop/GIT/Spotify-ETL/env/lib/python3.8/site-packages/airflow/example_dags/example_kubernetes_executor_config.py for tasks to queue
[2021-07-12 13:44:57,054] {logging_mixin.py:104} INFO - [2021-07-12 13:44:57,054] {dagbag.py:496} INFO - Filling up the DagBag from /Users/pierre-olivierboisvert/Desktop/GIT/Spotify-ETL/env/lib/python3.8/site-packages/airflow/example_dags/example_kubernetes_executor_config.py
[2021-07-12 13:44:57,059] {logging_mixin.py:104} INFO - [2021-07-12 13:44:57,059] {example_kubernetes_executor_config.py:175} WARNING - Could not import DAGs in example_kubernetes_executor_config.py: No module named 'kubernetes'
[2021-07-12 13:44:57,059] {logging_mixin.py:104} INFO - [2021-07-12 13:44:57,059] {example_kubernetes_executor_config.py:176} WARNING - Install kubernetes dependencies with: pip install apache-airflow['cncf.kubernetes']
[2021-07-12 13:44:57,060] {scheduler_job.py:645} WARNING - No viable dags retrieved from /Users/pierre-olivierboisvert/Desktop/GIT/Spotify-ETL/env/lib/python3.8/site-packages/airflow/example_dags/example_kubernetes_executor_config.py
[2021-07-12 13:44:57,091] {scheduler_job.py:190} INFO - Processing /Users/pierre-olivierboisvert/Desktop/GIT/Spotify-ETL/env/lib/python3.8/site-packages/airflow/example_dags/example_kubernetes_executor_config.py took 0.040 seconds
[2021-07-12 13:46:04,241] {scheduler_job.py:182} INFO - Started process (PID=66196) to work on /Users/pierre-olivierboisvert/Desktop/GIT/Spotify-ETL/env/lib/python3.8/site-packages/airflow/example_dags/example_kubernetes_executor_config.py
[2021-07-12 13:46:04,241] {scheduler_job.py:633} INFO - Processing file /Users/pierre-olivierboisvert/Desktop/GIT/Spotify-ETL/env/lib/python3.8/site-packages/airflow/example_dags/example_kubernetes_executor_config.py for tasks to queue
[2021-07-12 13:46:04,241] {logging_mixin.py:104} INFO - [2021-07-12 13:46:04,241] {dagbag.py:496} INFO - Filling up the DagBag from /Users/pierre-olivierboisvert/Desktop/GIT/Spotify-ETL/env/lib/python3.8/site-packages/airflow/example_dags/example_kubernetes_executor_config.py
[2021-07-12 13:46:04,246] {logging_mixin.py:104} INFO - [2021-07-12 13:46:04,245] {example_kubernetes_executor_config.py:175} WARNING - Could not import DAGs in example_kubernetes_executor_config.py: No module named 'kubernetes'
[2021-07-12 13:46:04,246] {logging_mixin.py:104} INFO - [2021-07-12 13:46:04,246] {example_kubernetes_executor_config.py:176} WARNING - Install kubernetes dependencies with: pip install apache-airflow['cncf.kubernetes']
[2021-07-12 13:46:04,246] {scheduler_job.py:645} WARNING - No viable dags retrieved from /Users/pierre-olivierboisvert/Desktop/GIT/Spotify-ETL/env/lib/python3.8/site-packages/airflow/example_dags/example_kubernetes_executor_config.py
[2021-07-12 13:46:04,278] {scheduler_job.py:190} INFO - Processing /Users/pierre-olivierboisvert/Desktop/GIT/Spotify-ETL/env/lib/python3.8/site-packages/airflow/example_dags/example_kubernetes_executor_config.py took 0.038 seconds
[2021-07-12 13:47:13,751] {scheduler_job.py:182} INFO - Started process (PID=66266) to work on /Users/pierre-olivierboisvert/Desktop/GIT/Spotify-ETL/env/lib/python3.8/site-packages/airflow/example_dags/example_kubernetes_executor_config.py
[2021-07-12 13:47:13,751] {scheduler_job.py:633} INFO - Processing file /Users/pierre-olivierboisvert/Desktop/GIT/Spotify-ETL/env/lib/python3.8/site-packages/airflow/example_dags/example_kubernetes_executor_config.py for tasks to queue
[2021-07-12 13:47:13,751] {logging_mixin.py:104} INFO - [2021-07-12 13:47:13,751] {dagbag.py:496} INFO - Filling up the DagBag from /Users/pierre-olivierboisvert/Desktop/GIT/Spotify-ETL/env/lib/python3.8/site-packages/airflow/example_dags/example_kubernetes_executor_config.py
[2021-07-12 13:47:13,760] {logging_mixin.py:104} INFO - [2021-07-12 13:47:13,759] {example_kubernetes_executor_config.py:175} WARNING - Could not import DAGs in example_kubernetes_executor_config.py: No module named 'kubernetes'
[2021-07-12 13:47:13,760] {logging_mixin.py:104} INFO - [2021-07-12 13:47:13,760] {example_kubernetes_executor_config.py:176} WARNING - Install kubernetes dependencies with: pip install apache-airflow['cncf.kubernetes']
[2021-07-12 13:47:13,760] {scheduler_job.py:645} WARNING - No viable dags retrieved from /Users/pierre-olivierboisvert/Desktop/GIT/Spotify-ETL/env/lib/python3.8/site-packages/airflow/example_dags/example_kubernetes_executor_config.py
[2021-07-12 13:47:13,791] {scheduler_job.py:190} INFO - Processing /Users/pierre-olivierboisvert/Desktop/GIT/Spotify-ETL/env/lib/python3.8/site-packages/airflow/example_dags/example_kubernetes_executor_config.py took 0.041 seconds
[2021-07-12 13:48:25,473] {scheduler_job.py:182} INFO - Started process (PID=66341) to work on /Users/pierre-olivierboisvert/Desktop/GIT/Spotify-ETL/env/lib/python3.8/site-packages/airflow/example_dags/example_kubernetes_executor_config.py
[2021-07-12 13:48:25,474] {scheduler_job.py:633} INFO - Processing file /Users/pierre-olivierboisvert/Desktop/GIT/Spotify-ETL/env/lib/python3.8/site-packages/airflow/example_dags/example_kubernetes_executor_config.py for tasks to queue
[2021-07-12 13:48:25,474] {logging_mixin.py:104} INFO - [2021-07-12 13:48:25,474] {dagbag.py:496} INFO - Filling up the DagBag from /Users/pierre-olivierboisvert/Desktop/GIT/Spotify-ETL/env/lib/python3.8/site-packages/airflow/example_dags/example_kubernetes_executor_config.py
[2021-07-12 13:48:25,480] {logging_mixin.py:104} INFO - [2021-07-12 13:48:25,480] {example_kubernetes_executor_config.py:175} WARNING - Could not import DAGs in example_kubernetes_executor_config.py: No module named 'kubernetes'
[2021-07-12 13:48:25,481] {logging_mixin.py:104} INFO - [2021-07-12 13:48:25,480] {example_kubernetes_executor_config.py:176} WARNING - Install kubernetes dependencies with: pip install apache-airflow['cncf.kubernetes']
[2021-07-12 13:48:25,481] {scheduler_job.py:645} WARNING - No viable dags retrieved from /Users/pierre-olivierboisvert/Desktop/GIT/Spotify-ETL/env/lib/python3.8/site-packages/airflow/example_dags/example_kubernetes_executor_config.py
[2021-07-12 13:48:25,517] {scheduler_job.py:190} INFO - Processing /Users/pierre-olivierboisvert/Desktop/GIT/Spotify-ETL/env/lib/python3.8/site-packages/airflow/example_dags/example_kubernetes_executor_config.py took 0.044 seconds
[2021-07-12 13:49:58,745] {scheduler_job.py:182} INFO - Started process (PID=66443) to work on /Users/pierre-olivierboisvert/Desktop/GIT/Spotify-ETL/env/lib/python3.8/site-packages/airflow/example_dags/example_kubernetes_executor_config.py
[2021-07-12 13:49:58,747] {scheduler_job.py:633} INFO - Processing file /Users/pierre-olivierboisvert/Desktop/GIT/Spotify-ETL/env/lib/python3.8/site-packages/airflow/example_dags/example_kubernetes_executor_config.py for tasks to queue
[2021-07-12 13:49:58,747] {logging_mixin.py:104} INFO - [2021-07-12 13:49:58,747] {dagbag.py:496} INFO - Filling up the DagBag from /Users/pierre-olivierboisvert/Desktop/GIT/Spotify-ETL/env/lib/python3.8/site-packages/airflow/example_dags/example_kubernetes_executor_config.py
[2021-07-12 13:49:58,753] {logging_mixin.py:104} INFO - [2021-07-12 13:49:58,753] {example_kubernetes_executor_config.py:175} WARNING - Could not import DAGs in example_kubernetes_executor_config.py: No module named 'kubernetes'
[2021-07-12 13:49:58,753] {logging_mixin.py:104} INFO - [2021-07-12 13:49:58,753] {example_kubernetes_executor_config.py:176} WARNING - Install kubernetes dependencies with: pip install apache-airflow['cncf.kubernetes']
[2021-07-12 13:49:58,754] {scheduler_job.py:645} WARNING - No viable dags retrieved from /Users/pierre-olivierboisvert/Desktop/GIT/Spotify-ETL/env/lib/python3.8/site-packages/airflow/example_dags/example_kubernetes_executor_config.py
[2021-07-12 13:49:58,790] {scheduler_job.py:190} INFO - Processing /Users/pierre-olivierboisvert/Desktop/GIT/Spotify-ETL/env/lib/python3.8/site-packages/airflow/example_dags/example_kubernetes_executor_config.py took 0.046 seconds
[2021-07-12 13:51:11,086] {scheduler_job.py:182} INFO - Started process (PID=66513) to work on /Users/pierre-olivierboisvert/Desktop/GIT/Spotify-ETL/env/lib/python3.8/site-packages/airflow/example_dags/example_kubernetes_executor_config.py
[2021-07-12 13:51:11,087] {scheduler_job.py:633} INFO - Processing file /Users/pierre-olivierboisvert/Desktop/GIT/Spotify-ETL/env/lib/python3.8/site-packages/airflow/example_dags/example_kubernetes_executor_config.py for tasks to queue
[2021-07-12 13:51:11,087] {logging_mixin.py:104} INFO - [2021-07-12 13:51:11,087] {dagbag.py:496} INFO - Filling up the DagBag from /Users/pierre-olivierboisvert/Desktop/GIT/Spotify-ETL/env/lib/python3.8/site-packages/airflow/example_dags/example_kubernetes_executor_config.py
[2021-07-12 13:51:11,092] {logging_mixin.py:104} INFO - [2021-07-12 13:51:11,092] {example_kubernetes_executor_config.py:175} WARNING - Could not import DAGs in example_kubernetes_executor_config.py: No module named 'kubernetes'
[2021-07-12 13:51:11,092] {logging_mixin.py:104} INFO - [2021-07-12 13:51:11,092] {example_kubernetes_executor_config.py:176} WARNING - Install kubernetes dependencies with: pip install apache-airflow['cncf.kubernetes']
[2021-07-12 13:51:11,092] {scheduler_job.py:645} WARNING - No viable dags retrieved from /Users/pierre-olivierboisvert/Desktop/GIT/Spotify-ETL/env/lib/python3.8/site-packages/airflow/example_dags/example_kubernetes_executor_config.py
[2021-07-12 13:51:11,129] {scheduler_job.py:190} INFO - Processing /Users/pierre-olivierboisvert/Desktop/GIT/Spotify-ETL/env/lib/python3.8/site-packages/airflow/example_dags/example_kubernetes_executor_config.py took 0.044 seconds
[2021-07-12 13:52:33,991] {scheduler_job.py:182} INFO - Started process (PID=66625) to work on /Users/pierre-olivierboisvert/Desktop/GIT/Spotify-ETL/env/lib/python3.8/site-packages/airflow/example_dags/example_kubernetes_executor_config.py
[2021-07-12 13:52:33,993] {scheduler_job.py:633} INFO - Processing file /Users/pierre-olivierboisvert/Desktop/GIT/Spotify-ETL/env/lib/python3.8/site-packages/airflow/example_dags/example_kubernetes_executor_config.py for tasks to queue
[2021-07-12 13:52:33,994] {logging_mixin.py:104} INFO - [2021-07-12 13:52:33,994] {dagbag.py:496} INFO - Filling up the DagBag from /Users/pierre-olivierboisvert/Desktop/GIT/Spotify-ETL/env/lib/python3.8/site-packages/airflow/example_dags/example_kubernetes_executor_config.py
[2021-07-12 13:52:34,004] {logging_mixin.py:104} INFO - [2021-07-12 13:52:34,004] {example_kubernetes_executor_config.py:175} WARNING - Could not import DAGs in example_kubernetes_executor_config.py: No module named 'kubernetes'
[2021-07-12 13:52:34,004] {logging_mixin.py:104} INFO - [2021-07-12 13:52:34,004] {example_kubernetes_executor_config.py:176} WARNING - Install kubernetes dependencies with: pip install apache-airflow['cncf.kubernetes']
[2021-07-12 13:52:34,004] {scheduler_job.py:645} WARNING - No viable dags retrieved from /Users/pierre-olivierboisvert/Desktop/GIT/Spotify-ETL/env/lib/python3.8/site-packages/airflow/example_dags/example_kubernetes_executor_config.py
[2021-07-12 13:52:34,070] {scheduler_job.py:190} INFO - Processing /Users/pierre-olivierboisvert/Desktop/GIT/Spotify-ETL/env/lib/python3.8/site-packages/airflow/example_dags/example_kubernetes_executor_config.py took 0.079 seconds
