[2021-07-12 13:39:52,183] {scheduler_job.py:182} INFO - Started process (PID=65730) to work on /Users/pierre-olivierboisvert/Desktop/GIT/Spotify-ETL/env/lib/python3.8/site-packages/airflow/example_dags/example_external_task_marker_dag.py
[2021-07-12 13:39:52,184] {scheduler_job.py:633} INFO - Processing file /Users/pierre-olivierboisvert/Desktop/GIT/Spotify-ETL/env/lib/python3.8/site-packages/airflow/example_dags/example_external_task_marker_dag.py for tasks to queue
[2021-07-12 13:39:52,185] {logging_mixin.py:104} INFO - [2021-07-12 13:39:52,185] {dagbag.py:496} INFO - Filling up the DagBag from /Users/pierre-olivierboisvert/Desktop/GIT/Spotify-ETL/env/lib/python3.8/site-packages/airflow/example_dags/example_external_task_marker_dag.py
[2021-07-12 13:39:52,199] {scheduler_job.py:643} INFO - DAG(s) dict_keys(['example_external_task_marker_parent', 'example_external_task_marker_child']) retrieved from /Users/pierre-olivierboisvert/Desktop/GIT/Spotify-ETL/env/lib/python3.8/site-packages/airflow/example_dags/example_external_task_marker_dag.py
[2021-07-12 13:39:52,976] {logging_mixin.py:104} INFO - [2021-07-12 13:39:52,976] {dag.py:1833} INFO - Sync 2 DAGs
[2021-07-12 13:39:52,998] {logging_mixin.py:104} INFO - [2021-07-12 13:39:52,998] {dag.py:2306} INFO - Setting next_dagrun for example_external_task_marker_child to None
[2021-07-12 13:39:52,999] {logging_mixin.py:104} INFO - [2021-07-12 13:39:52,999] {dag.py:2306} INFO - Setting next_dagrun for example_external_task_marker_parent to None
[2021-07-12 13:39:53,028] {scheduler_job.py:190} INFO - Processing /Users/pierre-olivierboisvert/Desktop/GIT/Spotify-ETL/env/lib/python3.8/site-packages/airflow/example_dags/example_external_task_marker_dag.py took 0.846 seconds
[2021-07-12 13:41:35,057] {scheduler_job.py:182} INFO - Started process (PID=65935) to work on /Users/pierre-olivierboisvert/Desktop/GIT/Spotify-ETL/env/lib/python3.8/site-packages/airflow/example_dags/example_external_task_marker_dag.py
[2021-07-12 13:41:35,058] {scheduler_job.py:633} INFO - Processing file /Users/pierre-olivierboisvert/Desktop/GIT/Spotify-ETL/env/lib/python3.8/site-packages/airflow/example_dags/example_external_task_marker_dag.py for tasks to queue
[2021-07-12 13:41:35,058] {logging_mixin.py:104} INFO - [2021-07-12 13:41:35,058] {dagbag.py:496} INFO - Filling up the DagBag from /Users/pierre-olivierboisvert/Desktop/GIT/Spotify-ETL/env/lib/python3.8/site-packages/airflow/example_dags/example_external_task_marker_dag.py
[2021-07-12 13:41:35,067] {scheduler_job.py:643} INFO - DAG(s) dict_keys(['example_external_task_marker_parent', 'example_external_task_marker_child']) retrieved from /Users/pierre-olivierboisvert/Desktop/GIT/Spotify-ETL/env/lib/python3.8/site-packages/airflow/example_dags/example_external_task_marker_dag.py
[2021-07-12 13:41:35,432] {logging_mixin.py:104} INFO - [2021-07-12 13:41:35,431] {dag.py:1833} INFO - Sync 2 DAGs
[2021-07-12 13:41:35,440] {logging_mixin.py:104} INFO - [2021-07-12 13:41:35,440] {dag.py:2306} INFO - Setting next_dagrun for example_external_task_marker_child to None
[2021-07-12 13:41:35,441] {logging_mixin.py:104} INFO - [2021-07-12 13:41:35,441] {dag.py:2306} INFO - Setting next_dagrun for example_external_task_marker_parent to None
[2021-07-12 13:41:35,454] {scheduler_job.py:190} INFO - Processing /Users/pierre-olivierboisvert/Desktop/GIT/Spotify-ETL/env/lib/python3.8/site-packages/airflow/example_dags/example_external_task_marker_dag.py took 0.397 seconds
[2021-07-12 13:42:45,038] {scheduler_job.py:182} INFO - Started process (PID=66001) to work on /Users/pierre-olivierboisvert/Desktop/GIT/Spotify-ETL/env/lib/python3.8/site-packages/airflow/example_dags/example_external_task_marker_dag.py
[2021-07-12 13:42:45,039] {scheduler_job.py:633} INFO - Processing file /Users/pierre-olivierboisvert/Desktop/GIT/Spotify-ETL/env/lib/python3.8/site-packages/airflow/example_dags/example_external_task_marker_dag.py for tasks to queue
[2021-07-12 13:42:45,039] {logging_mixin.py:104} INFO - [2021-07-12 13:42:45,039] {dagbag.py:496} INFO - Filling up the DagBag from /Users/pierre-olivierboisvert/Desktop/GIT/Spotify-ETL/env/lib/python3.8/site-packages/airflow/example_dags/example_external_task_marker_dag.py
[2021-07-12 13:42:45,048] {scheduler_job.py:643} INFO - DAG(s) dict_keys(['example_external_task_marker_parent', 'example_external_task_marker_child']) retrieved from /Users/pierre-olivierboisvert/Desktop/GIT/Spotify-ETL/env/lib/python3.8/site-packages/airflow/example_dags/example_external_task_marker_dag.py
[2021-07-12 13:42:45,406] {logging_mixin.py:104} INFO - [2021-07-12 13:42:45,405] {dag.py:1833} INFO - Sync 2 DAGs
[2021-07-12 13:42:45,416] {logging_mixin.py:104} INFO - [2021-07-12 13:42:45,416] {dag.py:2306} INFO - Setting next_dagrun for example_external_task_marker_child to None
[2021-07-12 13:42:45,417] {logging_mixin.py:104} INFO - [2021-07-12 13:42:45,417] {dag.py:2306} INFO - Setting next_dagrun for example_external_task_marker_parent to None
[2021-07-12 13:42:45,432] {scheduler_job.py:190} INFO - Processing /Users/pierre-olivierboisvert/Desktop/GIT/Spotify-ETL/env/lib/python3.8/site-packages/airflow/example_dags/example_external_task_marker_dag.py took 0.395 seconds
[2021-07-12 13:43:51,742] {scheduler_job.py:182} INFO - Started process (PID=66065) to work on /Users/pierre-olivierboisvert/Desktop/GIT/Spotify-ETL/env/lib/python3.8/site-packages/airflow/example_dags/example_external_task_marker_dag.py
[2021-07-12 13:43:51,742] {scheduler_job.py:633} INFO - Processing file /Users/pierre-olivierboisvert/Desktop/GIT/Spotify-ETL/env/lib/python3.8/site-packages/airflow/example_dags/example_external_task_marker_dag.py for tasks to queue
[2021-07-12 13:43:51,742] {logging_mixin.py:104} INFO - [2021-07-12 13:43:51,742] {dagbag.py:496} INFO - Filling up the DagBag from /Users/pierre-olivierboisvert/Desktop/GIT/Spotify-ETL/env/lib/python3.8/site-packages/airflow/example_dags/example_external_task_marker_dag.py
[2021-07-12 13:43:51,750] {scheduler_job.py:643} INFO - DAG(s) dict_keys(['example_external_task_marker_parent', 'example_external_task_marker_child']) retrieved from /Users/pierre-olivierboisvert/Desktop/GIT/Spotify-ETL/env/lib/python3.8/site-packages/airflow/example_dags/example_external_task_marker_dag.py
[2021-07-12 13:43:52,110] {logging_mixin.py:104} INFO - [2021-07-12 13:43:52,110] {dag.py:1833} INFO - Sync 2 DAGs
[2021-07-12 13:43:52,119] {logging_mixin.py:104} INFO - [2021-07-12 13:43:52,119] {dag.py:2306} INFO - Setting next_dagrun for example_external_task_marker_child to None
[2021-07-12 13:43:52,119] {logging_mixin.py:104} INFO - [2021-07-12 13:43:52,119] {dag.py:2306} INFO - Setting next_dagrun for example_external_task_marker_parent to None
[2021-07-12 13:43:52,134] {scheduler_job.py:190} INFO - Processing /Users/pierre-olivierboisvert/Desktop/GIT/Spotify-ETL/env/lib/python3.8/site-packages/airflow/example_dags/example_external_task_marker_dag.py took 0.394 seconds
[2021-07-12 13:45:00,770] {scheduler_job.py:182} INFO - Started process (PID=66135) to work on /Users/pierre-olivierboisvert/Desktop/GIT/Spotify-ETL/env/lib/python3.8/site-packages/airflow/example_dags/example_external_task_marker_dag.py
[2021-07-12 13:45:00,771] {scheduler_job.py:633} INFO - Processing file /Users/pierre-olivierboisvert/Desktop/GIT/Spotify-ETL/env/lib/python3.8/site-packages/airflow/example_dags/example_external_task_marker_dag.py for tasks to queue
[2021-07-12 13:45:00,771] {logging_mixin.py:104} INFO - [2021-07-12 13:45:00,771] {dagbag.py:496} INFO - Filling up the DagBag from /Users/pierre-olivierboisvert/Desktop/GIT/Spotify-ETL/env/lib/python3.8/site-packages/airflow/example_dags/example_external_task_marker_dag.py
[2021-07-12 13:45:00,779] {scheduler_job.py:643} INFO - DAG(s) dict_keys(['example_external_task_marker_parent', 'example_external_task_marker_child']) retrieved from /Users/pierre-olivierboisvert/Desktop/GIT/Spotify-ETL/env/lib/python3.8/site-packages/airflow/example_dags/example_external_task_marker_dag.py
[2021-07-12 13:45:01,125] {logging_mixin.py:104} INFO - [2021-07-12 13:45:01,125] {dag.py:1833} INFO - Sync 2 DAGs
[2021-07-12 13:45:01,133] {logging_mixin.py:104} INFO - [2021-07-12 13:45:01,133] {dag.py:2306} INFO - Setting next_dagrun for example_external_task_marker_child to None
[2021-07-12 13:45:01,134] {logging_mixin.py:104} INFO - [2021-07-12 13:45:01,134] {dag.py:2306} INFO - Setting next_dagrun for example_external_task_marker_parent to None
[2021-07-12 13:45:01,147] {scheduler_job.py:190} INFO - Processing /Users/pierre-olivierboisvert/Desktop/GIT/Spotify-ETL/env/lib/python3.8/site-packages/airflow/example_dags/example_external_task_marker_dag.py took 0.377 seconds
[2021-07-12 13:46:07,644] {scheduler_job.py:182} INFO - Started process (PID=66200) to work on /Users/pierre-olivierboisvert/Desktop/GIT/Spotify-ETL/env/lib/python3.8/site-packages/airflow/example_dags/example_external_task_marker_dag.py
[2021-07-12 13:46:07,645] {scheduler_job.py:633} INFO - Processing file /Users/pierre-olivierboisvert/Desktop/GIT/Spotify-ETL/env/lib/python3.8/site-packages/airflow/example_dags/example_external_task_marker_dag.py for tasks to queue
[2021-07-12 13:46:07,645] {logging_mixin.py:104} INFO - [2021-07-12 13:46:07,645] {dagbag.py:496} INFO - Filling up the DagBag from /Users/pierre-olivierboisvert/Desktop/GIT/Spotify-ETL/env/lib/python3.8/site-packages/airflow/example_dags/example_external_task_marker_dag.py
[2021-07-12 13:46:07,654] {scheduler_job.py:643} INFO - DAG(s) dict_keys(['example_external_task_marker_parent', 'example_external_task_marker_child']) retrieved from /Users/pierre-olivierboisvert/Desktop/GIT/Spotify-ETL/env/lib/python3.8/site-packages/airflow/example_dags/example_external_task_marker_dag.py
[2021-07-12 13:46:08,004] {logging_mixin.py:104} INFO - [2021-07-12 13:46:08,004] {dag.py:1833} INFO - Sync 2 DAGs
[2021-07-12 13:46:08,013] {logging_mixin.py:104} INFO - [2021-07-12 13:46:08,013] {dag.py:2306} INFO - Setting next_dagrun for example_external_task_marker_child to None
[2021-07-12 13:46:08,013] {logging_mixin.py:104} INFO - [2021-07-12 13:46:08,013] {dag.py:2306} INFO - Setting next_dagrun for example_external_task_marker_parent to None
[2021-07-12 13:46:08,026] {scheduler_job.py:190} INFO - Processing /Users/pierre-olivierboisvert/Desktop/GIT/Spotify-ETL/env/lib/python3.8/site-packages/airflow/example_dags/example_external_task_marker_dag.py took 0.383 seconds
[2021-07-12 13:47:18,150] {scheduler_job.py:182} INFO - Started process (PID=66270) to work on /Users/pierre-olivierboisvert/Desktop/GIT/Spotify-ETL/env/lib/python3.8/site-packages/airflow/example_dags/example_external_task_marker_dag.py
[2021-07-12 13:47:18,151] {scheduler_job.py:633} INFO - Processing file /Users/pierre-olivierboisvert/Desktop/GIT/Spotify-ETL/env/lib/python3.8/site-packages/airflow/example_dags/example_external_task_marker_dag.py for tasks to queue
[2021-07-12 13:47:18,152] {logging_mixin.py:104} INFO - [2021-07-12 13:47:18,152] {dagbag.py:496} INFO - Filling up the DagBag from /Users/pierre-olivierboisvert/Desktop/GIT/Spotify-ETL/env/lib/python3.8/site-packages/airflow/example_dags/example_external_task_marker_dag.py
[2021-07-12 13:47:18,162] {scheduler_job.py:643} INFO - DAG(s) dict_keys(['example_external_task_marker_parent', 'example_external_task_marker_child']) retrieved from /Users/pierre-olivierboisvert/Desktop/GIT/Spotify-ETL/env/lib/python3.8/site-packages/airflow/example_dags/example_external_task_marker_dag.py
[2021-07-12 13:47:18,508] {logging_mixin.py:104} INFO - [2021-07-12 13:47:18,508] {dag.py:1833} INFO - Sync 2 DAGs
[2021-07-12 13:47:18,516] {logging_mixin.py:104} INFO - [2021-07-12 13:47:18,516] {dag.py:2306} INFO - Setting next_dagrun for example_external_task_marker_child to None
[2021-07-12 13:47:18,517] {logging_mixin.py:104} INFO - [2021-07-12 13:47:18,517] {dag.py:2306} INFO - Setting next_dagrun for example_external_task_marker_parent to None
[2021-07-12 13:47:18,530] {scheduler_job.py:190} INFO - Processing /Users/pierre-olivierboisvert/Desktop/GIT/Spotify-ETL/env/lib/python3.8/site-packages/airflow/example_dags/example_external_task_marker_dag.py took 0.381 seconds
[2021-07-12 13:48:29,444] {scheduler_job.py:182} INFO - Started process (PID=66345) to work on /Users/pierre-olivierboisvert/Desktop/GIT/Spotify-ETL/env/lib/python3.8/site-packages/airflow/example_dags/example_external_task_marker_dag.py
[2021-07-12 13:48:29,444] {scheduler_job.py:633} INFO - Processing file /Users/pierre-olivierboisvert/Desktop/GIT/Spotify-ETL/env/lib/python3.8/site-packages/airflow/example_dags/example_external_task_marker_dag.py for tasks to queue
[2021-07-12 13:48:29,444] {logging_mixin.py:104} INFO - [2021-07-12 13:48:29,444] {dagbag.py:496} INFO - Filling up the DagBag from /Users/pierre-olivierboisvert/Desktop/GIT/Spotify-ETL/env/lib/python3.8/site-packages/airflow/example_dags/example_external_task_marker_dag.py
[2021-07-12 13:48:29,455] {scheduler_job.py:643} INFO - DAG(s) dict_keys(['example_external_task_marker_parent', 'example_external_task_marker_child']) retrieved from /Users/pierre-olivierboisvert/Desktop/GIT/Spotify-ETL/env/lib/python3.8/site-packages/airflow/example_dags/example_external_task_marker_dag.py
[2021-07-12 13:48:29,804] {logging_mixin.py:104} INFO - [2021-07-12 13:48:29,804] {dag.py:1833} INFO - Sync 2 DAGs
[2021-07-12 13:48:29,812] {logging_mixin.py:104} INFO - [2021-07-12 13:48:29,812] {dag.py:2306} INFO - Setting next_dagrun for example_external_task_marker_child to None
[2021-07-12 13:48:29,813] {logging_mixin.py:104} INFO - [2021-07-12 13:48:29,813] {dag.py:2306} INFO - Setting next_dagrun for example_external_task_marker_parent to None
[2021-07-12 13:48:29,826] {scheduler_job.py:190} INFO - Processing /Users/pierre-olivierboisvert/Desktop/GIT/Spotify-ETL/env/lib/python3.8/site-packages/airflow/example_dags/example_external_task_marker_dag.py took 0.383 seconds
[2021-07-12 13:50:03,166] {scheduler_job.py:182} INFO - Started process (PID=66447) to work on /Users/pierre-olivierboisvert/Desktop/GIT/Spotify-ETL/env/lib/python3.8/site-packages/airflow/example_dags/example_external_task_marker_dag.py
[2021-07-12 13:50:03,170] {scheduler_job.py:633} INFO - Processing file /Users/pierre-olivierboisvert/Desktop/GIT/Spotify-ETL/env/lib/python3.8/site-packages/airflow/example_dags/example_external_task_marker_dag.py for tasks to queue
[2021-07-12 13:50:03,171] {logging_mixin.py:104} INFO - [2021-07-12 13:50:03,171] {dagbag.py:496} INFO - Filling up the DagBag from /Users/pierre-olivierboisvert/Desktop/GIT/Spotify-ETL/env/lib/python3.8/site-packages/airflow/example_dags/example_external_task_marker_dag.py
[2021-07-12 13:50:03,181] {scheduler_job.py:643} INFO - DAG(s) dict_keys(['example_external_task_marker_parent', 'example_external_task_marker_child']) retrieved from /Users/pierre-olivierboisvert/Desktop/GIT/Spotify-ETL/env/lib/python3.8/site-packages/airflow/example_dags/example_external_task_marker_dag.py
[2021-07-12 13:50:03,542] {logging_mixin.py:104} INFO - [2021-07-12 13:50:03,542] {dag.py:1833} INFO - Sync 2 DAGs
[2021-07-12 13:50:03,550] {logging_mixin.py:104} INFO - [2021-07-12 13:50:03,549] {dag.py:2306} INFO - Setting next_dagrun for example_external_task_marker_child to None
[2021-07-12 13:50:03,550] {logging_mixin.py:104} INFO - [2021-07-12 13:50:03,550] {dag.py:2306} INFO - Setting next_dagrun for example_external_task_marker_parent to None
[2021-07-12 13:50:03,561] {scheduler_job.py:190} INFO - Processing /Users/pierre-olivierboisvert/Desktop/GIT/Spotify-ETL/env/lib/python3.8/site-packages/airflow/example_dags/example_external_task_marker_dag.py took 0.395 seconds
[2021-07-12 13:51:15,070] {scheduler_job.py:182} INFO - Started process (PID=66517) to work on /Users/pierre-olivierboisvert/Desktop/GIT/Spotify-ETL/env/lib/python3.8/site-packages/airflow/example_dags/example_external_task_marker_dag.py
[2021-07-12 13:51:15,070] {scheduler_job.py:633} INFO - Processing file /Users/pierre-olivierboisvert/Desktop/GIT/Spotify-ETL/env/lib/python3.8/site-packages/airflow/example_dags/example_external_task_marker_dag.py for tasks to queue
[2021-07-12 13:51:15,071] {logging_mixin.py:104} INFO - [2021-07-12 13:51:15,071] {dagbag.py:496} INFO - Filling up the DagBag from /Users/pierre-olivierboisvert/Desktop/GIT/Spotify-ETL/env/lib/python3.8/site-packages/airflow/example_dags/example_external_task_marker_dag.py
[2021-07-12 13:51:15,079] {scheduler_job.py:643} INFO - DAG(s) dict_keys(['example_external_task_marker_parent', 'example_external_task_marker_child']) retrieved from /Users/pierre-olivierboisvert/Desktop/GIT/Spotify-ETL/env/lib/python3.8/site-packages/airflow/example_dags/example_external_task_marker_dag.py
[2021-07-12 13:51:15,455] {logging_mixin.py:104} INFO - [2021-07-12 13:51:15,454] {dag.py:1833} INFO - Sync 2 DAGs
[2021-07-12 13:51:15,466] {logging_mixin.py:104} INFO - [2021-07-12 13:51:15,466] {dag.py:2306} INFO - Setting next_dagrun for example_external_task_marker_child to None
[2021-07-12 13:51:15,467] {logging_mixin.py:104} INFO - [2021-07-12 13:51:15,467] {dag.py:2306} INFO - Setting next_dagrun for example_external_task_marker_parent to None
[2021-07-12 13:51:15,482] {scheduler_job.py:190} INFO - Processing /Users/pierre-olivierboisvert/Desktop/GIT/Spotify-ETL/env/lib/python3.8/site-packages/airflow/example_dags/example_external_task_marker_dag.py took 0.413 seconds
[2021-07-12 13:52:38,355] {scheduler_job.py:182} INFO - Started process (PID=66629) to work on /Users/pierre-olivierboisvert/Desktop/GIT/Spotify-ETL/env/lib/python3.8/site-packages/airflow/example_dags/example_external_task_marker_dag.py
[2021-07-12 13:52:38,355] {scheduler_job.py:633} INFO - Processing file /Users/pierre-olivierboisvert/Desktop/GIT/Spotify-ETL/env/lib/python3.8/site-packages/airflow/example_dags/example_external_task_marker_dag.py for tasks to queue
[2021-07-12 13:52:38,356] {logging_mixin.py:104} INFO - [2021-07-12 13:52:38,356] {dagbag.py:496} INFO - Filling up the DagBag from /Users/pierre-olivierboisvert/Desktop/GIT/Spotify-ETL/env/lib/python3.8/site-packages/airflow/example_dags/example_external_task_marker_dag.py
[2021-07-12 13:52:38,364] {scheduler_job.py:643} INFO - DAG(s) dict_keys(['example_external_task_marker_parent', 'example_external_task_marker_child']) retrieved from /Users/pierre-olivierboisvert/Desktop/GIT/Spotify-ETL/env/lib/python3.8/site-packages/airflow/example_dags/example_external_task_marker_dag.py
[2021-07-12 13:52:38,795] {logging_mixin.py:104} INFO - [2021-07-12 13:52:38,795] {dag.py:1833} INFO - Sync 2 DAGs
[2021-07-12 13:52:38,807] {logging_mixin.py:104} INFO - [2021-07-12 13:52:38,806] {dag.py:2306} INFO - Setting next_dagrun for example_external_task_marker_child to None
[2021-07-12 13:52:38,807] {logging_mixin.py:104} INFO - [2021-07-12 13:52:38,807] {dag.py:2306} INFO - Setting next_dagrun for example_external_task_marker_parent to None
[2021-07-12 13:52:38,820] {scheduler_job.py:190} INFO - Processing /Users/pierre-olivierboisvert/Desktop/GIT/Spotify-ETL/env/lib/python3.8/site-packages/airflow/example_dags/example_external_task_marker_dag.py took 0.466 seconds
