[2021-07-12 13:40:12,414] {scheduler_job.py:182} INFO - Started process (PID=65768) to work on /Users/pierre-olivierboisvert/Desktop/GIT/Spotify-ETL/env/lib/python3.8/site-packages/airflow/example_dags/example_branch_datetime_operator.py
[2021-07-12 13:40:12,414] {scheduler_job.py:633} INFO - Processing file /Users/pierre-olivierboisvert/Desktop/GIT/Spotify-ETL/env/lib/python3.8/site-packages/airflow/example_dags/example_branch_datetime_operator.py for tasks to queue
[2021-07-12 13:40:12,415] {logging_mixin.py:104} INFO - [2021-07-12 13:40:12,415] {dagbag.py:496} INFO - Filling up the DagBag from /Users/pierre-olivierboisvert/Desktop/GIT/Spotify-ETL/env/lib/python3.8/site-packages/airflow/example_dags/example_branch_datetime_operator.py
[2021-07-12 13:40:12,428] {scheduler_job.py:643} INFO - DAG(s) dict_keys(['example_branch_datetime_operator_2']) retrieved from /Users/pierre-olivierboisvert/Desktop/GIT/Spotify-ETL/env/lib/python3.8/site-packages/airflow/example_dags/example_branch_datetime_operator.py
[2021-07-12 13:40:12,474] {logging_mixin.py:104} INFO - [2021-07-12 13:40:12,474] {dag.py:1833} INFO - Sync 1 DAGs
[2021-07-12 13:40:12,487] {logging_mixin.py:104} INFO - [2021-07-12 13:40:12,487] {dag.py:2306} INFO - Setting next_dagrun for example_branch_datetime_operator_2 to 2021-07-10 00:00:00+00:00
[2021-07-12 13:40:12,499] {scheduler_job.py:190} INFO - Processing /Users/pierre-olivierboisvert/Desktop/GIT/Spotify-ETL/env/lib/python3.8/site-packages/airflow/example_dags/example_branch_datetime_operator.py took 0.086 seconds
[2021-07-12 13:41:50,548] {scheduler_job.py:182} INFO - Started process (PID=65949) to work on /Users/pierre-olivierboisvert/Desktop/GIT/Spotify-ETL/env/lib/python3.8/site-packages/airflow/example_dags/example_branch_datetime_operator.py
[2021-07-12 13:41:50,548] {scheduler_job.py:633} INFO - Processing file /Users/pierre-olivierboisvert/Desktop/GIT/Spotify-ETL/env/lib/python3.8/site-packages/airflow/example_dags/example_branch_datetime_operator.py for tasks to queue
[2021-07-12 13:41:50,549] {logging_mixin.py:104} INFO - [2021-07-12 13:41:50,549] {dagbag.py:496} INFO - Filling up the DagBag from /Users/pierre-olivierboisvert/Desktop/GIT/Spotify-ETL/env/lib/python3.8/site-packages/airflow/example_dags/example_branch_datetime_operator.py
[2021-07-12 13:41:50,559] {scheduler_job.py:643} INFO - DAG(s) dict_keys(['example_branch_datetime_operator_2']) retrieved from /Users/pierre-olivierboisvert/Desktop/GIT/Spotify-ETL/env/lib/python3.8/site-packages/airflow/example_dags/example_branch_datetime_operator.py
[2021-07-12 13:41:50,594] {logging_mixin.py:104} INFO - [2021-07-12 13:41:50,594] {dag.py:1833} INFO - Sync 1 DAGs
[2021-07-12 13:41:50,607] {logging_mixin.py:104} INFO - [2021-07-12 13:41:50,606] {dag.py:2306} INFO - Setting next_dagrun for example_branch_datetime_operator_2 to 2021-07-10 00:00:00+00:00
[2021-07-12 13:41:50,619] {scheduler_job.py:190} INFO - Processing /Users/pierre-olivierboisvert/Desktop/GIT/Spotify-ETL/env/lib/python3.8/site-packages/airflow/example_dags/example_branch_datetime_operator.py took 0.073 seconds
[2021-07-12 13:42:59,444] {scheduler_job.py:182} INFO - Started process (PID=66015) to work on /Users/pierre-olivierboisvert/Desktop/GIT/Spotify-ETL/env/lib/python3.8/site-packages/airflow/example_dags/example_branch_datetime_operator.py
[2021-07-12 13:42:59,444] {scheduler_job.py:633} INFO - Processing file /Users/pierre-olivierboisvert/Desktop/GIT/Spotify-ETL/env/lib/python3.8/site-packages/airflow/example_dags/example_branch_datetime_operator.py for tasks to queue
[2021-07-12 13:42:59,445] {logging_mixin.py:104} INFO - [2021-07-12 13:42:59,444] {dagbag.py:496} INFO - Filling up the DagBag from /Users/pierre-olivierboisvert/Desktop/GIT/Spotify-ETL/env/lib/python3.8/site-packages/airflow/example_dags/example_branch_datetime_operator.py
[2021-07-12 13:42:59,454] {scheduler_job.py:643} INFO - DAG(s) dict_keys(['example_branch_datetime_operator_2']) retrieved from /Users/pierre-olivierboisvert/Desktop/GIT/Spotify-ETL/env/lib/python3.8/site-packages/airflow/example_dags/example_branch_datetime_operator.py
[2021-07-12 13:42:59,495] {logging_mixin.py:104} INFO - [2021-07-12 13:42:59,495] {dag.py:1833} INFO - Sync 1 DAGs
[2021-07-12 13:42:59,506] {logging_mixin.py:104} INFO - [2021-07-12 13:42:59,506] {dag.py:2306} INFO - Setting next_dagrun for example_branch_datetime_operator_2 to 2021-07-10 00:00:00+00:00
[2021-07-12 13:42:59,516] {scheduler_job.py:190} INFO - Processing /Users/pierre-olivierboisvert/Desktop/GIT/Spotify-ETL/env/lib/python3.8/site-packages/airflow/example_dags/example_branch_datetime_operator.py took 0.073 seconds
[2021-07-12 13:44:07,100] {scheduler_job.py:182} INFO - Started process (PID=66079) to work on /Users/pierre-olivierboisvert/Desktop/GIT/Spotify-ETL/env/lib/python3.8/site-packages/airflow/example_dags/example_branch_datetime_operator.py
[2021-07-12 13:44:07,101] {scheduler_job.py:633} INFO - Processing file /Users/pierre-olivierboisvert/Desktop/GIT/Spotify-ETL/env/lib/python3.8/site-packages/airflow/example_dags/example_branch_datetime_operator.py for tasks to queue
[2021-07-12 13:44:07,101] {logging_mixin.py:104} INFO - [2021-07-12 13:44:07,101] {dagbag.py:496} INFO - Filling up the DagBag from /Users/pierre-olivierboisvert/Desktop/GIT/Spotify-ETL/env/lib/python3.8/site-packages/airflow/example_dags/example_branch_datetime_operator.py
[2021-07-12 13:44:07,111] {scheduler_job.py:643} INFO - DAG(s) dict_keys(['example_branch_datetime_operator_2']) retrieved from /Users/pierre-olivierboisvert/Desktop/GIT/Spotify-ETL/env/lib/python3.8/site-packages/airflow/example_dags/example_branch_datetime_operator.py
[2021-07-12 13:44:07,150] {logging_mixin.py:104} INFO - [2021-07-12 13:44:07,150] {dag.py:1833} INFO - Sync 1 DAGs
[2021-07-12 13:44:07,163] {logging_mixin.py:104} INFO - [2021-07-12 13:44:07,163] {dag.py:2306} INFO - Setting next_dagrun for example_branch_datetime_operator_2 to 2021-07-10 00:00:00+00:00
[2021-07-12 13:44:07,177] {scheduler_job.py:190} INFO - Processing /Users/pierre-olivierboisvert/Desktop/GIT/Spotify-ETL/env/lib/python3.8/site-packages/airflow/example_dags/example_branch_datetime_operator.py took 0.078 seconds
[2021-07-12 13:45:16,072] {scheduler_job.py:182} INFO - Started process (PID=66149) to work on /Users/pierre-olivierboisvert/Desktop/GIT/Spotify-ETL/env/lib/python3.8/site-packages/airflow/example_dags/example_branch_datetime_operator.py
[2021-07-12 13:45:16,072] {scheduler_job.py:633} INFO - Processing file /Users/pierre-olivierboisvert/Desktop/GIT/Spotify-ETL/env/lib/python3.8/site-packages/airflow/example_dags/example_branch_datetime_operator.py for tasks to queue
[2021-07-12 13:45:16,073] {logging_mixin.py:104} INFO - [2021-07-12 13:45:16,073] {dagbag.py:496} INFO - Filling up the DagBag from /Users/pierre-olivierboisvert/Desktop/GIT/Spotify-ETL/env/lib/python3.8/site-packages/airflow/example_dags/example_branch_datetime_operator.py
[2021-07-12 13:45:16,081] {scheduler_job.py:643} INFO - DAG(s) dict_keys(['example_branch_datetime_operator_2']) retrieved from /Users/pierre-olivierboisvert/Desktop/GIT/Spotify-ETL/env/lib/python3.8/site-packages/airflow/example_dags/example_branch_datetime_operator.py
[2021-07-12 13:45:16,120] {logging_mixin.py:104} INFO - [2021-07-12 13:45:16,120] {dag.py:1833} INFO - Sync 1 DAGs
[2021-07-12 13:45:16,131] {logging_mixin.py:104} INFO - [2021-07-12 13:45:16,131] {dag.py:2306} INFO - Setting next_dagrun for example_branch_datetime_operator_2 to 2021-07-10 00:00:00+00:00
[2021-07-12 13:45:16,143] {scheduler_job.py:190} INFO - Processing /Users/pierre-olivierboisvert/Desktop/GIT/Spotify-ETL/env/lib/python3.8/site-packages/airflow/example_dags/example_branch_datetime_operator.py took 0.073 seconds
[2021-07-12 13:46:23,074] {scheduler_job.py:182} INFO - Started process (PID=66214) to work on /Users/pierre-olivierboisvert/Desktop/GIT/Spotify-ETL/env/lib/python3.8/site-packages/airflow/example_dags/example_branch_datetime_operator.py
[2021-07-12 13:46:23,074] {scheduler_job.py:633} INFO - Processing file /Users/pierre-olivierboisvert/Desktop/GIT/Spotify-ETL/env/lib/python3.8/site-packages/airflow/example_dags/example_branch_datetime_operator.py for tasks to queue
[2021-07-12 13:46:23,075] {logging_mixin.py:104} INFO - [2021-07-12 13:46:23,074] {dagbag.py:496} INFO - Filling up the DagBag from /Users/pierre-olivierboisvert/Desktop/GIT/Spotify-ETL/env/lib/python3.8/site-packages/airflow/example_dags/example_branch_datetime_operator.py
[2021-07-12 13:46:23,085] {scheduler_job.py:643} INFO - DAG(s) dict_keys(['example_branch_datetime_operator_2']) retrieved from /Users/pierre-olivierboisvert/Desktop/GIT/Spotify-ETL/env/lib/python3.8/site-packages/airflow/example_dags/example_branch_datetime_operator.py
[2021-07-12 13:46:23,128] {logging_mixin.py:104} INFO - [2021-07-12 13:46:23,127] {dag.py:1833} INFO - Sync 1 DAGs
[2021-07-12 13:46:23,141] {logging_mixin.py:104} INFO - [2021-07-12 13:46:23,140] {dag.py:2306} INFO - Setting next_dagrun for example_branch_datetime_operator_2 to 2021-07-10 00:00:00+00:00
[2021-07-12 13:46:23,150] {scheduler_job.py:190} INFO - Processing /Users/pierre-olivierboisvert/Desktop/GIT/Spotify-ETL/env/lib/python3.8/site-packages/airflow/example_dags/example_branch_datetime_operator.py took 0.078 seconds
[2021-07-12 13:47:32,741] {scheduler_job.py:182} INFO - Started process (PID=66284) to work on /Users/pierre-olivierboisvert/Desktop/GIT/Spotify-ETL/env/lib/python3.8/site-packages/airflow/example_dags/example_branch_datetime_operator.py
[2021-07-12 13:47:32,742] {scheduler_job.py:633} INFO - Processing file /Users/pierre-olivierboisvert/Desktop/GIT/Spotify-ETL/env/lib/python3.8/site-packages/airflow/example_dags/example_branch_datetime_operator.py for tasks to queue
[2021-07-12 13:47:32,742] {logging_mixin.py:104} INFO - [2021-07-12 13:47:32,742] {dagbag.py:496} INFO - Filling up the DagBag from /Users/pierre-olivierboisvert/Desktop/GIT/Spotify-ETL/env/lib/python3.8/site-packages/airflow/example_dags/example_branch_datetime_operator.py
[2021-07-12 13:47:32,752] {scheduler_job.py:643} INFO - DAG(s) dict_keys(['example_branch_datetime_operator_2']) retrieved from /Users/pierre-olivierboisvert/Desktop/GIT/Spotify-ETL/env/lib/python3.8/site-packages/airflow/example_dags/example_branch_datetime_operator.py
[2021-07-12 13:47:32,786] {logging_mixin.py:104} INFO - [2021-07-12 13:47:32,786] {dag.py:1833} INFO - Sync 1 DAGs
[2021-07-12 13:47:32,800] {logging_mixin.py:104} INFO - [2021-07-12 13:47:32,800] {dag.py:2306} INFO - Setting next_dagrun for example_branch_datetime_operator_2 to 2021-07-10 00:00:00+00:00
[2021-07-12 13:47:32,814] {scheduler_job.py:190} INFO - Processing /Users/pierre-olivierboisvert/Desktop/GIT/Spotify-ETL/env/lib/python3.8/site-packages/airflow/example_dags/example_branch_datetime_operator.py took 0.073 seconds
[2021-07-12 13:48:44,738] {scheduler_job.py:182} INFO - Started process (PID=66359) to work on /Users/pierre-olivierboisvert/Desktop/GIT/Spotify-ETL/env/lib/python3.8/site-packages/airflow/example_dags/example_branch_datetime_operator.py
[2021-07-12 13:48:44,738] {scheduler_job.py:633} INFO - Processing file /Users/pierre-olivierboisvert/Desktop/GIT/Spotify-ETL/env/lib/python3.8/site-packages/airflow/example_dags/example_branch_datetime_operator.py for tasks to queue
[2021-07-12 13:48:44,739] {logging_mixin.py:104} INFO - [2021-07-12 13:48:44,739] {dagbag.py:496} INFO - Filling up the DagBag from /Users/pierre-olivierboisvert/Desktop/GIT/Spotify-ETL/env/lib/python3.8/site-packages/airflow/example_dags/example_branch_datetime_operator.py
[2021-07-12 13:48:44,748] {scheduler_job.py:643} INFO - DAG(s) dict_keys(['example_branch_datetime_operator_2']) retrieved from /Users/pierre-olivierboisvert/Desktop/GIT/Spotify-ETL/env/lib/python3.8/site-packages/airflow/example_dags/example_branch_datetime_operator.py
[2021-07-12 13:48:44,783] {logging_mixin.py:104} INFO - [2021-07-12 13:48:44,782] {dag.py:1833} INFO - Sync 1 DAGs
[2021-07-12 13:48:44,793] {logging_mixin.py:104} INFO - [2021-07-12 13:48:44,793] {dag.py:2306} INFO - Setting next_dagrun for example_branch_datetime_operator_2 to 2021-07-10 00:00:00+00:00
[2021-07-12 13:48:44,803] {scheduler_job.py:190} INFO - Processing /Users/pierre-olivierboisvert/Desktop/GIT/Spotify-ETL/env/lib/python3.8/site-packages/airflow/example_dags/example_branch_datetime_operator.py took 0.066 seconds
[2021-07-12 13:50:17,825] {scheduler_job.py:182} INFO - Started process (PID=66462) to work on /Users/pierre-olivierboisvert/Desktop/GIT/Spotify-ETL/env/lib/python3.8/site-packages/airflow/example_dags/example_branch_datetime_operator.py
[2021-07-12 13:50:17,826] {scheduler_job.py:633} INFO - Processing file /Users/pierre-olivierboisvert/Desktop/GIT/Spotify-ETL/env/lib/python3.8/site-packages/airflow/example_dags/example_branch_datetime_operator.py for tasks to queue
[2021-07-12 13:50:17,826] {logging_mixin.py:104} INFO - [2021-07-12 13:50:17,826] {dagbag.py:496} INFO - Filling up the DagBag from /Users/pierre-olivierboisvert/Desktop/GIT/Spotify-ETL/env/lib/python3.8/site-packages/airflow/example_dags/example_branch_datetime_operator.py
[2021-07-12 13:50:17,836] {scheduler_job.py:643} INFO - DAG(s) dict_keys(['example_branch_datetime_operator_2']) retrieved from /Users/pierre-olivierboisvert/Desktop/GIT/Spotify-ETL/env/lib/python3.8/site-packages/airflow/example_dags/example_branch_datetime_operator.py
[2021-07-12 13:50:17,874] {logging_mixin.py:104} INFO - [2021-07-12 13:50:17,874] {dag.py:1833} INFO - Sync 1 DAGs
[2021-07-12 13:50:17,885] {logging_mixin.py:104} INFO - [2021-07-12 13:50:17,885] {dag.py:2306} INFO - Setting next_dagrun for example_branch_datetime_operator_2 to 2021-07-10 00:00:00+00:00
[2021-07-12 13:50:17,896] {scheduler_job.py:190} INFO - Processing /Users/pierre-olivierboisvert/Desktop/GIT/Spotify-ETL/env/lib/python3.8/site-packages/airflow/example_dags/example_branch_datetime_operator.py took 0.072 seconds
[2021-07-12 13:51:30,156] {scheduler_job.py:182} INFO - Started process (PID=66532) to work on /Users/pierre-olivierboisvert/Desktop/GIT/Spotify-ETL/env/lib/python3.8/site-packages/airflow/example_dags/example_branch_datetime_operator.py
[2021-07-12 13:51:30,157] {scheduler_job.py:633} INFO - Processing file /Users/pierre-olivierboisvert/Desktop/GIT/Spotify-ETL/env/lib/python3.8/site-packages/airflow/example_dags/example_branch_datetime_operator.py for tasks to queue
[2021-07-12 13:51:30,157] {logging_mixin.py:104} INFO - [2021-07-12 13:51:30,157] {dagbag.py:496} INFO - Filling up the DagBag from /Users/pierre-olivierboisvert/Desktop/GIT/Spotify-ETL/env/lib/python3.8/site-packages/airflow/example_dags/example_branch_datetime_operator.py
[2021-07-12 13:51:30,167] {scheduler_job.py:643} INFO - DAG(s) dict_keys(['example_branch_datetime_operator_2']) retrieved from /Users/pierre-olivierboisvert/Desktop/GIT/Spotify-ETL/env/lib/python3.8/site-packages/airflow/example_dags/example_branch_datetime_operator.py
[2021-07-12 13:51:30,204] {logging_mixin.py:104} INFO - [2021-07-12 13:51:30,204] {dag.py:1833} INFO - Sync 1 DAGs
[2021-07-12 13:51:30,216] {logging_mixin.py:104} INFO - [2021-07-12 13:51:30,216] {dag.py:2306} INFO - Setting next_dagrun for example_branch_datetime_operator_2 to 2021-07-10 00:00:00+00:00
[2021-07-12 13:51:30,229] {scheduler_job.py:190} INFO - Processing /Users/pierre-olivierboisvert/Desktop/GIT/Spotify-ETL/env/lib/python3.8/site-packages/airflow/example_dags/example_branch_datetime_operator.py took 0.074 seconds
[2021-07-12 13:52:57,039] {scheduler_job.py:182} INFO - Started process (PID=66644) to work on /Users/pierre-olivierboisvert/Desktop/GIT/Spotify-ETL/env/lib/python3.8/site-packages/airflow/example_dags/example_branch_datetime_operator.py
[2021-07-12 13:52:57,039] {scheduler_job.py:633} INFO - Processing file /Users/pierre-olivierboisvert/Desktop/GIT/Spotify-ETL/env/lib/python3.8/site-packages/airflow/example_dags/example_branch_datetime_operator.py for tasks to queue
[2021-07-12 13:52:57,040] {logging_mixin.py:104} INFO - [2021-07-12 13:52:57,040] {dagbag.py:496} INFO - Filling up the DagBag from /Users/pierre-olivierboisvert/Desktop/GIT/Spotify-ETL/env/lib/python3.8/site-packages/airflow/example_dags/example_branch_datetime_operator.py
[2021-07-12 13:52:57,050] {scheduler_job.py:643} INFO - DAG(s) dict_keys(['example_branch_datetime_operator_2']) retrieved from /Users/pierre-olivierboisvert/Desktop/GIT/Spotify-ETL/env/lib/python3.8/site-packages/airflow/example_dags/example_branch_datetime_operator.py
[2021-07-12 13:52:57,086] {logging_mixin.py:104} INFO - [2021-07-12 13:52:57,086] {dag.py:1833} INFO - Sync 1 DAGs
[2021-07-12 13:52:57,097] {logging_mixin.py:104} INFO - [2021-07-12 13:52:57,097] {dag.py:2306} INFO - Setting next_dagrun for example_branch_datetime_operator_2 to 2021-07-10 00:00:00+00:00
[2021-07-12 13:52:57,111] {scheduler_job.py:190} INFO - Processing /Users/pierre-olivierboisvert/Desktop/GIT/Spotify-ETL/env/lib/python3.8/site-packages/airflow/example_dags/example_branch_datetime_operator.py took 0.073 seconds
[2021-07-12 13:54:26,029] {scheduler_job.py:182} INFO - Started process (PID=66922) to work on /Users/pierre-olivierboisvert/Desktop/GIT/Spotify-ETL/env/lib/python3.8/site-packages/airflow/example_dags/example_branch_datetime_operator.py
[2021-07-12 13:54:26,029] {scheduler_job.py:633} INFO - Processing file /Users/pierre-olivierboisvert/Desktop/GIT/Spotify-ETL/env/lib/python3.8/site-packages/airflow/example_dags/example_branch_datetime_operator.py for tasks to queue
[2021-07-12 13:54:26,030] {logging_mixin.py:104} INFO - [2021-07-12 13:54:26,030] {dagbag.py:496} INFO - Filling up the DagBag from /Users/pierre-olivierboisvert/Desktop/GIT/Spotify-ETL/env/lib/python3.8/site-packages/airflow/example_dags/example_branch_datetime_operator.py
[2021-07-12 13:54:26,042] {scheduler_job.py:643} INFO - DAG(s) dict_keys(['example_branch_datetime_operator_2']) retrieved from /Users/pierre-olivierboisvert/Desktop/GIT/Spotify-ETL/env/lib/python3.8/site-packages/airflow/example_dags/example_branch_datetime_operator.py
[2021-07-12 13:54:26,085] {logging_mixin.py:104} INFO - [2021-07-12 13:54:26,085] {dag.py:1833} INFO - Sync 1 DAGs
[2021-07-12 13:54:26,102] {logging_mixin.py:104} INFO - [2021-07-12 13:54:26,102] {dag.py:2306} INFO - Setting next_dagrun for example_branch_datetime_operator_2 to 2021-07-10 00:00:00+00:00
[2021-07-12 13:54:26,110] {scheduler_job.py:190} INFO - Processing /Users/pierre-olivierboisvert/Desktop/GIT/Spotify-ETL/env/lib/python3.8/site-packages/airflow/example_dags/example_branch_datetime_operator.py took 0.083 seconds
[2021-07-12 13:55:40,140] {scheduler_job.py:182} INFO - Started process (PID=66994) to work on /Users/pierre-olivierboisvert/Desktop/GIT/Spotify-ETL/env/lib/python3.8/site-packages/airflow/example_dags/example_branch_datetime_operator.py
[2021-07-12 13:55:40,141] {scheduler_job.py:633} INFO - Processing file /Users/pierre-olivierboisvert/Desktop/GIT/Spotify-ETL/env/lib/python3.8/site-packages/airflow/example_dags/example_branch_datetime_operator.py for tasks to queue
[2021-07-12 13:55:40,142] {logging_mixin.py:104} INFO - [2021-07-12 13:55:40,141] {dagbag.py:496} INFO - Filling up the DagBag from /Users/pierre-olivierboisvert/Desktop/GIT/Spotify-ETL/env/lib/python3.8/site-packages/airflow/example_dags/example_branch_datetime_operator.py
[2021-07-12 13:55:40,154] {scheduler_job.py:643} INFO - DAG(s) dict_keys(['example_branch_datetime_operator_2']) retrieved from /Users/pierre-olivierboisvert/Desktop/GIT/Spotify-ETL/env/lib/python3.8/site-packages/airflow/example_dags/example_branch_datetime_operator.py
[2021-07-12 13:55:40,191] {logging_mixin.py:104} INFO - [2021-07-12 13:55:40,191] {dag.py:1833} INFO - Sync 1 DAGs
[2021-07-12 13:55:40,204] {logging_mixin.py:104} INFO - [2021-07-12 13:55:40,204] {dag.py:2306} INFO - Setting next_dagrun for example_branch_datetime_operator_2 to 2021-07-10 00:00:00+00:00
[2021-07-12 13:55:40,220] {scheduler_job.py:190} INFO - Processing /Users/pierre-olivierboisvert/Desktop/GIT/Spotify-ETL/env/lib/python3.8/site-packages/airflow/example_dags/example_branch_datetime_operator.py took 0.081 seconds
[2021-07-12 13:56:52,237] {scheduler_job.py:182} INFO - Started process (PID=67063) to work on /Users/pierre-olivierboisvert/Desktop/GIT/Spotify-ETL/env/lib/python3.8/site-packages/airflow/example_dags/example_branch_datetime_operator.py
[2021-07-12 13:56:52,237] {scheduler_job.py:633} INFO - Processing file /Users/pierre-olivierboisvert/Desktop/GIT/Spotify-ETL/env/lib/python3.8/site-packages/airflow/example_dags/example_branch_datetime_operator.py for tasks to queue
[2021-07-12 13:56:52,238] {logging_mixin.py:104} INFO - [2021-07-12 13:56:52,238] {dagbag.py:496} INFO - Filling up the DagBag from /Users/pierre-olivierboisvert/Desktop/GIT/Spotify-ETL/env/lib/python3.8/site-packages/airflow/example_dags/example_branch_datetime_operator.py
[2021-07-12 13:56:52,250] {scheduler_job.py:643} INFO - DAG(s) dict_keys(['example_branch_datetime_operator_2']) retrieved from /Users/pierre-olivierboisvert/Desktop/GIT/Spotify-ETL/env/lib/python3.8/site-packages/airflow/example_dags/example_branch_datetime_operator.py
[2021-07-12 13:56:52,288] {logging_mixin.py:104} INFO - [2021-07-12 13:56:52,287] {dag.py:1833} INFO - Sync 1 DAGs
[2021-07-12 13:56:52,298] {logging_mixin.py:104} INFO - [2021-07-12 13:56:52,298] {dag.py:2306} INFO - Setting next_dagrun for example_branch_datetime_operator_2 to 2021-07-10 00:00:00+00:00
[2021-07-12 13:56:52,312] {scheduler_job.py:190} INFO - Processing /Users/pierre-olivierboisvert/Desktop/GIT/Spotify-ETL/env/lib/python3.8/site-packages/airflow/example_dags/example_branch_datetime_operator.py took 0.075 seconds
[2021-07-12 13:58:11,007] {scheduler_job.py:182} INFO - Started process (PID=67138) to work on /Users/pierre-olivierboisvert/Desktop/GIT/Spotify-ETL/env/lib/python3.8/site-packages/airflow/example_dags/example_branch_datetime_operator.py
[2021-07-12 13:58:11,007] {scheduler_job.py:633} INFO - Processing file /Users/pierre-olivierboisvert/Desktop/GIT/Spotify-ETL/env/lib/python3.8/site-packages/airflow/example_dags/example_branch_datetime_operator.py for tasks to queue
[2021-07-12 13:58:11,008] {logging_mixin.py:104} INFO - [2021-07-12 13:58:11,008] {dagbag.py:496} INFO - Filling up the DagBag from /Users/pierre-olivierboisvert/Desktop/GIT/Spotify-ETL/env/lib/python3.8/site-packages/airflow/example_dags/example_branch_datetime_operator.py
[2021-07-12 13:58:11,017] {scheduler_job.py:643} INFO - DAG(s) dict_keys(['example_branch_datetime_operator_2']) retrieved from /Users/pierre-olivierboisvert/Desktop/GIT/Spotify-ETL/env/lib/python3.8/site-packages/airflow/example_dags/example_branch_datetime_operator.py
[2021-07-12 13:58:11,058] {logging_mixin.py:104} INFO - [2021-07-12 13:58:11,057] {dag.py:1833} INFO - Sync 1 DAGs
[2021-07-12 13:58:11,069] {logging_mixin.py:104} INFO - [2021-07-12 13:58:11,069] {dag.py:2306} INFO - Setting next_dagrun for example_branch_datetime_operator_2 to 2021-07-10 00:00:00+00:00
[2021-07-12 13:58:11,082] {scheduler_job.py:190} INFO - Processing /Users/pierre-olivierboisvert/Desktop/GIT/Spotify-ETL/env/lib/python3.8/site-packages/airflow/example_dags/example_branch_datetime_operator.py took 0.076 seconds
[2021-07-12 13:59:44,138] {scheduler_job.py:182} INFO - Started process (PID=67224) to work on /Users/pierre-olivierboisvert/Desktop/GIT/Spotify-ETL/env/lib/python3.8/site-packages/airflow/example_dags/example_branch_datetime_operator.py
[2021-07-12 13:59:44,138] {scheduler_job.py:633} INFO - Processing file /Users/pierre-olivierboisvert/Desktop/GIT/Spotify-ETL/env/lib/python3.8/site-packages/airflow/example_dags/example_branch_datetime_operator.py for tasks to queue
[2021-07-12 13:59:44,138] {logging_mixin.py:104} INFO - [2021-07-12 13:59:44,138] {dagbag.py:496} INFO - Filling up the DagBag from /Users/pierre-olivierboisvert/Desktop/GIT/Spotify-ETL/env/lib/python3.8/site-packages/airflow/example_dags/example_branch_datetime_operator.py
[2021-07-12 13:59:44,150] {scheduler_job.py:643} INFO - DAG(s) dict_keys(['example_branch_datetime_operator_2']) retrieved from /Users/pierre-olivierboisvert/Desktop/GIT/Spotify-ETL/env/lib/python3.8/site-packages/airflow/example_dags/example_branch_datetime_operator.py
[2021-07-12 13:59:44,189] {logging_mixin.py:104} INFO - [2021-07-12 13:59:44,189] {dag.py:1833} INFO - Sync 1 DAGs
[2021-07-12 13:59:44,201] {logging_mixin.py:104} INFO - [2021-07-12 13:59:44,201] {dag.py:2306} INFO - Setting next_dagrun for example_branch_datetime_operator_2 to 2021-07-10 00:00:00+00:00
[2021-07-12 13:59:44,213] {scheduler_job.py:190} INFO - Processing /Users/pierre-olivierboisvert/Desktop/GIT/Spotify-ETL/env/lib/python3.8/site-packages/airflow/example_dags/example_branch_datetime_operator.py took 0.076 seconds
[2021-07-12 14:01:07,786] {scheduler_job.py:182} INFO - Started process (PID=67300) to work on /Users/pierre-olivierboisvert/Desktop/GIT/Spotify-ETL/env/lib/python3.8/site-packages/airflow/example_dags/example_branch_datetime_operator.py
[2021-07-12 14:01:07,787] {scheduler_job.py:633} INFO - Processing file /Users/pierre-olivierboisvert/Desktop/GIT/Spotify-ETL/env/lib/python3.8/site-packages/airflow/example_dags/example_branch_datetime_operator.py for tasks to queue
[2021-07-12 14:01:07,787] {logging_mixin.py:104} INFO - [2021-07-12 14:01:07,787] {dagbag.py:496} INFO - Filling up the DagBag from /Users/pierre-olivierboisvert/Desktop/GIT/Spotify-ETL/env/lib/python3.8/site-packages/airflow/example_dags/example_branch_datetime_operator.py
[2021-07-12 14:01:07,796] {scheduler_job.py:643} INFO - DAG(s) dict_keys(['example_branch_datetime_operator_2']) retrieved from /Users/pierre-olivierboisvert/Desktop/GIT/Spotify-ETL/env/lib/python3.8/site-packages/airflow/example_dags/example_branch_datetime_operator.py
[2021-07-12 14:01:07,837] {logging_mixin.py:104} INFO - [2021-07-12 14:01:07,837] {dag.py:1833} INFO - Sync 1 DAGs
[2021-07-12 14:01:07,848] {logging_mixin.py:104} INFO - [2021-07-12 14:01:07,848] {dag.py:2306} INFO - Setting next_dagrun for example_branch_datetime_operator_2 to 2021-07-10 00:00:00+00:00
[2021-07-12 14:01:07,860] {scheduler_job.py:190} INFO - Processing /Users/pierre-olivierboisvert/Desktop/GIT/Spotify-ETL/env/lib/python3.8/site-packages/airflow/example_dags/example_branch_datetime_operator.py took 0.075 seconds
[2021-07-12 14:02:32,839] {scheduler_job.py:182} INFO - Started process (PID=67374) to work on /Users/pierre-olivierboisvert/Desktop/GIT/Spotify-ETL/env/lib/python3.8/site-packages/airflow/example_dags/example_branch_datetime_operator.py
[2021-07-12 14:02:32,839] {scheduler_job.py:633} INFO - Processing file /Users/pierre-olivierboisvert/Desktop/GIT/Spotify-ETL/env/lib/python3.8/site-packages/airflow/example_dags/example_branch_datetime_operator.py for tasks to queue
[2021-07-12 14:02:32,840] {logging_mixin.py:104} INFO - [2021-07-12 14:02:32,840] {dagbag.py:496} INFO - Filling up the DagBag from /Users/pierre-olivierboisvert/Desktop/GIT/Spotify-ETL/env/lib/python3.8/site-packages/airflow/example_dags/example_branch_datetime_operator.py
[2021-07-12 14:02:32,850] {scheduler_job.py:643} INFO - DAG(s) dict_keys(['example_branch_datetime_operator_2']) retrieved from /Users/pierre-olivierboisvert/Desktop/GIT/Spotify-ETL/env/lib/python3.8/site-packages/airflow/example_dags/example_branch_datetime_operator.py
[2021-07-12 14:02:32,885] {logging_mixin.py:104} INFO - [2021-07-12 14:02:32,884] {dag.py:1833} INFO - Sync 1 DAGs
[2021-07-12 14:02:32,895] {logging_mixin.py:104} INFO - [2021-07-12 14:02:32,895] {dag.py:2306} INFO - Setting next_dagrun for example_branch_datetime_operator_2 to 2021-07-10 00:00:00+00:00
[2021-07-12 14:02:32,909] {scheduler_job.py:190} INFO - Processing /Users/pierre-olivierboisvert/Desktop/GIT/Spotify-ETL/env/lib/python3.8/site-packages/airflow/example_dags/example_branch_datetime_operator.py took 0.070 seconds
[2021-07-12 14:03:57,093] {scheduler_job.py:182} INFO - Started process (PID=67446) to work on /Users/pierre-olivierboisvert/Desktop/GIT/Spotify-ETL/env/lib/python3.8/site-packages/airflow/example_dags/example_branch_datetime_operator.py
[2021-07-12 14:03:57,094] {scheduler_job.py:633} INFO - Processing file /Users/pierre-olivierboisvert/Desktop/GIT/Spotify-ETL/env/lib/python3.8/site-packages/airflow/example_dags/example_branch_datetime_operator.py for tasks to queue
[2021-07-12 14:03:57,096] {logging_mixin.py:104} INFO - [2021-07-12 14:03:57,095] {dagbag.py:496} INFO - Filling up the DagBag from /Users/pierre-olivierboisvert/Desktop/GIT/Spotify-ETL/env/lib/python3.8/site-packages/airflow/example_dags/example_branch_datetime_operator.py
[2021-07-12 14:03:57,108] {scheduler_job.py:643} INFO - DAG(s) dict_keys(['example_branch_datetime_operator_2']) retrieved from /Users/pierre-olivierboisvert/Desktop/GIT/Spotify-ETL/env/lib/python3.8/site-packages/airflow/example_dags/example_branch_datetime_operator.py
[2021-07-12 14:03:57,149] {logging_mixin.py:104} INFO - [2021-07-12 14:03:57,149] {dag.py:1833} INFO - Sync 1 DAGs
[2021-07-12 14:03:57,165] {logging_mixin.py:104} INFO - [2021-07-12 14:03:57,165] {dag.py:2306} INFO - Setting next_dagrun for example_branch_datetime_operator_2 to 2021-07-10 00:00:00+00:00
[2021-07-12 14:03:57,176] {scheduler_job.py:190} INFO - Processing /Users/pierre-olivierboisvert/Desktop/GIT/Spotify-ETL/env/lib/python3.8/site-packages/airflow/example_dags/example_branch_datetime_operator.py took 0.084 seconds
[2021-07-12 14:05:28,017] {scheduler_job.py:182} INFO - Started process (PID=67523) to work on /Users/pierre-olivierboisvert/Desktop/GIT/Spotify-ETL/env/lib/python3.8/site-packages/airflow/example_dags/example_branch_datetime_operator.py
[2021-07-12 14:05:28,022] {scheduler_job.py:633} INFO - Processing file /Users/pierre-olivierboisvert/Desktop/GIT/Spotify-ETL/env/lib/python3.8/site-packages/airflow/example_dags/example_branch_datetime_operator.py for tasks to queue
[2021-07-12 14:05:28,023] {logging_mixin.py:104} INFO - [2021-07-12 14:05:28,022] {dagbag.py:496} INFO - Filling up the DagBag from /Users/pierre-olivierboisvert/Desktop/GIT/Spotify-ETL/env/lib/python3.8/site-packages/airflow/example_dags/example_branch_datetime_operator.py
[2021-07-12 14:05:28,037] {scheduler_job.py:643} INFO - DAG(s) dict_keys(['example_branch_datetime_operator_2']) retrieved from /Users/pierre-olivierboisvert/Desktop/GIT/Spotify-ETL/env/lib/python3.8/site-packages/airflow/example_dags/example_branch_datetime_operator.py
[2021-07-12 14:05:28,077] {logging_mixin.py:104} INFO - [2021-07-12 14:05:28,077] {dag.py:1833} INFO - Sync 1 DAGs
[2021-07-12 14:05:28,088] {logging_mixin.py:104} INFO - [2021-07-12 14:05:28,088] {dag.py:2306} INFO - Setting next_dagrun for example_branch_datetime_operator_2 to 2021-07-10 00:00:00+00:00
[2021-07-12 14:05:28,100] {scheduler_job.py:190} INFO - Processing /Users/pierre-olivierboisvert/Desktop/GIT/Spotify-ETL/env/lib/python3.8/site-packages/airflow/example_dags/example_branch_datetime_operator.py took 0.083 seconds
[2021-07-12 14:07:10,994] {scheduler_job.py:182} INFO - Started process (PID=67613) to work on /Users/pierre-olivierboisvert/Desktop/GIT/Spotify-ETL/env/lib/python3.8/site-packages/airflow/example_dags/example_branch_datetime_operator.py
[2021-07-12 14:07:10,995] {scheduler_job.py:633} INFO - Processing file /Users/pierre-olivierboisvert/Desktop/GIT/Spotify-ETL/env/lib/python3.8/site-packages/airflow/example_dags/example_branch_datetime_operator.py for tasks to queue
[2021-07-12 14:07:10,996] {logging_mixin.py:104} INFO - [2021-07-12 14:07:10,995] {dagbag.py:496} INFO - Filling up the DagBag from /Users/pierre-olivierboisvert/Desktop/GIT/Spotify-ETL/env/lib/python3.8/site-packages/airflow/example_dags/example_branch_datetime_operator.py
[2021-07-12 14:07:11,006] {scheduler_job.py:643} INFO - DAG(s) dict_keys(['example_branch_datetime_operator_2']) retrieved from /Users/pierre-olivierboisvert/Desktop/GIT/Spotify-ETL/env/lib/python3.8/site-packages/airflow/example_dags/example_branch_datetime_operator.py
[2021-07-12 14:07:11,045] {logging_mixin.py:104} INFO - [2021-07-12 14:07:11,045] {dag.py:1833} INFO - Sync 1 DAGs
[2021-07-12 14:07:11,057] {logging_mixin.py:104} INFO - [2021-07-12 14:07:11,056] {dag.py:2306} INFO - Setting next_dagrun for example_branch_datetime_operator_2 to 2021-07-10 00:00:00+00:00
[2021-07-12 14:07:11,072] {scheduler_job.py:190} INFO - Processing /Users/pierre-olivierboisvert/Desktop/GIT/Spotify-ETL/env/lib/python3.8/site-packages/airflow/example_dags/example_branch_datetime_operator.py took 0.080 seconds
[2021-07-12 14:08:38,638] {scheduler_job.py:182} INFO - Started process (PID=67689) to work on /Users/pierre-olivierboisvert/Desktop/GIT/Spotify-ETL/env/lib/python3.8/site-packages/airflow/example_dags/example_branch_datetime_operator.py
[2021-07-12 14:08:38,639] {scheduler_job.py:633} INFO - Processing file /Users/pierre-olivierboisvert/Desktop/GIT/Spotify-ETL/env/lib/python3.8/site-packages/airflow/example_dags/example_branch_datetime_operator.py for tasks to queue
[2021-07-12 14:08:38,639] {logging_mixin.py:104} INFO - [2021-07-12 14:08:38,639] {dagbag.py:496} INFO - Filling up the DagBag from /Users/pierre-olivierboisvert/Desktop/GIT/Spotify-ETL/env/lib/python3.8/site-packages/airflow/example_dags/example_branch_datetime_operator.py
[2021-07-12 14:08:38,659] {scheduler_job.py:643} INFO - DAG(s) dict_keys(['example_branch_datetime_operator_2']) retrieved from /Users/pierre-olivierboisvert/Desktop/GIT/Spotify-ETL/env/lib/python3.8/site-packages/airflow/example_dags/example_branch_datetime_operator.py
[2021-07-12 14:08:38,721] {logging_mixin.py:104} INFO - [2021-07-12 14:08:38,721] {dag.py:1833} INFO - Sync 1 DAGs
[2021-07-12 14:08:38,739] {logging_mixin.py:104} INFO - [2021-07-12 14:08:38,739] {dag.py:2306} INFO - Setting next_dagrun for example_branch_datetime_operator_2 to 2021-07-10 00:00:00+00:00
[2021-07-12 14:08:38,755] {scheduler_job.py:190} INFO - Processing /Users/pierre-olivierboisvert/Desktop/GIT/Spotify-ETL/env/lib/python3.8/site-packages/airflow/example_dags/example_branch_datetime_operator.py took 0.125 seconds
[2021-07-12 14:10:12,835] {scheduler_job.py:182} INFO - Started process (PID=67786) to work on /Users/pierre-olivierboisvert/Desktop/GIT/Spotify-ETL/env/lib/python3.8/site-packages/airflow/example_dags/example_branch_datetime_operator.py
[2021-07-12 14:10:12,836] {scheduler_job.py:633} INFO - Processing file /Users/pierre-olivierboisvert/Desktop/GIT/Spotify-ETL/env/lib/python3.8/site-packages/airflow/example_dags/example_branch_datetime_operator.py for tasks to queue
[2021-07-12 14:10:12,836] {logging_mixin.py:104} INFO - [2021-07-12 14:10:12,836] {dagbag.py:496} INFO - Filling up the DagBag from /Users/pierre-olivierboisvert/Desktop/GIT/Spotify-ETL/env/lib/python3.8/site-packages/airflow/example_dags/example_branch_datetime_operator.py
[2021-07-12 14:10:12,847] {scheduler_job.py:643} INFO - DAG(s) dict_keys(['example_branch_datetime_operator_2']) retrieved from /Users/pierre-olivierboisvert/Desktop/GIT/Spotify-ETL/env/lib/python3.8/site-packages/airflow/example_dags/example_branch_datetime_operator.py
[2021-07-12 14:10:12,893] {logging_mixin.py:104} INFO - [2021-07-12 14:10:12,893] {dag.py:1833} INFO - Sync 1 DAGs
[2021-07-12 14:10:12,909] {logging_mixin.py:104} INFO - [2021-07-12 14:10:12,909] {dag.py:2306} INFO - Setting next_dagrun for example_branch_datetime_operator_2 to 2021-07-10 00:00:00+00:00
[2021-07-12 14:10:12,921] {scheduler_job.py:190} INFO - Processing /Users/pierre-olivierboisvert/Desktop/GIT/Spotify-ETL/env/lib/python3.8/site-packages/airflow/example_dags/example_branch_datetime_operator.py took 0.087 seconds
[2021-07-12 14:11:35,264] {scheduler_job.py:182} INFO - Started process (PID=67861) to work on /Users/pierre-olivierboisvert/Desktop/GIT/Spotify-ETL/env/lib/python3.8/site-packages/airflow/example_dags/example_branch_datetime_operator.py
[2021-07-12 14:11:35,265] {scheduler_job.py:633} INFO - Processing file /Users/pierre-olivierboisvert/Desktop/GIT/Spotify-ETL/env/lib/python3.8/site-packages/airflow/example_dags/example_branch_datetime_operator.py for tasks to queue
[2021-07-12 14:11:35,265] {logging_mixin.py:104} INFO - [2021-07-12 14:11:35,265] {dagbag.py:496} INFO - Filling up the DagBag from /Users/pierre-olivierboisvert/Desktop/GIT/Spotify-ETL/env/lib/python3.8/site-packages/airflow/example_dags/example_branch_datetime_operator.py
[2021-07-12 14:11:35,275] {scheduler_job.py:643} INFO - DAG(s) dict_keys(['example_branch_datetime_operator_2']) retrieved from /Users/pierre-olivierboisvert/Desktop/GIT/Spotify-ETL/env/lib/python3.8/site-packages/airflow/example_dags/example_branch_datetime_operator.py
[2021-07-12 14:11:35,309] {logging_mixin.py:104} INFO - [2021-07-12 14:11:35,309] {dag.py:1833} INFO - Sync 1 DAGs
[2021-07-12 14:11:35,320] {logging_mixin.py:104} INFO - [2021-07-12 14:11:35,320] {dag.py:2306} INFO - Setting next_dagrun for example_branch_datetime_operator_2 to 2021-07-10 00:00:00+00:00
[2021-07-12 14:11:35,332] {scheduler_job.py:190} INFO - Processing /Users/pierre-olivierboisvert/Desktop/GIT/Spotify-ETL/env/lib/python3.8/site-packages/airflow/example_dags/example_branch_datetime_operator.py took 0.069 seconds
[2021-07-12 14:12:51,451] {scheduler_job.py:182} INFO - Started process (PID=67948) to work on /Users/pierre-olivierboisvert/Desktop/GIT/Spotify-ETL/env/lib/python3.8/site-packages/airflow/example_dags/example_branch_datetime_operator.py
[2021-07-12 14:12:51,452] {scheduler_job.py:633} INFO - Processing file /Users/pierre-olivierboisvert/Desktop/GIT/Spotify-ETL/env/lib/python3.8/site-packages/airflow/example_dags/example_branch_datetime_operator.py for tasks to queue
[2021-07-12 14:12:51,453] {logging_mixin.py:104} INFO - [2021-07-12 14:12:51,453] {dagbag.py:496} INFO - Filling up the DagBag from /Users/pierre-olivierboisvert/Desktop/GIT/Spotify-ETL/env/lib/python3.8/site-packages/airflow/example_dags/example_branch_datetime_operator.py
[2021-07-12 14:12:51,464] {scheduler_job.py:643} INFO - DAG(s) dict_keys(['example_branch_datetime_operator_2']) retrieved from /Users/pierre-olivierboisvert/Desktop/GIT/Spotify-ETL/env/lib/python3.8/site-packages/airflow/example_dags/example_branch_datetime_operator.py
[2021-07-12 14:12:51,503] {logging_mixin.py:104} INFO - [2021-07-12 14:12:51,502] {dag.py:1833} INFO - Sync 1 DAGs
[2021-07-12 14:12:51,514] {logging_mixin.py:104} INFO - [2021-07-12 14:12:51,514] {dag.py:2306} INFO - Setting next_dagrun for example_branch_datetime_operator_2 to 2021-07-10 00:00:00+00:00
[2021-07-12 14:12:51,526] {scheduler_job.py:190} INFO - Processing /Users/pierre-olivierboisvert/Desktop/GIT/Spotify-ETL/env/lib/python3.8/site-packages/airflow/example_dags/example_branch_datetime_operator.py took 0.076 seconds
[2021-07-12 14:14:22,501] {scheduler_job.py:182} INFO - Started process (PID=68108) to work on /Users/pierre-olivierboisvert/Desktop/GIT/Spotify-ETL/env/lib/python3.8/site-packages/airflow/example_dags/example_branch_datetime_operator.py
[2021-07-12 14:14:22,502] {scheduler_job.py:633} INFO - Processing file /Users/pierre-olivierboisvert/Desktop/GIT/Spotify-ETL/env/lib/python3.8/site-packages/airflow/example_dags/example_branch_datetime_operator.py for tasks to queue
[2021-07-12 14:14:22,503] {logging_mixin.py:104} INFO - [2021-07-12 14:14:22,503] {dagbag.py:496} INFO - Filling up the DagBag from /Users/pierre-olivierboisvert/Desktop/GIT/Spotify-ETL/env/lib/python3.8/site-packages/airflow/example_dags/example_branch_datetime_operator.py
[2021-07-12 14:14:22,515] {scheduler_job.py:643} INFO - DAG(s) dict_keys(['example_branch_datetime_operator_2']) retrieved from /Users/pierre-olivierboisvert/Desktop/GIT/Spotify-ETL/env/lib/python3.8/site-packages/airflow/example_dags/example_branch_datetime_operator.py
[2021-07-12 14:14:22,566] {logging_mixin.py:104} INFO - [2021-07-12 14:14:22,566] {dag.py:1833} INFO - Sync 1 DAGs
[2021-07-12 14:14:22,581] {logging_mixin.py:104} INFO - [2021-07-12 14:14:22,581] {dag.py:2306} INFO - Setting next_dagrun for example_branch_datetime_operator_2 to 2021-07-10 00:00:00+00:00
[2021-07-12 14:14:22,597] {scheduler_job.py:190} INFO - Processing /Users/pierre-olivierboisvert/Desktop/GIT/Spotify-ETL/env/lib/python3.8/site-packages/airflow/example_dags/example_branch_datetime_operator.py took 0.097 seconds
[2021-07-12 14:16:25,646] {scheduler_job.py:182} INFO - Started process (PID=68365) to work on /Users/pierre-olivierboisvert/Desktop/GIT/Spotify-ETL/env/lib/python3.8/site-packages/airflow/example_dags/example_branch_datetime_operator.py
[2021-07-12 14:16:25,647] {scheduler_job.py:633} INFO - Processing file /Users/pierre-olivierboisvert/Desktop/GIT/Spotify-ETL/env/lib/python3.8/site-packages/airflow/example_dags/example_branch_datetime_operator.py for tasks to queue
[2021-07-12 14:16:25,647] {logging_mixin.py:104} INFO - [2021-07-12 14:16:25,647] {dagbag.py:496} INFO - Filling up the DagBag from /Users/pierre-olivierboisvert/Desktop/GIT/Spotify-ETL/env/lib/python3.8/site-packages/airflow/example_dags/example_branch_datetime_operator.py
[2021-07-12 14:16:25,662] {scheduler_job.py:643} INFO - DAG(s) dict_keys(['example_branch_datetime_operator_2']) retrieved from /Users/pierre-olivierboisvert/Desktop/GIT/Spotify-ETL/env/lib/python3.8/site-packages/airflow/example_dags/example_branch_datetime_operator.py
[2021-07-12 14:16:25,734] {logging_mixin.py:104} INFO - [2021-07-12 14:16:25,734] {dag.py:1833} INFO - Sync 1 DAGs
[2021-07-12 14:16:25,753] {logging_mixin.py:104} INFO - [2021-07-12 14:16:25,753] {dag.py:2306} INFO - Setting next_dagrun for example_branch_datetime_operator_2 to 2021-07-10 00:00:00+00:00
[2021-07-12 14:16:25,762] {scheduler_job.py:190} INFO - Processing /Users/pierre-olivierboisvert/Desktop/GIT/Spotify-ETL/env/lib/python3.8/site-packages/airflow/example_dags/example_branch_datetime_operator.py took 0.117 seconds
[2021-07-12 14:19:38,438] {scheduler_job.py:182} INFO - Started process (PID=68747) to work on /Users/pierre-olivierboisvert/Desktop/GIT/Spotify-ETL/env/lib/python3.8/site-packages/airflow/example_dags/example_branch_datetime_operator.py
[2021-07-12 14:19:38,439] {scheduler_job.py:633} INFO - Processing file /Users/pierre-olivierboisvert/Desktop/GIT/Spotify-ETL/env/lib/python3.8/site-packages/airflow/example_dags/example_branch_datetime_operator.py for tasks to queue
[2021-07-12 14:19:38,440] {logging_mixin.py:104} INFO - [2021-07-12 14:19:38,440] {dagbag.py:496} INFO - Filling up the DagBag from /Users/pierre-olivierboisvert/Desktop/GIT/Spotify-ETL/env/lib/python3.8/site-packages/airflow/example_dags/example_branch_datetime_operator.py
[2021-07-12 14:19:38,452] {scheduler_job.py:643} INFO - DAG(s) dict_keys(['example_branch_datetime_operator_2']) retrieved from /Users/pierre-olivierboisvert/Desktop/GIT/Spotify-ETL/env/lib/python3.8/site-packages/airflow/example_dags/example_branch_datetime_operator.py
[2021-07-12 14:19:38,490] {logging_mixin.py:104} INFO - [2021-07-12 14:19:38,490] {dag.py:1833} INFO - Sync 1 DAGs
[2021-07-12 14:19:38,501] {logging_mixin.py:104} INFO - [2021-07-12 14:19:38,501] {dag.py:2306} INFO - Setting next_dagrun for example_branch_datetime_operator_2 to 2021-07-10 00:00:00+00:00
[2021-07-12 14:19:38,516] {scheduler_job.py:190} INFO - Processing /Users/pierre-olivierboisvert/Desktop/GIT/Spotify-ETL/env/lib/python3.8/site-packages/airflow/example_dags/example_branch_datetime_operator.py took 0.079 seconds
[2021-07-12 14:23:27,702] {scheduler_job.py:182} INFO - Started process (PID=69183) to work on /Users/pierre-olivierboisvert/Desktop/GIT/Spotify-ETL/env/lib/python3.8/site-packages/airflow/example_dags/example_branch_datetime_operator.py
[2021-07-12 14:23:27,707] {scheduler_job.py:633} INFO - Processing file /Users/pierre-olivierboisvert/Desktop/GIT/Spotify-ETL/env/lib/python3.8/site-packages/airflow/example_dags/example_branch_datetime_operator.py for tasks to queue
[2021-07-12 14:23:27,707] {logging_mixin.py:104} INFO - [2021-07-12 14:23:27,707] {dagbag.py:496} INFO - Filling up the DagBag from /Users/pierre-olivierboisvert/Desktop/GIT/Spotify-ETL/env/lib/python3.8/site-packages/airflow/example_dags/example_branch_datetime_operator.py
[2021-07-12 14:23:27,718] {scheduler_job.py:643} INFO - DAG(s) dict_keys(['example_branch_datetime_operator_2']) retrieved from /Users/pierre-olivierboisvert/Desktop/GIT/Spotify-ETL/env/lib/python3.8/site-packages/airflow/example_dags/example_branch_datetime_operator.py
[2021-07-12 14:23:27,760] {logging_mixin.py:104} INFO - [2021-07-12 14:23:27,759] {dag.py:1833} INFO - Sync 1 DAGs
[2021-07-12 14:23:27,770] {logging_mixin.py:104} INFO - [2021-07-12 14:23:27,770] {dag.py:2306} INFO - Setting next_dagrun for example_branch_datetime_operator_2 to 2021-07-10 00:00:00+00:00
[2021-07-12 14:23:27,780] {scheduler_job.py:190} INFO - Processing /Users/pierre-olivierboisvert/Desktop/GIT/Spotify-ETL/env/lib/python3.8/site-packages/airflow/example_dags/example_branch_datetime_operator.py took 0.079 seconds
