[2021-07-12 13:39:18,185] {scheduler_job.py:182} INFO - Started process (PID=65650) to work on /Users/pierre-olivierboisvert/Desktop/GIT/Spotify-ETL/env/lib/python3.8/site-packages/airflow/example_dags/example_trigger_controller_dag.py
[2021-07-12 13:39:18,186] {scheduler_job.py:633} INFO - Processing file /Users/pierre-olivierboisvert/Desktop/GIT/Spotify-ETL/env/lib/python3.8/site-packages/airflow/example_dags/example_trigger_controller_dag.py for tasks to queue
[2021-07-12 13:39:18,186] {logging_mixin.py:104} INFO - [2021-07-12 13:39:18,186] {dagbag.py:496} INFO - Filling up the DagBag from /Users/pierre-olivierboisvert/Desktop/GIT/Spotify-ETL/env/lib/python3.8/site-packages/airflow/example_dags/example_trigger_controller_dag.py
[2021-07-12 13:39:18,197] {scheduler_job.py:643} INFO - DAG(s) dict_keys(['example_trigger_controller_dag']) retrieved from /Users/pierre-olivierboisvert/Desktop/GIT/Spotify-ETL/env/lib/python3.8/site-packages/airflow/example_dags/example_trigger_controller_dag.py
[2021-07-12 13:39:18,203] {logging_mixin.py:104} INFO - [2021-07-12 13:39:18,202] {dag.py:1833} INFO - Sync 1 DAGs
[2021-07-12 13:39:18,246] {logging_mixin.py:104} INFO - [2021-07-12 13:39:18,245] {dag.py:2306} INFO - Setting next_dagrun for example_trigger_controller_dag to 2021-07-10 00:00:00+00:00
[2021-07-12 13:39:18,261] {scheduler_job.py:190} INFO - Processing /Users/pierre-olivierboisvert/Desktop/GIT/Spotify-ETL/env/lib/python3.8/site-packages/airflow/example_dags/example_trigger_controller_dag.py took 0.076 seconds
[2021-07-12 13:40:42,876] {scheduler_job.py:182} INFO - Started process (PID=65864) to work on /Users/pierre-olivierboisvert/Desktop/GIT/Spotify-ETL/env/lib/python3.8/site-packages/airflow/example_dags/example_trigger_controller_dag.py
[2021-07-12 13:40:42,877] {scheduler_job.py:633} INFO - Processing file /Users/pierre-olivierboisvert/Desktop/GIT/Spotify-ETL/env/lib/python3.8/site-packages/airflow/example_dags/example_trigger_controller_dag.py for tasks to queue
[2021-07-12 13:40:42,878] {logging_mixin.py:104} INFO - [2021-07-12 13:40:42,878] {dagbag.py:496} INFO - Filling up the DagBag from /Users/pierre-olivierboisvert/Desktop/GIT/Spotify-ETL/env/lib/python3.8/site-packages/airflow/example_dags/example_trigger_controller_dag.py
[2021-07-12 13:40:42,887] {scheduler_job.py:643} INFO - DAG(s) dict_keys(['example_trigger_controller_dag']) retrieved from /Users/pierre-olivierboisvert/Desktop/GIT/Spotify-ETL/env/lib/python3.8/site-packages/airflow/example_dags/example_trigger_controller_dag.py
[2021-07-12 13:40:42,928] {logging_mixin.py:104} INFO - [2021-07-12 13:40:42,927] {dag.py:1833} INFO - Sync 1 DAGs
[2021-07-12 13:40:42,937] {logging_mixin.py:104} INFO - [2021-07-12 13:40:42,937] {dag.py:2306} INFO - Setting next_dagrun for example_trigger_controller_dag to 2021-07-10 00:00:00+00:00
[2021-07-12 13:40:42,950] {scheduler_job.py:190} INFO - Processing /Users/pierre-olivierboisvert/Desktop/GIT/Spotify-ETL/env/lib/python3.8/site-packages/airflow/example_dags/example_trigger_controller_dag.py took 0.075 seconds
[2021-07-12 13:42:06,805] {scheduler_job.py:182} INFO - Started process (PID=65965) to work on /Users/pierre-olivierboisvert/Desktop/GIT/Spotify-ETL/env/lib/python3.8/site-packages/airflow/example_dags/example_trigger_controller_dag.py
[2021-07-12 13:42:06,806] {scheduler_job.py:633} INFO - Processing file /Users/pierre-olivierboisvert/Desktop/GIT/Spotify-ETL/env/lib/python3.8/site-packages/airflow/example_dags/example_trigger_controller_dag.py for tasks to queue
[2021-07-12 13:42:06,806] {logging_mixin.py:104} INFO - [2021-07-12 13:42:06,806] {dagbag.py:496} INFO - Filling up the DagBag from /Users/pierre-olivierboisvert/Desktop/GIT/Spotify-ETL/env/lib/python3.8/site-packages/airflow/example_dags/example_trigger_controller_dag.py
[2021-07-12 13:42:06,815] {scheduler_job.py:643} INFO - DAG(s) dict_keys(['example_trigger_controller_dag']) retrieved from /Users/pierre-olivierboisvert/Desktop/GIT/Spotify-ETL/env/lib/python3.8/site-packages/airflow/example_dags/example_trigger_controller_dag.py
[2021-07-12 13:42:06,851] {logging_mixin.py:104} INFO - [2021-07-12 13:42:06,851] {dag.py:1833} INFO - Sync 1 DAGs
[2021-07-12 13:42:06,860] {logging_mixin.py:104} INFO - [2021-07-12 13:42:06,860] {dag.py:2306} INFO - Setting next_dagrun for example_trigger_controller_dag to 2021-07-10 00:00:00+00:00
[2021-07-12 13:42:06,871] {scheduler_job.py:190} INFO - Processing /Users/pierre-olivierboisvert/Desktop/GIT/Spotify-ETL/env/lib/python3.8/site-packages/airflow/example_dags/example_trigger_controller_dag.py took 0.067 seconds
[2021-07-12 13:43:14,464] {scheduler_job.py:182} INFO - Started process (PID=66029) to work on /Users/pierre-olivierboisvert/Desktop/GIT/Spotify-ETL/env/lib/python3.8/site-packages/airflow/example_dags/example_trigger_controller_dag.py
[2021-07-12 13:43:14,465] {scheduler_job.py:633} INFO - Processing file /Users/pierre-olivierboisvert/Desktop/GIT/Spotify-ETL/env/lib/python3.8/site-packages/airflow/example_dags/example_trigger_controller_dag.py for tasks to queue
[2021-07-12 13:43:14,465] {logging_mixin.py:104} INFO - [2021-07-12 13:43:14,465] {dagbag.py:496} INFO - Filling up the DagBag from /Users/pierre-olivierboisvert/Desktop/GIT/Spotify-ETL/env/lib/python3.8/site-packages/airflow/example_dags/example_trigger_controller_dag.py
[2021-07-12 13:43:14,472] {scheduler_job.py:643} INFO - DAG(s) dict_keys(['example_trigger_controller_dag']) retrieved from /Users/pierre-olivierboisvert/Desktop/GIT/Spotify-ETL/env/lib/python3.8/site-packages/airflow/example_dags/example_trigger_controller_dag.py
[2021-07-12 13:43:14,510] {logging_mixin.py:104} INFO - [2021-07-12 13:43:14,510] {dag.py:1833} INFO - Sync 1 DAGs
[2021-07-12 13:43:14,518] {logging_mixin.py:104} INFO - [2021-07-12 13:43:14,518] {dag.py:2306} INFO - Setting next_dagrun for example_trigger_controller_dag to 2021-07-10 00:00:00+00:00
[2021-07-12 13:43:14,531] {scheduler_job.py:190} INFO - Processing /Users/pierre-olivierboisvert/Desktop/GIT/Spotify-ETL/env/lib/python3.8/site-packages/airflow/example_dags/example_trigger_controller_dag.py took 0.068 seconds
[2021-07-12 13:44:23,962] {scheduler_job.py:182} INFO - Started process (PID=66099) to work on /Users/pierre-olivierboisvert/Desktop/GIT/Spotify-ETL/env/lib/python3.8/site-packages/airflow/example_dags/example_trigger_controller_dag.py
[2021-07-12 13:44:23,963] {scheduler_job.py:633} INFO - Processing file /Users/pierre-olivierboisvert/Desktop/GIT/Spotify-ETL/env/lib/python3.8/site-packages/airflow/example_dags/example_trigger_controller_dag.py for tasks to queue
[2021-07-12 13:44:23,963] {logging_mixin.py:104} INFO - [2021-07-12 13:44:23,963] {dagbag.py:496} INFO - Filling up the DagBag from /Users/pierre-olivierboisvert/Desktop/GIT/Spotify-ETL/env/lib/python3.8/site-packages/airflow/example_dags/example_trigger_controller_dag.py
[2021-07-12 13:44:23,970] {scheduler_job.py:643} INFO - DAG(s) dict_keys(['example_trigger_controller_dag']) retrieved from /Users/pierre-olivierboisvert/Desktop/GIT/Spotify-ETL/env/lib/python3.8/site-packages/airflow/example_dags/example_trigger_controller_dag.py
[2021-07-12 13:44:24,004] {logging_mixin.py:104} INFO - [2021-07-12 13:44:24,004] {dag.py:1833} INFO - Sync 1 DAGs
[2021-07-12 13:44:24,013] {logging_mixin.py:104} INFO - [2021-07-12 13:44:24,012] {dag.py:2306} INFO - Setting next_dagrun for example_trigger_controller_dag to 2021-07-10 00:00:00+00:00
[2021-07-12 13:44:24,027] {scheduler_job.py:190} INFO - Processing /Users/pierre-olivierboisvert/Desktop/GIT/Spotify-ETL/env/lib/python3.8/site-packages/airflow/example_dags/example_trigger_controller_dag.py took 0.065 seconds
[2021-07-12 13:45:30,552] {scheduler_job.py:182} INFO - Started process (PID=66163) to work on /Users/pierre-olivierboisvert/Desktop/GIT/Spotify-ETL/env/lib/python3.8/site-packages/airflow/example_dags/example_trigger_controller_dag.py
[2021-07-12 13:45:30,553] {scheduler_job.py:633} INFO - Processing file /Users/pierre-olivierboisvert/Desktop/GIT/Spotify-ETL/env/lib/python3.8/site-packages/airflow/example_dags/example_trigger_controller_dag.py for tasks to queue
[2021-07-12 13:45:30,553] {logging_mixin.py:104} INFO - [2021-07-12 13:45:30,553] {dagbag.py:496} INFO - Filling up the DagBag from /Users/pierre-olivierboisvert/Desktop/GIT/Spotify-ETL/env/lib/python3.8/site-packages/airflow/example_dags/example_trigger_controller_dag.py
[2021-07-12 13:45:30,560] {scheduler_job.py:643} INFO - DAG(s) dict_keys(['example_trigger_controller_dag']) retrieved from /Users/pierre-olivierboisvert/Desktop/GIT/Spotify-ETL/env/lib/python3.8/site-packages/airflow/example_dags/example_trigger_controller_dag.py
[2021-07-12 13:45:30,598] {logging_mixin.py:104} INFO - [2021-07-12 13:45:30,598] {dag.py:1833} INFO - Sync 1 DAGs
[2021-07-12 13:45:30,608] {logging_mixin.py:104} INFO - [2021-07-12 13:45:30,608] {dag.py:2306} INFO - Setting next_dagrun for example_trigger_controller_dag to 2021-07-10 00:00:00+00:00
[2021-07-12 13:45:30,622] {scheduler_job.py:190} INFO - Processing /Users/pierre-olivierboisvert/Desktop/GIT/Spotify-ETL/env/lib/python3.8/site-packages/airflow/example_dags/example_trigger_controller_dag.py took 0.071 seconds
[2021-07-12 13:46:40,958] {scheduler_job.py:182} INFO - Started process (PID=66232) to work on /Users/pierre-olivierboisvert/Desktop/GIT/Spotify-ETL/env/lib/python3.8/site-packages/airflow/example_dags/example_trigger_controller_dag.py
[2021-07-12 13:46:40,958] {scheduler_job.py:633} INFO - Processing file /Users/pierre-olivierboisvert/Desktop/GIT/Spotify-ETL/env/lib/python3.8/site-packages/airflow/example_dags/example_trigger_controller_dag.py for tasks to queue
[2021-07-12 13:46:40,959] {logging_mixin.py:104} INFO - [2021-07-12 13:46:40,959] {dagbag.py:496} INFO - Filling up the DagBag from /Users/pierre-olivierboisvert/Desktop/GIT/Spotify-ETL/env/lib/python3.8/site-packages/airflow/example_dags/example_trigger_controller_dag.py
[2021-07-12 13:46:40,969] {scheduler_job.py:643} INFO - DAG(s) dict_keys(['example_trigger_controller_dag']) retrieved from /Users/pierre-olivierboisvert/Desktop/GIT/Spotify-ETL/env/lib/python3.8/site-packages/airflow/example_dags/example_trigger_controller_dag.py
[2021-07-12 13:46:41,009] {logging_mixin.py:104} INFO - [2021-07-12 13:46:41,009] {dag.py:1833} INFO - Sync 1 DAGs
[2021-07-12 13:46:41,018] {logging_mixin.py:104} INFO - [2021-07-12 13:46:41,018] {dag.py:2306} INFO - Setting next_dagrun for example_trigger_controller_dag to 2021-07-10 00:00:00+00:00
[2021-07-12 13:46:41,030] {scheduler_job.py:190} INFO - Processing /Users/pierre-olivierboisvert/Desktop/GIT/Spotify-ETL/env/lib/python3.8/site-packages/airflow/example_dags/example_trigger_controller_dag.py took 0.074 seconds
[2021-07-12 13:47:47,600] {scheduler_job.py:182} INFO - Started process (PID=66298) to work on /Users/pierre-olivierboisvert/Desktop/GIT/Spotify-ETL/env/lib/python3.8/site-packages/airflow/example_dags/example_trigger_controller_dag.py
[2021-07-12 13:47:47,600] {scheduler_job.py:633} INFO - Processing file /Users/pierre-olivierboisvert/Desktop/GIT/Spotify-ETL/env/lib/python3.8/site-packages/airflow/example_dags/example_trigger_controller_dag.py for tasks to queue
[2021-07-12 13:47:47,601] {logging_mixin.py:104} INFO - [2021-07-12 13:47:47,601] {dagbag.py:496} INFO - Filling up the DagBag from /Users/pierre-olivierboisvert/Desktop/GIT/Spotify-ETL/env/lib/python3.8/site-packages/airflow/example_dags/example_trigger_controller_dag.py
[2021-07-12 13:47:47,608] {scheduler_job.py:643} INFO - DAG(s) dict_keys(['example_trigger_controller_dag']) retrieved from /Users/pierre-olivierboisvert/Desktop/GIT/Spotify-ETL/env/lib/python3.8/site-packages/airflow/example_dags/example_trigger_controller_dag.py
[2021-07-12 13:47:47,642] {logging_mixin.py:104} INFO - [2021-07-12 13:47:47,642] {dag.py:1833} INFO - Sync 1 DAGs
[2021-07-12 13:47:47,650] {logging_mixin.py:104} INFO - [2021-07-12 13:47:47,650] {dag.py:2306} INFO - Setting next_dagrun for example_trigger_controller_dag to 2021-07-10 00:00:00+00:00
[2021-07-12 13:47:47,664] {scheduler_job.py:190} INFO - Processing /Users/pierre-olivierboisvert/Desktop/GIT/Spotify-ETL/env/lib/python3.8/site-packages/airflow/example_dags/example_trigger_controller_dag.py took 0.065 seconds
[2021-07-12 13:49:02,052] {scheduler_job.py:182} INFO - Started process (PID=66375) to work on /Users/pierre-olivierboisvert/Desktop/GIT/Spotify-ETL/env/lib/python3.8/site-packages/airflow/example_dags/example_trigger_controller_dag.py
[2021-07-12 13:49:02,053] {scheduler_job.py:633} INFO - Processing file /Users/pierre-olivierboisvert/Desktop/GIT/Spotify-ETL/env/lib/python3.8/site-packages/airflow/example_dags/example_trigger_controller_dag.py for tasks to queue
[2021-07-12 13:49:02,053] {logging_mixin.py:104} INFO - [2021-07-12 13:49:02,053] {dagbag.py:496} INFO - Filling up the DagBag from /Users/pierre-olivierboisvert/Desktop/GIT/Spotify-ETL/env/lib/python3.8/site-packages/airflow/example_dags/example_trigger_controller_dag.py
[2021-07-12 13:49:02,060] {scheduler_job.py:643} INFO - DAG(s) dict_keys(['example_trigger_controller_dag']) retrieved from /Users/pierre-olivierboisvert/Desktop/GIT/Spotify-ETL/env/lib/python3.8/site-packages/airflow/example_dags/example_trigger_controller_dag.py
[2021-07-12 13:49:02,095] {logging_mixin.py:104} INFO - [2021-07-12 13:49:02,095] {dag.py:1833} INFO - Sync 1 DAGs
[2021-07-12 13:49:02,103] {logging_mixin.py:104} INFO - [2021-07-12 13:49:02,103] {dag.py:2306} INFO - Setting next_dagrun for example_trigger_controller_dag to 2021-07-10 00:00:00+00:00
[2021-07-12 13:49:02,117] {scheduler_job.py:190} INFO - Processing /Users/pierre-olivierboisvert/Desktop/GIT/Spotify-ETL/env/lib/python3.8/site-packages/airflow/example_dags/example_trigger_controller_dag.py took 0.066 seconds
[2021-07-12 13:50:34,717] {scheduler_job.py:182} INFO - Started process (PID=66478) to work on /Users/pierre-olivierboisvert/Desktop/GIT/Spotify-ETL/env/lib/python3.8/site-packages/airflow/example_dags/example_trigger_controller_dag.py
[2021-07-12 13:50:34,721] {scheduler_job.py:633} INFO - Processing file /Users/pierre-olivierboisvert/Desktop/GIT/Spotify-ETL/env/lib/python3.8/site-packages/airflow/example_dags/example_trigger_controller_dag.py for tasks to queue
[2021-07-12 13:50:34,722] {logging_mixin.py:104} INFO - [2021-07-12 13:50:34,722] {dagbag.py:496} INFO - Filling up the DagBag from /Users/pierre-olivierboisvert/Desktop/GIT/Spotify-ETL/env/lib/python3.8/site-packages/airflow/example_dags/example_trigger_controller_dag.py
[2021-07-12 13:50:34,731] {scheduler_job.py:643} INFO - DAG(s) dict_keys(['example_trigger_controller_dag']) retrieved from /Users/pierre-olivierboisvert/Desktop/GIT/Spotify-ETL/env/lib/python3.8/site-packages/airflow/example_dags/example_trigger_controller_dag.py
[2021-07-12 13:50:34,769] {logging_mixin.py:104} INFO - [2021-07-12 13:50:34,769] {dag.py:1833} INFO - Sync 1 DAGs
[2021-07-12 13:50:34,777] {logging_mixin.py:104} INFO - [2021-07-12 13:50:34,777] {dag.py:2306} INFO - Setting next_dagrun for example_trigger_controller_dag to 2021-07-10 00:00:00+00:00
[2021-07-12 13:50:34,785] {scheduler_job.py:190} INFO - Processing /Users/pierre-olivierboisvert/Desktop/GIT/Spotify-ETL/env/lib/python3.8/site-packages/airflow/example_dags/example_trigger_controller_dag.py took 0.069 seconds
[2021-07-12 13:51:50,765] {scheduler_job.py:182} INFO - Started process (PID=66558) to work on /Users/pierre-olivierboisvert/Desktop/GIT/Spotify-ETL/env/lib/python3.8/site-packages/airflow/example_dags/example_trigger_controller_dag.py
[2021-07-12 13:51:50,766] {scheduler_job.py:633} INFO - Processing file /Users/pierre-olivierboisvert/Desktop/GIT/Spotify-ETL/env/lib/python3.8/site-packages/airflow/example_dags/example_trigger_controller_dag.py for tasks to queue
[2021-07-12 13:51:50,766] {logging_mixin.py:104} INFO - [2021-07-12 13:51:50,766] {dagbag.py:496} INFO - Filling up the DagBag from /Users/pierre-olivierboisvert/Desktop/GIT/Spotify-ETL/env/lib/python3.8/site-packages/airflow/example_dags/example_trigger_controller_dag.py
[2021-07-12 13:51:50,774] {scheduler_job.py:643} INFO - DAG(s) dict_keys(['example_trigger_controller_dag']) retrieved from /Users/pierre-olivierboisvert/Desktop/GIT/Spotify-ETL/env/lib/python3.8/site-packages/airflow/example_dags/example_trigger_controller_dag.py
[2021-07-12 13:51:50,813] {logging_mixin.py:104} INFO - [2021-07-12 13:51:50,813] {dag.py:1833} INFO - Sync 1 DAGs
[2021-07-12 13:51:50,824] {logging_mixin.py:104} INFO - [2021-07-12 13:51:50,824] {dag.py:2306} INFO - Setting next_dagrun for example_trigger_controller_dag to 2021-07-10 00:00:00+00:00
[2021-07-12 13:51:50,837] {scheduler_job.py:190} INFO - Processing /Users/pierre-olivierboisvert/Desktop/GIT/Spotify-ETL/env/lib/python3.8/site-packages/airflow/example_dags/example_trigger_controller_dag.py took 0.073 seconds
[2021-07-12 13:53:20,399] {scheduler_job.py:182} INFO - Started process (PID=66664) to work on /Users/pierre-olivierboisvert/Desktop/GIT/Spotify-ETL/env/lib/python3.8/site-packages/airflow/example_dags/example_trigger_controller_dag.py
[2021-07-12 13:53:20,400] {scheduler_job.py:633} INFO - Processing file /Users/pierre-olivierboisvert/Desktop/GIT/Spotify-ETL/env/lib/python3.8/site-packages/airflow/example_dags/example_trigger_controller_dag.py for tasks to queue
[2021-07-12 13:53:20,400] {logging_mixin.py:104} INFO - [2021-07-12 13:53:20,400] {dagbag.py:496} INFO - Filling up the DagBag from /Users/pierre-olivierboisvert/Desktop/GIT/Spotify-ETL/env/lib/python3.8/site-packages/airflow/example_dags/example_trigger_controller_dag.py
[2021-07-12 13:53:20,411] {scheduler_job.py:643} INFO - DAG(s) dict_keys(['example_trigger_controller_dag']) retrieved from /Users/pierre-olivierboisvert/Desktop/GIT/Spotify-ETL/env/lib/python3.8/site-packages/airflow/example_dags/example_trigger_controller_dag.py
[2021-07-12 13:53:20,463] {logging_mixin.py:104} INFO - [2021-07-12 13:53:20,462] {dag.py:1833} INFO - Sync 1 DAGs
[2021-07-12 13:53:20,472] {logging_mixin.py:104} INFO - [2021-07-12 13:53:20,472] {dag.py:2306} INFO - Setting next_dagrun for example_trigger_controller_dag to 2021-07-10 00:00:00+00:00
[2021-07-12 13:53:20,484] {scheduler_job.py:190} INFO - Processing /Users/pierre-olivierboisvert/Desktop/GIT/Spotify-ETL/env/lib/python3.8/site-packages/airflow/example_dags/example_trigger_controller_dag.py took 0.085 seconds
[2021-07-12 13:54:45,093] {scheduler_job.py:182} INFO - Started process (PID=66941) to work on /Users/pierre-olivierboisvert/Desktop/GIT/Spotify-ETL/env/lib/python3.8/site-packages/airflow/example_dags/example_trigger_controller_dag.py
[2021-07-12 13:54:45,093] {scheduler_job.py:633} INFO - Processing file /Users/pierre-olivierboisvert/Desktop/GIT/Spotify-ETL/env/lib/python3.8/site-packages/airflow/example_dags/example_trigger_controller_dag.py for tasks to queue
[2021-07-12 13:54:45,094] {logging_mixin.py:104} INFO - [2021-07-12 13:54:45,094] {dagbag.py:496} INFO - Filling up the DagBag from /Users/pierre-olivierboisvert/Desktop/GIT/Spotify-ETL/env/lib/python3.8/site-packages/airflow/example_dags/example_trigger_controller_dag.py
[2021-07-12 13:54:45,103] {scheduler_job.py:643} INFO - DAG(s) dict_keys(['example_trigger_controller_dag']) retrieved from /Users/pierre-olivierboisvert/Desktop/GIT/Spotify-ETL/env/lib/python3.8/site-packages/airflow/example_dags/example_trigger_controller_dag.py
[2021-07-12 13:54:45,141] {logging_mixin.py:104} INFO - [2021-07-12 13:54:45,141] {dag.py:1833} INFO - Sync 1 DAGs
[2021-07-12 13:54:45,149] {logging_mixin.py:104} INFO - [2021-07-12 13:54:45,149] {dag.py:2306} INFO - Setting next_dagrun for example_trigger_controller_dag to 2021-07-10 00:00:00+00:00
[2021-07-12 13:54:45,158] {scheduler_job.py:190} INFO - Processing /Users/pierre-olivierboisvert/Desktop/GIT/Spotify-ETL/env/lib/python3.8/site-packages/airflow/example_dags/example_trigger_controller_dag.py took 0.066 seconds
[2021-07-12 13:55:57,731] {scheduler_job.py:182} INFO - Started process (PID=67011) to work on /Users/pierre-olivierboisvert/Desktop/GIT/Spotify-ETL/env/lib/python3.8/site-packages/airflow/example_dags/example_trigger_controller_dag.py
[2021-07-12 13:55:57,732] {scheduler_job.py:633} INFO - Processing file /Users/pierre-olivierboisvert/Desktop/GIT/Spotify-ETL/env/lib/python3.8/site-packages/airflow/example_dags/example_trigger_controller_dag.py for tasks to queue
[2021-07-12 13:55:57,733] {logging_mixin.py:104} INFO - [2021-07-12 13:55:57,732] {dagbag.py:496} INFO - Filling up the DagBag from /Users/pierre-olivierboisvert/Desktop/GIT/Spotify-ETL/env/lib/python3.8/site-packages/airflow/example_dags/example_trigger_controller_dag.py
[2021-07-12 13:55:57,741] {scheduler_job.py:643} INFO - DAG(s) dict_keys(['example_trigger_controller_dag']) retrieved from /Users/pierre-olivierboisvert/Desktop/GIT/Spotify-ETL/env/lib/python3.8/site-packages/airflow/example_dags/example_trigger_controller_dag.py
[2021-07-12 13:55:57,776] {logging_mixin.py:104} INFO - [2021-07-12 13:55:57,776] {dag.py:1833} INFO - Sync 1 DAGs
[2021-07-12 13:55:57,784] {logging_mixin.py:104} INFO - [2021-07-12 13:55:57,784] {dag.py:2306} INFO - Setting next_dagrun for example_trigger_controller_dag to 2021-07-10 00:00:00+00:00
[2021-07-12 13:55:57,798] {scheduler_job.py:190} INFO - Processing /Users/pierre-olivierboisvert/Desktop/GIT/Spotify-ETL/env/lib/python3.8/site-packages/airflow/example_dags/example_trigger_controller_dag.py took 0.068 seconds
[2021-07-12 13:57:07,471] {scheduler_job.py:182} INFO - Started process (PID=67077) to work on /Users/pierre-olivierboisvert/Desktop/GIT/Spotify-ETL/env/lib/python3.8/site-packages/airflow/example_dags/example_trigger_controller_dag.py
[2021-07-12 13:57:07,472] {scheduler_job.py:633} INFO - Processing file /Users/pierre-olivierboisvert/Desktop/GIT/Spotify-ETL/env/lib/python3.8/site-packages/airflow/example_dags/example_trigger_controller_dag.py for tasks to queue
[2021-07-12 13:57:07,472] {logging_mixin.py:104} INFO - [2021-07-12 13:57:07,472] {dagbag.py:496} INFO - Filling up the DagBag from /Users/pierre-olivierboisvert/Desktop/GIT/Spotify-ETL/env/lib/python3.8/site-packages/airflow/example_dags/example_trigger_controller_dag.py
[2021-07-12 13:57:07,481] {scheduler_job.py:643} INFO - DAG(s) dict_keys(['example_trigger_controller_dag']) retrieved from /Users/pierre-olivierboisvert/Desktop/GIT/Spotify-ETL/env/lib/python3.8/site-packages/airflow/example_dags/example_trigger_controller_dag.py
[2021-07-12 13:57:07,527] {logging_mixin.py:104} INFO - [2021-07-12 13:57:07,527] {dag.py:1833} INFO - Sync 1 DAGs
[2021-07-12 13:57:07,539] {logging_mixin.py:104} INFO - [2021-07-12 13:57:07,538] {dag.py:2306} INFO - Setting next_dagrun for example_trigger_controller_dag to 2021-07-10 00:00:00+00:00
[2021-07-12 13:57:07,551] {scheduler_job.py:190} INFO - Processing /Users/pierre-olivierboisvert/Desktop/GIT/Spotify-ETL/env/lib/python3.8/site-packages/airflow/example_dags/example_trigger_controller_dag.py took 0.081 seconds
[2021-07-12 13:58:31,993] {scheduler_job.py:182} INFO - Started process (PID=67159) to work on /Users/pierre-olivierboisvert/Desktop/GIT/Spotify-ETL/env/lib/python3.8/site-packages/airflow/example_dags/example_trigger_controller_dag.py
[2021-07-12 13:58:31,994] {scheduler_job.py:633} INFO - Processing file /Users/pierre-olivierboisvert/Desktop/GIT/Spotify-ETL/env/lib/python3.8/site-packages/airflow/example_dags/example_trigger_controller_dag.py for tasks to queue
[2021-07-12 13:58:31,994] {logging_mixin.py:104} INFO - [2021-07-12 13:58:31,994] {dagbag.py:496} INFO - Filling up the DagBag from /Users/pierre-olivierboisvert/Desktop/GIT/Spotify-ETL/env/lib/python3.8/site-packages/airflow/example_dags/example_trigger_controller_dag.py
[2021-07-12 13:58:32,002] {scheduler_job.py:643} INFO - DAG(s) dict_keys(['example_trigger_controller_dag']) retrieved from /Users/pierre-olivierboisvert/Desktop/GIT/Spotify-ETL/env/lib/python3.8/site-packages/airflow/example_dags/example_trigger_controller_dag.py
[2021-07-12 13:58:32,039] {logging_mixin.py:104} INFO - [2021-07-12 13:58:32,039] {dag.py:1833} INFO - Sync 1 DAGs
[2021-07-12 13:58:32,048] {logging_mixin.py:104} INFO - [2021-07-12 13:58:32,048] {dag.py:2306} INFO - Setting next_dagrun for example_trigger_controller_dag to 2021-07-10 00:00:00+00:00
[2021-07-12 13:58:32,057] {scheduler_job.py:190} INFO - Processing /Users/pierre-olivierboisvert/Desktop/GIT/Spotify-ETL/env/lib/python3.8/site-packages/airflow/example_dags/example_trigger_controller_dag.py took 0.065 seconds
[2021-07-12 14:00:04,464] {scheduler_job.py:182} INFO - Started process (PID=67241) to work on /Users/pierre-olivierboisvert/Desktop/GIT/Spotify-ETL/env/lib/python3.8/site-packages/airflow/example_dags/example_trigger_controller_dag.py
[2021-07-12 14:00:04,464] {scheduler_job.py:633} INFO - Processing file /Users/pierre-olivierboisvert/Desktop/GIT/Spotify-ETL/env/lib/python3.8/site-packages/airflow/example_dags/example_trigger_controller_dag.py for tasks to queue
[2021-07-12 14:00:04,465] {logging_mixin.py:104} INFO - [2021-07-12 14:00:04,465] {dagbag.py:496} INFO - Filling up the DagBag from /Users/pierre-olivierboisvert/Desktop/GIT/Spotify-ETL/env/lib/python3.8/site-packages/airflow/example_dags/example_trigger_controller_dag.py
[2021-07-12 14:00:04,474] {scheduler_job.py:643} INFO - DAG(s) dict_keys(['example_trigger_controller_dag']) retrieved from /Users/pierre-olivierboisvert/Desktop/GIT/Spotify-ETL/env/lib/python3.8/site-packages/airflow/example_dags/example_trigger_controller_dag.py
[2021-07-12 14:00:04,550] {logging_mixin.py:104} INFO - [2021-07-12 14:00:04,550] {dag.py:1833} INFO - Sync 1 DAGs
[2021-07-12 14:00:04,575] {logging_mixin.py:104} INFO - [2021-07-12 14:00:04,574] {dag.py:2306} INFO - Setting next_dagrun for example_trigger_controller_dag to 2021-07-10 00:00:00+00:00
[2021-07-12 14:00:04,598] {scheduler_job.py:190} INFO - Processing /Users/pierre-olivierboisvert/Desktop/GIT/Spotify-ETL/env/lib/python3.8/site-packages/airflow/example_dags/example_trigger_controller_dag.py took 0.135 seconds
[2021-07-12 14:01:24,899] {scheduler_job.py:182} INFO - Started process (PID=67316) to work on /Users/pierre-olivierboisvert/Desktop/GIT/Spotify-ETL/env/lib/python3.8/site-packages/airflow/example_dags/example_trigger_controller_dag.py
[2021-07-12 14:01:24,899] {scheduler_job.py:633} INFO - Processing file /Users/pierre-olivierboisvert/Desktop/GIT/Spotify-ETL/env/lib/python3.8/site-packages/airflow/example_dags/example_trigger_controller_dag.py for tasks to queue
[2021-07-12 14:01:24,900] {logging_mixin.py:104} INFO - [2021-07-12 14:01:24,900] {dagbag.py:496} INFO - Filling up the DagBag from /Users/pierre-olivierboisvert/Desktop/GIT/Spotify-ETL/env/lib/python3.8/site-packages/airflow/example_dags/example_trigger_controller_dag.py
[2021-07-12 14:01:24,910] {scheduler_job.py:643} INFO - DAG(s) dict_keys(['example_trigger_controller_dag']) retrieved from /Users/pierre-olivierboisvert/Desktop/GIT/Spotify-ETL/env/lib/python3.8/site-packages/airflow/example_dags/example_trigger_controller_dag.py
[2021-07-12 14:01:24,949] {logging_mixin.py:104} INFO - [2021-07-12 14:01:24,949] {dag.py:1833} INFO - Sync 1 DAGs
[2021-07-12 14:01:24,957] {logging_mixin.py:104} INFO - [2021-07-12 14:01:24,957] {dag.py:2306} INFO - Setting next_dagrun for example_trigger_controller_dag to 2021-07-10 00:00:00+00:00
[2021-07-12 14:01:24,969] {scheduler_job.py:190} INFO - Processing /Users/pierre-olivierboisvert/Desktop/GIT/Spotify-ETL/env/lib/python3.8/site-packages/airflow/example_dags/example_trigger_controller_dag.py took 0.071 seconds
[2021-07-12 14:02:53,170] {scheduler_job.py:182} INFO - Started process (PID=67392) to work on /Users/pierre-olivierboisvert/Desktop/GIT/Spotify-ETL/env/lib/python3.8/site-packages/airflow/example_dags/example_trigger_controller_dag.py
[2021-07-12 14:02:53,171] {scheduler_job.py:633} INFO - Processing file /Users/pierre-olivierboisvert/Desktop/GIT/Spotify-ETL/env/lib/python3.8/site-packages/airflow/example_dags/example_trigger_controller_dag.py for tasks to queue
[2021-07-12 14:02:53,171] {logging_mixin.py:104} INFO - [2021-07-12 14:02:53,171] {dagbag.py:496} INFO - Filling up the DagBag from /Users/pierre-olivierboisvert/Desktop/GIT/Spotify-ETL/env/lib/python3.8/site-packages/airflow/example_dags/example_trigger_controller_dag.py
[2021-07-12 14:02:53,180] {scheduler_job.py:643} INFO - DAG(s) dict_keys(['example_trigger_controller_dag']) retrieved from /Users/pierre-olivierboisvert/Desktop/GIT/Spotify-ETL/env/lib/python3.8/site-packages/airflow/example_dags/example_trigger_controller_dag.py
[2021-07-12 14:02:53,214] {logging_mixin.py:104} INFO - [2021-07-12 14:02:53,214] {dag.py:1833} INFO - Sync 1 DAGs
[2021-07-12 14:02:53,222] {logging_mixin.py:104} INFO - [2021-07-12 14:02:53,222] {dag.py:2306} INFO - Setting next_dagrun for example_trigger_controller_dag to 2021-07-10 00:00:00+00:00
[2021-07-12 14:02:53,235] {scheduler_job.py:190} INFO - Processing /Users/pierre-olivierboisvert/Desktop/GIT/Spotify-ETL/env/lib/python3.8/site-packages/airflow/example_dags/example_trigger_controller_dag.py took 0.066 seconds
[2021-07-12 14:04:25,416] {scheduler_job.py:182} INFO - Started process (PID=67469) to work on /Users/pierre-olivierboisvert/Desktop/GIT/Spotify-ETL/env/lib/python3.8/site-packages/airflow/example_dags/example_trigger_controller_dag.py
[2021-07-12 14:04:25,417] {scheduler_job.py:633} INFO - Processing file /Users/pierre-olivierboisvert/Desktop/GIT/Spotify-ETL/env/lib/python3.8/site-packages/airflow/example_dags/example_trigger_controller_dag.py for tasks to queue
[2021-07-12 14:04:25,417] {logging_mixin.py:104} INFO - [2021-07-12 14:04:25,417] {dagbag.py:496} INFO - Filling up the DagBag from /Users/pierre-olivierboisvert/Desktop/GIT/Spotify-ETL/env/lib/python3.8/site-packages/airflow/example_dags/example_trigger_controller_dag.py
[2021-07-12 14:04:25,426] {scheduler_job.py:643} INFO - DAG(s) dict_keys(['example_trigger_controller_dag']) retrieved from /Users/pierre-olivierboisvert/Desktop/GIT/Spotify-ETL/env/lib/python3.8/site-packages/airflow/example_dags/example_trigger_controller_dag.py
[2021-07-12 14:04:25,470] {logging_mixin.py:104} INFO - [2021-07-12 14:04:25,470] {dag.py:1833} INFO - Sync 1 DAGs
[2021-07-12 14:04:25,478] {logging_mixin.py:104} INFO - [2021-07-12 14:04:25,477] {dag.py:2306} INFO - Setting next_dagrun for example_trigger_controller_dag to 2021-07-10 00:00:00+00:00
[2021-07-12 14:04:25,490] {scheduler_job.py:190} INFO - Processing /Users/pierre-olivierboisvert/Desktop/GIT/Spotify-ETL/env/lib/python3.8/site-packages/airflow/example_dags/example_trigger_controller_dag.py took 0.074 seconds
[2021-07-12 14:05:48,137] {scheduler_job.py:182} INFO - Started process (PID=67541) to work on /Users/pierre-olivierboisvert/Desktop/GIT/Spotify-ETL/env/lib/python3.8/site-packages/airflow/example_dags/example_trigger_controller_dag.py
[2021-07-12 14:05:48,141] {scheduler_job.py:633} INFO - Processing file /Users/pierre-olivierboisvert/Desktop/GIT/Spotify-ETL/env/lib/python3.8/site-packages/airflow/example_dags/example_trigger_controller_dag.py for tasks to queue
[2021-07-12 14:05:48,142] {logging_mixin.py:104} INFO - [2021-07-12 14:05:48,142] {dagbag.py:496} INFO - Filling up the DagBag from /Users/pierre-olivierboisvert/Desktop/GIT/Spotify-ETL/env/lib/python3.8/site-packages/airflow/example_dags/example_trigger_controller_dag.py
[2021-07-12 14:05:48,152] {scheduler_job.py:643} INFO - DAG(s) dict_keys(['example_trigger_controller_dag']) retrieved from /Users/pierre-olivierboisvert/Desktop/GIT/Spotify-ETL/env/lib/python3.8/site-packages/airflow/example_dags/example_trigger_controller_dag.py
[2021-07-12 14:05:48,192] {logging_mixin.py:104} INFO - [2021-07-12 14:05:48,192] {dag.py:1833} INFO - Sync 1 DAGs
[2021-07-12 14:05:48,200] {logging_mixin.py:104} INFO - [2021-07-12 14:05:48,200] {dag.py:2306} INFO - Setting next_dagrun for example_trigger_controller_dag to 2021-07-10 00:00:00+00:00
[2021-07-12 14:05:48,211] {scheduler_job.py:190} INFO - Processing /Users/pierre-olivierboisvert/Desktop/GIT/Spotify-ETL/env/lib/python3.8/site-packages/airflow/example_dags/example_trigger_controller_dag.py took 0.075 seconds
[2021-07-12 14:07:34,624] {scheduler_job.py:182} INFO - Started process (PID=67634) to work on /Users/pierre-olivierboisvert/Desktop/GIT/Spotify-ETL/env/lib/python3.8/site-packages/airflow/example_dags/example_trigger_controller_dag.py
[2021-07-12 14:07:34,625] {scheduler_job.py:633} INFO - Processing file /Users/pierre-olivierboisvert/Desktop/GIT/Spotify-ETL/env/lib/python3.8/site-packages/airflow/example_dags/example_trigger_controller_dag.py for tasks to queue
[2021-07-12 14:07:34,625] {logging_mixin.py:104} INFO - [2021-07-12 14:07:34,625] {dagbag.py:496} INFO - Filling up the DagBag from /Users/pierre-olivierboisvert/Desktop/GIT/Spotify-ETL/env/lib/python3.8/site-packages/airflow/example_dags/example_trigger_controller_dag.py
[2021-07-12 14:07:34,634] {scheduler_job.py:643} INFO - DAG(s) dict_keys(['example_trigger_controller_dag']) retrieved from /Users/pierre-olivierboisvert/Desktop/GIT/Spotify-ETL/env/lib/python3.8/site-packages/airflow/example_dags/example_trigger_controller_dag.py
[2021-07-12 14:07:34,677] {logging_mixin.py:104} INFO - [2021-07-12 14:07:34,677] {dag.py:1833} INFO - Sync 1 DAGs
[2021-07-12 14:07:34,685] {logging_mixin.py:104} INFO - [2021-07-12 14:07:34,685] {dag.py:2306} INFO - Setting next_dagrun for example_trigger_controller_dag to 2021-07-10 00:00:00+00:00
[2021-07-12 14:07:34,699] {scheduler_job.py:190} INFO - Processing /Users/pierre-olivierboisvert/Desktop/GIT/Spotify-ETL/env/lib/python3.8/site-packages/airflow/example_dags/example_trigger_controller_dag.py took 0.076 seconds
[2021-07-12 14:09:03,444] {scheduler_job.py:182} INFO - Started process (PID=67711) to work on /Users/pierre-olivierboisvert/Desktop/GIT/Spotify-ETL/env/lib/python3.8/site-packages/airflow/example_dags/example_trigger_controller_dag.py
[2021-07-12 14:09:03,445] {scheduler_job.py:633} INFO - Processing file /Users/pierre-olivierboisvert/Desktop/GIT/Spotify-ETL/env/lib/python3.8/site-packages/airflow/example_dags/example_trigger_controller_dag.py for tasks to queue
[2021-07-12 14:09:03,445] {logging_mixin.py:104} INFO - [2021-07-12 14:09:03,445] {dagbag.py:496} INFO - Filling up the DagBag from /Users/pierre-olivierboisvert/Desktop/GIT/Spotify-ETL/env/lib/python3.8/site-packages/airflow/example_dags/example_trigger_controller_dag.py
[2021-07-12 14:09:03,456] {scheduler_job.py:643} INFO - DAG(s) dict_keys(['example_trigger_controller_dag']) retrieved from /Users/pierre-olivierboisvert/Desktop/GIT/Spotify-ETL/env/lib/python3.8/site-packages/airflow/example_dags/example_trigger_controller_dag.py
[2021-07-12 14:09:03,499] {logging_mixin.py:104} INFO - [2021-07-12 14:09:03,499] {dag.py:1833} INFO - Sync 1 DAGs
[2021-07-12 14:09:03,510] {logging_mixin.py:104} INFO - [2021-07-12 14:09:03,510] {dag.py:2306} INFO - Setting next_dagrun for example_trigger_controller_dag to 2021-07-10 00:00:00+00:00
[2021-07-12 14:09:03,521] {scheduler_job.py:190} INFO - Processing /Users/pierre-olivierboisvert/Desktop/GIT/Spotify-ETL/env/lib/python3.8/site-packages/airflow/example_dags/example_trigger_controller_dag.py took 0.078 seconds
[2021-07-12 14:10:31,847] {scheduler_job.py:182} INFO - Started process (PID=67803) to work on /Users/pierre-olivierboisvert/Desktop/GIT/Spotify-ETL/env/lib/python3.8/site-packages/airflow/example_dags/example_trigger_controller_dag.py
[2021-07-12 14:10:31,848] {scheduler_job.py:633} INFO - Processing file /Users/pierre-olivierboisvert/Desktop/GIT/Spotify-ETL/env/lib/python3.8/site-packages/airflow/example_dags/example_trigger_controller_dag.py for tasks to queue
[2021-07-12 14:10:31,848] {logging_mixin.py:104} INFO - [2021-07-12 14:10:31,848] {dagbag.py:496} INFO - Filling up the DagBag from /Users/pierre-olivierboisvert/Desktop/GIT/Spotify-ETL/env/lib/python3.8/site-packages/airflow/example_dags/example_trigger_controller_dag.py
[2021-07-12 14:10:31,857] {scheduler_job.py:643} INFO - DAG(s) dict_keys(['example_trigger_controller_dag']) retrieved from /Users/pierre-olivierboisvert/Desktop/GIT/Spotify-ETL/env/lib/python3.8/site-packages/airflow/example_dags/example_trigger_controller_dag.py
[2021-07-12 14:10:31,900] {logging_mixin.py:104} INFO - [2021-07-12 14:10:31,900] {dag.py:1833} INFO - Sync 1 DAGs
[2021-07-12 14:10:31,909] {logging_mixin.py:104} INFO - [2021-07-12 14:10:31,909] {dag.py:2306} INFO - Setting next_dagrun for example_trigger_controller_dag to 2021-07-10 00:00:00+00:00
[2021-07-12 14:10:31,922] {scheduler_job.py:190} INFO - Processing /Users/pierre-olivierboisvert/Desktop/GIT/Spotify-ETL/env/lib/python3.8/site-packages/airflow/example_dags/example_trigger_controller_dag.py took 0.075 seconds
[2021-07-12 14:11:52,928] {scheduler_job.py:182} INFO - Started process (PID=67878) to work on /Users/pierre-olivierboisvert/Desktop/GIT/Spotify-ETL/env/lib/python3.8/site-packages/airflow/example_dags/example_trigger_controller_dag.py
[2021-07-12 14:11:52,929] {scheduler_job.py:633} INFO - Processing file /Users/pierre-olivierboisvert/Desktop/GIT/Spotify-ETL/env/lib/python3.8/site-packages/airflow/example_dags/example_trigger_controller_dag.py for tasks to queue
[2021-07-12 14:11:52,929] {logging_mixin.py:104} INFO - [2021-07-12 14:11:52,929] {dagbag.py:496} INFO - Filling up the DagBag from /Users/pierre-olivierboisvert/Desktop/GIT/Spotify-ETL/env/lib/python3.8/site-packages/airflow/example_dags/example_trigger_controller_dag.py
[2021-07-12 14:11:52,937] {scheduler_job.py:643} INFO - DAG(s) dict_keys(['example_trigger_controller_dag']) retrieved from /Users/pierre-olivierboisvert/Desktop/GIT/Spotify-ETL/env/lib/python3.8/site-packages/airflow/example_dags/example_trigger_controller_dag.py
[2021-07-12 14:11:52,975] {logging_mixin.py:104} INFO - [2021-07-12 14:11:52,974] {dag.py:1833} INFO - Sync 1 DAGs
[2021-07-12 14:11:52,984] {logging_mixin.py:104} INFO - [2021-07-12 14:11:52,984] {dag.py:2306} INFO - Setting next_dagrun for example_trigger_controller_dag to 2021-07-10 00:00:00+00:00
[2021-07-12 14:11:52,996] {scheduler_job.py:190} INFO - Processing /Users/pierre-olivierboisvert/Desktop/GIT/Spotify-ETL/env/lib/python3.8/site-packages/airflow/example_dags/example_trigger_controller_dag.py took 0.068 seconds
[2021-07-12 14:13:14,284] {scheduler_job.py:182} INFO - Started process (PID=67988) to work on /Users/pierre-olivierboisvert/Desktop/GIT/Spotify-ETL/env/lib/python3.8/site-packages/airflow/example_dags/example_trigger_controller_dag.py
[2021-07-12 14:13:14,284] {scheduler_job.py:633} INFO - Processing file /Users/pierre-olivierboisvert/Desktop/GIT/Spotify-ETL/env/lib/python3.8/site-packages/airflow/example_dags/example_trigger_controller_dag.py for tasks to queue
[2021-07-12 14:13:14,285] {logging_mixin.py:104} INFO - [2021-07-12 14:13:14,285] {dagbag.py:496} INFO - Filling up the DagBag from /Users/pierre-olivierboisvert/Desktop/GIT/Spotify-ETL/env/lib/python3.8/site-packages/airflow/example_dags/example_trigger_controller_dag.py
[2021-07-12 14:13:14,298] {scheduler_job.py:643} INFO - DAG(s) dict_keys(['example_trigger_controller_dag']) retrieved from /Users/pierre-olivierboisvert/Desktop/GIT/Spotify-ETL/env/lib/python3.8/site-packages/airflow/example_dags/example_trigger_controller_dag.py
[2021-07-12 14:13:14,345] {logging_mixin.py:104} INFO - [2021-07-12 14:13:14,345] {dag.py:1833} INFO - Sync 1 DAGs
[2021-07-12 14:13:14,357] {logging_mixin.py:104} INFO - [2021-07-12 14:13:14,357] {dag.py:2306} INFO - Setting next_dagrun for example_trigger_controller_dag to 2021-07-10 00:00:00+00:00
[2021-07-12 14:13:14,373] {scheduler_job.py:190} INFO - Processing /Users/pierre-olivierboisvert/Desktop/GIT/Spotify-ETL/env/lib/python3.8/site-packages/airflow/example_dags/example_trigger_controller_dag.py took 0.090 seconds
[2021-07-12 14:15:28,951] {scheduler_job.py:182} INFO - Started process (PID=68241) to work on /Users/pierre-olivierboisvert/Desktop/GIT/Spotify-ETL/env/lib/python3.8/site-packages/airflow/example_dags/example_trigger_controller_dag.py
[2021-07-12 14:15:28,952] {scheduler_job.py:633} INFO - Processing file /Users/pierre-olivierboisvert/Desktop/GIT/Spotify-ETL/env/lib/python3.8/site-packages/airflow/example_dags/example_trigger_controller_dag.py for tasks to queue
[2021-07-12 14:15:28,952] {logging_mixin.py:104} INFO - [2021-07-12 14:15:28,952] {dagbag.py:496} INFO - Filling up the DagBag from /Users/pierre-olivierboisvert/Desktop/GIT/Spotify-ETL/env/lib/python3.8/site-packages/airflow/example_dags/example_trigger_controller_dag.py
[2021-07-12 14:15:28,960] {scheduler_job.py:643} INFO - DAG(s) dict_keys(['example_trigger_controller_dag']) retrieved from /Users/pierre-olivierboisvert/Desktop/GIT/Spotify-ETL/env/lib/python3.8/site-packages/airflow/example_dags/example_trigger_controller_dag.py
[2021-07-12 14:15:29,003] {logging_mixin.py:104} INFO - [2021-07-12 14:15:29,003] {dag.py:1833} INFO - Sync 1 DAGs
[2021-07-12 14:15:29,011] {logging_mixin.py:104} INFO - [2021-07-12 14:15:29,011] {dag.py:2306} INFO - Setting next_dagrun for example_trigger_controller_dag to 2021-07-10 00:00:00+00:00
[2021-07-12 14:15:29,025] {scheduler_job.py:190} INFO - Processing /Users/pierre-olivierboisvert/Desktop/GIT/Spotify-ETL/env/lib/python3.8/site-packages/airflow/example_dags/example_trigger_controller_dag.py took 0.074 seconds
[2021-07-12 14:16:57,995] {scheduler_job.py:182} INFO - Started process (PID=68431) to work on /Users/pierre-olivierboisvert/Desktop/GIT/Spotify-ETL/env/lib/python3.8/site-packages/airflow/example_dags/example_trigger_controller_dag.py
[2021-07-12 14:16:57,995] {scheduler_job.py:633} INFO - Processing file /Users/pierre-olivierboisvert/Desktop/GIT/Spotify-ETL/env/lib/python3.8/site-packages/airflow/example_dags/example_trigger_controller_dag.py for tasks to queue
[2021-07-12 14:16:57,996] {logging_mixin.py:104} INFO - [2021-07-12 14:16:57,996] {dagbag.py:496} INFO - Filling up the DagBag from /Users/pierre-olivierboisvert/Desktop/GIT/Spotify-ETL/env/lib/python3.8/site-packages/airflow/example_dags/example_trigger_controller_dag.py
[2021-07-12 14:16:58,003] {scheduler_job.py:643} INFO - DAG(s) dict_keys(['example_trigger_controller_dag']) retrieved from /Users/pierre-olivierboisvert/Desktop/GIT/Spotify-ETL/env/lib/python3.8/site-packages/airflow/example_dags/example_trigger_controller_dag.py
[2021-07-12 14:16:58,043] {logging_mixin.py:104} INFO - [2021-07-12 14:16:58,043] {dag.py:1833} INFO - Sync 1 DAGs
[2021-07-12 14:16:58,053] {logging_mixin.py:104} INFO - [2021-07-12 14:16:58,053] {dag.py:2306} INFO - Setting next_dagrun for example_trigger_controller_dag to 2021-07-10 00:00:00+00:00
[2021-07-12 14:16:58,066] {scheduler_job.py:190} INFO - Processing /Users/pierre-olivierboisvert/Desktop/GIT/Spotify-ETL/env/lib/python3.8/site-packages/airflow/example_dags/example_trigger_controller_dag.py took 0.071 seconds
[2021-07-12 14:17:43,636] {scheduler_job.py:182} INFO - Started process (PID=68529) to work on /Users/pierre-olivierboisvert/Desktop/GIT/Spotify-ETL/env/lib/python3.8/site-packages/airflow/example_dags/example_trigger_controller_dag.py
[2021-07-12 14:17:43,637] {scheduler_job.py:633} INFO - Processing file /Users/pierre-olivierboisvert/Desktop/GIT/Spotify-ETL/env/lib/python3.8/site-packages/airflow/example_dags/example_trigger_controller_dag.py for tasks to queue
[2021-07-12 14:17:43,637] {logging_mixin.py:104} INFO - [2021-07-12 14:17:43,637] {dagbag.py:496} INFO - Filling up the DagBag from /Users/pierre-olivierboisvert/Desktop/GIT/Spotify-ETL/env/lib/python3.8/site-packages/airflow/example_dags/example_trigger_controller_dag.py
[2021-07-12 14:17:43,645] {scheduler_job.py:643} INFO - DAG(s) dict_keys(['example_trigger_controller_dag']) retrieved from /Users/pierre-olivierboisvert/Desktop/GIT/Spotify-ETL/env/lib/python3.8/site-packages/airflow/example_dags/example_trigger_controller_dag.py
[2021-07-12 14:17:43,685] {logging_mixin.py:104} INFO - [2021-07-12 14:17:43,685] {dag.py:1833} INFO - Sync 1 DAGs
[2021-07-12 14:17:43,697] {logging_mixin.py:104} INFO - [2021-07-12 14:17:43,697] {dag.py:2306} INFO - Setting next_dagrun for example_trigger_controller_dag to 2021-07-10 00:00:00+00:00
[2021-07-12 14:17:43,711] {scheduler_job.py:190} INFO - Processing /Users/pierre-olivierboisvert/Desktop/GIT/Spotify-ETL/env/lib/python3.8/site-packages/airflow/example_dags/example_trigger_controller_dag.py took 0.076 seconds
[2021-07-12 14:18:52,691] {scheduler_job.py:182} INFO - Started process (PID=68701) to work on /Users/pierre-olivierboisvert/Desktop/GIT/Spotify-ETL/env/lib/python3.8/site-packages/airflow/example_dags/example_trigger_controller_dag.py
[2021-07-12 14:18:52,691] {scheduler_job.py:633} INFO - Processing file /Users/pierre-olivierboisvert/Desktop/GIT/Spotify-ETL/env/lib/python3.8/site-packages/airflow/example_dags/example_trigger_controller_dag.py for tasks to queue
[2021-07-12 14:18:52,692] {logging_mixin.py:104} INFO - [2021-07-12 14:18:52,691] {dagbag.py:496} INFO - Filling up the DagBag from /Users/pierre-olivierboisvert/Desktop/GIT/Spotify-ETL/env/lib/python3.8/site-packages/airflow/example_dags/example_trigger_controller_dag.py
[2021-07-12 14:18:52,701] {scheduler_job.py:643} INFO - DAG(s) dict_keys(['example_trigger_controller_dag']) retrieved from /Users/pierre-olivierboisvert/Desktop/GIT/Spotify-ETL/env/lib/python3.8/site-packages/airflow/example_dags/example_trigger_controller_dag.py
[2021-07-12 14:18:52,738] {logging_mixin.py:104} INFO - [2021-07-12 14:18:52,738] {dag.py:1833} INFO - Sync 1 DAGs
[2021-07-12 14:18:52,747] {logging_mixin.py:104} INFO - [2021-07-12 14:18:52,747] {dag.py:2306} INFO - Setting next_dagrun for example_trigger_controller_dag to 2021-07-10 00:00:00+00:00
[2021-07-12 14:18:52,759] {scheduler_job.py:190} INFO - Processing /Users/pierre-olivierboisvert/Desktop/GIT/Spotify-ETL/env/lib/python3.8/site-packages/airflow/example_dags/example_trigger_controller_dag.py took 0.069 seconds
[2021-07-12 14:20:03,843] {scheduler_job.py:182} INFO - Started process (PID=68771) to work on /Users/pierre-olivierboisvert/Desktop/GIT/Spotify-ETL/env/lib/python3.8/site-packages/airflow/example_dags/example_trigger_controller_dag.py
[2021-07-12 14:20:03,844] {scheduler_job.py:633} INFO - Processing file /Users/pierre-olivierboisvert/Desktop/GIT/Spotify-ETL/env/lib/python3.8/site-packages/airflow/example_dags/example_trigger_controller_dag.py for tasks to queue
[2021-07-12 14:20:03,845] {logging_mixin.py:104} INFO - [2021-07-12 14:20:03,845] {dagbag.py:496} INFO - Filling up the DagBag from /Users/pierre-olivierboisvert/Desktop/GIT/Spotify-ETL/env/lib/python3.8/site-packages/airflow/example_dags/example_trigger_controller_dag.py
[2021-07-12 14:20:03,853] {scheduler_job.py:643} INFO - DAG(s) dict_keys(['example_trigger_controller_dag']) retrieved from /Users/pierre-olivierboisvert/Desktop/GIT/Spotify-ETL/env/lib/python3.8/site-packages/airflow/example_dags/example_trigger_controller_dag.py
[2021-07-12 14:20:03,898] {logging_mixin.py:104} INFO - [2021-07-12 14:20:03,898] {dag.py:1833} INFO - Sync 1 DAGs
[2021-07-12 14:20:03,912] {logging_mixin.py:104} INFO - [2021-07-12 14:20:03,911] {dag.py:2306} INFO - Setting next_dagrun for example_trigger_controller_dag to 2021-07-10 00:00:00+00:00
[2021-07-12 14:20:03,925] {scheduler_job.py:190} INFO - Processing /Users/pierre-olivierboisvert/Desktop/GIT/Spotify-ETL/env/lib/python3.8/site-packages/airflow/example_dags/example_trigger_controller_dag.py took 0.083 seconds
[2021-07-12 14:21:38,035] {scheduler_job.py:182} INFO - Started process (PID=68961) to work on /Users/pierre-olivierboisvert/Desktop/GIT/Spotify-ETL/env/lib/python3.8/site-packages/airflow/example_dags/example_trigger_controller_dag.py
[2021-07-12 14:21:38,038] {scheduler_job.py:633} INFO - Processing file /Users/pierre-olivierboisvert/Desktop/GIT/Spotify-ETL/env/lib/python3.8/site-packages/airflow/example_dags/example_trigger_controller_dag.py for tasks to queue
[2021-07-12 14:21:38,038] {logging_mixin.py:104} INFO - [2021-07-12 14:21:38,038] {dagbag.py:496} INFO - Filling up the DagBag from /Users/pierre-olivierboisvert/Desktop/GIT/Spotify-ETL/env/lib/python3.8/site-packages/airflow/example_dags/example_trigger_controller_dag.py
[2021-07-12 14:21:38,049] {scheduler_job.py:643} INFO - DAG(s) dict_keys(['example_trigger_controller_dag']) retrieved from /Users/pierre-olivierboisvert/Desktop/GIT/Spotify-ETL/env/lib/python3.8/site-packages/airflow/example_dags/example_trigger_controller_dag.py
[2021-07-12 14:21:38,093] {logging_mixin.py:104} INFO - [2021-07-12 14:21:38,093] {dag.py:1833} INFO - Sync 1 DAGs
[2021-07-12 14:21:38,104] {logging_mixin.py:104} INFO - [2021-07-12 14:21:38,104] {dag.py:2306} INFO - Setting next_dagrun for example_trigger_controller_dag to 2021-07-10 00:00:00+00:00
[2021-07-12 14:21:38,121] {scheduler_job.py:190} INFO - Processing /Users/pierre-olivierboisvert/Desktop/GIT/Spotify-ETL/env/lib/python3.8/site-packages/airflow/example_dags/example_trigger_controller_dag.py took 0.087 seconds
[2021-07-12 14:22:37,824] {scheduler_job.py:182} INFO - Started process (PID=69126) to work on /Users/pierre-olivierboisvert/Desktop/GIT/Spotify-ETL/env/lib/python3.8/site-packages/airflow/example_dags/example_trigger_controller_dag.py
[2021-07-12 14:22:37,825] {scheduler_job.py:633} INFO - Processing file /Users/pierre-olivierboisvert/Desktop/GIT/Spotify-ETL/env/lib/python3.8/site-packages/airflow/example_dags/example_trigger_controller_dag.py for tasks to queue
[2021-07-12 14:22:37,826] {logging_mixin.py:104} INFO - [2021-07-12 14:22:37,826] {dagbag.py:496} INFO - Filling up the DagBag from /Users/pierre-olivierboisvert/Desktop/GIT/Spotify-ETL/env/lib/python3.8/site-packages/airflow/example_dags/example_trigger_controller_dag.py
[2021-07-12 14:22:37,836] {scheduler_job.py:643} INFO - DAG(s) dict_keys(['example_trigger_controller_dag']) retrieved from /Users/pierre-olivierboisvert/Desktop/GIT/Spotify-ETL/env/lib/python3.8/site-packages/airflow/example_dags/example_trigger_controller_dag.py
[2021-07-12 14:22:37,877] {logging_mixin.py:104} INFO - [2021-07-12 14:22:37,877] {dag.py:1833} INFO - Sync 1 DAGs
[2021-07-12 14:22:37,885] {logging_mixin.py:104} INFO - [2021-07-12 14:22:37,885] {dag.py:2306} INFO - Setting next_dagrun for example_trigger_controller_dag to 2021-07-10 00:00:00+00:00
[2021-07-12 14:22:37,898] {scheduler_job.py:190} INFO - Processing /Users/pierre-olivierboisvert/Desktop/GIT/Spotify-ETL/env/lib/python3.8/site-packages/airflow/example_dags/example_trigger_controller_dag.py took 0.075 seconds
[2021-07-12 14:24:03,825] {scheduler_job.py:182} INFO - Started process (PID=69251) to work on /Users/pierre-olivierboisvert/Desktop/GIT/Spotify-ETL/env/lib/python3.8/site-packages/airflow/example_dags/example_trigger_controller_dag.py
[2021-07-12 14:24:03,826] {scheduler_job.py:633} INFO - Processing file /Users/pierre-olivierboisvert/Desktop/GIT/Spotify-ETL/env/lib/python3.8/site-packages/airflow/example_dags/example_trigger_controller_dag.py for tasks to queue
[2021-07-12 14:24:03,826] {logging_mixin.py:104} INFO - [2021-07-12 14:24:03,826] {dagbag.py:496} INFO - Filling up the DagBag from /Users/pierre-olivierboisvert/Desktop/GIT/Spotify-ETL/env/lib/python3.8/site-packages/airflow/example_dags/example_trigger_controller_dag.py
[2021-07-12 14:24:03,834] {scheduler_job.py:643} INFO - DAG(s) dict_keys(['example_trigger_controller_dag']) retrieved from /Users/pierre-olivierboisvert/Desktop/GIT/Spotify-ETL/env/lib/python3.8/site-packages/airflow/example_dags/example_trigger_controller_dag.py
[2021-07-12 14:24:03,872] {logging_mixin.py:104} INFO - [2021-07-12 14:24:03,871] {dag.py:1833} INFO - Sync 1 DAGs
[2021-07-12 14:24:03,882] {logging_mixin.py:104} INFO - [2021-07-12 14:24:03,882] {dag.py:2306} INFO - Setting next_dagrun for example_trigger_controller_dag to 2021-07-10 00:00:00+00:00
[2021-07-12 14:24:03,892] {scheduler_job.py:190} INFO - Processing /Users/pierre-olivierboisvert/Desktop/GIT/Spotify-ETL/env/lib/python3.8/site-packages/airflow/example_dags/example_trigger_controller_dag.py took 0.067 seconds
[2021-07-12 14:25:01,353] {scheduler_job.py:182} INFO - Started process (PID=69370) to work on /Users/pierre-olivierboisvert/Desktop/GIT/Spotify-ETL/env/lib/python3.8/site-packages/airflow/example_dags/example_trigger_controller_dag.py
[2021-07-12 14:25:01,353] {scheduler_job.py:633} INFO - Processing file /Users/pierre-olivierboisvert/Desktop/GIT/Spotify-ETL/env/lib/python3.8/site-packages/airflow/example_dags/example_trigger_controller_dag.py for tasks to queue
[2021-07-12 14:25:01,354] {logging_mixin.py:104} INFO - [2021-07-12 14:25:01,354] {dagbag.py:496} INFO - Filling up the DagBag from /Users/pierre-olivierboisvert/Desktop/GIT/Spotify-ETL/env/lib/python3.8/site-packages/airflow/example_dags/example_trigger_controller_dag.py
[2021-07-12 14:25:01,363] {scheduler_job.py:643} INFO - DAG(s) dict_keys(['example_trigger_controller_dag']) retrieved from /Users/pierre-olivierboisvert/Desktop/GIT/Spotify-ETL/env/lib/python3.8/site-packages/airflow/example_dags/example_trigger_controller_dag.py
[2021-07-12 14:25:01,407] {logging_mixin.py:104} INFO - [2021-07-12 14:25:01,406] {dag.py:1833} INFO - Sync 1 DAGs
[2021-07-12 14:25:01,415] {logging_mixin.py:104} INFO - [2021-07-12 14:25:01,415] {dag.py:2306} INFO - Setting next_dagrun for example_trigger_controller_dag to 2021-07-10 00:00:00+00:00
[2021-07-12 14:25:01,425] {scheduler_job.py:190} INFO - Processing /Users/pierre-olivierboisvert/Desktop/GIT/Spotify-ETL/env/lib/python3.8/site-packages/airflow/example_dags/example_trigger_controller_dag.py took 0.073 seconds
[2021-07-12 14:26:07,294] {scheduler_job.py:182} INFO - Started process (PID=69480) to work on /Users/pierre-olivierboisvert/Desktop/GIT/Spotify-ETL/env/lib/python3.8/site-packages/airflow/example_dags/example_trigger_controller_dag.py
[2021-07-12 14:26:07,295] {scheduler_job.py:633} INFO - Processing file /Users/pierre-olivierboisvert/Desktop/GIT/Spotify-ETL/env/lib/python3.8/site-packages/airflow/example_dags/example_trigger_controller_dag.py for tasks to queue
[2021-07-12 14:26:07,295] {logging_mixin.py:104} INFO - [2021-07-12 14:26:07,295] {dagbag.py:496} INFO - Filling up the DagBag from /Users/pierre-olivierboisvert/Desktop/GIT/Spotify-ETL/env/lib/python3.8/site-packages/airflow/example_dags/example_trigger_controller_dag.py
[2021-07-12 14:26:07,302] {scheduler_job.py:643} INFO - DAG(s) dict_keys(['example_trigger_controller_dag']) retrieved from /Users/pierre-olivierboisvert/Desktop/GIT/Spotify-ETL/env/lib/python3.8/site-packages/airflow/example_dags/example_trigger_controller_dag.py
[2021-07-12 14:26:07,341] {logging_mixin.py:104} INFO - [2021-07-12 14:26:07,341] {dag.py:1833} INFO - Sync 1 DAGs
[2021-07-12 14:26:07,350] {logging_mixin.py:104} INFO - [2021-07-12 14:26:07,349] {dag.py:2306} INFO - Setting next_dagrun for example_trigger_controller_dag to 2021-07-10 00:00:00+00:00
[2021-07-12 14:26:07,363] {scheduler_job.py:190} INFO - Processing /Users/pierre-olivierboisvert/Desktop/GIT/Spotify-ETL/env/lib/python3.8/site-packages/airflow/example_dags/example_trigger_controller_dag.py took 0.069 seconds
