[2021-07-12 13:39:44,360] {scheduler_job.py:182} INFO - Started process (PID=65722) to work on /Users/pierre-olivierboisvert/Desktop/GIT/Spotify-ETL/env/lib/python3.8/site-packages/airflow/example_dags/example_latest_only.py
[2021-07-12 13:39:44,361] {scheduler_job.py:633} INFO - Processing file /Users/pierre-olivierboisvert/Desktop/GIT/Spotify-ETL/env/lib/python3.8/site-packages/airflow/example_dags/example_latest_only.py for tasks to queue
[2021-07-12 13:39:44,362] {logging_mixin.py:104} INFO - [2021-07-12 13:39:44,362] {dagbag.py:496} INFO - Filling up the DagBag from /Users/pierre-olivierboisvert/Desktop/GIT/Spotify-ETL/env/lib/python3.8/site-packages/airflow/example_dags/example_latest_only.py
[2021-07-12 13:39:44,379] {scheduler_job.py:643} INFO - DAG(s) dict_keys(['latest_only']) retrieved from /Users/pierre-olivierboisvert/Desktop/GIT/Spotify-ETL/env/lib/python3.8/site-packages/airflow/example_dags/example_latest_only.py
[2021-07-12 13:39:44,418] {logging_mixin.py:104} INFO - [2021-07-12 13:39:44,418] {dag.py:1833} INFO - Sync 1 DAGs
[2021-07-12 13:39:44,427] {logging_mixin.py:104} INFO - [2021-07-12 13:39:44,427] {dag.py:2306} INFO - Setting next_dagrun for latest_only to 2021-07-10 00:00:00+00:00
[2021-07-12 13:39:44,441] {scheduler_job.py:190} INFO - Processing /Users/pierre-olivierboisvert/Desktop/GIT/Spotify-ETL/env/lib/python3.8/site-packages/airflow/example_dags/example_latest_only.py took 0.081 seconds
[2021-07-12 13:41:09,253] {scheduler_job.py:182} INFO - Started process (PID=65913) to work on /Users/pierre-olivierboisvert/Desktop/GIT/Spotify-ETL/env/lib/python3.8/site-packages/airflow/example_dags/example_latest_only.py
[2021-07-12 13:41:09,253] {scheduler_job.py:633} INFO - Processing file /Users/pierre-olivierboisvert/Desktop/GIT/Spotify-ETL/env/lib/python3.8/site-packages/airflow/example_dags/example_latest_only.py for tasks to queue
[2021-07-12 13:41:09,254] {logging_mixin.py:104} INFO - [2021-07-12 13:41:09,253] {dagbag.py:496} INFO - Filling up the DagBag from /Users/pierre-olivierboisvert/Desktop/GIT/Spotify-ETL/env/lib/python3.8/site-packages/airflow/example_dags/example_latest_only.py
[2021-07-12 13:41:09,261] {scheduler_job.py:643} INFO - DAG(s) dict_keys(['latest_only']) retrieved from /Users/pierre-olivierboisvert/Desktop/GIT/Spotify-ETL/env/lib/python3.8/site-packages/airflow/example_dags/example_latest_only.py
[2021-07-12 13:41:09,315] {logging_mixin.py:104} INFO - [2021-07-12 13:41:09,314] {dag.py:1833} INFO - Sync 1 DAGs
[2021-07-12 13:41:09,333] {logging_mixin.py:104} INFO - [2021-07-12 13:41:09,333] {dag.py:2306} INFO - Setting next_dagrun for latest_only to 2021-07-10 00:00:00+00:00
[2021-07-12 13:41:09,359] {scheduler_job.py:190} INFO - Processing /Users/pierre-olivierboisvert/Desktop/GIT/Spotify-ETL/env/lib/python3.8/site-packages/airflow/example_dags/example_latest_only.py took 0.107 seconds
[2021-07-12 13:42:28,108] {scheduler_job.py:182} INFO - Started process (PID=65985) to work on /Users/pierre-olivierboisvert/Desktop/GIT/Spotify-ETL/env/lib/python3.8/site-packages/airflow/example_dags/example_latest_only.py
[2021-07-12 13:42:28,108] {scheduler_job.py:633} INFO - Processing file /Users/pierre-olivierboisvert/Desktop/GIT/Spotify-ETL/env/lib/python3.8/site-packages/airflow/example_dags/example_latest_only.py for tasks to queue
[2021-07-12 13:42:28,109] {logging_mixin.py:104} INFO - [2021-07-12 13:42:28,109] {dagbag.py:496} INFO - Filling up the DagBag from /Users/pierre-olivierboisvert/Desktop/GIT/Spotify-ETL/env/lib/python3.8/site-packages/airflow/example_dags/example_latest_only.py
[2021-07-12 13:42:28,118] {scheduler_job.py:643} INFO - DAG(s) dict_keys(['latest_only']) retrieved from /Users/pierre-olivierboisvert/Desktop/GIT/Spotify-ETL/env/lib/python3.8/site-packages/airflow/example_dags/example_latest_only.py
[2021-07-12 13:42:28,158] {logging_mixin.py:104} INFO - [2021-07-12 13:42:28,158] {dag.py:1833} INFO - Sync 1 DAGs
[2021-07-12 13:42:28,167] {logging_mixin.py:104} INFO - [2021-07-12 13:42:28,167] {dag.py:2306} INFO - Setting next_dagrun for latest_only to 2021-07-10 00:00:00+00:00
[2021-07-12 13:42:28,179] {scheduler_job.py:190} INFO - Processing /Users/pierre-olivierboisvert/Desktop/GIT/Spotify-ETL/env/lib/python3.8/site-packages/airflow/example_dags/example_latest_only.py took 0.072 seconds
[2021-07-12 13:43:35,152] {scheduler_job.py:182} INFO - Started process (PID=66049) to work on /Users/pierre-olivierboisvert/Desktop/GIT/Spotify-ETL/env/lib/python3.8/site-packages/airflow/example_dags/example_latest_only.py
[2021-07-12 13:43:35,152] {scheduler_job.py:633} INFO - Processing file /Users/pierre-olivierboisvert/Desktop/GIT/Spotify-ETL/env/lib/python3.8/site-packages/airflow/example_dags/example_latest_only.py for tasks to queue
[2021-07-12 13:43:35,153] {logging_mixin.py:104} INFO - [2021-07-12 13:43:35,153] {dagbag.py:496} INFO - Filling up the DagBag from /Users/pierre-olivierboisvert/Desktop/GIT/Spotify-ETL/env/lib/python3.8/site-packages/airflow/example_dags/example_latest_only.py
[2021-07-12 13:43:35,162] {scheduler_job.py:643} INFO - DAG(s) dict_keys(['latest_only']) retrieved from /Users/pierre-olivierboisvert/Desktop/GIT/Spotify-ETL/env/lib/python3.8/site-packages/airflow/example_dags/example_latest_only.py
[2021-07-12 13:43:35,202] {logging_mixin.py:104} INFO - [2021-07-12 13:43:35,202] {dag.py:1833} INFO - Sync 1 DAGs
[2021-07-12 13:43:35,211] {logging_mixin.py:104} INFO - [2021-07-12 13:43:35,211] {dag.py:2306} INFO - Setting next_dagrun for latest_only to 2021-07-10 00:00:00+00:00
[2021-07-12 13:43:35,222] {scheduler_job.py:190} INFO - Processing /Users/pierre-olivierboisvert/Desktop/GIT/Spotify-ETL/env/lib/python3.8/site-packages/airflow/example_dags/example_latest_only.py took 0.071 seconds
[2021-07-12 13:44:44,550] {scheduler_job.py:182} INFO - Started process (PID=66119) to work on /Users/pierre-olivierboisvert/Desktop/GIT/Spotify-ETL/env/lib/python3.8/site-packages/airflow/example_dags/example_latest_only.py
[2021-07-12 13:44:44,551] {scheduler_job.py:633} INFO - Processing file /Users/pierre-olivierboisvert/Desktop/GIT/Spotify-ETL/env/lib/python3.8/site-packages/airflow/example_dags/example_latest_only.py for tasks to queue
[2021-07-12 13:44:44,552] {logging_mixin.py:104} INFO - [2021-07-12 13:44:44,551] {dagbag.py:496} INFO - Filling up the DagBag from /Users/pierre-olivierboisvert/Desktop/GIT/Spotify-ETL/env/lib/python3.8/site-packages/airflow/example_dags/example_latest_only.py
[2021-07-12 13:44:44,562] {scheduler_job.py:643} INFO - DAG(s) dict_keys(['latest_only']) retrieved from /Users/pierre-olivierboisvert/Desktop/GIT/Spotify-ETL/env/lib/python3.8/site-packages/airflow/example_dags/example_latest_only.py
[2021-07-12 13:44:44,600] {logging_mixin.py:104} INFO - [2021-07-12 13:44:44,600] {dag.py:1833} INFO - Sync 1 DAGs
[2021-07-12 13:44:44,611] {logging_mixin.py:104} INFO - [2021-07-12 13:44:44,611] {dag.py:2306} INFO - Setting next_dagrun for latest_only to 2021-07-10 00:00:00+00:00
[2021-07-12 13:44:44,623] {scheduler_job.py:190} INFO - Processing /Users/pierre-olivierboisvert/Desktop/GIT/Spotify-ETL/env/lib/python3.8/site-packages/airflow/example_dags/example_latest_only.py took 0.073 seconds
[2021-07-12 13:45:51,423] {scheduler_job.py:182} INFO - Started process (PID=66184) to work on /Users/pierre-olivierboisvert/Desktop/GIT/Spotify-ETL/env/lib/python3.8/site-packages/airflow/example_dags/example_latest_only.py
[2021-07-12 13:45:51,423] {scheduler_job.py:633} INFO - Processing file /Users/pierre-olivierboisvert/Desktop/GIT/Spotify-ETL/env/lib/python3.8/site-packages/airflow/example_dags/example_latest_only.py for tasks to queue
[2021-07-12 13:45:51,424] {logging_mixin.py:104} INFO - [2021-07-12 13:45:51,424] {dagbag.py:496} INFO - Filling up the DagBag from /Users/pierre-olivierboisvert/Desktop/GIT/Spotify-ETL/env/lib/python3.8/site-packages/airflow/example_dags/example_latest_only.py
[2021-07-12 13:45:51,433] {scheduler_job.py:643} INFO - DAG(s) dict_keys(['latest_only']) retrieved from /Users/pierre-olivierboisvert/Desktop/GIT/Spotify-ETL/env/lib/python3.8/site-packages/airflow/example_dags/example_latest_only.py
[2021-07-12 13:45:51,476] {logging_mixin.py:104} INFO - [2021-07-12 13:45:51,476] {dag.py:1833} INFO - Sync 1 DAGs
[2021-07-12 13:45:51,484] {logging_mixin.py:104} INFO - [2021-07-12 13:45:51,484] {dag.py:2306} INFO - Setting next_dagrun for latest_only to 2021-07-10 00:00:00+00:00
[2021-07-12 13:45:51,499] {scheduler_job.py:190} INFO - Processing /Users/pierre-olivierboisvert/Desktop/GIT/Spotify-ETL/env/lib/python3.8/site-packages/airflow/example_dags/example_latest_only.py took 0.077 seconds
[2021-07-12 13:47:01,551] {scheduler_job.py:182} INFO - Started process (PID=66253) to work on /Users/pierre-olivierboisvert/Desktop/GIT/Spotify-ETL/env/lib/python3.8/site-packages/airflow/example_dags/example_latest_only.py
[2021-07-12 13:47:01,552] {scheduler_job.py:633} INFO - Processing file /Users/pierre-olivierboisvert/Desktop/GIT/Spotify-ETL/env/lib/python3.8/site-packages/airflow/example_dags/example_latest_only.py for tasks to queue
[2021-07-12 13:47:01,552] {logging_mixin.py:104} INFO - [2021-07-12 13:47:01,552] {dagbag.py:496} INFO - Filling up the DagBag from /Users/pierre-olivierboisvert/Desktop/GIT/Spotify-ETL/env/lib/python3.8/site-packages/airflow/example_dags/example_latest_only.py
[2021-07-12 13:47:01,560] {scheduler_job.py:643} INFO - DAG(s) dict_keys(['latest_only']) retrieved from /Users/pierre-olivierboisvert/Desktop/GIT/Spotify-ETL/env/lib/python3.8/site-packages/airflow/example_dags/example_latest_only.py
[2021-07-12 13:47:01,598] {logging_mixin.py:104} INFO - [2021-07-12 13:47:01,598] {dag.py:1833} INFO - Sync 1 DAGs
[2021-07-12 13:47:01,606] {logging_mixin.py:104} INFO - [2021-07-12 13:47:01,606] {dag.py:2306} INFO - Setting next_dagrun for latest_only to 2021-07-10 00:00:00+00:00
[2021-07-12 13:47:01,620] {scheduler_job.py:190} INFO - Processing /Users/pierre-olivierboisvert/Desktop/GIT/Spotify-ETL/env/lib/python3.8/site-packages/airflow/example_dags/example_latest_only.py took 0.069 seconds
[2021-07-12 13:48:08,958] {scheduler_job.py:182} INFO - Started process (PID=66324) to work on /Users/pierre-olivierboisvert/Desktop/GIT/Spotify-ETL/env/lib/python3.8/site-packages/airflow/example_dags/example_latest_only.py
[2021-07-12 13:48:08,958] {scheduler_job.py:633} INFO - Processing file /Users/pierre-olivierboisvert/Desktop/GIT/Spotify-ETL/env/lib/python3.8/site-packages/airflow/example_dags/example_latest_only.py for tasks to queue
[2021-07-12 13:48:08,959] {logging_mixin.py:104} INFO - [2021-07-12 13:48:08,959] {dagbag.py:496} INFO - Filling up the DagBag from /Users/pierre-olivierboisvert/Desktop/GIT/Spotify-ETL/env/lib/python3.8/site-packages/airflow/example_dags/example_latest_only.py
[2021-07-12 13:48:08,966] {scheduler_job.py:643} INFO - DAG(s) dict_keys(['latest_only']) retrieved from /Users/pierre-olivierboisvert/Desktop/GIT/Spotify-ETL/env/lib/python3.8/site-packages/airflow/example_dags/example_latest_only.py
[2021-07-12 13:48:09,001] {logging_mixin.py:104} INFO - [2021-07-12 13:48:09,001] {dag.py:1833} INFO - Sync 1 DAGs
[2021-07-12 13:48:09,009] {logging_mixin.py:104} INFO - [2021-07-12 13:48:09,009] {dag.py:2306} INFO - Setting next_dagrun for latest_only to 2021-07-10 00:00:00+00:00
[2021-07-12 13:48:09,022] {scheduler_job.py:190} INFO - Processing /Users/pierre-olivierboisvert/Desktop/GIT/Spotify-ETL/env/lib/python3.8/site-packages/airflow/example_dags/example_latest_only.py took 0.065 seconds
[2021-07-12 13:49:29,695] {scheduler_job.py:182} INFO - Started process (PID=66417) to work on /Users/pierre-olivierboisvert/Desktop/GIT/Spotify-ETL/env/lib/python3.8/site-packages/airflow/example_dags/example_latest_only.py
[2021-07-12 13:49:29,696] {scheduler_job.py:633} INFO - Processing file /Users/pierre-olivierboisvert/Desktop/GIT/Spotify-ETL/env/lib/python3.8/site-packages/airflow/example_dags/example_latest_only.py for tasks to queue
[2021-07-12 13:49:29,697] {logging_mixin.py:104} INFO - [2021-07-12 13:49:29,697] {dagbag.py:496} INFO - Filling up the DagBag from /Users/pierre-olivierboisvert/Desktop/GIT/Spotify-ETL/env/lib/python3.8/site-packages/airflow/example_dags/example_latest_only.py
[2021-07-12 13:49:29,709] {scheduler_job.py:643} INFO - DAG(s) dict_keys(['latest_only']) retrieved from /Users/pierre-olivierboisvert/Desktop/GIT/Spotify-ETL/env/lib/python3.8/site-packages/airflow/example_dags/example_latest_only.py
[2021-07-12 13:49:29,765] {logging_mixin.py:104} INFO - [2021-07-12 13:49:29,765] {dag.py:1833} INFO - Sync 1 DAGs
[2021-07-12 13:49:29,781] {logging_mixin.py:104} INFO - [2021-07-12 13:49:29,781] {dag.py:2306} INFO - Setting next_dagrun for latest_only to 2021-07-10 00:00:00+00:00
[2021-07-12 13:49:29,797] {scheduler_job.py:190} INFO - Processing /Users/pierre-olivierboisvert/Desktop/GIT/Spotify-ETL/env/lib/python3.8/site-packages/airflow/example_dags/example_latest_only.py took 0.103 seconds
[2021-07-12 13:50:56,025] {scheduler_job.py:182} INFO - Started process (PID=66498) to work on /Users/pierre-olivierboisvert/Desktop/GIT/Spotify-ETL/env/lib/python3.8/site-packages/airflow/example_dags/example_latest_only.py
[2021-07-12 13:50:56,025] {scheduler_job.py:633} INFO - Processing file /Users/pierre-olivierboisvert/Desktop/GIT/Spotify-ETL/env/lib/python3.8/site-packages/airflow/example_dags/example_latest_only.py for tasks to queue
[2021-07-12 13:50:56,026] {logging_mixin.py:104} INFO - [2021-07-12 13:50:56,026] {dagbag.py:496} INFO - Filling up the DagBag from /Users/pierre-olivierboisvert/Desktop/GIT/Spotify-ETL/env/lib/python3.8/site-packages/airflow/example_dags/example_latest_only.py
[2021-07-12 13:50:56,036] {scheduler_job.py:643} INFO - DAG(s) dict_keys(['latest_only']) retrieved from /Users/pierre-olivierboisvert/Desktop/GIT/Spotify-ETL/env/lib/python3.8/site-packages/airflow/example_dags/example_latest_only.py
[2021-07-12 13:50:56,075] {logging_mixin.py:104} INFO - [2021-07-12 13:50:56,075] {dag.py:1833} INFO - Sync 1 DAGs
[2021-07-12 13:50:56,085] {logging_mixin.py:104} INFO - [2021-07-12 13:50:56,085] {dag.py:2306} INFO - Setting next_dagrun for latest_only to 2021-07-10 00:00:00+00:00
[2021-07-12 13:50:56,094] {scheduler_job.py:190} INFO - Processing /Users/pierre-olivierboisvert/Desktop/GIT/Spotify-ETL/env/lib/python3.8/site-packages/airflow/example_dags/example_latest_only.py took 0.070 seconds
[2021-07-12 13:52:12,835] {scheduler_job.py:182} INFO - Started process (PID=66578) to work on /Users/pierre-olivierboisvert/Desktop/GIT/Spotify-ETL/env/lib/python3.8/site-packages/airflow/example_dags/example_latest_only.py
[2021-07-12 13:52:12,835] {scheduler_job.py:633} INFO - Processing file /Users/pierre-olivierboisvert/Desktop/GIT/Spotify-ETL/env/lib/python3.8/site-packages/airflow/example_dags/example_latest_only.py for tasks to queue
[2021-07-12 13:52:12,835] {logging_mixin.py:104} INFO - [2021-07-12 13:52:12,835] {dagbag.py:496} INFO - Filling up the DagBag from /Users/pierre-olivierboisvert/Desktop/GIT/Spotify-ETL/env/lib/python3.8/site-packages/airflow/example_dags/example_latest_only.py
[2021-07-12 13:52:12,843] {scheduler_job.py:643} INFO - DAG(s) dict_keys(['latest_only']) retrieved from /Users/pierre-olivierboisvert/Desktop/GIT/Spotify-ETL/env/lib/python3.8/site-packages/airflow/example_dags/example_latest_only.py
[2021-07-12 13:52:12,882] {logging_mixin.py:104} INFO - [2021-07-12 13:52:12,881] {dag.py:1833} INFO - Sync 1 DAGs
[2021-07-12 13:52:12,890] {logging_mixin.py:104} INFO - [2021-07-12 13:52:12,890] {dag.py:2306} INFO - Setting next_dagrun for latest_only to 2021-07-10 00:00:00+00:00
[2021-07-12 13:52:12,906] {scheduler_job.py:190} INFO - Processing /Users/pierre-olivierboisvert/Desktop/GIT/Spotify-ETL/env/lib/python3.8/site-packages/airflow/example_dags/example_latest_only.py took 0.073 seconds
[2021-07-12 13:53:44,088] {scheduler_job.py:182} INFO - Started process (PID=66763) to work on /Users/pierre-olivierboisvert/Desktop/GIT/Spotify-ETL/env/lib/python3.8/site-packages/airflow/example_dags/example_latest_only.py
[2021-07-12 13:53:44,088] {scheduler_job.py:633} INFO - Processing file /Users/pierre-olivierboisvert/Desktop/GIT/Spotify-ETL/env/lib/python3.8/site-packages/airflow/example_dags/example_latest_only.py for tasks to queue
[2021-07-12 13:53:44,089] {logging_mixin.py:104} INFO - [2021-07-12 13:53:44,088] {dagbag.py:496} INFO - Filling up the DagBag from /Users/pierre-olivierboisvert/Desktop/GIT/Spotify-ETL/env/lib/python3.8/site-packages/airflow/example_dags/example_latest_only.py
[2021-07-12 13:53:44,096] {scheduler_job.py:643} INFO - DAG(s) dict_keys(['latest_only']) retrieved from /Users/pierre-olivierboisvert/Desktop/GIT/Spotify-ETL/env/lib/python3.8/site-packages/airflow/example_dags/example_latest_only.py
[2021-07-12 13:53:44,142] {logging_mixin.py:104} INFO - [2021-07-12 13:53:44,142] {dag.py:1833} INFO - Sync 1 DAGs
[2021-07-12 13:53:44,153] {logging_mixin.py:104} INFO - [2021-07-12 13:53:44,153] {dag.py:2306} INFO - Setting next_dagrun for latest_only to 2021-07-10 00:00:00+00:00
[2021-07-12 13:53:44,166] {scheduler_job.py:190} INFO - Processing /Users/pierre-olivierboisvert/Desktop/GIT/Spotify-ETL/env/lib/python3.8/site-packages/airflow/example_dags/example_latest_only.py took 0.079 seconds
[2021-07-12 13:55:05,985] {scheduler_job.py:182} INFO - Started process (PID=66961) to work on /Users/pierre-olivierboisvert/Desktop/GIT/Spotify-ETL/env/lib/python3.8/site-packages/airflow/example_dags/example_latest_only.py
[2021-07-12 13:55:05,986] {scheduler_job.py:633} INFO - Processing file /Users/pierre-olivierboisvert/Desktop/GIT/Spotify-ETL/env/lib/python3.8/site-packages/airflow/example_dags/example_latest_only.py for tasks to queue
[2021-07-12 13:55:05,986] {logging_mixin.py:104} INFO - [2021-07-12 13:55:05,986] {dagbag.py:496} INFO - Filling up the DagBag from /Users/pierre-olivierboisvert/Desktop/GIT/Spotify-ETL/env/lib/python3.8/site-packages/airflow/example_dags/example_latest_only.py
[2021-07-12 13:55:05,994] {scheduler_job.py:643} INFO - DAG(s) dict_keys(['latest_only']) retrieved from /Users/pierre-olivierboisvert/Desktop/GIT/Spotify-ETL/env/lib/python3.8/site-packages/airflow/example_dags/example_latest_only.py
[2021-07-12 13:55:06,033] {logging_mixin.py:104} INFO - [2021-07-12 13:55:06,033] {dag.py:1833} INFO - Sync 1 DAGs
[2021-07-12 13:55:06,042] {logging_mixin.py:104} INFO - [2021-07-12 13:55:06,042] {dag.py:2306} INFO - Setting next_dagrun for latest_only to 2021-07-10 00:00:00+00:00
[2021-07-12 13:55:06,057] {scheduler_job.py:190} INFO - Processing /Users/pierre-olivierboisvert/Desktop/GIT/Spotify-ETL/env/lib/python3.8/site-packages/airflow/example_dags/example_latest_only.py took 0.072 seconds
[2021-07-12 13:56:19,064] {scheduler_job.py:182} INFO - Started process (PID=67031) to work on /Users/pierre-olivierboisvert/Desktop/GIT/Spotify-ETL/env/lib/python3.8/site-packages/airflow/example_dags/example_latest_only.py
[2021-07-12 13:56:19,065] {scheduler_job.py:633} INFO - Processing file /Users/pierre-olivierboisvert/Desktop/GIT/Spotify-ETL/env/lib/python3.8/site-packages/airflow/example_dags/example_latest_only.py for tasks to queue
[2021-07-12 13:56:19,065] {logging_mixin.py:104} INFO - [2021-07-12 13:56:19,065] {dagbag.py:496} INFO - Filling up the DagBag from /Users/pierre-olivierboisvert/Desktop/GIT/Spotify-ETL/env/lib/python3.8/site-packages/airflow/example_dags/example_latest_only.py
[2021-07-12 13:56:19,074] {scheduler_job.py:643} INFO - DAG(s) dict_keys(['latest_only']) retrieved from /Users/pierre-olivierboisvert/Desktop/GIT/Spotify-ETL/env/lib/python3.8/site-packages/airflow/example_dags/example_latest_only.py
[2021-07-12 13:56:19,111] {logging_mixin.py:104} INFO - [2021-07-12 13:56:19,111] {dag.py:1833} INFO - Sync 1 DAGs
[2021-07-12 13:56:19,121] {logging_mixin.py:104} INFO - [2021-07-12 13:56:19,121] {dag.py:2306} INFO - Setting next_dagrun for latest_only to 2021-07-10 00:00:00+00:00
[2021-07-12 13:56:19,133] {scheduler_job.py:190} INFO - Processing /Users/pierre-olivierboisvert/Desktop/GIT/Spotify-ETL/env/lib/python3.8/site-packages/airflow/example_dags/example_latest_only.py took 0.070 seconds
[2021-07-12 13:57:32,438] {scheduler_job.py:182} INFO - Started process (PID=67098) to work on /Users/pierre-olivierboisvert/Desktop/GIT/Spotify-ETL/env/lib/python3.8/site-packages/airflow/example_dags/example_latest_only.py
[2021-07-12 13:57:32,438] {scheduler_job.py:633} INFO - Processing file /Users/pierre-olivierboisvert/Desktop/GIT/Spotify-ETL/env/lib/python3.8/site-packages/airflow/example_dags/example_latest_only.py for tasks to queue
[2021-07-12 13:57:32,438] {logging_mixin.py:104} INFO - [2021-07-12 13:57:32,438] {dagbag.py:496} INFO - Filling up the DagBag from /Users/pierre-olivierboisvert/Desktop/GIT/Spotify-ETL/env/lib/python3.8/site-packages/airflow/example_dags/example_latest_only.py
[2021-07-12 13:57:32,446] {scheduler_job.py:643} INFO - DAG(s) dict_keys(['latest_only']) retrieved from /Users/pierre-olivierboisvert/Desktop/GIT/Spotify-ETL/env/lib/python3.8/site-packages/airflow/example_dags/example_latest_only.py
[2021-07-12 13:57:32,484] {logging_mixin.py:104} INFO - [2021-07-12 13:57:32,484] {dag.py:1833} INFO - Sync 1 DAGs
[2021-07-12 13:57:32,492] {logging_mixin.py:104} INFO - [2021-07-12 13:57:32,492] {dag.py:2306} INFO - Setting next_dagrun for latest_only to 2021-07-10 00:00:00+00:00
[2021-07-12 13:57:32,502] {scheduler_job.py:190} INFO - Processing /Users/pierre-olivierboisvert/Desktop/GIT/Spotify-ETL/env/lib/python3.8/site-packages/airflow/example_dags/example_latest_only.py took 0.065 seconds
[2021-07-12 13:58:59,456] {scheduler_job.py:182} INFO - Started process (PID=67181) to work on /Users/pierre-olivierboisvert/Desktop/GIT/Spotify-ETL/env/lib/python3.8/site-packages/airflow/example_dags/example_latest_only.py
[2021-07-12 13:58:59,457] {scheduler_job.py:633} INFO - Processing file /Users/pierre-olivierboisvert/Desktop/GIT/Spotify-ETL/env/lib/python3.8/site-packages/airflow/example_dags/example_latest_only.py for tasks to queue
[2021-07-12 13:58:59,457] {logging_mixin.py:104} INFO - [2021-07-12 13:58:59,457] {dagbag.py:496} INFO - Filling up the DagBag from /Users/pierre-olivierboisvert/Desktop/GIT/Spotify-ETL/env/lib/python3.8/site-packages/airflow/example_dags/example_latest_only.py
[2021-07-12 13:58:59,472] {scheduler_job.py:643} INFO - DAG(s) dict_keys(['latest_only']) retrieved from /Users/pierre-olivierboisvert/Desktop/GIT/Spotify-ETL/env/lib/python3.8/site-packages/airflow/example_dags/example_latest_only.py
[2021-07-12 13:58:59,531] {logging_mixin.py:104} INFO - [2021-07-12 13:58:59,531] {dag.py:1833} INFO - Sync 1 DAGs
[2021-07-12 13:58:59,544] {logging_mixin.py:104} INFO - [2021-07-12 13:58:59,544] {dag.py:2306} INFO - Setting next_dagrun for latest_only to 2021-07-10 00:00:00+00:00
[2021-07-12 13:58:59,557] {scheduler_job.py:190} INFO - Processing /Users/pierre-olivierboisvert/Desktop/GIT/Spotify-ETL/env/lib/python3.8/site-packages/airflow/example_dags/example_latest_only.py took 0.102 seconds
[2021-07-12 14:00:29,009] {scheduler_job.py:182} INFO - Started process (PID=67262) to work on /Users/pierre-olivierboisvert/Desktop/GIT/Spotify-ETL/env/lib/python3.8/site-packages/airflow/example_dags/example_latest_only.py
[2021-07-12 14:00:29,009] {scheduler_job.py:633} INFO - Processing file /Users/pierre-olivierboisvert/Desktop/GIT/Spotify-ETL/env/lib/python3.8/site-packages/airflow/example_dags/example_latest_only.py for tasks to queue
[2021-07-12 14:00:29,010] {logging_mixin.py:104} INFO - [2021-07-12 14:00:29,010] {dagbag.py:496} INFO - Filling up the DagBag from /Users/pierre-olivierboisvert/Desktop/GIT/Spotify-ETL/env/lib/python3.8/site-packages/airflow/example_dags/example_latest_only.py
[2021-07-12 14:00:29,020] {scheduler_job.py:643} INFO - DAG(s) dict_keys(['latest_only']) retrieved from /Users/pierre-olivierboisvert/Desktop/GIT/Spotify-ETL/env/lib/python3.8/site-packages/airflow/example_dags/example_latest_only.py
[2021-07-12 14:00:29,059] {logging_mixin.py:104} INFO - [2021-07-12 14:00:29,059] {dag.py:1833} INFO - Sync 1 DAGs
[2021-07-12 14:00:29,068] {logging_mixin.py:104} INFO - [2021-07-12 14:00:29,068] {dag.py:2306} INFO - Setting next_dagrun for latest_only to 2021-07-10 00:00:00+00:00
[2021-07-12 14:00:29,080] {scheduler_job.py:190} INFO - Processing /Users/pierre-olivierboisvert/Desktop/GIT/Spotify-ETL/env/lib/python3.8/site-packages/airflow/example_dags/example_latest_only.py took 0.072 seconds
[2021-07-12 14:01:49,270] {scheduler_job.py:182} INFO - Started process (PID=67337) to work on /Users/pierre-olivierboisvert/Desktop/GIT/Spotify-ETL/env/lib/python3.8/site-packages/airflow/example_dags/example_latest_only.py
[2021-07-12 14:01:49,273] {scheduler_job.py:633} INFO - Processing file /Users/pierre-olivierboisvert/Desktop/GIT/Spotify-ETL/env/lib/python3.8/site-packages/airflow/example_dags/example_latest_only.py for tasks to queue
[2021-07-12 14:01:49,274] {logging_mixin.py:104} INFO - [2021-07-12 14:01:49,274] {dagbag.py:496} INFO - Filling up the DagBag from /Users/pierre-olivierboisvert/Desktop/GIT/Spotify-ETL/env/lib/python3.8/site-packages/airflow/example_dags/example_latest_only.py
[2021-07-12 14:01:49,284] {scheduler_job.py:643} INFO - DAG(s) dict_keys(['latest_only']) retrieved from /Users/pierre-olivierboisvert/Desktop/GIT/Spotify-ETL/env/lib/python3.8/site-packages/airflow/example_dags/example_latest_only.py
[2021-07-12 14:01:49,398] {logging_mixin.py:104} INFO - [2021-07-12 14:01:49,398] {dag.py:1833} INFO - Sync 1 DAGs
[2021-07-12 14:01:49,414] {logging_mixin.py:104} INFO - [2021-07-12 14:01:49,414] {dag.py:2306} INFO - Setting next_dagrun for latest_only to 2021-07-10 00:00:00+00:00
[2021-07-12 14:01:49,427] {scheduler_job.py:190} INFO - Processing /Users/pierre-olivierboisvert/Desktop/GIT/Spotify-ETL/env/lib/python3.8/site-packages/airflow/example_dags/example_latest_only.py took 0.157 seconds
[2021-07-12 14:03:14,138] {scheduler_job.py:182} INFO - Started process (PID=67413) to work on /Users/pierre-olivierboisvert/Desktop/GIT/Spotify-ETL/env/lib/python3.8/site-packages/airflow/example_dags/example_latest_only.py
[2021-07-12 14:03:14,138] {scheduler_job.py:633} INFO - Processing file /Users/pierre-olivierboisvert/Desktop/GIT/Spotify-ETL/env/lib/python3.8/site-packages/airflow/example_dags/example_latest_only.py for tasks to queue
[2021-07-12 14:03:14,139] {logging_mixin.py:104} INFO - [2021-07-12 14:03:14,139] {dagbag.py:496} INFO - Filling up the DagBag from /Users/pierre-olivierboisvert/Desktop/GIT/Spotify-ETL/env/lib/python3.8/site-packages/airflow/example_dags/example_latest_only.py
[2021-07-12 14:03:14,147] {scheduler_job.py:643} INFO - DAG(s) dict_keys(['latest_only']) retrieved from /Users/pierre-olivierboisvert/Desktop/GIT/Spotify-ETL/env/lib/python3.8/site-packages/airflow/example_dags/example_latest_only.py
[2021-07-12 14:03:14,217] {logging_mixin.py:104} INFO - [2021-07-12 14:03:14,217] {dag.py:1833} INFO - Sync 1 DAGs
[2021-07-12 14:03:14,232] {logging_mixin.py:104} INFO - [2021-07-12 14:03:14,231] {dag.py:2306} INFO - Setting next_dagrun for latest_only to 2021-07-10 00:00:00+00:00
[2021-07-12 14:03:14,250] {scheduler_job.py:190} INFO - Processing /Users/pierre-olivierboisvert/Desktop/GIT/Spotify-ETL/env/lib/python3.8/site-packages/airflow/example_dags/example_latest_only.py took 0.112 seconds
[2021-07-12 14:04:48,105] {scheduler_job.py:182} INFO - Started process (PID=67489) to work on /Users/pierre-olivierboisvert/Desktop/GIT/Spotify-ETL/env/lib/python3.8/site-packages/airflow/example_dags/example_latest_only.py
[2021-07-12 14:04:48,106] {scheduler_job.py:633} INFO - Processing file /Users/pierre-olivierboisvert/Desktop/GIT/Spotify-ETL/env/lib/python3.8/site-packages/airflow/example_dags/example_latest_only.py for tasks to queue
[2021-07-12 14:04:48,107] {logging_mixin.py:104} INFO - [2021-07-12 14:04:48,106] {dagbag.py:496} INFO - Filling up the DagBag from /Users/pierre-olivierboisvert/Desktop/GIT/Spotify-ETL/env/lib/python3.8/site-packages/airflow/example_dags/example_latest_only.py
[2021-07-12 14:04:48,118] {scheduler_job.py:643} INFO - DAG(s) dict_keys(['latest_only']) retrieved from /Users/pierre-olivierboisvert/Desktop/GIT/Spotify-ETL/env/lib/python3.8/site-packages/airflow/example_dags/example_latest_only.py
[2021-07-12 14:04:48,168] {logging_mixin.py:104} INFO - [2021-07-12 14:04:48,167] {dag.py:1833} INFO - Sync 1 DAGs
[2021-07-12 14:04:48,178] {logging_mixin.py:104} INFO - [2021-07-12 14:04:48,178] {dag.py:2306} INFO - Setting next_dagrun for latest_only to 2021-07-10 00:00:00+00:00
[2021-07-12 14:04:48,194] {scheduler_job.py:190} INFO - Processing /Users/pierre-olivierboisvert/Desktop/GIT/Spotify-ETL/env/lib/python3.8/site-packages/airflow/example_dags/example_latest_only.py took 0.089 seconds
[2021-07-12 14:06:16,621] {scheduler_job.py:182} INFO - Started process (PID=67568) to work on /Users/pierre-olivierboisvert/Desktop/GIT/Spotify-ETL/env/lib/python3.8/site-packages/airflow/example_dags/example_latest_only.py
[2021-07-12 14:06:16,625] {scheduler_job.py:633} INFO - Processing file /Users/pierre-olivierboisvert/Desktop/GIT/Spotify-ETL/env/lib/python3.8/site-packages/airflow/example_dags/example_latest_only.py for tasks to queue
[2021-07-12 14:06:16,626] {logging_mixin.py:104} INFO - [2021-07-12 14:06:16,626] {dagbag.py:496} INFO - Filling up the DagBag from /Users/pierre-olivierboisvert/Desktop/GIT/Spotify-ETL/env/lib/python3.8/site-packages/airflow/example_dags/example_latest_only.py
[2021-07-12 14:06:16,637] {scheduler_job.py:643} INFO - DAG(s) dict_keys(['latest_only']) retrieved from /Users/pierre-olivierboisvert/Desktop/GIT/Spotify-ETL/env/lib/python3.8/site-packages/airflow/example_dags/example_latest_only.py
[2021-07-12 14:06:16,682] {logging_mixin.py:104} INFO - [2021-07-12 14:06:16,681] {dag.py:1833} INFO - Sync 1 DAGs
[2021-07-12 14:06:16,694] {logging_mixin.py:104} INFO - [2021-07-12 14:06:16,694] {dag.py:2306} INFO - Setting next_dagrun for latest_only to 2021-07-10 00:00:00+00:00
[2021-07-12 14:06:16,708] {scheduler_job.py:190} INFO - Processing /Users/pierre-olivierboisvert/Desktop/GIT/Spotify-ETL/env/lib/python3.8/site-packages/airflow/example_dags/example_latest_only.py took 0.088 seconds
[2021-07-12 14:07:57,620] {scheduler_job.py:182} INFO - Started process (PID=67654) to work on /Users/pierre-olivierboisvert/Desktop/GIT/Spotify-ETL/env/lib/python3.8/site-packages/airflow/example_dags/example_latest_only.py
[2021-07-12 14:07:57,621] {scheduler_job.py:633} INFO - Processing file /Users/pierre-olivierboisvert/Desktop/GIT/Spotify-ETL/env/lib/python3.8/site-packages/airflow/example_dags/example_latest_only.py for tasks to queue
[2021-07-12 14:07:57,621] {logging_mixin.py:104} INFO - [2021-07-12 14:07:57,621] {dagbag.py:496} INFO - Filling up the DagBag from /Users/pierre-olivierboisvert/Desktop/GIT/Spotify-ETL/env/lib/python3.8/site-packages/airflow/example_dags/example_latest_only.py
[2021-07-12 14:07:57,629] {scheduler_job.py:643} INFO - DAG(s) dict_keys(['latest_only']) retrieved from /Users/pierre-olivierboisvert/Desktop/GIT/Spotify-ETL/env/lib/python3.8/site-packages/airflow/example_dags/example_latest_only.py
[2021-07-12 14:07:57,666] {logging_mixin.py:104} INFO - [2021-07-12 14:07:57,666] {dag.py:1833} INFO - Sync 1 DAGs
[2021-07-12 14:07:57,674] {logging_mixin.py:104} INFO - [2021-07-12 14:07:57,674] {dag.py:2306} INFO - Setting next_dagrun for latest_only to 2021-07-10 00:00:00+00:00
[2021-07-12 14:07:57,688] {scheduler_job.py:190} INFO - Processing /Users/pierre-olivierboisvert/Desktop/GIT/Spotify-ETL/env/lib/python3.8/site-packages/airflow/example_dags/example_latest_only.py took 0.069 seconds
[2021-07-12 14:09:30,098] {scheduler_job.py:182} INFO - Started process (PID=67745) to work on /Users/pierre-olivierboisvert/Desktop/GIT/Spotify-ETL/env/lib/python3.8/site-packages/airflow/example_dags/example_latest_only.py
[2021-07-12 14:09:30,100] {scheduler_job.py:633} INFO - Processing file /Users/pierre-olivierboisvert/Desktop/GIT/Spotify-ETL/env/lib/python3.8/site-packages/airflow/example_dags/example_latest_only.py for tasks to queue
[2021-07-12 14:09:30,101] {logging_mixin.py:104} INFO - [2021-07-12 14:09:30,100] {dagbag.py:496} INFO - Filling up the DagBag from /Users/pierre-olivierboisvert/Desktop/GIT/Spotify-ETL/env/lib/python3.8/site-packages/airflow/example_dags/example_latest_only.py
[2021-07-12 14:09:30,110] {scheduler_job.py:643} INFO - DAG(s) dict_keys(['latest_only']) retrieved from /Users/pierre-olivierboisvert/Desktop/GIT/Spotify-ETL/env/lib/python3.8/site-packages/airflow/example_dags/example_latest_only.py
[2021-07-12 14:09:30,150] {logging_mixin.py:104} INFO - [2021-07-12 14:09:30,150] {dag.py:1833} INFO - Sync 1 DAGs
[2021-07-12 14:09:30,160] {logging_mixin.py:104} INFO - [2021-07-12 14:09:30,160] {dag.py:2306} INFO - Setting next_dagrun for latest_only to 2021-07-10 00:00:00+00:00
[2021-07-12 14:09:30,173] {scheduler_job.py:190} INFO - Processing /Users/pierre-olivierboisvert/Desktop/GIT/Spotify-ETL/env/lib/python3.8/site-packages/airflow/example_dags/example_latest_only.py took 0.076 seconds
[2021-07-12 14:10:55,743] {scheduler_job.py:182} INFO - Started process (PID=67825) to work on /Users/pierre-olivierboisvert/Desktop/GIT/Spotify-ETL/env/lib/python3.8/site-packages/airflow/example_dags/example_latest_only.py
[2021-07-12 14:10:55,743] {scheduler_job.py:633} INFO - Processing file /Users/pierre-olivierboisvert/Desktop/GIT/Spotify-ETL/env/lib/python3.8/site-packages/airflow/example_dags/example_latest_only.py for tasks to queue
[2021-07-12 14:10:55,744] {logging_mixin.py:104} INFO - [2021-07-12 14:10:55,744] {dagbag.py:496} INFO - Filling up the DagBag from /Users/pierre-olivierboisvert/Desktop/GIT/Spotify-ETL/env/lib/python3.8/site-packages/airflow/example_dags/example_latest_only.py
[2021-07-12 14:10:55,756] {scheduler_job.py:643} INFO - DAG(s) dict_keys(['latest_only']) retrieved from /Users/pierre-olivierboisvert/Desktop/GIT/Spotify-ETL/env/lib/python3.8/site-packages/airflow/example_dags/example_latest_only.py
[2021-07-12 14:10:55,802] {logging_mixin.py:104} INFO - [2021-07-12 14:10:55,801] {dag.py:1833} INFO - Sync 1 DAGs
[2021-07-12 14:10:55,810] {logging_mixin.py:104} INFO - [2021-07-12 14:10:55,810] {dag.py:2306} INFO - Setting next_dagrun for latest_only to 2021-07-10 00:00:00+00:00
[2021-07-12 14:10:55,823] {scheduler_job.py:190} INFO - Processing /Users/pierre-olivierboisvert/Desktop/GIT/Spotify-ETL/env/lib/python3.8/site-packages/airflow/example_dags/example_latest_only.py took 0.081 seconds
[2021-07-12 14:12:13,516] {scheduler_job.py:182} INFO - Started process (PID=67898) to work on /Users/pierre-olivierboisvert/Desktop/GIT/Spotify-ETL/env/lib/python3.8/site-packages/airflow/example_dags/example_latest_only.py
[2021-07-12 14:12:13,517] {scheduler_job.py:633} INFO - Processing file /Users/pierre-olivierboisvert/Desktop/GIT/Spotify-ETL/env/lib/python3.8/site-packages/airflow/example_dags/example_latest_only.py for tasks to queue
[2021-07-12 14:12:13,517] {logging_mixin.py:104} INFO - [2021-07-12 14:12:13,517] {dagbag.py:496} INFO - Filling up the DagBag from /Users/pierre-olivierboisvert/Desktop/GIT/Spotify-ETL/env/lib/python3.8/site-packages/airflow/example_dags/example_latest_only.py
[2021-07-12 14:12:13,525] {scheduler_job.py:643} INFO - DAG(s) dict_keys(['latest_only']) retrieved from /Users/pierre-olivierboisvert/Desktop/GIT/Spotify-ETL/env/lib/python3.8/site-packages/airflow/example_dags/example_latest_only.py
[2021-07-12 14:12:13,563] {logging_mixin.py:104} INFO - [2021-07-12 14:12:13,562] {dag.py:1833} INFO - Sync 1 DAGs
[2021-07-12 14:12:13,571] {logging_mixin.py:104} INFO - [2021-07-12 14:12:13,571] {dag.py:2306} INFO - Setting next_dagrun for latest_only to 2021-07-10 00:00:00+00:00
[2021-07-12 14:12:13,583] {scheduler_job.py:190} INFO - Processing /Users/pierre-olivierboisvert/Desktop/GIT/Spotify-ETL/env/lib/python3.8/site-packages/airflow/example_dags/example_latest_only.py took 0.067 seconds
[2021-07-12 14:13:35,707] {scheduler_job.py:182} INFO - Started process (PID=68032) to work on /Users/pierre-olivierboisvert/Desktop/GIT/Spotify-ETL/env/lib/python3.8/site-packages/airflow/example_dags/example_latest_only.py
[2021-07-12 14:13:35,707] {scheduler_job.py:633} INFO - Processing file /Users/pierre-olivierboisvert/Desktop/GIT/Spotify-ETL/env/lib/python3.8/site-packages/airflow/example_dags/example_latest_only.py for tasks to queue
[2021-07-12 14:13:35,708] {logging_mixin.py:104} INFO - [2021-07-12 14:13:35,708] {dagbag.py:496} INFO - Filling up the DagBag from /Users/pierre-olivierboisvert/Desktop/GIT/Spotify-ETL/env/lib/python3.8/site-packages/airflow/example_dags/example_latest_only.py
[2021-07-12 14:13:35,716] {scheduler_job.py:643} INFO - DAG(s) dict_keys(['latest_only']) retrieved from /Users/pierre-olivierboisvert/Desktop/GIT/Spotify-ETL/env/lib/python3.8/site-packages/airflow/example_dags/example_latest_only.py
[2021-07-12 14:13:35,754] {logging_mixin.py:104} INFO - [2021-07-12 14:13:35,754] {dag.py:1833} INFO - Sync 1 DAGs
[2021-07-12 14:13:35,762] {logging_mixin.py:104} INFO - [2021-07-12 14:13:35,762] {dag.py:2306} INFO - Setting next_dagrun for latest_only to 2021-07-10 00:00:00+00:00
[2021-07-12 14:13:35,774] {scheduler_job.py:190} INFO - Processing /Users/pierre-olivierboisvert/Desktop/GIT/Spotify-ETL/env/lib/python3.8/site-packages/airflow/example_dags/example_latest_only.py took 0.068 seconds
[2021-07-12 14:16:00,068] {scheduler_job.py:182} INFO - Started process (PID=68308) to work on /Users/pierre-olivierboisvert/Desktop/GIT/Spotify-ETL/env/lib/python3.8/site-packages/airflow/example_dags/example_latest_only.py
[2021-07-12 14:16:00,068] {scheduler_job.py:633} INFO - Processing file /Users/pierre-olivierboisvert/Desktop/GIT/Spotify-ETL/env/lib/python3.8/site-packages/airflow/example_dags/example_latest_only.py for tasks to queue
[2021-07-12 14:16:00,080] {logging_mixin.py:104} INFO - [2021-07-12 14:16:00,080] {dagbag.py:496} INFO - Filling up the DagBag from /Users/pierre-olivierboisvert/Desktop/GIT/Spotify-ETL/env/lib/python3.8/site-packages/airflow/example_dags/example_latest_only.py
[2021-07-12 14:16:00,098] {scheduler_job.py:643} INFO - DAG(s) dict_keys(['latest_only']) retrieved from /Users/pierre-olivierboisvert/Desktop/GIT/Spotify-ETL/env/lib/python3.8/site-packages/airflow/example_dags/example_latest_only.py
[2021-07-12 14:16:00,196] {logging_mixin.py:104} INFO - [2021-07-12 14:16:00,193] {dag.py:1833} INFO - Sync 1 DAGs
[2021-07-12 14:16:00,206] {logging_mixin.py:104} INFO - [2021-07-12 14:16:00,205] {dag.py:2306} INFO - Setting next_dagrun for latest_only to 2021-07-10 00:00:00+00:00
[2021-07-12 14:16:00,228] {scheduler_job.py:190} INFO - Processing /Users/pierre-olivierboisvert/Desktop/GIT/Spotify-ETL/env/lib/python3.8/site-packages/airflow/example_dags/example_latest_only.py took 0.161 seconds
[2021-07-12 14:19:17,031] {scheduler_job.py:182} INFO - Started process (PID=68727) to work on /Users/pierre-olivierboisvert/Desktop/GIT/Spotify-ETL/env/lib/python3.8/site-packages/airflow/example_dags/example_latest_only.py
[2021-07-12 14:19:17,032] {scheduler_job.py:633} INFO - Processing file /Users/pierre-olivierboisvert/Desktop/GIT/Spotify-ETL/env/lib/python3.8/site-packages/airflow/example_dags/example_latest_only.py for tasks to queue
[2021-07-12 14:19:17,032] {logging_mixin.py:104} INFO - [2021-07-12 14:19:17,032] {dagbag.py:496} INFO - Filling up the DagBag from /Users/pierre-olivierboisvert/Desktop/GIT/Spotify-ETL/env/lib/python3.8/site-packages/airflow/example_dags/example_latest_only.py
[2021-07-12 14:19:17,040] {scheduler_job.py:643} INFO - DAG(s) dict_keys(['latest_only']) retrieved from /Users/pierre-olivierboisvert/Desktop/GIT/Spotify-ETL/env/lib/python3.8/site-packages/airflow/example_dags/example_latest_only.py
[2021-07-12 14:19:17,082] {logging_mixin.py:104} INFO - [2021-07-12 14:19:17,082] {dag.py:1833} INFO - Sync 1 DAGs
[2021-07-12 14:19:17,091] {logging_mixin.py:104} INFO - [2021-07-12 14:19:17,091] {dag.py:2306} INFO - Setting next_dagrun for latest_only to 2021-07-10 00:00:00+00:00
[2021-07-12 14:19:17,102] {scheduler_job.py:190} INFO - Processing /Users/pierre-olivierboisvert/Desktop/GIT/Spotify-ETL/env/lib/python3.8/site-packages/airflow/example_dags/example_latest_only.py took 0.072 seconds
[2021-07-12 14:20:43,202] {scheduler_job.py:182} INFO - Started process (PID=68856) to work on /Users/pierre-olivierboisvert/Desktop/GIT/Spotify-ETL/env/lib/python3.8/site-packages/airflow/example_dags/example_latest_only.py
[2021-07-12 14:20:43,203] {scheduler_job.py:633} INFO - Processing file /Users/pierre-olivierboisvert/Desktop/GIT/Spotify-ETL/env/lib/python3.8/site-packages/airflow/example_dags/example_latest_only.py for tasks to queue
[2021-07-12 14:20:43,203] {logging_mixin.py:104} INFO - [2021-07-12 14:20:43,203] {dagbag.py:496} INFO - Filling up the DagBag from /Users/pierre-olivierboisvert/Desktop/GIT/Spotify-ETL/env/lib/python3.8/site-packages/airflow/example_dags/example_latest_only.py
[2021-07-12 14:20:43,215] {scheduler_job.py:643} INFO - DAG(s) dict_keys(['latest_only']) retrieved from /Users/pierre-olivierboisvert/Desktop/GIT/Spotify-ETL/env/lib/python3.8/site-packages/airflow/example_dags/example_latest_only.py
[2021-07-12 14:20:43,428] {logging_mixin.py:104} INFO - [2021-07-12 14:20:43,428] {dag.py:1833} INFO - Sync 1 DAGs
[2021-07-12 14:20:43,442] {logging_mixin.py:104} INFO - [2021-07-12 14:20:43,442] {dag.py:2306} INFO - Setting next_dagrun for latest_only to 2021-07-10 00:00:00+00:00
[2021-07-12 14:20:43,468] {scheduler_job.py:190} INFO - Processing /Users/pierre-olivierboisvert/Desktop/GIT/Spotify-ETL/env/lib/python3.8/site-packages/airflow/example_dags/example_latest_only.py took 0.266 seconds
[2021-07-12 14:23:00,347] {scheduler_job.py:182} INFO - Started process (PID=69146) to work on /Users/pierre-olivierboisvert/Desktop/GIT/Spotify-ETL/env/lib/python3.8/site-packages/airflow/example_dags/example_latest_only.py
[2021-07-12 14:23:00,347] {scheduler_job.py:633} INFO - Processing file /Users/pierre-olivierboisvert/Desktop/GIT/Spotify-ETL/env/lib/python3.8/site-packages/airflow/example_dags/example_latest_only.py for tasks to queue
[2021-07-12 14:23:00,348] {logging_mixin.py:104} INFO - [2021-07-12 14:23:00,347] {dagbag.py:496} INFO - Filling up the DagBag from /Users/pierre-olivierboisvert/Desktop/GIT/Spotify-ETL/env/lib/python3.8/site-packages/airflow/example_dags/example_latest_only.py
[2021-07-12 14:23:00,358] {scheduler_job.py:643} INFO - DAG(s) dict_keys(['latest_only']) retrieved from /Users/pierre-olivierboisvert/Desktop/GIT/Spotify-ETL/env/lib/python3.8/site-packages/airflow/example_dags/example_latest_only.py
[2021-07-12 14:23:00,396] {logging_mixin.py:104} INFO - [2021-07-12 14:23:00,396] {dag.py:1833} INFO - Sync 1 DAGs
[2021-07-12 14:23:00,404] {logging_mixin.py:104} INFO - [2021-07-12 14:23:00,404] {dag.py:2306} INFO - Setting next_dagrun for latest_only to 2021-07-10 00:00:00+00:00
[2021-07-12 14:23:00,417] {scheduler_job.py:190} INFO - Processing /Users/pierre-olivierboisvert/Desktop/GIT/Spotify-ETL/env/lib/python3.8/site-packages/airflow/example_dags/example_latest_only.py took 0.071 seconds
