[2021-07-12 13:40:15,264] {scheduler_job.py:182} INFO - Started process (PID=65770) to work on /Users/pierre-olivierboisvert/Desktop/GIT/Spotify-ETL/env/lib/python3.8/site-packages/airflow/example_dags/example_bash_operator.py
[2021-07-12 13:40:15,265] {scheduler_job.py:633} INFO - Processing file /Users/pierre-olivierboisvert/Desktop/GIT/Spotify-ETL/env/lib/python3.8/site-packages/airflow/example_dags/example_bash_operator.py for tasks to queue
[2021-07-12 13:40:15,265] {logging_mixin.py:104} INFO - [2021-07-12 13:40:15,265] {dagbag.py:496} INFO - Filling up the DagBag from /Users/pierre-olivierboisvert/Desktop/GIT/Spotify-ETL/env/lib/python3.8/site-packages/airflow/example_dags/example_bash_operator.py
[2021-07-12 13:40:15,277] {scheduler_job.py:643} INFO - DAG(s) dict_keys(['example_bash_operator']) retrieved from /Users/pierre-olivierboisvert/Desktop/GIT/Spotify-ETL/env/lib/python3.8/site-packages/airflow/example_dags/example_bash_operator.py
[2021-07-12 13:40:15,324] {logging_mixin.py:104} INFO - [2021-07-12 13:40:15,324] {dag.py:1833} INFO - Sync 1 DAGs
[2021-07-12 13:40:15,339] {logging_mixin.py:104} INFO - [2021-07-12 13:40:15,339] {dag.py:2306} INFO - Setting next_dagrun for example_bash_operator to 2021-07-10 00:00:00+00:00
[2021-07-12 13:40:15,351] {scheduler_job.py:190} INFO - Processing /Users/pierre-olivierboisvert/Desktop/GIT/Spotify-ETL/env/lib/python3.8/site-packages/airflow/example_dags/example_bash_operator.py took 0.088 seconds
[2021-07-12 13:41:52,770] {scheduler_job.py:182} INFO - Started process (PID=65951) to work on /Users/pierre-olivierboisvert/Desktop/GIT/Spotify-ETL/env/lib/python3.8/site-packages/airflow/example_dags/example_bash_operator.py
[2021-07-12 13:41:52,771] {scheduler_job.py:633} INFO - Processing file /Users/pierre-olivierboisvert/Desktop/GIT/Spotify-ETL/env/lib/python3.8/site-packages/airflow/example_dags/example_bash_operator.py for tasks to queue
[2021-07-12 13:41:52,771] {logging_mixin.py:104} INFO - [2021-07-12 13:41:52,771] {dagbag.py:496} INFO - Filling up the DagBag from /Users/pierre-olivierboisvert/Desktop/GIT/Spotify-ETL/env/lib/python3.8/site-packages/airflow/example_dags/example_bash_operator.py
[2021-07-12 13:41:52,782] {scheduler_job.py:643} INFO - DAG(s) dict_keys(['example_bash_operator']) retrieved from /Users/pierre-olivierboisvert/Desktop/GIT/Spotify-ETL/env/lib/python3.8/site-packages/airflow/example_dags/example_bash_operator.py
[2021-07-12 13:41:52,822] {logging_mixin.py:104} INFO - [2021-07-12 13:41:52,822] {dag.py:1833} INFO - Sync 1 DAGs
[2021-07-12 13:41:52,833] {logging_mixin.py:104} INFO - [2021-07-12 13:41:52,833] {dag.py:2306} INFO - Setting next_dagrun for example_bash_operator to 2021-07-10 00:00:00+00:00
[2021-07-12 13:41:52,847] {scheduler_job.py:190} INFO - Processing /Users/pierre-olivierboisvert/Desktop/GIT/Spotify-ETL/env/lib/python3.8/site-packages/airflow/example_dags/example_bash_operator.py took 0.077 seconds
[2021-07-12 13:43:01,667] {scheduler_job.py:182} INFO - Started process (PID=66017) to work on /Users/pierre-olivierboisvert/Desktop/GIT/Spotify-ETL/env/lib/python3.8/site-packages/airflow/example_dags/example_bash_operator.py
[2021-07-12 13:43:01,667] {scheduler_job.py:633} INFO - Processing file /Users/pierre-olivierboisvert/Desktop/GIT/Spotify-ETL/env/lib/python3.8/site-packages/airflow/example_dags/example_bash_operator.py for tasks to queue
[2021-07-12 13:43:01,668] {logging_mixin.py:104} INFO - [2021-07-12 13:43:01,668] {dagbag.py:496} INFO - Filling up the DagBag from /Users/pierre-olivierboisvert/Desktop/GIT/Spotify-ETL/env/lib/python3.8/site-packages/airflow/example_dags/example_bash_operator.py
[2021-07-12 13:43:01,678] {scheduler_job.py:643} INFO - DAG(s) dict_keys(['example_bash_operator']) retrieved from /Users/pierre-olivierboisvert/Desktop/GIT/Spotify-ETL/env/lib/python3.8/site-packages/airflow/example_dags/example_bash_operator.py
[2021-07-12 13:43:01,720] {logging_mixin.py:104} INFO - [2021-07-12 13:43:01,720] {dag.py:1833} INFO - Sync 1 DAGs
[2021-07-12 13:43:01,731] {logging_mixin.py:104} INFO - [2021-07-12 13:43:01,731] {dag.py:2306} INFO - Setting next_dagrun for example_bash_operator to 2021-07-10 00:00:00+00:00
[2021-07-12 13:43:01,743] {scheduler_job.py:190} INFO - Processing /Users/pierre-olivierboisvert/Desktop/GIT/Spotify-ETL/env/lib/python3.8/site-packages/airflow/example_dags/example_bash_operator.py took 0.077 seconds
[2021-07-12 13:44:09,328] {scheduler_job.py:182} INFO - Started process (PID=66081) to work on /Users/pierre-olivierboisvert/Desktop/GIT/Spotify-ETL/env/lib/python3.8/site-packages/airflow/example_dags/example_bash_operator.py
[2021-07-12 13:44:09,328] {scheduler_job.py:633} INFO - Processing file /Users/pierre-olivierboisvert/Desktop/GIT/Spotify-ETL/env/lib/python3.8/site-packages/airflow/example_dags/example_bash_operator.py for tasks to queue
[2021-07-12 13:44:09,329] {logging_mixin.py:104} INFO - [2021-07-12 13:44:09,329] {dagbag.py:496} INFO - Filling up the DagBag from /Users/pierre-olivierboisvert/Desktop/GIT/Spotify-ETL/env/lib/python3.8/site-packages/airflow/example_dags/example_bash_operator.py
[2021-07-12 13:44:09,338] {scheduler_job.py:643} INFO - DAG(s) dict_keys(['example_bash_operator']) retrieved from /Users/pierre-olivierboisvert/Desktop/GIT/Spotify-ETL/env/lib/python3.8/site-packages/airflow/example_dags/example_bash_operator.py
[2021-07-12 13:44:09,381] {logging_mixin.py:104} INFO - [2021-07-12 13:44:09,381] {dag.py:1833} INFO - Sync 1 DAGs
[2021-07-12 13:44:09,391] {logging_mixin.py:104} INFO - [2021-07-12 13:44:09,391] {dag.py:2306} INFO - Setting next_dagrun for example_bash_operator to 2021-07-10 00:00:00+00:00
[2021-07-12 13:44:09,405] {scheduler_job.py:190} INFO - Processing /Users/pierre-olivierboisvert/Desktop/GIT/Spotify-ETL/env/lib/python3.8/site-packages/airflow/example_dags/example_bash_operator.py took 0.078 seconds
[2021-07-12 13:45:17,340] {scheduler_job.py:182} INFO - Started process (PID=66151) to work on /Users/pierre-olivierboisvert/Desktop/GIT/Spotify-ETL/env/lib/python3.8/site-packages/airflow/example_dags/example_bash_operator.py
[2021-07-12 13:45:17,341] {scheduler_job.py:633} INFO - Processing file /Users/pierre-olivierboisvert/Desktop/GIT/Spotify-ETL/env/lib/python3.8/site-packages/airflow/example_dags/example_bash_operator.py for tasks to queue
[2021-07-12 13:45:17,341] {logging_mixin.py:104} INFO - [2021-07-12 13:45:17,341] {dagbag.py:496} INFO - Filling up the DagBag from /Users/pierre-olivierboisvert/Desktop/GIT/Spotify-ETL/env/lib/python3.8/site-packages/airflow/example_dags/example_bash_operator.py
[2021-07-12 13:45:17,351] {scheduler_job.py:643} INFO - DAG(s) dict_keys(['example_bash_operator']) retrieved from /Users/pierre-olivierboisvert/Desktop/GIT/Spotify-ETL/env/lib/python3.8/site-packages/airflow/example_dags/example_bash_operator.py
[2021-07-12 13:45:17,390] {logging_mixin.py:104} INFO - [2021-07-12 13:45:17,390] {dag.py:1833} INFO - Sync 1 DAGs
[2021-07-12 13:45:17,401] {logging_mixin.py:104} INFO - [2021-07-12 13:45:17,401] {dag.py:2306} INFO - Setting next_dagrun for example_bash_operator to 2021-07-10 00:00:00+00:00
[2021-07-12 13:45:17,416] {scheduler_job.py:190} INFO - Processing /Users/pierre-olivierboisvert/Desktop/GIT/Spotify-ETL/env/lib/python3.8/site-packages/airflow/example_dags/example_bash_operator.py took 0.076 seconds
[2021-07-12 13:46:25,499] {scheduler_job.py:182} INFO - Started process (PID=66217) to work on /Users/pierre-olivierboisvert/Desktop/GIT/Spotify-ETL/env/lib/python3.8/site-packages/airflow/example_dags/example_bash_operator.py
[2021-07-12 13:46:25,500] {scheduler_job.py:633} INFO - Processing file /Users/pierre-olivierboisvert/Desktop/GIT/Spotify-ETL/env/lib/python3.8/site-packages/airflow/example_dags/example_bash_operator.py for tasks to queue
[2021-07-12 13:46:25,501] {logging_mixin.py:104} INFO - [2021-07-12 13:46:25,501] {dagbag.py:496} INFO - Filling up the DagBag from /Users/pierre-olivierboisvert/Desktop/GIT/Spotify-ETL/env/lib/python3.8/site-packages/airflow/example_dags/example_bash_operator.py
[2021-07-12 13:46:25,514] {scheduler_job.py:643} INFO - DAG(s) dict_keys(['example_bash_operator']) retrieved from /Users/pierre-olivierboisvert/Desktop/GIT/Spotify-ETL/env/lib/python3.8/site-packages/airflow/example_dags/example_bash_operator.py
[2021-07-12 13:46:25,562] {logging_mixin.py:104} INFO - [2021-07-12 13:46:25,562] {dag.py:1833} INFO - Sync 1 DAGs
[2021-07-12 13:46:25,576] {logging_mixin.py:104} INFO - [2021-07-12 13:46:25,576] {dag.py:2306} INFO - Setting next_dagrun for example_bash_operator to 2021-07-10 00:00:00+00:00
[2021-07-12 13:46:25,587] {scheduler_job.py:190} INFO - Processing /Users/pierre-olivierboisvert/Desktop/GIT/Spotify-ETL/env/lib/python3.8/site-packages/airflow/example_dags/example_bash_operator.py took 0.089 seconds
[2021-07-12 13:47:34,978] {scheduler_job.py:182} INFO - Started process (PID=66286) to work on /Users/pierre-olivierboisvert/Desktop/GIT/Spotify-ETL/env/lib/python3.8/site-packages/airflow/example_dags/example_bash_operator.py
[2021-07-12 13:47:34,979] {scheduler_job.py:633} INFO - Processing file /Users/pierre-olivierboisvert/Desktop/GIT/Spotify-ETL/env/lib/python3.8/site-packages/airflow/example_dags/example_bash_operator.py for tasks to queue
[2021-07-12 13:47:34,979] {logging_mixin.py:104} INFO - [2021-07-12 13:47:34,979] {dagbag.py:496} INFO - Filling up the DagBag from /Users/pierre-olivierboisvert/Desktop/GIT/Spotify-ETL/env/lib/python3.8/site-packages/airflow/example_dags/example_bash_operator.py
[2021-07-12 13:47:34,989] {scheduler_job.py:643} INFO - DAG(s) dict_keys(['example_bash_operator']) retrieved from /Users/pierre-olivierboisvert/Desktop/GIT/Spotify-ETL/env/lib/python3.8/site-packages/airflow/example_dags/example_bash_operator.py
[2021-07-12 13:47:35,025] {logging_mixin.py:104} INFO - [2021-07-12 13:47:35,025] {dag.py:1833} INFO - Sync 1 DAGs
[2021-07-12 13:47:35,036] {logging_mixin.py:104} INFO - [2021-07-12 13:47:35,035] {dag.py:2306} INFO - Setting next_dagrun for example_bash_operator to 2021-07-10 00:00:00+00:00
[2021-07-12 13:47:35,047] {scheduler_job.py:190} INFO - Processing /Users/pierre-olivierboisvert/Desktop/GIT/Spotify-ETL/env/lib/python3.8/site-packages/airflow/example_dags/example_bash_operator.py took 0.070 seconds
[2021-07-12 13:48:46,973] {scheduler_job.py:182} INFO - Started process (PID=66361) to work on /Users/pierre-olivierboisvert/Desktop/GIT/Spotify-ETL/env/lib/python3.8/site-packages/airflow/example_dags/example_bash_operator.py
[2021-07-12 13:48:46,974] {scheduler_job.py:633} INFO - Processing file /Users/pierre-olivierboisvert/Desktop/GIT/Spotify-ETL/env/lib/python3.8/site-packages/airflow/example_dags/example_bash_operator.py for tasks to queue
[2021-07-12 13:48:46,974] {logging_mixin.py:104} INFO - [2021-07-12 13:48:46,974] {dagbag.py:496} INFO - Filling up the DagBag from /Users/pierre-olivierboisvert/Desktop/GIT/Spotify-ETL/env/lib/python3.8/site-packages/airflow/example_dags/example_bash_operator.py
[2021-07-12 13:48:46,985] {scheduler_job.py:643} INFO - DAG(s) dict_keys(['example_bash_operator']) retrieved from /Users/pierre-olivierboisvert/Desktop/GIT/Spotify-ETL/env/lib/python3.8/site-packages/airflow/example_dags/example_bash_operator.py
[2021-07-12 13:48:47,020] {logging_mixin.py:104} INFO - [2021-07-12 13:48:47,020] {dag.py:1833} INFO - Sync 1 DAGs
[2021-07-12 13:48:47,031] {logging_mixin.py:104} INFO - [2021-07-12 13:48:47,030] {dag.py:2306} INFO - Setting next_dagrun for example_bash_operator to 2021-07-10 00:00:00+00:00
[2021-07-12 13:48:47,042] {scheduler_job.py:190} INFO - Processing /Users/pierre-olivierboisvert/Desktop/GIT/Spotify-ETL/env/lib/python3.8/site-packages/airflow/example_dags/example_bash_operator.py took 0.070 seconds
[2021-07-12 13:50:20,043] {scheduler_job.py:182} INFO - Started process (PID=66464) to work on /Users/pierre-olivierboisvert/Desktop/GIT/Spotify-ETL/env/lib/python3.8/site-packages/airflow/example_dags/example_bash_operator.py
[2021-07-12 13:50:20,045] {scheduler_job.py:633} INFO - Processing file /Users/pierre-olivierboisvert/Desktop/GIT/Spotify-ETL/env/lib/python3.8/site-packages/airflow/example_dags/example_bash_operator.py for tasks to queue
[2021-07-12 13:50:20,046] {logging_mixin.py:104} INFO - [2021-07-12 13:50:20,046] {dagbag.py:496} INFO - Filling up the DagBag from /Users/pierre-olivierboisvert/Desktop/GIT/Spotify-ETL/env/lib/python3.8/site-packages/airflow/example_dags/example_bash_operator.py
[2021-07-12 13:50:20,060] {scheduler_job.py:643} INFO - DAG(s) dict_keys(['example_bash_operator']) retrieved from /Users/pierre-olivierboisvert/Desktop/GIT/Spotify-ETL/env/lib/python3.8/site-packages/airflow/example_dags/example_bash_operator.py
[2021-07-12 13:50:20,100] {logging_mixin.py:104} INFO - [2021-07-12 13:50:20,100] {dag.py:1833} INFO - Sync 1 DAGs
[2021-07-12 13:50:20,111] {logging_mixin.py:104} INFO - [2021-07-12 13:50:20,111] {dag.py:2306} INFO - Setting next_dagrun for example_bash_operator to 2021-07-10 00:00:00+00:00
[2021-07-12 13:50:20,121] {scheduler_job.py:190} INFO - Processing /Users/pierre-olivierboisvert/Desktop/GIT/Spotify-ETL/env/lib/python3.8/site-packages/airflow/example_dags/example_bash_operator.py took 0.079 seconds
[2021-07-12 13:51:32,393] {scheduler_job.py:182} INFO - Started process (PID=66534) to work on /Users/pierre-olivierboisvert/Desktop/GIT/Spotify-ETL/env/lib/python3.8/site-packages/airflow/example_dags/example_bash_operator.py
[2021-07-12 13:51:32,394] {scheduler_job.py:633} INFO - Processing file /Users/pierre-olivierboisvert/Desktop/GIT/Spotify-ETL/env/lib/python3.8/site-packages/airflow/example_dags/example_bash_operator.py for tasks to queue
[2021-07-12 13:51:32,394] {logging_mixin.py:104} INFO - [2021-07-12 13:51:32,394] {dagbag.py:496} INFO - Filling up the DagBag from /Users/pierre-olivierboisvert/Desktop/GIT/Spotify-ETL/env/lib/python3.8/site-packages/airflow/example_dags/example_bash_operator.py
[2021-07-12 13:51:32,405] {scheduler_job.py:643} INFO - DAG(s) dict_keys(['example_bash_operator']) retrieved from /Users/pierre-olivierboisvert/Desktop/GIT/Spotify-ETL/env/lib/python3.8/site-packages/airflow/example_dags/example_bash_operator.py
[2021-07-12 13:51:32,445] {logging_mixin.py:104} INFO - [2021-07-12 13:51:32,444] {dag.py:1833} INFO - Sync 1 DAGs
[2021-07-12 13:51:32,458] {logging_mixin.py:104} INFO - [2021-07-12 13:51:32,458] {dag.py:2306} INFO - Setting next_dagrun for example_bash_operator to 2021-07-10 00:00:00+00:00
[2021-07-12 13:51:32,473] {scheduler_job.py:190} INFO - Processing /Users/pierre-olivierboisvert/Desktop/GIT/Spotify-ETL/env/lib/python3.8/site-packages/airflow/example_dags/example_bash_operator.py took 0.081 seconds
[2021-07-12 13:52:58,389] {scheduler_job.py:182} INFO - Started process (PID=66646) to work on /Users/pierre-olivierboisvert/Desktop/GIT/Spotify-ETL/env/lib/python3.8/site-packages/airflow/example_dags/example_bash_operator.py
[2021-07-12 13:52:58,390] {scheduler_job.py:633} INFO - Processing file /Users/pierre-olivierboisvert/Desktop/GIT/Spotify-ETL/env/lib/python3.8/site-packages/airflow/example_dags/example_bash_operator.py for tasks to queue
[2021-07-12 13:52:58,390] {logging_mixin.py:104} INFO - [2021-07-12 13:52:58,390] {dagbag.py:496} INFO - Filling up the DagBag from /Users/pierre-olivierboisvert/Desktop/GIT/Spotify-ETL/env/lib/python3.8/site-packages/airflow/example_dags/example_bash_operator.py
[2021-07-12 13:52:58,400] {scheduler_job.py:643} INFO - DAG(s) dict_keys(['example_bash_operator']) retrieved from /Users/pierre-olivierboisvert/Desktop/GIT/Spotify-ETL/env/lib/python3.8/site-packages/airflow/example_dags/example_bash_operator.py
[2021-07-12 13:52:58,436] {logging_mixin.py:104} INFO - [2021-07-12 13:52:58,436] {dag.py:1833} INFO - Sync 1 DAGs
[2021-07-12 13:52:58,447] {logging_mixin.py:104} INFO - [2021-07-12 13:52:58,447] {dag.py:2306} INFO - Setting next_dagrun for example_bash_operator to 2021-07-10 00:00:00+00:00
[2021-07-12 13:52:58,461] {scheduler_job.py:190} INFO - Processing /Users/pierre-olivierboisvert/Desktop/GIT/Spotify-ETL/env/lib/python3.8/site-packages/airflow/example_dags/example_bash_operator.py took 0.072 seconds
