[2021-07-12 13:39:24,605] {scheduler_job.py:182} INFO - Started process (PID=65688) to work on /Users/pierre-olivierboisvert/Desktop/GIT/Spotify-ETL/env/lib/python3.8/site-packages/airflow/example_dags/example_subdag_operator.py
[2021-07-12 13:39:24,605] {scheduler_job.py:633} INFO - Processing file /Users/pierre-olivierboisvert/Desktop/GIT/Spotify-ETL/env/lib/python3.8/site-packages/airflow/example_dags/example_subdag_operator.py for tasks to queue
[2021-07-12 13:39:24,606] {logging_mixin.py:104} INFO - [2021-07-12 13:39:24,606] {dagbag.py:496} INFO - Filling up the DagBag from /Users/pierre-olivierboisvert/Desktop/GIT/Spotify-ETL/env/lib/python3.8/site-packages/airflow/example_dags/example_subdag_operator.py
[2021-07-12 13:39:24,668] {scheduler_job.py:643} INFO - DAG(s) dict_keys(['example_subdag_operator.section-1', 'example_subdag_operator.section-2', 'example_subdag_operator']) retrieved from /Users/pierre-olivierboisvert/Desktop/GIT/Spotify-ETL/env/lib/python3.8/site-packages/airflow/example_dags/example_subdag_operator.py
[2021-07-12 13:39:24,678] {logging_mixin.py:104} INFO - [2021-07-12 13:39:24,678] {dag.py:1833} INFO - Sync 3 DAGs
[2021-07-12 13:39:24,692] {logging_mixin.py:104} INFO - [2021-07-12 13:39:24,692] {dag.py:2306} INFO - Setting next_dagrun for example_subdag_operator to 2021-07-10 00:00:00+00:00
[2021-07-12 13:39:24,693] {logging_mixin.py:104} INFO - [2021-07-12 13:39:24,693] {dag.py:2306} INFO - Setting next_dagrun for example_subdag_operator.section-1 to None
[2021-07-12 13:39:24,694] {logging_mixin.py:104} INFO - [2021-07-12 13:39:24,694] {dag.py:2306} INFO - Setting next_dagrun for example_subdag_operator.section-2 to None
[2021-07-12 13:39:24,708] {logging_mixin.py:104} INFO - [2021-07-12 13:39:24,708] {dag.py:1833} INFO - Sync 2 DAGs
[2021-07-12 13:39:24,720] {logging_mixin.py:104} INFO - [2021-07-12 13:39:24,720] {dag.py:2306} INFO - Setting next_dagrun for example_subdag_operator.section-1 to None
[2021-07-12 13:39:24,721] {logging_mixin.py:104} INFO - [2021-07-12 13:39:24,721] {dag.py:2306} INFO - Setting next_dagrun for example_subdag_operator.section-2 to None
[2021-07-12 13:39:24,738] {scheduler_job.py:190} INFO - Processing /Users/pierre-olivierboisvert/Desktop/GIT/Spotify-ETL/env/lib/python3.8/site-packages/airflow/example_dags/example_subdag_operator.py took 0.135 seconds
[2021-07-12 13:40:50,823] {scheduler_job.py:182} INFO - Started process (PID=65898) to work on /Users/pierre-olivierboisvert/Desktop/GIT/Spotify-ETL/env/lib/python3.8/site-packages/airflow/example_dags/example_subdag_operator.py
[2021-07-12 13:40:50,824] {scheduler_job.py:633} INFO - Processing file /Users/pierre-olivierboisvert/Desktop/GIT/Spotify-ETL/env/lib/python3.8/site-packages/airflow/example_dags/example_subdag_operator.py for tasks to queue
[2021-07-12 13:40:50,824] {logging_mixin.py:104} INFO - [2021-07-12 13:40:50,824] {dagbag.py:496} INFO - Filling up the DagBag from /Users/pierre-olivierboisvert/Desktop/GIT/Spotify-ETL/env/lib/python3.8/site-packages/airflow/example_dags/example_subdag_operator.py
[2021-07-12 13:40:50,887] {scheduler_job.py:643} INFO - DAG(s) dict_keys(['example_subdag_operator.section-1', 'example_subdag_operator.section-2', 'example_subdag_operator']) retrieved from /Users/pierre-olivierboisvert/Desktop/GIT/Spotify-ETL/env/lib/python3.8/site-packages/airflow/example_dags/example_subdag_operator.py
[2021-07-12 13:40:50,897] {logging_mixin.py:104} INFO - [2021-07-12 13:40:50,897] {dag.py:1833} INFO - Sync 3 DAGs
[2021-07-12 13:40:50,909] {logging_mixin.py:104} INFO - [2021-07-12 13:40:50,909] {dag.py:2306} INFO - Setting next_dagrun for example_subdag_operator to 2021-07-10 00:00:00+00:00
[2021-07-12 13:40:50,910] {logging_mixin.py:104} INFO - [2021-07-12 13:40:50,910] {dag.py:2306} INFO - Setting next_dagrun for example_subdag_operator.section-1 to None
[2021-07-12 13:40:50,910] {logging_mixin.py:104} INFO - [2021-07-12 13:40:50,910] {dag.py:2306} INFO - Setting next_dagrun for example_subdag_operator.section-2 to None
[2021-07-12 13:40:50,918] {logging_mixin.py:104} INFO - [2021-07-12 13:40:50,918] {dag.py:1833} INFO - Sync 2 DAGs
[2021-07-12 13:40:50,924] {logging_mixin.py:104} INFO - [2021-07-12 13:40:50,924] {dag.py:2306} INFO - Setting next_dagrun for example_subdag_operator.section-1 to None
[2021-07-12 13:40:50,925] {logging_mixin.py:104} INFO - [2021-07-12 13:40:50,925] {dag.py:2306} INFO - Setting next_dagrun for example_subdag_operator.section-2 to None
[2021-07-12 13:40:50,935] {scheduler_job.py:190} INFO - Processing /Users/pierre-olivierboisvert/Desktop/GIT/Spotify-ETL/env/lib/python3.8/site-packages/airflow/example_dags/example_subdag_operator.py took 0.113 seconds
[2021-07-12 13:42:14,188] {scheduler_job.py:182} INFO - Started process (PID=65971) to work on /Users/pierre-olivierboisvert/Desktop/GIT/Spotify-ETL/env/lib/python3.8/site-packages/airflow/example_dags/example_subdag_operator.py
[2021-07-12 13:42:14,189] {scheduler_job.py:633} INFO - Processing file /Users/pierre-olivierboisvert/Desktop/GIT/Spotify-ETL/env/lib/python3.8/site-packages/airflow/example_dags/example_subdag_operator.py for tasks to queue
[2021-07-12 13:42:14,189] {logging_mixin.py:104} INFO - [2021-07-12 13:42:14,189] {dagbag.py:496} INFO - Filling up the DagBag from /Users/pierre-olivierboisvert/Desktop/GIT/Spotify-ETL/env/lib/python3.8/site-packages/airflow/example_dags/example_subdag_operator.py
[2021-07-12 13:42:14,232] {scheduler_job.py:643} INFO - DAG(s) dict_keys(['example_subdag_operator.section-1', 'example_subdag_operator.section-2', 'example_subdag_operator']) retrieved from /Users/pierre-olivierboisvert/Desktop/GIT/Spotify-ETL/env/lib/python3.8/site-packages/airflow/example_dags/example_subdag_operator.py
[2021-07-12 13:42:14,247] {logging_mixin.py:104} INFO - [2021-07-12 13:42:14,246] {dag.py:1833} INFO - Sync 3 DAGs
[2021-07-12 13:42:14,255] {logging_mixin.py:104} INFO - [2021-07-12 13:42:14,255] {dag.py:2306} INFO - Setting next_dagrun for example_subdag_operator to 2021-07-10 00:00:00+00:00
[2021-07-12 13:42:14,256] {logging_mixin.py:104} INFO - [2021-07-12 13:42:14,256] {dag.py:2306} INFO - Setting next_dagrun for example_subdag_operator.section-1 to None
[2021-07-12 13:42:14,256] {logging_mixin.py:104} INFO - [2021-07-12 13:42:14,256] {dag.py:2306} INFO - Setting next_dagrun for example_subdag_operator.section-2 to None
[2021-07-12 13:42:14,263] {logging_mixin.py:104} INFO - [2021-07-12 13:42:14,263] {dag.py:1833} INFO - Sync 2 DAGs
[2021-07-12 13:42:14,270] {logging_mixin.py:104} INFO - [2021-07-12 13:42:14,270] {dag.py:2306} INFO - Setting next_dagrun for example_subdag_operator.section-1 to None
[2021-07-12 13:42:14,270] {logging_mixin.py:104} INFO - [2021-07-12 13:42:14,270] {dag.py:2306} INFO - Setting next_dagrun for example_subdag_operator.section-2 to None
[2021-07-12 13:42:14,278] {scheduler_job.py:190} INFO - Processing /Users/pierre-olivierboisvert/Desktop/GIT/Spotify-ETL/env/lib/python3.8/site-packages/airflow/example_dags/example_subdag_operator.py took 0.091 seconds
[2021-07-12 13:43:20,681] {scheduler_job.py:182} INFO - Started process (PID=66035) to work on /Users/pierre-olivierboisvert/Desktop/GIT/Spotify-ETL/env/lib/python3.8/site-packages/airflow/example_dags/example_subdag_operator.py
[2021-07-12 13:43:20,682] {scheduler_job.py:633} INFO - Processing file /Users/pierre-olivierboisvert/Desktop/GIT/Spotify-ETL/env/lib/python3.8/site-packages/airflow/example_dags/example_subdag_operator.py for tasks to queue
[2021-07-12 13:43:20,682] {logging_mixin.py:104} INFO - [2021-07-12 13:43:20,682] {dagbag.py:496} INFO - Filling up the DagBag from /Users/pierre-olivierboisvert/Desktop/GIT/Spotify-ETL/env/lib/python3.8/site-packages/airflow/example_dags/example_subdag_operator.py
[2021-07-12 13:43:20,726] {scheduler_job.py:643} INFO - DAG(s) dict_keys(['example_subdag_operator.section-1', 'example_subdag_operator.section-2', 'example_subdag_operator']) retrieved from /Users/pierre-olivierboisvert/Desktop/GIT/Spotify-ETL/env/lib/python3.8/site-packages/airflow/example_dags/example_subdag_operator.py
[2021-07-12 13:43:20,735] {logging_mixin.py:104} INFO - [2021-07-12 13:43:20,734] {dag.py:1833} INFO - Sync 3 DAGs
[2021-07-12 13:43:20,743] {logging_mixin.py:104} INFO - [2021-07-12 13:43:20,743] {dag.py:2306} INFO - Setting next_dagrun for example_subdag_operator to 2021-07-10 00:00:00+00:00
[2021-07-12 13:43:20,743] {logging_mixin.py:104} INFO - [2021-07-12 13:43:20,743] {dag.py:2306} INFO - Setting next_dagrun for example_subdag_operator.section-1 to None
[2021-07-12 13:43:20,743] {logging_mixin.py:104} INFO - [2021-07-12 13:43:20,743] {dag.py:2306} INFO - Setting next_dagrun for example_subdag_operator.section-2 to None
[2021-07-12 13:43:20,753] {logging_mixin.py:104} INFO - [2021-07-12 13:43:20,752] {dag.py:1833} INFO - Sync 2 DAGs
[2021-07-12 13:43:20,761] {logging_mixin.py:104} INFO - [2021-07-12 13:43:20,761] {dag.py:2306} INFO - Setting next_dagrun for example_subdag_operator.section-1 to None
[2021-07-12 13:43:20,761] {logging_mixin.py:104} INFO - [2021-07-12 13:43:20,761] {dag.py:2306} INFO - Setting next_dagrun for example_subdag_operator.section-2 to None
[2021-07-12 13:43:20,767] {scheduler_job.py:190} INFO - Processing /Users/pierre-olivierboisvert/Desktop/GIT/Spotify-ETL/env/lib/python3.8/site-packages/airflow/example_dags/example_subdag_operator.py took 0.087 seconds
[2021-07-12 13:44:30,544] {scheduler_job.py:182} INFO - Started process (PID=66105) to work on /Users/pierre-olivierboisvert/Desktop/GIT/Spotify-ETL/env/lib/python3.8/site-packages/airflow/example_dags/example_subdag_operator.py
[2021-07-12 13:44:30,545] {scheduler_job.py:633} INFO - Processing file /Users/pierre-olivierboisvert/Desktop/GIT/Spotify-ETL/env/lib/python3.8/site-packages/airflow/example_dags/example_subdag_operator.py for tasks to queue
[2021-07-12 13:44:30,546] {logging_mixin.py:104} INFO - [2021-07-12 13:44:30,545] {dagbag.py:496} INFO - Filling up the DagBag from /Users/pierre-olivierboisvert/Desktop/GIT/Spotify-ETL/env/lib/python3.8/site-packages/airflow/example_dags/example_subdag_operator.py
[2021-07-12 13:44:30,595] {scheduler_job.py:643} INFO - DAG(s) dict_keys(['example_subdag_operator.section-1', 'example_subdag_operator.section-2', 'example_subdag_operator']) retrieved from /Users/pierre-olivierboisvert/Desktop/GIT/Spotify-ETL/env/lib/python3.8/site-packages/airflow/example_dags/example_subdag_operator.py
[2021-07-12 13:44:30,604] {logging_mixin.py:104} INFO - [2021-07-12 13:44:30,604] {dag.py:1833} INFO - Sync 3 DAGs
[2021-07-12 13:44:30,612] {logging_mixin.py:104} INFO - [2021-07-12 13:44:30,612] {dag.py:2306} INFO - Setting next_dagrun for example_subdag_operator to 2021-07-10 00:00:00+00:00
[2021-07-12 13:44:30,613] {logging_mixin.py:104} INFO - [2021-07-12 13:44:30,613] {dag.py:2306} INFO - Setting next_dagrun for example_subdag_operator.section-1 to None
[2021-07-12 13:44:30,613] {logging_mixin.py:104} INFO - [2021-07-12 13:44:30,613] {dag.py:2306} INFO - Setting next_dagrun for example_subdag_operator.section-2 to None
[2021-07-12 13:44:30,622] {logging_mixin.py:104} INFO - [2021-07-12 13:44:30,622] {dag.py:1833} INFO - Sync 2 DAGs
[2021-07-12 13:44:30,629] {logging_mixin.py:104} INFO - [2021-07-12 13:44:30,629] {dag.py:2306} INFO - Setting next_dagrun for example_subdag_operator.section-1 to None
[2021-07-12 13:44:30,630] {logging_mixin.py:104} INFO - [2021-07-12 13:44:30,630] {dag.py:2306} INFO - Setting next_dagrun for example_subdag_operator.section-2 to None
[2021-07-12 13:44:30,636] {scheduler_job.py:190} INFO - Processing /Users/pierre-olivierboisvert/Desktop/GIT/Spotify-ETL/env/lib/python3.8/site-packages/airflow/example_dags/example_subdag_operator.py took 0.092 seconds
[2021-07-12 13:45:36,791] {scheduler_job.py:182} INFO - Started process (PID=66169) to work on /Users/pierre-olivierboisvert/Desktop/GIT/Spotify-ETL/env/lib/python3.8/site-packages/airflow/example_dags/example_subdag_operator.py
[2021-07-12 13:45:36,792] {scheduler_job.py:633} INFO - Processing file /Users/pierre-olivierboisvert/Desktop/GIT/Spotify-ETL/env/lib/python3.8/site-packages/airflow/example_dags/example_subdag_operator.py for tasks to queue
[2021-07-12 13:45:36,792] {logging_mixin.py:104} INFO - [2021-07-12 13:45:36,792] {dagbag.py:496} INFO - Filling up the DagBag from /Users/pierre-olivierboisvert/Desktop/GIT/Spotify-ETL/env/lib/python3.8/site-packages/airflow/example_dags/example_subdag_operator.py
[2021-07-12 13:45:36,835] {scheduler_job.py:643} INFO - DAG(s) dict_keys(['example_subdag_operator.section-1', 'example_subdag_operator.section-2', 'example_subdag_operator']) retrieved from /Users/pierre-olivierboisvert/Desktop/GIT/Spotify-ETL/env/lib/python3.8/site-packages/airflow/example_dags/example_subdag_operator.py
[2021-07-12 13:45:36,844] {logging_mixin.py:104} INFO - [2021-07-12 13:45:36,844] {dag.py:1833} INFO - Sync 3 DAGs
[2021-07-12 13:45:36,855] {logging_mixin.py:104} INFO - [2021-07-12 13:45:36,855] {dag.py:2306} INFO - Setting next_dagrun for example_subdag_operator to 2021-07-10 00:00:00+00:00
[2021-07-12 13:45:36,856] {logging_mixin.py:104} INFO - [2021-07-12 13:45:36,856] {dag.py:2306} INFO - Setting next_dagrun for example_subdag_operator.section-1 to None
[2021-07-12 13:45:36,856] {logging_mixin.py:104} INFO - [2021-07-12 13:45:36,856] {dag.py:2306} INFO - Setting next_dagrun for example_subdag_operator.section-2 to None
[2021-07-12 13:45:36,866] {logging_mixin.py:104} INFO - [2021-07-12 13:45:36,866] {dag.py:1833} INFO - Sync 2 DAGs
[2021-07-12 13:45:36,873] {logging_mixin.py:104} INFO - [2021-07-12 13:45:36,873] {dag.py:2306} INFO - Setting next_dagrun for example_subdag_operator.section-1 to None
[2021-07-12 13:45:36,873] {logging_mixin.py:104} INFO - [2021-07-12 13:45:36,873] {dag.py:2306} INFO - Setting next_dagrun for example_subdag_operator.section-2 to None
[2021-07-12 13:45:36,879] {scheduler_job.py:190} INFO - Processing /Users/pierre-olivierboisvert/Desktop/GIT/Spotify-ETL/env/lib/python3.8/site-packages/airflow/example_dags/example_subdag_operator.py took 0.089 seconds
[2021-07-12 13:46:47,325] {scheduler_job.py:182} INFO - Started process (PID=66238) to work on /Users/pierre-olivierboisvert/Desktop/GIT/Spotify-ETL/env/lib/python3.8/site-packages/airflow/example_dags/example_subdag_operator.py
[2021-07-12 13:46:47,326] {scheduler_job.py:633} INFO - Processing file /Users/pierre-olivierboisvert/Desktop/GIT/Spotify-ETL/env/lib/python3.8/site-packages/airflow/example_dags/example_subdag_operator.py for tasks to queue
[2021-07-12 13:46:47,326] {logging_mixin.py:104} INFO - [2021-07-12 13:46:47,326] {dagbag.py:496} INFO - Filling up the DagBag from /Users/pierre-olivierboisvert/Desktop/GIT/Spotify-ETL/env/lib/python3.8/site-packages/airflow/example_dags/example_subdag_operator.py
[2021-07-12 13:46:47,378] {scheduler_job.py:643} INFO - DAG(s) dict_keys(['example_subdag_operator.section-1', 'example_subdag_operator.section-2', 'example_subdag_operator']) retrieved from /Users/pierre-olivierboisvert/Desktop/GIT/Spotify-ETL/env/lib/python3.8/site-packages/airflow/example_dags/example_subdag_operator.py
[2021-07-12 13:46:47,388] {logging_mixin.py:104} INFO - [2021-07-12 13:46:47,388] {dag.py:1833} INFO - Sync 3 DAGs
[2021-07-12 13:46:47,399] {logging_mixin.py:104} INFO - [2021-07-12 13:46:47,399] {dag.py:2306} INFO - Setting next_dagrun for example_subdag_operator to 2021-07-10 00:00:00+00:00
[2021-07-12 13:46:47,400] {logging_mixin.py:104} INFO - [2021-07-12 13:46:47,400] {dag.py:2306} INFO - Setting next_dagrun for example_subdag_operator.section-1 to None
[2021-07-12 13:46:47,400] {logging_mixin.py:104} INFO - [2021-07-12 13:46:47,400] {dag.py:2306} INFO - Setting next_dagrun for example_subdag_operator.section-2 to None
[2021-07-12 13:46:47,409] {logging_mixin.py:104} INFO - [2021-07-12 13:46:47,409] {dag.py:1833} INFO - Sync 2 DAGs
[2021-07-12 13:46:47,417] {logging_mixin.py:104} INFO - [2021-07-12 13:46:47,417] {dag.py:2306} INFO - Setting next_dagrun for example_subdag_operator.section-1 to None
[2021-07-12 13:46:47,417] {logging_mixin.py:104} INFO - [2021-07-12 13:46:47,417] {dag.py:2306} INFO - Setting next_dagrun for example_subdag_operator.section-2 to None
[2021-07-12 13:46:47,423] {scheduler_job.py:190} INFO - Processing /Users/pierre-olivierboisvert/Desktop/GIT/Spotify-ETL/env/lib/python3.8/site-packages/airflow/example_dags/example_subdag_operator.py took 0.099 seconds
[2021-07-12 13:47:54,153] {scheduler_job.py:182} INFO - Started process (PID=66304) to work on /Users/pierre-olivierboisvert/Desktop/GIT/Spotify-ETL/env/lib/python3.8/site-packages/airflow/example_dags/example_subdag_operator.py
[2021-07-12 13:47:54,154] {scheduler_job.py:633} INFO - Processing file /Users/pierre-olivierboisvert/Desktop/GIT/Spotify-ETL/env/lib/python3.8/site-packages/airflow/example_dags/example_subdag_operator.py for tasks to queue
[2021-07-12 13:47:54,154] {logging_mixin.py:104} INFO - [2021-07-12 13:47:54,154] {dagbag.py:496} INFO - Filling up the DagBag from /Users/pierre-olivierboisvert/Desktop/GIT/Spotify-ETL/env/lib/python3.8/site-packages/airflow/example_dags/example_subdag_operator.py
[2021-07-12 13:47:54,199] {scheduler_job.py:643} INFO - DAG(s) dict_keys(['example_subdag_operator.section-1', 'example_subdag_operator.section-2', 'example_subdag_operator']) retrieved from /Users/pierre-olivierboisvert/Desktop/GIT/Spotify-ETL/env/lib/python3.8/site-packages/airflow/example_dags/example_subdag_operator.py
[2021-07-12 13:47:54,207] {logging_mixin.py:104} INFO - [2021-07-12 13:47:54,207] {dag.py:1833} INFO - Sync 3 DAGs
[2021-07-12 13:47:54,215] {logging_mixin.py:104} INFO - [2021-07-12 13:47:54,215] {dag.py:2306} INFO - Setting next_dagrun for example_subdag_operator to 2021-07-10 00:00:00+00:00
[2021-07-12 13:47:54,216] {logging_mixin.py:104} INFO - [2021-07-12 13:47:54,216] {dag.py:2306} INFO - Setting next_dagrun for example_subdag_operator.section-1 to None
[2021-07-12 13:47:54,216] {logging_mixin.py:104} INFO - [2021-07-12 13:47:54,216] {dag.py:2306} INFO - Setting next_dagrun for example_subdag_operator.section-2 to None
[2021-07-12 13:47:54,226] {logging_mixin.py:104} INFO - [2021-07-12 13:47:54,226] {dag.py:1833} INFO - Sync 2 DAGs
[2021-07-12 13:47:54,236] {logging_mixin.py:104} INFO - [2021-07-12 13:47:54,235] {dag.py:2306} INFO - Setting next_dagrun for example_subdag_operator.section-1 to None
[2021-07-12 13:47:54,236] {logging_mixin.py:104} INFO - [2021-07-12 13:47:54,236] {dag.py:2306} INFO - Setting next_dagrun for example_subdag_operator.section-2 to None
[2021-07-12 13:47:54,243] {scheduler_job.py:190} INFO - Processing /Users/pierre-olivierboisvert/Desktop/GIT/Spotify-ETL/env/lib/python3.8/site-packages/airflow/example_dags/example_subdag_operator.py took 0.090 seconds
[2021-07-12 13:49:08,881] {scheduler_job.py:182} INFO - Started process (PID=66382) to work on /Users/pierre-olivierboisvert/Desktop/GIT/Spotify-ETL/env/lib/python3.8/site-packages/airflow/example_dags/example_subdag_operator.py
[2021-07-12 13:49:08,881] {scheduler_job.py:633} INFO - Processing file /Users/pierre-olivierboisvert/Desktop/GIT/Spotify-ETL/env/lib/python3.8/site-packages/airflow/example_dags/example_subdag_operator.py for tasks to queue
[2021-07-12 13:49:08,882] {logging_mixin.py:104} INFO - [2021-07-12 13:49:08,882] {dagbag.py:496} INFO - Filling up the DagBag from /Users/pierre-olivierboisvert/Desktop/GIT/Spotify-ETL/env/lib/python3.8/site-packages/airflow/example_dags/example_subdag_operator.py
[2021-07-12 13:49:08,927] {scheduler_job.py:643} INFO - DAG(s) dict_keys(['example_subdag_operator.section-1', 'example_subdag_operator.section-2', 'example_subdag_operator']) retrieved from /Users/pierre-olivierboisvert/Desktop/GIT/Spotify-ETL/env/lib/python3.8/site-packages/airflow/example_dags/example_subdag_operator.py
[2021-07-12 13:49:08,936] {logging_mixin.py:104} INFO - [2021-07-12 13:49:08,935] {dag.py:1833} INFO - Sync 3 DAGs
[2021-07-12 13:49:08,947] {logging_mixin.py:104} INFO - [2021-07-12 13:49:08,947] {dag.py:2306} INFO - Setting next_dagrun for example_subdag_operator to 2021-07-10 00:00:00+00:00
[2021-07-12 13:49:08,947] {logging_mixin.py:104} INFO - [2021-07-12 13:49:08,947] {dag.py:2306} INFO - Setting next_dagrun for example_subdag_operator.section-1 to None
[2021-07-12 13:49:08,948] {logging_mixin.py:104} INFO - [2021-07-12 13:49:08,948] {dag.py:2306} INFO - Setting next_dagrun for example_subdag_operator.section-2 to None
[2021-07-12 13:49:08,958] {logging_mixin.py:104} INFO - [2021-07-12 13:49:08,958] {dag.py:1833} INFO - Sync 2 DAGs
[2021-07-12 13:49:08,967] {logging_mixin.py:104} INFO - [2021-07-12 13:49:08,966] {dag.py:2306} INFO - Setting next_dagrun for example_subdag_operator.section-1 to None
[2021-07-12 13:49:08,967] {logging_mixin.py:104} INFO - [2021-07-12 13:49:08,967] {dag.py:2306} INFO - Setting next_dagrun for example_subdag_operator.section-2 to None
[2021-07-12 13:49:08,973] {scheduler_job.py:190} INFO - Processing /Users/pierre-olivierboisvert/Desktop/GIT/Spotify-ETL/env/lib/python3.8/site-packages/airflow/example_dags/example_subdag_operator.py took 0.093 seconds
[2021-07-12 13:50:42,067] {scheduler_job.py:182} INFO - Started process (PID=66484) to work on /Users/pierre-olivierboisvert/Desktop/GIT/Spotify-ETL/env/lib/python3.8/site-packages/airflow/example_dags/example_subdag_operator.py
[2021-07-12 13:50:42,069] {scheduler_job.py:633} INFO - Processing file /Users/pierre-olivierboisvert/Desktop/GIT/Spotify-ETL/env/lib/python3.8/site-packages/airflow/example_dags/example_subdag_operator.py for tasks to queue
[2021-07-12 13:50:42,069] {logging_mixin.py:104} INFO - [2021-07-12 13:50:42,069] {dagbag.py:496} INFO - Filling up the DagBag from /Users/pierre-olivierboisvert/Desktop/GIT/Spotify-ETL/env/lib/python3.8/site-packages/airflow/example_dags/example_subdag_operator.py
[2021-07-12 13:50:42,115] {scheduler_job.py:643} INFO - DAG(s) dict_keys(['example_subdag_operator.section-1', 'example_subdag_operator.section-2', 'example_subdag_operator']) retrieved from /Users/pierre-olivierboisvert/Desktop/GIT/Spotify-ETL/env/lib/python3.8/site-packages/airflow/example_dags/example_subdag_operator.py
[2021-07-12 13:50:42,124] {logging_mixin.py:104} INFO - [2021-07-12 13:50:42,124] {dag.py:1833} INFO - Sync 3 DAGs
[2021-07-12 13:50:42,132] {logging_mixin.py:104} INFO - [2021-07-12 13:50:42,132] {dag.py:2306} INFO - Setting next_dagrun for example_subdag_operator to 2021-07-10 00:00:00+00:00
[2021-07-12 13:50:42,133] {logging_mixin.py:104} INFO - [2021-07-12 13:50:42,133] {dag.py:2306} INFO - Setting next_dagrun for example_subdag_operator.section-1 to None
[2021-07-12 13:50:42,133] {logging_mixin.py:104} INFO - [2021-07-12 13:50:42,133] {dag.py:2306} INFO - Setting next_dagrun for example_subdag_operator.section-2 to None
[2021-07-12 13:50:42,140] {logging_mixin.py:104} INFO - [2021-07-12 13:50:42,140] {dag.py:1833} INFO - Sync 2 DAGs
[2021-07-12 13:50:42,146] {logging_mixin.py:104} INFO - [2021-07-12 13:50:42,146] {dag.py:2306} INFO - Setting next_dagrun for example_subdag_operator.section-1 to None
[2021-07-12 13:50:42,146] {logging_mixin.py:104} INFO - [2021-07-12 13:50:42,146] {dag.py:2306} INFO - Setting next_dagrun for example_subdag_operator.section-2 to None
[2021-07-12 13:50:42,153] {scheduler_job.py:190} INFO - Processing /Users/pierre-olivierboisvert/Desktop/GIT/Spotify-ETL/env/lib/python3.8/site-packages/airflow/example_dags/example_subdag_operator.py took 0.087 seconds
[2021-07-12 13:51:57,388] {scheduler_job.py:182} INFO - Started process (PID=66564) to work on /Users/pierre-olivierboisvert/Desktop/GIT/Spotify-ETL/env/lib/python3.8/site-packages/airflow/example_dags/example_subdag_operator.py
[2021-07-12 13:51:57,389] {scheduler_job.py:633} INFO - Processing file /Users/pierre-olivierboisvert/Desktop/GIT/Spotify-ETL/env/lib/python3.8/site-packages/airflow/example_dags/example_subdag_operator.py for tasks to queue
[2021-07-12 13:51:57,389] {logging_mixin.py:104} INFO - [2021-07-12 13:51:57,389] {dagbag.py:496} INFO - Filling up the DagBag from /Users/pierre-olivierboisvert/Desktop/GIT/Spotify-ETL/env/lib/python3.8/site-packages/airflow/example_dags/example_subdag_operator.py
[2021-07-12 13:51:57,436] {scheduler_job.py:643} INFO - DAG(s) dict_keys(['example_subdag_operator.section-1', 'example_subdag_operator.section-2', 'example_subdag_operator']) retrieved from /Users/pierre-olivierboisvert/Desktop/GIT/Spotify-ETL/env/lib/python3.8/site-packages/airflow/example_dags/example_subdag_operator.py
[2021-07-12 13:51:57,445] {logging_mixin.py:104} INFO - [2021-07-12 13:51:57,445] {dag.py:1833} INFO - Sync 3 DAGs
[2021-07-12 13:51:57,457] {logging_mixin.py:104} INFO - [2021-07-12 13:51:57,457] {dag.py:2306} INFO - Setting next_dagrun for example_subdag_operator to 2021-07-10 00:00:00+00:00
[2021-07-12 13:51:57,458] {logging_mixin.py:104} INFO - [2021-07-12 13:51:57,458] {dag.py:2306} INFO - Setting next_dagrun for example_subdag_operator.section-1 to None
[2021-07-12 13:51:57,458] {logging_mixin.py:104} INFO - [2021-07-12 13:51:57,458] {dag.py:2306} INFO - Setting next_dagrun for example_subdag_operator.section-2 to None
[2021-07-12 13:51:57,465] {logging_mixin.py:104} INFO - [2021-07-12 13:51:57,465] {dag.py:1833} INFO - Sync 2 DAGs
[2021-07-12 13:51:57,472] {logging_mixin.py:104} INFO - [2021-07-12 13:51:57,472] {dag.py:2306} INFO - Setting next_dagrun for example_subdag_operator.section-1 to None
[2021-07-12 13:51:57,472] {logging_mixin.py:104} INFO - [2021-07-12 13:51:57,472] {dag.py:2306} INFO - Setting next_dagrun for example_subdag_operator.section-2 to None
[2021-07-12 13:51:57,479] {scheduler_job.py:190} INFO - Processing /Users/pierre-olivierboisvert/Desktop/GIT/Spotify-ETL/env/lib/python3.8/site-packages/airflow/example_dags/example_subdag_operator.py took 0.091 seconds
[2021-07-12 13:53:27,790] {scheduler_job.py:182} INFO - Started process (PID=66671) to work on /Users/pierre-olivierboisvert/Desktop/GIT/Spotify-ETL/env/lib/python3.8/site-packages/airflow/example_dags/example_subdag_operator.py
[2021-07-12 13:53:27,790] {scheduler_job.py:633} INFO - Processing file /Users/pierre-olivierboisvert/Desktop/GIT/Spotify-ETL/env/lib/python3.8/site-packages/airflow/example_dags/example_subdag_operator.py for tasks to queue
[2021-07-12 13:53:27,790] {logging_mixin.py:104} INFO - [2021-07-12 13:53:27,790] {dagbag.py:496} INFO - Filling up the DagBag from /Users/pierre-olivierboisvert/Desktop/GIT/Spotify-ETL/env/lib/python3.8/site-packages/airflow/example_dags/example_subdag_operator.py
[2021-07-12 13:53:27,834] {scheduler_job.py:643} INFO - DAG(s) dict_keys(['example_subdag_operator.section-1', 'example_subdag_operator.section-2', 'example_subdag_operator']) retrieved from /Users/pierre-olivierboisvert/Desktop/GIT/Spotify-ETL/env/lib/python3.8/site-packages/airflow/example_dags/example_subdag_operator.py
[2021-07-12 13:53:27,843] {logging_mixin.py:104} INFO - [2021-07-12 13:53:27,843] {dag.py:1833} INFO - Sync 3 DAGs
[2021-07-12 13:53:27,851] {logging_mixin.py:104} INFO - [2021-07-12 13:53:27,851] {dag.py:2306} INFO - Setting next_dagrun for example_subdag_operator to 2021-07-10 00:00:00+00:00
[2021-07-12 13:53:27,852] {logging_mixin.py:104} INFO - [2021-07-12 13:53:27,852] {dag.py:2306} INFO - Setting next_dagrun for example_subdag_operator.section-1 to None
[2021-07-12 13:53:27,852] {logging_mixin.py:104} INFO - [2021-07-12 13:53:27,852] {dag.py:2306} INFO - Setting next_dagrun for example_subdag_operator.section-2 to None
[2021-07-12 13:53:27,861] {logging_mixin.py:104} INFO - [2021-07-12 13:53:27,861] {dag.py:1833} INFO - Sync 2 DAGs
[2021-07-12 13:53:27,868] {logging_mixin.py:104} INFO - [2021-07-12 13:53:27,868] {dag.py:2306} INFO - Setting next_dagrun for example_subdag_operator.section-1 to None
[2021-07-12 13:53:27,868] {logging_mixin.py:104} INFO - [2021-07-12 13:53:27,868] {dag.py:2306} INFO - Setting next_dagrun for example_subdag_operator.section-2 to None
[2021-07-12 13:53:27,875] {scheduler_job.py:190} INFO - Processing /Users/pierre-olivierboisvert/Desktop/GIT/Spotify-ETL/env/lib/python3.8/site-packages/airflow/example_dags/example_subdag_operator.py took 0.086 seconds
