[2021-07-12 13:40:07,251] {scheduler_job.py:182} INFO - Started process (PID=65758) to work on /Users/pierre-olivierboisvert/Desktop/GIT/Spotify-ETL/env/lib/python3.8/site-packages/airflow/example_dags/example_branch_labels.py
[2021-07-12 13:40:07,252] {scheduler_job.py:633} INFO - Processing file /Users/pierre-olivierboisvert/Desktop/GIT/Spotify-ETL/env/lib/python3.8/site-packages/airflow/example_dags/example_branch_labels.py for tasks to queue
[2021-07-12 13:40:07,252] {logging_mixin.py:104} INFO - [2021-07-12 13:40:07,252] {dagbag.py:496} INFO - Filling up the DagBag from /Users/pierre-olivierboisvert/Desktop/GIT/Spotify-ETL/env/lib/python3.8/site-packages/airflow/example_dags/example_branch_labels.py
[2021-07-12 13:40:07,265] {scheduler_job.py:643} INFO - DAG(s) dict_keys(['example_branch_labels']) retrieved from /Users/pierre-olivierboisvert/Desktop/GIT/Spotify-ETL/env/lib/python3.8/site-packages/airflow/example_dags/example_branch_labels.py
[2021-07-12 13:40:07,306] {logging_mixin.py:104} INFO - [2021-07-12 13:40:07,306] {dag.py:1833} INFO - Sync 1 DAGs
[2021-07-12 13:40:07,317] {logging_mixin.py:104} INFO - [2021-07-12 13:40:07,317] {dag.py:2306} INFO - Setting next_dagrun for example_branch_labels to 2021-07-10 00:00:00+00:00
[2021-07-12 13:40:07,328] {scheduler_job.py:190} INFO - Processing /Users/pierre-olivierboisvert/Desktop/GIT/Spotify-ETL/env/lib/python3.8/site-packages/airflow/example_dags/example_branch_labels.py took 0.078 seconds
[2021-07-12 13:41:46,490] {scheduler_job.py:182} INFO - Started process (PID=65945) to work on /Users/pierre-olivierboisvert/Desktop/GIT/Spotify-ETL/env/lib/python3.8/site-packages/airflow/example_dags/example_branch_labels.py
[2021-07-12 13:41:46,490] {scheduler_job.py:633} INFO - Processing file /Users/pierre-olivierboisvert/Desktop/GIT/Spotify-ETL/env/lib/python3.8/site-packages/airflow/example_dags/example_branch_labels.py for tasks to queue
[2021-07-12 13:41:46,491] {logging_mixin.py:104} INFO - [2021-07-12 13:41:46,490] {dagbag.py:496} INFO - Filling up the DagBag from /Users/pierre-olivierboisvert/Desktop/GIT/Spotify-ETL/env/lib/python3.8/site-packages/airflow/example_dags/example_branch_labels.py
[2021-07-12 13:41:46,498] {scheduler_job.py:643} INFO - DAG(s) dict_keys(['example_branch_labels']) retrieved from /Users/pierre-olivierboisvert/Desktop/GIT/Spotify-ETL/env/lib/python3.8/site-packages/airflow/example_dags/example_branch_labels.py
[2021-07-12 13:41:46,533] {logging_mixin.py:104} INFO - [2021-07-12 13:41:46,533] {dag.py:1833} INFO - Sync 1 DAGs
[2021-07-12 13:41:46,544] {logging_mixin.py:104} INFO - [2021-07-12 13:41:46,544] {dag.py:2306} INFO - Setting next_dagrun for example_branch_labels to 2021-07-10 00:00:00+00:00
[2021-07-12 13:41:46,556] {scheduler_job.py:190} INFO - Processing /Users/pierre-olivierboisvert/Desktop/GIT/Spotify-ETL/env/lib/python3.8/site-packages/airflow/example_dags/example_branch_labels.py took 0.067 seconds
[2021-07-12 13:42:55,411] {scheduler_job.py:182} INFO - Started process (PID=66011) to work on /Users/pierre-olivierboisvert/Desktop/GIT/Spotify-ETL/env/lib/python3.8/site-packages/airflow/example_dags/example_branch_labels.py
[2021-07-12 13:42:55,412] {scheduler_job.py:633} INFO - Processing file /Users/pierre-olivierboisvert/Desktop/GIT/Spotify-ETL/env/lib/python3.8/site-packages/airflow/example_dags/example_branch_labels.py for tasks to queue
[2021-07-12 13:42:55,412] {logging_mixin.py:104} INFO - [2021-07-12 13:42:55,412] {dagbag.py:496} INFO - Filling up the DagBag from /Users/pierre-olivierboisvert/Desktop/GIT/Spotify-ETL/env/lib/python3.8/site-packages/airflow/example_dags/example_branch_labels.py
[2021-07-12 13:42:55,420] {scheduler_job.py:643} INFO - DAG(s) dict_keys(['example_branch_labels']) retrieved from /Users/pierre-olivierboisvert/Desktop/GIT/Spotify-ETL/env/lib/python3.8/site-packages/airflow/example_dags/example_branch_labels.py
[2021-07-12 13:42:55,457] {logging_mixin.py:104} INFO - [2021-07-12 13:42:55,457] {dag.py:1833} INFO - Sync 1 DAGs
[2021-07-12 13:42:55,468] {logging_mixin.py:104} INFO - [2021-07-12 13:42:55,468] {dag.py:2306} INFO - Setting next_dagrun for example_branch_labels to 2021-07-10 00:00:00+00:00
[2021-07-12 13:42:55,482] {scheduler_job.py:190} INFO - Processing /Users/pierre-olivierboisvert/Desktop/GIT/Spotify-ETL/env/lib/python3.8/site-packages/airflow/example_dags/example_branch_labels.py took 0.072 seconds
[2021-07-12 13:44:03,065] {scheduler_job.py:182} INFO - Started process (PID=66075) to work on /Users/pierre-olivierboisvert/Desktop/GIT/Spotify-ETL/env/lib/python3.8/site-packages/airflow/example_dags/example_branch_labels.py
[2021-07-12 13:44:03,066] {scheduler_job.py:633} INFO - Processing file /Users/pierre-olivierboisvert/Desktop/GIT/Spotify-ETL/env/lib/python3.8/site-packages/airflow/example_dags/example_branch_labels.py for tasks to queue
[2021-07-12 13:44:03,066] {logging_mixin.py:104} INFO - [2021-07-12 13:44:03,066] {dagbag.py:496} INFO - Filling up the DagBag from /Users/pierre-olivierboisvert/Desktop/GIT/Spotify-ETL/env/lib/python3.8/site-packages/airflow/example_dags/example_branch_labels.py
[2021-07-12 13:44:03,074] {scheduler_job.py:643} INFO - DAG(s) dict_keys(['example_branch_labels']) retrieved from /Users/pierre-olivierboisvert/Desktop/GIT/Spotify-ETL/env/lib/python3.8/site-packages/airflow/example_dags/example_branch_labels.py
[2021-07-12 13:44:03,118] {logging_mixin.py:104} INFO - [2021-07-12 13:44:03,118] {dag.py:1833} INFO - Sync 1 DAGs
[2021-07-12 13:44:03,129] {logging_mixin.py:104} INFO - [2021-07-12 13:44:03,129] {dag.py:2306} INFO - Setting next_dagrun for example_branch_labels to 2021-07-10 00:00:00+00:00
[2021-07-12 13:44:03,141] {scheduler_job.py:190} INFO - Processing /Users/pierre-olivierboisvert/Desktop/GIT/Spotify-ETL/env/lib/python3.8/site-packages/airflow/example_dags/example_branch_labels.py took 0.077 seconds
[2021-07-12 13:45:12,055] {scheduler_job.py:182} INFO - Started process (PID=66145) to work on /Users/pierre-olivierboisvert/Desktop/GIT/Spotify-ETL/env/lib/python3.8/site-packages/airflow/example_dags/example_branch_labels.py
[2021-07-12 13:45:12,056] {scheduler_job.py:633} INFO - Processing file /Users/pierre-olivierboisvert/Desktop/GIT/Spotify-ETL/env/lib/python3.8/site-packages/airflow/example_dags/example_branch_labels.py for tasks to queue
[2021-07-12 13:45:12,057] {logging_mixin.py:104} INFO - [2021-07-12 13:45:12,057] {dagbag.py:496} INFO - Filling up the DagBag from /Users/pierre-olivierboisvert/Desktop/GIT/Spotify-ETL/env/lib/python3.8/site-packages/airflow/example_dags/example_branch_labels.py
[2021-07-12 13:45:12,065] {scheduler_job.py:643} INFO - DAG(s) dict_keys(['example_branch_labels']) retrieved from /Users/pierre-olivierboisvert/Desktop/GIT/Spotify-ETL/env/lib/python3.8/site-packages/airflow/example_dags/example_branch_labels.py
[2021-07-12 13:45:12,106] {logging_mixin.py:104} INFO - [2021-07-12 13:45:12,105] {dag.py:1833} INFO - Sync 1 DAGs
[2021-07-12 13:45:12,119] {logging_mixin.py:104} INFO - [2021-07-12 13:45:12,119] {dag.py:2306} INFO - Setting next_dagrun for example_branch_labels to 2021-07-10 00:00:00+00:00
[2021-07-12 13:45:12,130] {scheduler_job.py:190} INFO - Processing /Users/pierre-olivierboisvert/Desktop/GIT/Spotify-ETL/env/lib/python3.8/site-packages/airflow/example_dags/example_branch_labels.py took 0.075 seconds
[2021-07-12 13:46:19,051] {scheduler_job.py:182} INFO - Started process (PID=66210) to work on /Users/pierre-olivierboisvert/Desktop/GIT/Spotify-ETL/env/lib/python3.8/site-packages/airflow/example_dags/example_branch_labels.py
[2021-07-12 13:46:19,052] {scheduler_job.py:633} INFO - Processing file /Users/pierre-olivierboisvert/Desktop/GIT/Spotify-ETL/env/lib/python3.8/site-packages/airflow/example_dags/example_branch_labels.py for tasks to queue
[2021-07-12 13:46:19,052] {logging_mixin.py:104} INFO - [2021-07-12 13:46:19,052] {dagbag.py:496} INFO - Filling up the DagBag from /Users/pierre-olivierboisvert/Desktop/GIT/Spotify-ETL/env/lib/python3.8/site-packages/airflow/example_dags/example_branch_labels.py
[2021-07-12 13:46:19,060] {scheduler_job.py:643} INFO - DAG(s) dict_keys(['example_branch_labels']) retrieved from /Users/pierre-olivierboisvert/Desktop/GIT/Spotify-ETL/env/lib/python3.8/site-packages/airflow/example_dags/example_branch_labels.py
[2021-07-12 13:46:19,099] {logging_mixin.py:104} INFO - [2021-07-12 13:46:19,099] {dag.py:1833} INFO - Sync 1 DAGs
[2021-07-12 13:46:19,111] {logging_mixin.py:104} INFO - [2021-07-12 13:46:19,111] {dag.py:2306} INFO - Setting next_dagrun for example_branch_labels to 2021-07-10 00:00:00+00:00
[2021-07-12 13:46:19,122] {scheduler_job.py:190} INFO - Processing /Users/pierre-olivierboisvert/Desktop/GIT/Spotify-ETL/env/lib/python3.8/site-packages/airflow/example_dags/example_branch_labels.py took 0.071 seconds
[2021-07-12 13:47:28,752] {scheduler_job.py:182} INFO - Started process (PID=66280) to work on /Users/pierre-olivierboisvert/Desktop/GIT/Spotify-ETL/env/lib/python3.8/site-packages/airflow/example_dags/example_branch_labels.py
[2021-07-12 13:47:28,753] {scheduler_job.py:633} INFO - Processing file /Users/pierre-olivierboisvert/Desktop/GIT/Spotify-ETL/env/lib/python3.8/site-packages/airflow/example_dags/example_branch_labels.py for tasks to queue
[2021-07-12 13:47:28,754] {logging_mixin.py:104} INFO - [2021-07-12 13:47:28,753] {dagbag.py:496} INFO - Filling up the DagBag from /Users/pierre-olivierboisvert/Desktop/GIT/Spotify-ETL/env/lib/python3.8/site-packages/airflow/example_dags/example_branch_labels.py
[2021-07-12 13:47:28,762] {scheduler_job.py:643} INFO - DAG(s) dict_keys(['example_branch_labels']) retrieved from /Users/pierre-olivierboisvert/Desktop/GIT/Spotify-ETL/env/lib/python3.8/site-packages/airflow/example_dags/example_branch_labels.py
[2021-07-12 13:47:28,800] {logging_mixin.py:104} INFO - [2021-07-12 13:47:28,800] {dag.py:1833} INFO - Sync 1 DAGs
[2021-07-12 13:47:28,811] {logging_mixin.py:104} INFO - [2021-07-12 13:47:28,811] {dag.py:2306} INFO - Setting next_dagrun for example_branch_labels to 2021-07-10 00:00:00+00:00
[2021-07-12 13:47:28,822] {scheduler_job.py:190} INFO - Processing /Users/pierre-olivierboisvert/Desktop/GIT/Spotify-ETL/env/lib/python3.8/site-packages/airflow/example_dags/example_branch_labels.py took 0.070 seconds
[2021-07-12 13:48:40,739] {scheduler_job.py:182} INFO - Started process (PID=66355) to work on /Users/pierre-olivierboisvert/Desktop/GIT/Spotify-ETL/env/lib/python3.8/site-packages/airflow/example_dags/example_branch_labels.py
[2021-07-12 13:48:40,739] {scheduler_job.py:633} INFO - Processing file /Users/pierre-olivierboisvert/Desktop/GIT/Spotify-ETL/env/lib/python3.8/site-packages/airflow/example_dags/example_branch_labels.py for tasks to queue
[2021-07-12 13:48:40,740] {logging_mixin.py:104} INFO - [2021-07-12 13:48:40,740] {dagbag.py:496} INFO - Filling up the DagBag from /Users/pierre-olivierboisvert/Desktop/GIT/Spotify-ETL/env/lib/python3.8/site-packages/airflow/example_dags/example_branch_labels.py
[2021-07-12 13:48:40,747] {scheduler_job.py:643} INFO - DAG(s) dict_keys(['example_branch_labels']) retrieved from /Users/pierre-olivierboisvert/Desktop/GIT/Spotify-ETL/env/lib/python3.8/site-packages/airflow/example_dags/example_branch_labels.py
[2021-07-12 13:48:40,782] {logging_mixin.py:104} INFO - [2021-07-12 13:48:40,782] {dag.py:1833} INFO - Sync 1 DAGs
[2021-07-12 13:48:40,793] {logging_mixin.py:104} INFO - [2021-07-12 13:48:40,793] {dag.py:2306} INFO - Setting next_dagrun for example_branch_labels to 2021-07-10 00:00:00+00:00
[2021-07-12 13:48:40,803] {scheduler_job.py:190} INFO - Processing /Users/pierre-olivierboisvert/Desktop/GIT/Spotify-ETL/env/lib/python3.8/site-packages/airflow/example_dags/example_branch_labels.py took 0.065 seconds
[2021-07-12 13:50:13,831] {scheduler_job.py:182} INFO - Started process (PID=66458) to work on /Users/pierre-olivierboisvert/Desktop/GIT/Spotify-ETL/env/lib/python3.8/site-packages/airflow/example_dags/example_branch_labels.py
[2021-07-12 13:50:13,834] {scheduler_job.py:633} INFO - Processing file /Users/pierre-olivierboisvert/Desktop/GIT/Spotify-ETL/env/lib/python3.8/site-packages/airflow/example_dags/example_branch_labels.py for tasks to queue
[2021-07-12 13:50:13,835] {logging_mixin.py:104} INFO - [2021-07-12 13:50:13,834] {dagbag.py:496} INFO - Filling up the DagBag from /Users/pierre-olivierboisvert/Desktop/GIT/Spotify-ETL/env/lib/python3.8/site-packages/airflow/example_dags/example_branch_labels.py
[2021-07-12 13:50:13,847] {scheduler_job.py:643} INFO - DAG(s) dict_keys(['example_branch_labels']) retrieved from /Users/pierre-olivierboisvert/Desktop/GIT/Spotify-ETL/env/lib/python3.8/site-packages/airflow/example_dags/example_branch_labels.py
[2021-07-12 13:50:13,886] {logging_mixin.py:104} INFO - [2021-07-12 13:50:13,886] {dag.py:1833} INFO - Sync 1 DAGs
[2021-07-12 13:50:13,899] {logging_mixin.py:104} INFO - [2021-07-12 13:50:13,899] {dag.py:2306} INFO - Setting next_dagrun for example_branch_labels to 2021-07-10 00:00:00+00:00
[2021-07-12 13:50:13,907] {scheduler_job.py:190} INFO - Processing /Users/pierre-olivierboisvert/Desktop/GIT/Spotify-ETL/env/lib/python3.8/site-packages/airflow/example_dags/example_branch_labels.py took 0.077 seconds
[2021-07-12 13:51:26,152] {scheduler_job.py:182} INFO - Started process (PID=66528) to work on /Users/pierre-olivierboisvert/Desktop/GIT/Spotify-ETL/env/lib/python3.8/site-packages/airflow/example_dags/example_branch_labels.py
[2021-07-12 13:51:26,153] {scheduler_job.py:633} INFO - Processing file /Users/pierre-olivierboisvert/Desktop/GIT/Spotify-ETL/env/lib/python3.8/site-packages/airflow/example_dags/example_branch_labels.py for tasks to queue
[2021-07-12 13:51:26,154] {logging_mixin.py:104} INFO - [2021-07-12 13:51:26,154] {dagbag.py:496} INFO - Filling up the DagBag from /Users/pierre-olivierboisvert/Desktop/GIT/Spotify-ETL/env/lib/python3.8/site-packages/airflow/example_dags/example_branch_labels.py
[2021-07-12 13:51:26,164] {scheduler_job.py:643} INFO - DAG(s) dict_keys(['example_branch_labels']) retrieved from /Users/pierre-olivierboisvert/Desktop/GIT/Spotify-ETL/env/lib/python3.8/site-packages/airflow/example_dags/example_branch_labels.py
[2021-07-12 13:51:26,204] {logging_mixin.py:104} INFO - [2021-07-12 13:51:26,203] {dag.py:1833} INFO - Sync 1 DAGs
[2021-07-12 13:51:26,217] {logging_mixin.py:104} INFO - [2021-07-12 13:51:26,217] {dag.py:2306} INFO - Setting next_dagrun for example_branch_labels to 2021-07-10 00:00:00+00:00
[2021-07-12 13:51:26,228] {scheduler_job.py:190} INFO - Processing /Users/pierre-olivierboisvert/Desktop/GIT/Spotify-ETL/env/lib/python3.8/site-packages/airflow/example_dags/example_branch_labels.py took 0.077 seconds
[2021-07-12 13:52:52,560] {scheduler_job.py:182} INFO - Started process (PID=66640) to work on /Users/pierre-olivierboisvert/Desktop/GIT/Spotify-ETL/env/lib/python3.8/site-packages/airflow/example_dags/example_branch_labels.py
[2021-07-12 13:52:52,561] {scheduler_job.py:633} INFO - Processing file /Users/pierre-olivierboisvert/Desktop/GIT/Spotify-ETL/env/lib/python3.8/site-packages/airflow/example_dags/example_branch_labels.py for tasks to queue
[2021-07-12 13:52:52,561] {logging_mixin.py:104} INFO - [2021-07-12 13:52:52,561] {dagbag.py:496} INFO - Filling up the DagBag from /Users/pierre-olivierboisvert/Desktop/GIT/Spotify-ETL/env/lib/python3.8/site-packages/airflow/example_dags/example_branch_labels.py
[2021-07-12 13:52:52,569] {scheduler_job.py:643} INFO - DAG(s) dict_keys(['example_branch_labels']) retrieved from /Users/pierre-olivierboisvert/Desktop/GIT/Spotify-ETL/env/lib/python3.8/site-packages/airflow/example_dags/example_branch_labels.py
[2021-07-12 13:52:52,609] {logging_mixin.py:104} INFO - [2021-07-12 13:52:52,609] {dag.py:1833} INFO - Sync 1 DAGs
[2021-07-12 13:52:52,620] {logging_mixin.py:104} INFO - [2021-07-12 13:52:52,620] {dag.py:2306} INFO - Setting next_dagrun for example_branch_labels to 2021-07-10 00:00:00+00:00
[2021-07-12 13:52:52,629] {scheduler_job.py:190} INFO - Processing /Users/pierre-olivierboisvert/Desktop/GIT/Spotify-ETL/env/lib/python3.8/site-packages/airflow/example_dags/example_branch_labels.py took 0.069 seconds
