[2021-07-12 13:39:11,742] {scheduler_job.py:182} INFO - Started process (PID=65638) to work on /Users/pierre-olivierboisvert/Desktop/GIT/Spotify-ETL/env/lib/python3.8/site-packages/airflow/example_dags/example_xcomargs.py
[2021-07-12 13:39:11,743] {scheduler_job.py:633} INFO - Processing file /Users/pierre-olivierboisvert/Desktop/GIT/Spotify-ETL/env/lib/python3.8/site-packages/airflow/example_dags/example_xcomargs.py for tasks to queue
[2021-07-12 13:39:11,744] {logging_mixin.py:104} INFO - [2021-07-12 13:39:11,744] {dagbag.py:496} INFO - Filling up the DagBag from /Users/pierre-olivierboisvert/Desktop/GIT/Spotify-ETL/env/lib/python3.8/site-packages/airflow/example_dags/example_xcomargs.py
[2021-07-12 13:39:11,759] {scheduler_job.py:643} INFO - DAG(s) dict_keys(['example_xcom_args', 'example_xcom_args_with_operators']) retrieved from /Users/pierre-olivierboisvert/Desktop/GIT/Spotify-ETL/env/lib/python3.8/site-packages/airflow/example_dags/example_xcomargs.py
[2021-07-12 13:39:11,768] {logging_mixin.py:104} INFO - [2021-07-12 13:39:11,767] {dag.py:1833} INFO - Sync 2 DAGs
[2021-07-12 13:39:11,806] {logging_mixin.py:104} INFO - [2021-07-12 13:39:11,806] {dag.py:2306} INFO - Setting next_dagrun for example_xcom_args to None
[2021-07-12 13:39:11,807] {logging_mixin.py:104} INFO - [2021-07-12 13:39:11,807] {dag.py:2306} INFO - Setting next_dagrun for example_xcom_args_with_operators to None
[2021-07-12 13:39:11,820] {scheduler_job.py:190} INFO - Processing /Users/pierre-olivierboisvert/Desktop/GIT/Spotify-ETL/env/lib/python3.8/site-packages/airflow/example_dags/example_xcomargs.py took 0.079 seconds
[2021-07-12 13:40:34,399] {scheduler_job.py:182} INFO - Started process (PID=65810) to work on /Users/pierre-olivierboisvert/Desktop/GIT/Spotify-ETL/env/lib/python3.8/site-packages/airflow/example_dags/example_xcomargs.py
[2021-07-12 13:40:34,400] {scheduler_job.py:633} INFO - Processing file /Users/pierre-olivierboisvert/Desktop/GIT/Spotify-ETL/env/lib/python3.8/site-packages/airflow/example_dags/example_xcomargs.py for tasks to queue
[2021-07-12 13:40:34,400] {logging_mixin.py:104} INFO - [2021-07-12 13:40:34,400] {dagbag.py:496} INFO - Filling up the DagBag from /Users/pierre-olivierboisvert/Desktop/GIT/Spotify-ETL/env/lib/python3.8/site-packages/airflow/example_dags/example_xcomargs.py
[2021-07-12 13:40:34,417] {scheduler_job.py:643} INFO - DAG(s) dict_keys(['example_xcom_args', 'example_xcom_args_with_operators']) retrieved from /Users/pierre-olivierboisvert/Desktop/GIT/Spotify-ETL/env/lib/python3.8/site-packages/airflow/example_dags/example_xcomargs.py
[2021-07-12 13:40:34,857] {logging_mixin.py:104} INFO - [2021-07-12 13:40:34,857] {dag.py:1833} INFO - Sync 2 DAGs
[2021-07-12 13:40:34,866] {logging_mixin.py:104} INFO - [2021-07-12 13:40:34,866] {dag.py:2306} INFO - Setting next_dagrun for example_xcom_args to None
[2021-07-12 13:40:34,867] {logging_mixin.py:104} INFO - [2021-07-12 13:40:34,867] {dag.py:2306} INFO - Setting next_dagrun for example_xcom_args_with_operators to None
[2021-07-12 13:40:34,881] {scheduler_job.py:190} INFO - Processing /Users/pierre-olivierboisvert/Desktop/GIT/Spotify-ETL/env/lib/python3.8/site-packages/airflow/example_dags/example_xcomargs.py took 0.482 seconds
[2021-07-12 13:41:26,207] {scheduler_job.py:182} INFO - Started process (PID=65927) to work on /Users/pierre-olivierboisvert/Desktop/GIT/Spotify-ETL/env/lib/python3.8/site-packages/airflow/example_dags/example_xcomargs.py
[2021-07-12 13:41:26,207] {scheduler_job.py:633} INFO - Processing file /Users/pierre-olivierboisvert/Desktop/GIT/Spotify-ETL/env/lib/python3.8/site-packages/airflow/example_dags/example_xcomargs.py for tasks to queue
[2021-07-12 13:41:26,208] {logging_mixin.py:104} INFO - [2021-07-12 13:41:26,208] {dagbag.py:496} INFO - Filling up the DagBag from /Users/pierre-olivierboisvert/Desktop/GIT/Spotify-ETL/env/lib/python3.8/site-packages/airflow/example_dags/example_xcomargs.py
[2021-07-12 13:41:26,224] {scheduler_job.py:643} INFO - DAG(s) dict_keys(['example_xcom_args', 'example_xcom_args_with_operators']) retrieved from /Users/pierre-olivierboisvert/Desktop/GIT/Spotify-ETL/env/lib/python3.8/site-packages/airflow/example_dags/example_xcomargs.py
[2021-07-12 13:41:26,601] {logging_mixin.py:104} INFO - [2021-07-12 13:41:26,601] {dag.py:1833} INFO - Sync 2 DAGs
[2021-07-12 13:41:26,610] {logging_mixin.py:104} INFO - [2021-07-12 13:41:26,610] {dag.py:2306} INFO - Setting next_dagrun for example_xcom_args to None
[2021-07-12 13:41:26,610] {logging_mixin.py:104} INFO - [2021-07-12 13:41:26,610] {dag.py:2306} INFO - Setting next_dagrun for example_xcom_args_with_operators to None
[2021-07-12 13:41:26,626] {scheduler_job.py:190} INFO - Processing /Users/pierre-olivierboisvert/Desktop/GIT/Spotify-ETL/env/lib/python3.8/site-packages/airflow/example_dags/example_xcomargs.py took 0.420 seconds
[2021-07-12 13:42:36,607] {scheduler_job.py:182} INFO - Started process (PID=65993) to work on /Users/pierre-olivierboisvert/Desktop/GIT/Spotify-ETL/env/lib/python3.8/site-packages/airflow/example_dags/example_xcomargs.py
[2021-07-12 13:42:36,607] {scheduler_job.py:633} INFO - Processing file /Users/pierre-olivierboisvert/Desktop/GIT/Spotify-ETL/env/lib/python3.8/site-packages/airflow/example_dags/example_xcomargs.py for tasks to queue
[2021-07-12 13:42:36,608] {logging_mixin.py:104} INFO - [2021-07-12 13:42:36,608] {dagbag.py:496} INFO - Filling up the DagBag from /Users/pierre-olivierboisvert/Desktop/GIT/Spotify-ETL/env/lib/python3.8/site-packages/airflow/example_dags/example_xcomargs.py
[2021-07-12 13:42:36,622] {scheduler_job.py:643} INFO - DAG(s) dict_keys(['example_xcom_args', 'example_xcom_args_with_operators']) retrieved from /Users/pierre-olivierboisvert/Desktop/GIT/Spotify-ETL/env/lib/python3.8/site-packages/airflow/example_dags/example_xcomargs.py
[2021-07-12 13:42:36,982] {logging_mixin.py:104} INFO - [2021-07-12 13:42:36,982] {dag.py:1833} INFO - Sync 2 DAGs
[2021-07-12 13:42:36,991] {logging_mixin.py:104} INFO - [2021-07-12 13:42:36,991] {dag.py:2306} INFO - Setting next_dagrun for example_xcom_args to None
[2021-07-12 13:42:36,992] {logging_mixin.py:104} INFO - [2021-07-12 13:42:36,992] {dag.py:2306} INFO - Setting next_dagrun for example_xcom_args_with_operators to None
[2021-07-12 13:42:37,007] {scheduler_job.py:190} INFO - Processing /Users/pierre-olivierboisvert/Desktop/GIT/Spotify-ETL/env/lib/python3.8/site-packages/airflow/example_dags/example_xcomargs.py took 0.401 seconds
[2021-07-12 13:43:42,913] {scheduler_job.py:182} INFO - Started process (PID=66057) to work on /Users/pierre-olivierboisvert/Desktop/GIT/Spotify-ETL/env/lib/python3.8/site-packages/airflow/example_dags/example_xcomargs.py
[2021-07-12 13:43:42,914] {scheduler_job.py:633} INFO - Processing file /Users/pierre-olivierboisvert/Desktop/GIT/Spotify-ETL/env/lib/python3.8/site-packages/airflow/example_dags/example_xcomargs.py for tasks to queue
[2021-07-12 13:43:42,914] {logging_mixin.py:104} INFO - [2021-07-12 13:43:42,914] {dagbag.py:496} INFO - Filling up the DagBag from /Users/pierre-olivierboisvert/Desktop/GIT/Spotify-ETL/env/lib/python3.8/site-packages/airflow/example_dags/example_xcomargs.py
[2021-07-12 13:43:42,931] {scheduler_job.py:643} INFO - DAG(s) dict_keys(['example_xcom_args', 'example_xcom_args_with_operators']) retrieved from /Users/pierre-olivierboisvert/Desktop/GIT/Spotify-ETL/env/lib/python3.8/site-packages/airflow/example_dags/example_xcomargs.py
[2021-07-12 13:43:43,287] {logging_mixin.py:104} INFO - [2021-07-12 13:43:43,287] {dag.py:1833} INFO - Sync 2 DAGs
[2021-07-12 13:43:43,298] {logging_mixin.py:104} INFO - [2021-07-12 13:43:43,297] {dag.py:2306} INFO - Setting next_dagrun for example_xcom_args to None
[2021-07-12 13:43:43,298] {logging_mixin.py:104} INFO - [2021-07-12 13:43:43,298] {dag.py:2306} INFO - Setting next_dagrun for example_xcom_args_with_operators to None
[2021-07-12 13:43:43,312] {scheduler_job.py:190} INFO - Processing /Users/pierre-olivierboisvert/Desktop/GIT/Spotify-ETL/env/lib/python3.8/site-packages/airflow/example_dags/example_xcomargs.py took 0.399 seconds
[2021-07-12 13:44:53,126] {scheduler_job.py:182} INFO - Started process (PID=66127) to work on /Users/pierre-olivierboisvert/Desktop/GIT/Spotify-ETL/env/lib/python3.8/site-packages/airflow/example_dags/example_xcomargs.py
[2021-07-12 13:44:53,127] {scheduler_job.py:633} INFO - Processing file /Users/pierre-olivierboisvert/Desktop/GIT/Spotify-ETL/env/lib/python3.8/site-packages/airflow/example_dags/example_xcomargs.py for tasks to queue
[2021-07-12 13:44:53,127] {logging_mixin.py:104} INFO - [2021-07-12 13:44:53,127] {dagbag.py:496} INFO - Filling up the DagBag from /Users/pierre-olivierboisvert/Desktop/GIT/Spotify-ETL/env/lib/python3.8/site-packages/airflow/example_dags/example_xcomargs.py
[2021-07-12 13:44:53,142] {scheduler_job.py:643} INFO - DAG(s) dict_keys(['example_xcom_args', 'example_xcom_args_with_operators']) retrieved from /Users/pierre-olivierboisvert/Desktop/GIT/Spotify-ETL/env/lib/python3.8/site-packages/airflow/example_dags/example_xcomargs.py
[2021-07-12 13:44:53,497] {logging_mixin.py:104} INFO - [2021-07-12 13:44:53,497] {dag.py:1833} INFO - Sync 2 DAGs
[2021-07-12 13:44:53,505] {logging_mixin.py:104} INFO - [2021-07-12 13:44:53,505] {dag.py:2306} INFO - Setting next_dagrun for example_xcom_args to None
[2021-07-12 13:44:53,505] {logging_mixin.py:104} INFO - [2021-07-12 13:44:53,505] {dag.py:2306} INFO - Setting next_dagrun for example_xcom_args_with_operators to None
[2021-07-12 13:44:53,518] {scheduler_job.py:190} INFO - Processing /Users/pierre-olivierboisvert/Desktop/GIT/Spotify-ETL/env/lib/python3.8/site-packages/airflow/example_dags/example_xcomargs.py took 0.393 seconds
[2021-07-12 13:45:59,434] {scheduler_job.py:182} INFO - Started process (PID=66192) to work on /Users/pierre-olivierboisvert/Desktop/GIT/Spotify-ETL/env/lib/python3.8/site-packages/airflow/example_dags/example_xcomargs.py
[2021-07-12 13:45:59,434] {scheduler_job.py:633} INFO - Processing file /Users/pierre-olivierboisvert/Desktop/GIT/Spotify-ETL/env/lib/python3.8/site-packages/airflow/example_dags/example_xcomargs.py for tasks to queue
[2021-07-12 13:45:59,435] {logging_mixin.py:104} INFO - [2021-07-12 13:45:59,435] {dagbag.py:496} INFO - Filling up the DagBag from /Users/pierre-olivierboisvert/Desktop/GIT/Spotify-ETL/env/lib/python3.8/site-packages/airflow/example_dags/example_xcomargs.py
[2021-07-12 13:45:59,448] {scheduler_job.py:643} INFO - DAG(s) dict_keys(['example_xcom_args', 'example_xcom_args_with_operators']) retrieved from /Users/pierre-olivierboisvert/Desktop/GIT/Spotify-ETL/env/lib/python3.8/site-packages/airflow/example_dags/example_xcomargs.py
[2021-07-12 13:45:59,812] {logging_mixin.py:104} INFO - [2021-07-12 13:45:59,812] {dag.py:1833} INFO - Sync 2 DAGs
[2021-07-12 13:45:59,822] {logging_mixin.py:104} INFO - [2021-07-12 13:45:59,822] {dag.py:2306} INFO - Setting next_dagrun for example_xcom_args to None
[2021-07-12 13:45:59,822] {logging_mixin.py:104} INFO - [2021-07-12 13:45:59,822] {dag.py:2306} INFO - Setting next_dagrun for example_xcom_args_with_operators to None
[2021-07-12 13:45:59,839] {scheduler_job.py:190} INFO - Processing /Users/pierre-olivierboisvert/Desktop/GIT/Spotify-ETL/env/lib/python3.8/site-packages/airflow/example_dags/example_xcomargs.py took 0.406 seconds
[2021-07-12 13:47:09,761] {scheduler_job.py:182} INFO - Started process (PID=66261) to work on /Users/pierre-olivierboisvert/Desktop/GIT/Spotify-ETL/env/lib/python3.8/site-packages/airflow/example_dags/example_xcomargs.py
[2021-07-12 13:47:09,761] {scheduler_job.py:633} INFO - Processing file /Users/pierre-olivierboisvert/Desktop/GIT/Spotify-ETL/env/lib/python3.8/site-packages/airflow/example_dags/example_xcomargs.py for tasks to queue
[2021-07-12 13:47:09,762] {logging_mixin.py:104} INFO - [2021-07-12 13:47:09,762] {dagbag.py:496} INFO - Filling up the DagBag from /Users/pierre-olivierboisvert/Desktop/GIT/Spotify-ETL/env/lib/python3.8/site-packages/airflow/example_dags/example_xcomargs.py
[2021-07-12 13:47:09,775] {scheduler_job.py:643} INFO - DAG(s) dict_keys(['example_xcom_args', 'example_xcom_args_with_operators']) retrieved from /Users/pierre-olivierboisvert/Desktop/GIT/Spotify-ETL/env/lib/python3.8/site-packages/airflow/example_dags/example_xcomargs.py
[2021-07-12 13:47:10,137] {logging_mixin.py:104} INFO - [2021-07-12 13:47:10,137] {dag.py:1833} INFO - Sync 2 DAGs
[2021-07-12 13:47:10,146] {logging_mixin.py:104} INFO - [2021-07-12 13:47:10,146] {dag.py:2306} INFO - Setting next_dagrun for example_xcom_args to None
[2021-07-12 13:47:10,146] {logging_mixin.py:104} INFO - [2021-07-12 13:47:10,146] {dag.py:2306} INFO - Setting next_dagrun for example_xcom_args_with_operators to None
[2021-07-12 13:47:10,161] {scheduler_job.py:190} INFO - Processing /Users/pierre-olivierboisvert/Desktop/GIT/Spotify-ETL/env/lib/python3.8/site-packages/airflow/example_dags/example_xcomargs.py took 0.401 seconds
[2021-07-12 13:48:20,616] {scheduler_job.py:182} INFO - Started process (PID=66337) to work on /Users/pierre-olivierboisvert/Desktop/GIT/Spotify-ETL/env/lib/python3.8/site-packages/airflow/example_dags/example_xcomargs.py
[2021-07-12 13:48:20,617] {scheduler_job.py:633} INFO - Processing file /Users/pierre-olivierboisvert/Desktop/GIT/Spotify-ETL/env/lib/python3.8/site-packages/airflow/example_dags/example_xcomargs.py for tasks to queue
[2021-07-12 13:48:20,617] {logging_mixin.py:104} INFO - [2021-07-12 13:48:20,617] {dagbag.py:496} INFO - Filling up the DagBag from /Users/pierre-olivierboisvert/Desktop/GIT/Spotify-ETL/env/lib/python3.8/site-packages/airflow/example_dags/example_xcomargs.py
[2021-07-12 13:48:20,633] {scheduler_job.py:643} INFO - DAG(s) dict_keys(['example_xcom_args', 'example_xcom_args_with_operators']) retrieved from /Users/pierre-olivierboisvert/Desktop/GIT/Spotify-ETL/env/lib/python3.8/site-packages/airflow/example_dags/example_xcomargs.py
[2021-07-12 13:48:21,007] {logging_mixin.py:104} INFO - [2021-07-12 13:48:21,007] {dag.py:1833} INFO - Sync 2 DAGs
[2021-07-12 13:48:21,016] {logging_mixin.py:104} INFO - [2021-07-12 13:48:21,016] {dag.py:2306} INFO - Setting next_dagrun for example_xcom_args to None
[2021-07-12 13:48:21,016] {logging_mixin.py:104} INFO - [2021-07-12 13:48:21,016] {dag.py:2306} INFO - Setting next_dagrun for example_xcom_args_with_operators to None
[2021-07-12 13:48:21,029] {scheduler_job.py:190} INFO - Processing /Users/pierre-olivierboisvert/Desktop/GIT/Spotify-ETL/env/lib/python3.8/site-packages/airflow/example_dags/example_xcomargs.py took 0.414 seconds
[2021-07-12 13:49:52,147] {scheduler_job.py:182} INFO - Started process (PID=66437) to work on /Users/pierre-olivierboisvert/Desktop/GIT/Spotify-ETL/env/lib/python3.8/site-packages/airflow/example_dags/example_xcomargs.py
[2021-07-12 13:49:52,149] {scheduler_job.py:633} INFO - Processing file /Users/pierre-olivierboisvert/Desktop/GIT/Spotify-ETL/env/lib/python3.8/site-packages/airflow/example_dags/example_xcomargs.py for tasks to queue
[2021-07-12 13:49:52,149] {logging_mixin.py:104} INFO - [2021-07-12 13:49:52,149] {dagbag.py:496} INFO - Filling up the DagBag from /Users/pierre-olivierboisvert/Desktop/GIT/Spotify-ETL/env/lib/python3.8/site-packages/airflow/example_dags/example_xcomargs.py
[2021-07-12 13:49:52,166] {scheduler_job.py:643} INFO - DAG(s) dict_keys(['example_xcom_args', 'example_xcom_args_with_operators']) retrieved from /Users/pierre-olivierboisvert/Desktop/GIT/Spotify-ETL/env/lib/python3.8/site-packages/airflow/example_dags/example_xcomargs.py
[2021-07-12 13:49:52,531] {logging_mixin.py:104} INFO - [2021-07-12 13:49:52,531] {dag.py:1833} INFO - Sync 2 DAGs
[2021-07-12 13:49:52,543] {logging_mixin.py:104} INFO - [2021-07-12 13:49:52,542] {dag.py:2306} INFO - Setting next_dagrun for example_xcom_args to None
[2021-07-12 13:49:52,544] {logging_mixin.py:104} INFO - [2021-07-12 13:49:52,544] {dag.py:2306} INFO - Setting next_dagrun for example_xcom_args_with_operators to None
[2021-07-12 13:49:52,555] {scheduler_job.py:190} INFO - Processing /Users/pierre-olivierboisvert/Desktop/GIT/Spotify-ETL/env/lib/python3.8/site-packages/airflow/example_dags/example_xcomargs.py took 0.409 seconds
[2021-07-12 13:51:04,261] {scheduler_job.py:182} INFO - Started process (PID=66506) to work on /Users/pierre-olivierboisvert/Desktop/GIT/Spotify-ETL/env/lib/python3.8/site-packages/airflow/example_dags/example_xcomargs.py
[2021-07-12 13:51:04,262] {scheduler_job.py:633} INFO - Processing file /Users/pierre-olivierboisvert/Desktop/GIT/Spotify-ETL/env/lib/python3.8/site-packages/airflow/example_dags/example_xcomargs.py for tasks to queue
[2021-07-12 13:51:04,263] {logging_mixin.py:104} INFO - [2021-07-12 13:51:04,262] {dagbag.py:496} INFO - Filling up the DagBag from /Users/pierre-olivierboisvert/Desktop/GIT/Spotify-ETL/env/lib/python3.8/site-packages/airflow/example_dags/example_xcomargs.py
[2021-07-12 13:51:04,280] {scheduler_job.py:643} INFO - DAG(s) dict_keys(['example_xcom_args', 'example_xcom_args_with_operators']) retrieved from /Users/pierre-olivierboisvert/Desktop/GIT/Spotify-ETL/env/lib/python3.8/site-packages/airflow/example_dags/example_xcomargs.py
[2021-07-12 13:51:04,636] {logging_mixin.py:104} INFO - [2021-07-12 13:51:04,636] {dag.py:1833} INFO - Sync 2 DAGs
[2021-07-12 13:51:04,644] {logging_mixin.py:104} INFO - [2021-07-12 13:51:04,644] {dag.py:2306} INFO - Setting next_dagrun for example_xcom_args to None
[2021-07-12 13:51:04,645] {logging_mixin.py:104} INFO - [2021-07-12 13:51:04,645] {dag.py:2306} INFO - Setting next_dagrun for example_xcom_args_with_operators to None
[2021-07-12 13:51:04,658] {scheduler_job.py:190} INFO - Processing /Users/pierre-olivierboisvert/Desktop/GIT/Spotify-ETL/env/lib/python3.8/site-packages/airflow/example_dags/example_xcomargs.py took 0.397 seconds
[2021-07-12 13:52:27,142] {scheduler_job.py:182} INFO - Started process (PID=66612) to work on /Users/pierre-olivierboisvert/Desktop/GIT/Spotify-ETL/env/lib/python3.8/site-packages/airflow/example_dags/example_xcomargs.py
[2021-07-12 13:52:27,143] {scheduler_job.py:633} INFO - Processing file /Users/pierre-olivierboisvert/Desktop/GIT/Spotify-ETL/env/lib/python3.8/site-packages/airflow/example_dags/example_xcomargs.py for tasks to queue
[2021-07-12 13:52:27,143] {logging_mixin.py:104} INFO - [2021-07-12 13:52:27,143] {dagbag.py:496} INFO - Filling up the DagBag from /Users/pierre-olivierboisvert/Desktop/GIT/Spotify-ETL/env/lib/python3.8/site-packages/airflow/example_dags/example_xcomargs.py
[2021-07-12 13:52:27,159] {scheduler_job.py:643} INFO - DAG(s) dict_keys(['example_xcom_args', 'example_xcom_args_with_operators']) retrieved from /Users/pierre-olivierboisvert/Desktop/GIT/Spotify-ETL/env/lib/python3.8/site-packages/airflow/example_dags/example_xcomargs.py
[2021-07-12 13:52:27,512] {logging_mixin.py:104} INFO - [2021-07-12 13:52:27,511] {dag.py:1833} INFO - Sync 2 DAGs
[2021-07-12 13:52:27,520] {logging_mixin.py:104} INFO - [2021-07-12 13:52:27,520] {dag.py:2306} INFO - Setting next_dagrun for example_xcom_args to None
[2021-07-12 13:52:27,520] {logging_mixin.py:104} INFO - [2021-07-12 13:52:27,520] {dag.py:2306} INFO - Setting next_dagrun for example_xcom_args_with_operators to None
[2021-07-12 13:52:27,535] {scheduler_job.py:190} INFO - Processing /Users/pierre-olivierboisvert/Desktop/GIT/Spotify-ETL/env/lib/python3.8/site-packages/airflow/example_dags/example_xcomargs.py took 0.393 seconds
[2021-07-12 13:53:14,394] {scheduler_job.py:182} INFO - Started process (PID=66660) to work on /Users/pierre-olivierboisvert/Desktop/GIT/Spotify-ETL/env/lib/python3.8/site-packages/airflow/example_dags/example_xcomargs.py
[2021-07-12 13:53:14,395] {scheduler_job.py:633} INFO - Processing file /Users/pierre-olivierboisvert/Desktop/GIT/Spotify-ETL/env/lib/python3.8/site-packages/airflow/example_dags/example_xcomargs.py for tasks to queue
[2021-07-12 13:53:14,395] {logging_mixin.py:104} INFO - [2021-07-12 13:53:14,395] {dagbag.py:496} INFO - Filling up the DagBag from /Users/pierre-olivierboisvert/Desktop/GIT/Spotify-ETL/env/lib/python3.8/site-packages/airflow/example_dags/example_xcomargs.py
[2021-07-12 13:53:14,411] {scheduler_job.py:643} INFO - DAG(s) dict_keys(['example_xcom_args', 'example_xcom_args_with_operators']) retrieved from /Users/pierre-olivierboisvert/Desktop/GIT/Spotify-ETL/env/lib/python3.8/site-packages/airflow/example_dags/example_xcomargs.py
[2021-07-12 13:53:14,913] {logging_mixin.py:104} INFO - [2021-07-12 13:53:14,912] {dag.py:1833} INFO - Sync 2 DAGs
[2021-07-12 13:53:14,928] {logging_mixin.py:104} INFO - [2021-07-12 13:53:14,928] {dag.py:2306} INFO - Setting next_dagrun for example_xcom_args to None
[2021-07-12 13:53:14,929] {logging_mixin.py:104} INFO - [2021-07-12 13:53:14,929] {dag.py:2306} INFO - Setting next_dagrun for example_xcom_args_with_operators to None
[2021-07-12 13:53:14,943] {scheduler_job.py:190} INFO - Processing /Users/pierre-olivierboisvert/Desktop/GIT/Spotify-ETL/env/lib/python3.8/site-packages/airflow/example_dags/example_xcomargs.py took 0.550 seconds
[2021-07-12 13:53:58,789] {scheduler_job.py:182} INFO - Started process (PID=66846) to work on /Users/pierre-olivierboisvert/Desktop/GIT/Spotify-ETL/env/lib/python3.8/site-packages/airflow/example_dags/example_xcomargs.py
[2021-07-12 13:53:58,790] {scheduler_job.py:633} INFO - Processing file /Users/pierre-olivierboisvert/Desktop/GIT/Spotify-ETL/env/lib/python3.8/site-packages/airflow/example_dags/example_xcomargs.py for tasks to queue
[2021-07-12 13:53:58,790] {logging_mixin.py:104} INFO - [2021-07-12 13:53:58,790] {dagbag.py:496} INFO - Filling up the DagBag from /Users/pierre-olivierboisvert/Desktop/GIT/Spotify-ETL/env/lib/python3.8/site-packages/airflow/example_dags/example_xcomargs.py
[2021-07-12 13:53:58,808] {scheduler_job.py:643} INFO - DAG(s) dict_keys(['example_xcom_args', 'example_xcom_args_with_operators']) retrieved from /Users/pierre-olivierboisvert/Desktop/GIT/Spotify-ETL/env/lib/python3.8/site-packages/airflow/example_dags/example_xcomargs.py
[2021-07-12 13:53:59,217] {logging_mixin.py:104} INFO - [2021-07-12 13:53:59,217] {dag.py:1833} INFO - Sync 2 DAGs
[2021-07-12 13:53:59,226] {logging_mixin.py:104} INFO - [2021-07-12 13:53:59,226] {dag.py:2306} INFO - Setting next_dagrun for example_xcom_args to None
[2021-07-12 13:53:59,227] {logging_mixin.py:104} INFO - [2021-07-12 13:53:59,227] {dag.py:2306} INFO - Setting next_dagrun for example_xcom_args_with_operators to None
[2021-07-12 13:53:59,242] {scheduler_job.py:190} INFO - Processing /Users/pierre-olivierboisvert/Desktop/GIT/Spotify-ETL/env/lib/python3.8/site-packages/airflow/example_dags/example_xcomargs.py took 0.454 seconds
[2021-07-12 13:55:17,042] {scheduler_job.py:182} INFO - Started process (PID=66971) to work on /Users/pierre-olivierboisvert/Desktop/GIT/Spotify-ETL/env/lib/python3.8/site-packages/airflow/example_dags/example_xcomargs.py
[2021-07-12 13:55:17,043] {scheduler_job.py:633} INFO - Processing file /Users/pierre-olivierboisvert/Desktop/GIT/Spotify-ETL/env/lib/python3.8/site-packages/airflow/example_dags/example_xcomargs.py for tasks to queue
[2021-07-12 13:55:17,043] {logging_mixin.py:104} INFO - [2021-07-12 13:55:17,043] {dagbag.py:496} INFO - Filling up the DagBag from /Users/pierre-olivierboisvert/Desktop/GIT/Spotify-ETL/env/lib/python3.8/site-packages/airflow/example_dags/example_xcomargs.py
[2021-07-12 13:55:17,058] {scheduler_job.py:643} INFO - DAG(s) dict_keys(['example_xcom_args', 'example_xcom_args_with_operators']) retrieved from /Users/pierre-olivierboisvert/Desktop/GIT/Spotify-ETL/env/lib/python3.8/site-packages/airflow/example_dags/example_xcomargs.py
[2021-07-12 13:55:17,428] {logging_mixin.py:104} INFO - [2021-07-12 13:55:17,428] {dag.py:1833} INFO - Sync 2 DAGs
[2021-07-12 13:55:17,438] {logging_mixin.py:104} INFO - [2021-07-12 13:55:17,438] {dag.py:2306} INFO - Setting next_dagrun for example_xcom_args to None
[2021-07-12 13:55:17,439] {logging_mixin.py:104} INFO - [2021-07-12 13:55:17,439] {dag.py:2306} INFO - Setting next_dagrun for example_xcom_args_with_operators to None
[2021-07-12 13:55:17,453] {scheduler_job.py:190} INFO - Processing /Users/pierre-olivierboisvert/Desktop/GIT/Spotify-ETL/env/lib/python3.8/site-packages/airflow/example_dags/example_xcomargs.py took 0.412 seconds
[2021-07-12 13:56:29,252] {scheduler_job.py:182} INFO - Started process (PID=67041) to work on /Users/pierre-olivierboisvert/Desktop/GIT/Spotify-ETL/env/lib/python3.8/site-packages/airflow/example_dags/example_xcomargs.py
[2021-07-12 13:56:29,252] {scheduler_job.py:633} INFO - Processing file /Users/pierre-olivierboisvert/Desktop/GIT/Spotify-ETL/env/lib/python3.8/site-packages/airflow/example_dags/example_xcomargs.py for tasks to queue
[2021-07-12 13:56:29,253] {logging_mixin.py:104} INFO - [2021-07-12 13:56:29,253] {dagbag.py:496} INFO - Filling up the DagBag from /Users/pierre-olivierboisvert/Desktop/GIT/Spotify-ETL/env/lib/python3.8/site-packages/airflow/example_dags/example_xcomargs.py
[2021-07-12 13:56:29,266] {scheduler_job.py:643} INFO - DAG(s) dict_keys(['example_xcom_args', 'example_xcom_args_with_operators']) retrieved from /Users/pierre-olivierboisvert/Desktop/GIT/Spotify-ETL/env/lib/python3.8/site-packages/airflow/example_dags/example_xcomargs.py
[2021-07-12 13:56:29,615] {logging_mixin.py:104} INFO - [2021-07-12 13:56:29,615] {dag.py:1833} INFO - Sync 2 DAGs
[2021-07-12 13:56:29,623] {logging_mixin.py:104} INFO - [2021-07-12 13:56:29,623] {dag.py:2306} INFO - Setting next_dagrun for example_xcom_args to None
[2021-07-12 13:56:29,624] {logging_mixin.py:104} INFO - [2021-07-12 13:56:29,624] {dag.py:2306} INFO - Setting next_dagrun for example_xcom_args_with_operators to None
[2021-07-12 13:56:29,642] {scheduler_job.py:190} INFO - Processing /Users/pierre-olivierboisvert/Desktop/GIT/Spotify-ETL/env/lib/python3.8/site-packages/airflow/example_dags/example_xcomargs.py took 0.390 seconds
[2021-07-12 13:57:47,995] {scheduler_job.py:182} INFO - Started process (PID=67114) to work on /Users/pierre-olivierboisvert/Desktop/GIT/Spotify-ETL/env/lib/python3.8/site-packages/airflow/example_dags/example_xcomargs.py
[2021-07-12 13:57:47,995] {scheduler_job.py:633} INFO - Processing file /Users/pierre-olivierboisvert/Desktop/GIT/Spotify-ETL/env/lib/python3.8/site-packages/airflow/example_dags/example_xcomargs.py for tasks to queue
[2021-07-12 13:57:47,996] {logging_mixin.py:104} INFO - [2021-07-12 13:57:47,996] {dagbag.py:496} INFO - Filling up the DagBag from /Users/pierre-olivierboisvert/Desktop/GIT/Spotify-ETL/env/lib/python3.8/site-packages/airflow/example_dags/example_xcomargs.py
[2021-07-12 13:57:48,015] {scheduler_job.py:643} INFO - DAG(s) dict_keys(['example_xcom_args', 'example_xcom_args_with_operators']) retrieved from /Users/pierre-olivierboisvert/Desktop/GIT/Spotify-ETL/env/lib/python3.8/site-packages/airflow/example_dags/example_xcomargs.py
[2021-07-12 13:57:48,378] {logging_mixin.py:104} INFO - [2021-07-12 13:57:48,378] {dag.py:1833} INFO - Sync 2 DAGs
[2021-07-12 13:57:48,386] {logging_mixin.py:104} INFO - [2021-07-12 13:57:48,386] {dag.py:2306} INFO - Setting next_dagrun for example_xcom_args to None
[2021-07-12 13:57:48,387] {logging_mixin.py:104} INFO - [2021-07-12 13:57:48,387] {dag.py:2306} INFO - Setting next_dagrun for example_xcom_args_with_operators to None
[2021-07-12 13:57:48,401] {scheduler_job.py:190} INFO - Processing /Users/pierre-olivierboisvert/Desktop/GIT/Spotify-ETL/env/lib/python3.8/site-packages/airflow/example_dags/example_xcomargs.py took 0.407 seconds
[2021-07-12 13:59:16,876] {scheduler_job.py:182} INFO - Started process (PID=67199) to work on /Users/pierre-olivierboisvert/Desktop/GIT/Spotify-ETL/env/lib/python3.8/site-packages/airflow/example_dags/example_xcomargs.py
[2021-07-12 13:59:16,877] {scheduler_job.py:633} INFO - Processing file /Users/pierre-olivierboisvert/Desktop/GIT/Spotify-ETL/env/lib/python3.8/site-packages/airflow/example_dags/example_xcomargs.py for tasks to queue
[2021-07-12 13:59:16,877] {logging_mixin.py:104} INFO - [2021-07-12 13:59:16,877] {dagbag.py:496} INFO - Filling up the DagBag from /Users/pierre-olivierboisvert/Desktop/GIT/Spotify-ETL/env/lib/python3.8/site-packages/airflow/example_dags/example_xcomargs.py
[2021-07-12 13:59:16,894] {scheduler_job.py:643} INFO - DAG(s) dict_keys(['example_xcom_args', 'example_xcom_args_with_operators']) retrieved from /Users/pierre-olivierboisvert/Desktop/GIT/Spotify-ETL/env/lib/python3.8/site-packages/airflow/example_dags/example_xcomargs.py
[2021-07-12 13:59:17,265] {logging_mixin.py:104} INFO - [2021-07-12 13:59:17,265] {dag.py:1833} INFO - Sync 2 DAGs
[2021-07-12 13:59:17,275] {logging_mixin.py:104} INFO - [2021-07-12 13:59:17,275] {dag.py:2306} INFO - Setting next_dagrun for example_xcom_args to None
[2021-07-12 13:59:17,276] {logging_mixin.py:104} INFO - [2021-07-12 13:59:17,276] {dag.py:2306} INFO - Setting next_dagrun for example_xcom_args_with_operators to None
[2021-07-12 13:59:17,293] {scheduler_job.py:190} INFO - Processing /Users/pierre-olivierboisvert/Desktop/GIT/Spotify-ETL/env/lib/python3.8/site-packages/airflow/example_dags/example_xcomargs.py took 0.417 seconds
[2021-07-12 14:00:42,099] {scheduler_job.py:182} INFO - Started process (PID=67275) to work on /Users/pierre-olivierboisvert/Desktop/GIT/Spotify-ETL/env/lib/python3.8/site-packages/airflow/example_dags/example_xcomargs.py
[2021-07-12 14:00:42,100] {scheduler_job.py:633} INFO - Processing file /Users/pierre-olivierboisvert/Desktop/GIT/Spotify-ETL/env/lib/python3.8/site-packages/airflow/example_dags/example_xcomargs.py for tasks to queue
[2021-07-12 14:00:42,100] {logging_mixin.py:104} INFO - [2021-07-12 14:00:42,100] {dagbag.py:496} INFO - Filling up the DagBag from /Users/pierre-olivierboisvert/Desktop/GIT/Spotify-ETL/env/lib/python3.8/site-packages/airflow/example_dags/example_xcomargs.py
[2021-07-12 14:00:42,115] {scheduler_job.py:643} INFO - DAG(s) dict_keys(['example_xcom_args', 'example_xcom_args_with_operators']) retrieved from /Users/pierre-olivierboisvert/Desktop/GIT/Spotify-ETL/env/lib/python3.8/site-packages/airflow/example_dags/example_xcomargs.py
[2021-07-12 14:00:42,471] {logging_mixin.py:104} INFO - [2021-07-12 14:00:42,470] {dag.py:1833} INFO - Sync 2 DAGs
[2021-07-12 14:00:42,479] {logging_mixin.py:104} INFO - [2021-07-12 14:00:42,479] {dag.py:2306} INFO - Setting next_dagrun for example_xcom_args to None
[2021-07-12 14:00:42,480] {logging_mixin.py:104} INFO - [2021-07-12 14:00:42,480] {dag.py:2306} INFO - Setting next_dagrun for example_xcom_args_with_operators to None
[2021-07-12 14:00:42,493] {scheduler_job.py:190} INFO - Processing /Users/pierre-olivierboisvert/Desktop/GIT/Spotify-ETL/env/lib/python3.8/site-packages/airflow/example_dags/example_xcomargs.py took 0.394 seconds
[2021-07-12 14:02:03,357] {scheduler_job.py:182} INFO - Started process (PID=67349) to work on /Users/pierre-olivierboisvert/Desktop/GIT/Spotify-ETL/env/lib/python3.8/site-packages/airflow/example_dags/example_xcomargs.py
[2021-07-12 14:02:03,357] {scheduler_job.py:633} INFO - Processing file /Users/pierre-olivierboisvert/Desktop/GIT/Spotify-ETL/env/lib/python3.8/site-packages/airflow/example_dags/example_xcomargs.py for tasks to queue
[2021-07-12 14:02:03,358] {logging_mixin.py:104} INFO - [2021-07-12 14:02:03,358] {dagbag.py:496} INFO - Filling up the DagBag from /Users/pierre-olivierboisvert/Desktop/GIT/Spotify-ETL/env/lib/python3.8/site-packages/airflow/example_dags/example_xcomargs.py
[2021-07-12 14:02:03,373] {scheduler_job.py:643} INFO - DAG(s) dict_keys(['example_xcom_args', 'example_xcom_args_with_operators']) retrieved from /Users/pierre-olivierboisvert/Desktop/GIT/Spotify-ETL/env/lib/python3.8/site-packages/airflow/example_dags/example_xcomargs.py
[2021-07-12 14:02:03,744] {logging_mixin.py:104} INFO - [2021-07-12 14:02:03,743] {dag.py:1833} INFO - Sync 2 DAGs
[2021-07-12 14:02:03,754] {logging_mixin.py:104} INFO - [2021-07-12 14:02:03,754] {dag.py:2306} INFO - Setting next_dagrun for example_xcom_args to None
[2021-07-12 14:02:03,754] {logging_mixin.py:104} INFO - [2021-07-12 14:02:03,754] {dag.py:2306} INFO - Setting next_dagrun for example_xcom_args_with_operators to None
[2021-07-12 14:02:03,769] {scheduler_job.py:190} INFO - Processing /Users/pierre-olivierboisvert/Desktop/GIT/Spotify-ETL/env/lib/python3.8/site-packages/airflow/example_dags/example_xcomargs.py took 0.412 seconds
[2021-07-12 14:02:50,836] {scheduler_job.py:182} INFO - Started process (PID=67390) to work on /Users/pierre-olivierboisvert/Desktop/GIT/Spotify-ETL/env/lib/python3.8/site-packages/airflow/example_dags/example_xcomargs.py
[2021-07-12 14:02:50,836] {scheduler_job.py:633} INFO - Processing file /Users/pierre-olivierboisvert/Desktop/GIT/Spotify-ETL/env/lib/python3.8/site-packages/airflow/example_dags/example_xcomargs.py for tasks to queue
[2021-07-12 14:02:50,837] {logging_mixin.py:104} INFO - [2021-07-12 14:02:50,837] {dagbag.py:496} INFO - Filling up the DagBag from /Users/pierre-olivierboisvert/Desktop/GIT/Spotify-ETL/env/lib/python3.8/site-packages/airflow/example_dags/example_xcomargs.py
[2021-07-12 14:02:50,854] {scheduler_job.py:643} INFO - DAG(s) dict_keys(['example_xcom_args', 'example_xcom_args_with_operators']) retrieved from /Users/pierre-olivierboisvert/Desktop/GIT/Spotify-ETL/env/lib/python3.8/site-packages/airflow/example_dags/example_xcomargs.py
[2021-07-12 14:02:51,237] {logging_mixin.py:104} INFO - [2021-07-12 14:02:51,237] {dag.py:1833} INFO - Sync 2 DAGs
[2021-07-12 14:02:51,248] {logging_mixin.py:104} INFO - [2021-07-12 14:02:51,248] {dag.py:2306} INFO - Setting next_dagrun for example_xcom_args to None
[2021-07-12 14:02:51,248] {logging_mixin.py:104} INFO - [2021-07-12 14:02:51,248] {dag.py:2306} INFO - Setting next_dagrun for example_xcom_args_with_operators to None
[2021-07-12 14:02:51,266] {scheduler_job.py:190} INFO - Processing /Users/pierre-olivierboisvert/Desktop/GIT/Spotify-ETL/env/lib/python3.8/site-packages/airflow/example_dags/example_xcomargs.py took 0.432 seconds
[2021-07-12 14:04:18,717] {scheduler_job.py:182} INFO - Started process (PID=67465) to work on /Users/pierre-olivierboisvert/Desktop/GIT/Spotify-ETL/env/lib/python3.8/site-packages/airflow/example_dags/example_xcomargs.py
[2021-07-12 14:04:18,717] {scheduler_job.py:633} INFO - Processing file /Users/pierre-olivierboisvert/Desktop/GIT/Spotify-ETL/env/lib/python3.8/site-packages/airflow/example_dags/example_xcomargs.py for tasks to queue
[2021-07-12 14:04:18,718] {logging_mixin.py:104} INFO - [2021-07-12 14:04:18,718] {dagbag.py:496} INFO - Filling up the DagBag from /Users/pierre-olivierboisvert/Desktop/GIT/Spotify-ETL/env/lib/python3.8/site-packages/airflow/example_dags/example_xcomargs.py
[2021-07-12 14:04:18,747] {scheduler_job.py:643} INFO - DAG(s) dict_keys(['example_xcom_args', 'example_xcom_args_with_operators']) retrieved from /Users/pierre-olivierboisvert/Desktop/GIT/Spotify-ETL/env/lib/python3.8/site-packages/airflow/example_dags/example_xcomargs.py
[2021-07-12 14:04:19,532] {logging_mixin.py:104} INFO - [2021-07-12 14:04:19,532] {dag.py:1833} INFO - Sync 2 DAGs
[2021-07-12 14:04:19,560] {logging_mixin.py:104} INFO - [2021-07-12 14:04:19,559] {dag.py:2306} INFO - Setting next_dagrun for example_xcom_args to None
[2021-07-12 14:04:19,561] {logging_mixin.py:104} INFO - [2021-07-12 14:04:19,561] {dag.py:2306} INFO - Setting next_dagrun for example_xcom_args_with_operators to None
[2021-07-12 14:04:19,589] {scheduler_job.py:190} INFO - Processing /Users/pierre-olivierboisvert/Desktop/GIT/Spotify-ETL/env/lib/python3.8/site-packages/airflow/example_dags/example_xcomargs.py took 0.873 seconds
[2021-07-12 14:05:43,057] {scheduler_job.py:182} INFO - Started process (PID=67537) to work on /Users/pierre-olivierboisvert/Desktop/GIT/Spotify-ETL/env/lib/python3.8/site-packages/airflow/example_dags/example_xcomargs.py
[2021-07-12 14:05:43,061] {scheduler_job.py:633} INFO - Processing file /Users/pierre-olivierboisvert/Desktop/GIT/Spotify-ETL/env/lib/python3.8/site-packages/airflow/example_dags/example_xcomargs.py for tasks to queue
[2021-07-12 14:05:43,062] {logging_mixin.py:104} INFO - [2021-07-12 14:05:43,062] {dagbag.py:496} INFO - Filling up the DagBag from /Users/pierre-olivierboisvert/Desktop/GIT/Spotify-ETL/env/lib/python3.8/site-packages/airflow/example_dags/example_xcomargs.py
[2021-07-12 14:05:43,077] {scheduler_job.py:643} INFO - DAG(s) dict_keys(['example_xcom_args', 'example_xcom_args_with_operators']) retrieved from /Users/pierre-olivierboisvert/Desktop/GIT/Spotify-ETL/env/lib/python3.8/site-packages/airflow/example_dags/example_xcomargs.py
[2021-07-12 14:05:43,502] {logging_mixin.py:104} INFO - [2021-07-12 14:05:43,502] {dag.py:1833} INFO - Sync 2 DAGs
[2021-07-12 14:05:43,514] {logging_mixin.py:104} INFO - [2021-07-12 14:05:43,514] {dag.py:2306} INFO - Setting next_dagrun for example_xcom_args to None
[2021-07-12 14:05:43,515] {logging_mixin.py:104} INFO - [2021-07-12 14:05:43,515] {dag.py:2306} INFO - Setting next_dagrun for example_xcom_args_with_operators to None
[2021-07-12 14:05:43,530] {scheduler_job.py:190} INFO - Processing /Users/pierre-olivierboisvert/Desktop/GIT/Spotify-ETL/env/lib/python3.8/site-packages/airflow/example_dags/example_xcomargs.py took 0.474 seconds
[2021-07-12 14:06:38,980] {scheduler_job.py:182} INFO - Started process (PID=67589) to work on /Users/pierre-olivierboisvert/Desktop/GIT/Spotify-ETL/env/lib/python3.8/site-packages/airflow/example_dags/example_xcomargs.py
[2021-07-12 14:06:38,981] {scheduler_job.py:633} INFO - Processing file /Users/pierre-olivierboisvert/Desktop/GIT/Spotify-ETL/env/lib/python3.8/site-packages/airflow/example_dags/example_xcomargs.py for tasks to queue
[2021-07-12 14:06:38,981] {logging_mixin.py:104} INFO - [2021-07-12 14:06:38,981] {dagbag.py:496} INFO - Filling up the DagBag from /Users/pierre-olivierboisvert/Desktop/GIT/Spotify-ETL/env/lib/python3.8/site-packages/airflow/example_dags/example_xcomargs.py
[2021-07-12 14:06:39,015] {scheduler_job.py:643} INFO - DAG(s) dict_keys(['example_xcom_args', 'example_xcom_args_with_operators']) retrieved from /Users/pierre-olivierboisvert/Desktop/GIT/Spotify-ETL/env/lib/python3.8/site-packages/airflow/example_dags/example_xcomargs.py
[2021-07-12 14:06:39,775] {logging_mixin.py:104} INFO - [2021-07-12 14:06:39,774] {dag.py:1833} INFO - Sync 2 DAGs
[2021-07-12 14:06:39,796] {logging_mixin.py:104} INFO - [2021-07-12 14:06:39,796] {dag.py:2306} INFO - Setting next_dagrun for example_xcom_args to None
[2021-07-12 14:06:39,797] {logging_mixin.py:104} INFO - [2021-07-12 14:06:39,797] {dag.py:2306} INFO - Setting next_dagrun for example_xcom_args_with_operators to None
[2021-07-12 14:06:39,823] {scheduler_job.py:190} INFO - Processing /Users/pierre-olivierboisvert/Desktop/GIT/Spotify-ETL/env/lib/python3.8/site-packages/airflow/example_dags/example_xcomargs.py took 0.844 seconds
[2021-07-12 14:07:29,297] {scheduler_job.py:182} INFO - Started process (PID=67629) to work on /Users/pierre-olivierboisvert/Desktop/GIT/Spotify-ETL/env/lib/python3.8/site-packages/airflow/example_dags/example_xcomargs.py
[2021-07-12 14:07:29,298] {scheduler_job.py:633} INFO - Processing file /Users/pierre-olivierboisvert/Desktop/GIT/Spotify-ETL/env/lib/python3.8/site-packages/airflow/example_dags/example_xcomargs.py for tasks to queue
[2021-07-12 14:07:29,299] {logging_mixin.py:104} INFO - [2021-07-12 14:07:29,299] {dagbag.py:496} INFO - Filling up the DagBag from /Users/pierre-olivierboisvert/Desktop/GIT/Spotify-ETL/env/lib/python3.8/site-packages/airflow/example_dags/example_xcomargs.py
[2021-07-12 14:07:29,317] {scheduler_job.py:643} INFO - DAG(s) dict_keys(['example_xcom_args', 'example_xcom_args_with_operators']) retrieved from /Users/pierre-olivierboisvert/Desktop/GIT/Spotify-ETL/env/lib/python3.8/site-packages/airflow/example_dags/example_xcomargs.py
[2021-07-12 14:07:29,792] {logging_mixin.py:104} INFO - [2021-07-12 14:07:29,792] {dag.py:1833} INFO - Sync 2 DAGs
[2021-07-12 14:07:29,814] {logging_mixin.py:104} INFO - [2021-07-12 14:07:29,813] {dag.py:2306} INFO - Setting next_dagrun for example_xcom_args to None
[2021-07-12 14:07:29,815] {logging_mixin.py:104} INFO - [2021-07-12 14:07:29,815] {dag.py:2306} INFO - Setting next_dagrun for example_xcom_args_with_operators to None
[2021-07-12 14:07:29,832] {scheduler_job.py:190} INFO - Processing /Users/pierre-olivierboisvert/Desktop/GIT/Spotify-ETL/env/lib/python3.8/site-packages/airflow/example_dags/example_xcomargs.py took 0.536 seconds
[2021-07-12 14:08:58,053] {scheduler_job.py:182} INFO - Started process (PID=67707) to work on /Users/pierre-olivierboisvert/Desktop/GIT/Spotify-ETL/env/lib/python3.8/site-packages/airflow/example_dags/example_xcomargs.py
[2021-07-12 14:08:58,053] {scheduler_job.py:633} INFO - Processing file /Users/pierre-olivierboisvert/Desktop/GIT/Spotify-ETL/env/lib/python3.8/site-packages/airflow/example_dags/example_xcomargs.py for tasks to queue
[2021-07-12 14:08:58,054] {logging_mixin.py:104} INFO - [2021-07-12 14:08:58,054] {dagbag.py:496} INFO - Filling up the DagBag from /Users/pierre-olivierboisvert/Desktop/GIT/Spotify-ETL/env/lib/python3.8/site-packages/airflow/example_dags/example_xcomargs.py
[2021-07-12 14:08:58,068] {scheduler_job.py:643} INFO - DAG(s) dict_keys(['example_xcom_args', 'example_xcom_args_with_operators']) retrieved from /Users/pierre-olivierboisvert/Desktop/GIT/Spotify-ETL/env/lib/python3.8/site-packages/airflow/example_dags/example_xcomargs.py
[2021-07-12 14:08:58,456] {logging_mixin.py:104} INFO - [2021-07-12 14:08:58,455] {dag.py:1833} INFO - Sync 2 DAGs
[2021-07-12 14:08:58,467] {logging_mixin.py:104} INFO - [2021-07-12 14:08:58,466] {dag.py:2306} INFO - Setting next_dagrun for example_xcom_args to None
[2021-07-12 14:08:58,467] {logging_mixin.py:104} INFO - [2021-07-12 14:08:58,467] {dag.py:2306} INFO - Setting next_dagrun for example_xcom_args_with_operators to None
[2021-07-12 14:08:58,480] {scheduler_job.py:190} INFO - Processing /Users/pierre-olivierboisvert/Desktop/GIT/Spotify-ETL/env/lib/python3.8/site-packages/airflow/example_dags/example_xcomargs.py took 0.428 seconds
[2021-07-12 14:09:46,825] {scheduler_job.py:182} INFO - Started process (PID=67762) to work on /Users/pierre-olivierboisvert/Desktop/GIT/Spotify-ETL/env/lib/python3.8/site-packages/airflow/example_dags/example_xcomargs.py
[2021-07-12 14:09:46,825] {scheduler_job.py:633} INFO - Processing file /Users/pierre-olivierboisvert/Desktop/GIT/Spotify-ETL/env/lib/python3.8/site-packages/airflow/example_dags/example_xcomargs.py for tasks to queue
[2021-07-12 14:09:46,826] {logging_mixin.py:104} INFO - [2021-07-12 14:09:46,826] {dagbag.py:496} INFO - Filling up the DagBag from /Users/pierre-olivierboisvert/Desktop/GIT/Spotify-ETL/env/lib/python3.8/site-packages/airflow/example_dags/example_xcomargs.py
[2021-07-12 14:09:46,841] {scheduler_job.py:643} INFO - DAG(s) dict_keys(['example_xcom_args', 'example_xcom_args_with_operators']) retrieved from /Users/pierre-olivierboisvert/Desktop/GIT/Spotify-ETL/env/lib/python3.8/site-packages/airflow/example_dags/example_xcomargs.py
[2021-07-12 14:09:47,259] {logging_mixin.py:104} INFO - [2021-07-12 14:09:47,259] {dag.py:1833} INFO - Sync 2 DAGs
[2021-07-12 14:09:47,269] {logging_mixin.py:104} INFO - [2021-07-12 14:09:47,268] {dag.py:2306} INFO - Setting next_dagrun for example_xcom_args to None
[2021-07-12 14:09:47,269] {logging_mixin.py:104} INFO - [2021-07-12 14:09:47,269] {dag.py:2306} INFO - Setting next_dagrun for example_xcom_args_with_operators to None
[2021-07-12 14:09:47,283] {scheduler_job.py:190} INFO - Processing /Users/pierre-olivierboisvert/Desktop/GIT/Spotify-ETL/env/lib/python3.8/site-packages/airflow/example_dags/example_xcomargs.py took 0.459 seconds
[2021-07-12 14:11:08,713] {scheduler_job.py:182} INFO - Started process (PID=67837) to work on /Users/pierre-olivierboisvert/Desktop/GIT/Spotify-ETL/env/lib/python3.8/site-packages/airflow/example_dags/example_xcomargs.py
[2021-07-12 14:11:08,713] {scheduler_job.py:633} INFO - Processing file /Users/pierre-olivierboisvert/Desktop/GIT/Spotify-ETL/env/lib/python3.8/site-packages/airflow/example_dags/example_xcomargs.py for tasks to queue
[2021-07-12 14:11:08,714] {logging_mixin.py:104} INFO - [2021-07-12 14:11:08,714] {dagbag.py:496} INFO - Filling up the DagBag from /Users/pierre-olivierboisvert/Desktop/GIT/Spotify-ETL/env/lib/python3.8/site-packages/airflow/example_dags/example_xcomargs.py
[2021-07-12 14:11:08,729] {scheduler_job.py:643} INFO - DAG(s) dict_keys(['example_xcom_args', 'example_xcom_args_with_operators']) retrieved from /Users/pierre-olivierboisvert/Desktop/GIT/Spotify-ETL/env/lib/python3.8/site-packages/airflow/example_dags/example_xcomargs.py
[2021-07-12 14:11:09,120] {logging_mixin.py:104} INFO - [2021-07-12 14:11:09,120] {dag.py:1833} INFO - Sync 2 DAGs
[2021-07-12 14:11:09,132] {logging_mixin.py:104} INFO - [2021-07-12 14:11:09,132] {dag.py:2306} INFO - Setting next_dagrun for example_xcom_args to None
[2021-07-12 14:11:09,133] {logging_mixin.py:104} INFO - [2021-07-12 14:11:09,133] {dag.py:2306} INFO - Setting next_dagrun for example_xcom_args_with_operators to None
[2021-07-12 14:11:09,148] {scheduler_job.py:190} INFO - Processing /Users/pierre-olivierboisvert/Desktop/GIT/Spotify-ETL/env/lib/python3.8/site-packages/airflow/example_dags/example_xcomargs.py took 0.437 seconds
[2021-07-12 14:12:23,056] {scheduler_job.py:182} INFO - Started process (PID=67906) to work on /Users/pierre-olivierboisvert/Desktop/GIT/Spotify-ETL/env/lib/python3.8/site-packages/airflow/example_dags/example_xcomargs.py
[2021-07-12 14:12:23,057] {scheduler_job.py:633} INFO - Processing file /Users/pierre-olivierboisvert/Desktop/GIT/Spotify-ETL/env/lib/python3.8/site-packages/airflow/example_dags/example_xcomargs.py for tasks to queue
[2021-07-12 14:12:23,057] {logging_mixin.py:104} INFO - [2021-07-12 14:12:23,057] {dagbag.py:496} INFO - Filling up the DagBag from /Users/pierre-olivierboisvert/Desktop/GIT/Spotify-ETL/env/lib/python3.8/site-packages/airflow/example_dags/example_xcomargs.py
[2021-07-12 14:12:23,070] {scheduler_job.py:643} INFO - DAG(s) dict_keys(['example_xcom_args', 'example_xcom_args_with_operators']) retrieved from /Users/pierre-olivierboisvert/Desktop/GIT/Spotify-ETL/env/lib/python3.8/site-packages/airflow/example_dags/example_xcomargs.py
[2021-07-12 14:12:23,419] {logging_mixin.py:104} INFO - [2021-07-12 14:12:23,419] {dag.py:1833} INFO - Sync 2 DAGs
[2021-07-12 14:12:23,430] {logging_mixin.py:104} INFO - [2021-07-12 14:12:23,430] {dag.py:2306} INFO - Setting next_dagrun for example_xcom_args to None
[2021-07-12 14:12:23,430] {logging_mixin.py:104} INFO - [2021-07-12 14:12:23,430] {dag.py:2306} INFO - Setting next_dagrun for example_xcom_args_with_operators to None
[2021-07-12 14:12:23,446] {scheduler_job.py:190} INFO - Processing /Users/pierre-olivierboisvert/Desktop/GIT/Spotify-ETL/env/lib/python3.8/site-packages/airflow/example_dags/example_xcomargs.py took 0.390 seconds
[2021-07-12 14:13:11,401] {scheduler_job.py:182} INFO - Started process (PID=67980) to work on /Users/pierre-olivierboisvert/Desktop/GIT/Spotify-ETL/env/lib/python3.8/site-packages/airflow/example_dags/example_xcomargs.py
[2021-07-12 14:13:11,401] {scheduler_job.py:633} INFO - Processing file /Users/pierre-olivierboisvert/Desktop/GIT/Spotify-ETL/env/lib/python3.8/site-packages/airflow/example_dags/example_xcomargs.py for tasks to queue
[2021-07-12 14:13:11,402] {logging_mixin.py:104} INFO - [2021-07-12 14:13:11,402] {dagbag.py:496} INFO - Filling up the DagBag from /Users/pierre-olivierboisvert/Desktop/GIT/Spotify-ETL/env/lib/python3.8/site-packages/airflow/example_dags/example_xcomargs.py
[2021-07-12 14:13:11,423] {scheduler_job.py:643} INFO - DAG(s) dict_keys(['example_xcom_args', 'example_xcom_args_with_operators']) retrieved from /Users/pierre-olivierboisvert/Desktop/GIT/Spotify-ETL/env/lib/python3.8/site-packages/airflow/example_dags/example_xcomargs.py
[2021-07-12 14:13:11,808] {logging_mixin.py:104} INFO - [2021-07-12 14:13:11,808] {dag.py:1833} INFO - Sync 2 DAGs
[2021-07-12 14:13:11,817] {logging_mixin.py:104} INFO - [2021-07-12 14:13:11,817] {dag.py:2306} INFO - Setting next_dagrun for example_xcom_args to None
[2021-07-12 14:13:11,817] {logging_mixin.py:104} INFO - [2021-07-12 14:13:11,817] {dag.py:2306} INFO - Setting next_dagrun for example_xcom_args_with_operators to None
[2021-07-12 14:13:11,833] {scheduler_job.py:190} INFO - Processing /Users/pierre-olivierboisvert/Desktop/GIT/Spotify-ETL/env/lib/python3.8/site-packages/airflow/example_dags/example_xcomargs.py took 0.433 seconds
[2021-07-12 14:15:19,972] {scheduler_job.py:182} INFO - Started process (PID=68235) to work on /Users/pierre-olivierboisvert/Desktop/GIT/Spotify-ETL/env/lib/python3.8/site-packages/airflow/example_dags/example_xcomargs.py
[2021-07-12 14:15:19,973] {scheduler_job.py:633} INFO - Processing file /Users/pierre-olivierboisvert/Desktop/GIT/Spotify-ETL/env/lib/python3.8/site-packages/airflow/example_dags/example_xcomargs.py for tasks to queue
[2021-07-12 14:15:19,974] {logging_mixin.py:104} INFO - [2021-07-12 14:15:19,974] {dagbag.py:496} INFO - Filling up the DagBag from /Users/pierre-olivierboisvert/Desktop/GIT/Spotify-ETL/env/lib/python3.8/site-packages/airflow/example_dags/example_xcomargs.py
[2021-07-12 14:15:20,006] {scheduler_job.py:643} INFO - DAG(s) dict_keys(['example_xcom_args', 'example_xcom_args_with_operators']) retrieved from /Users/pierre-olivierboisvert/Desktop/GIT/Spotify-ETL/env/lib/python3.8/site-packages/airflow/example_dags/example_xcomargs.py
[2021-07-12 14:15:20,977] {logging_mixin.py:104} INFO - [2021-07-12 14:15:20,977] {dag.py:1833} INFO - Sync 2 DAGs
[2021-07-12 14:15:20,996] {logging_mixin.py:104} INFO - [2021-07-12 14:15:20,996] {dag.py:2306} INFO - Setting next_dagrun for example_xcom_args to None
[2021-07-12 14:15:20,998] {logging_mixin.py:104} INFO - [2021-07-12 14:15:20,997] {dag.py:2306} INFO - Setting next_dagrun for example_xcom_args_with_operators to None
[2021-07-12 14:15:21,019] {scheduler_job.py:190} INFO - Processing /Users/pierre-olivierboisvert/Desktop/GIT/Spotify-ETL/env/lib/python3.8/site-packages/airflow/example_dags/example_xcomargs.py took 1.048 seconds
[2021-07-12 14:16:49,764] {scheduler_job.py:182} INFO - Started process (PID=68413) to work on /Users/pierre-olivierboisvert/Desktop/GIT/Spotify-ETL/env/lib/python3.8/site-packages/airflow/example_dags/example_xcomargs.py
[2021-07-12 14:16:49,765] {scheduler_job.py:633} INFO - Processing file /Users/pierre-olivierboisvert/Desktop/GIT/Spotify-ETL/env/lib/python3.8/site-packages/airflow/example_dags/example_xcomargs.py for tasks to queue
[2021-07-12 14:16:49,765] {logging_mixin.py:104} INFO - [2021-07-12 14:16:49,765] {dagbag.py:496} INFO - Filling up the DagBag from /Users/pierre-olivierboisvert/Desktop/GIT/Spotify-ETL/env/lib/python3.8/site-packages/airflow/example_dags/example_xcomargs.py
[2021-07-12 14:16:49,779] {scheduler_job.py:643} INFO - DAG(s) dict_keys(['example_xcom_args', 'example_xcom_args_with_operators']) retrieved from /Users/pierre-olivierboisvert/Desktop/GIT/Spotify-ETL/env/lib/python3.8/site-packages/airflow/example_dags/example_xcomargs.py
[2021-07-12 14:16:50,157] {logging_mixin.py:104} INFO - [2021-07-12 14:16:50,157] {dag.py:1833} INFO - Sync 2 DAGs
[2021-07-12 14:16:50,166] {logging_mixin.py:104} INFO - [2021-07-12 14:16:50,166] {dag.py:2306} INFO - Setting next_dagrun for example_xcom_args to None
[2021-07-12 14:16:50,167] {logging_mixin.py:104} INFO - [2021-07-12 14:16:50,167] {dag.py:2306} INFO - Setting next_dagrun for example_xcom_args_with_operators to None
[2021-07-12 14:16:50,179] {scheduler_job.py:190} INFO - Processing /Users/pierre-olivierboisvert/Desktop/GIT/Spotify-ETL/env/lib/python3.8/site-packages/airflow/example_dags/example_xcomargs.py took 0.416 seconds
[2021-07-12 14:17:35,594] {scheduler_job.py:182} INFO - Started process (PID=68516) to work on /Users/pierre-olivierboisvert/Desktop/GIT/Spotify-ETL/env/lib/python3.8/site-packages/airflow/example_dags/example_xcomargs.py
[2021-07-12 14:17:35,595] {scheduler_job.py:633} INFO - Processing file /Users/pierre-olivierboisvert/Desktop/GIT/Spotify-ETL/env/lib/python3.8/site-packages/airflow/example_dags/example_xcomargs.py for tasks to queue
[2021-07-12 14:17:35,595] {logging_mixin.py:104} INFO - [2021-07-12 14:17:35,595] {dagbag.py:496} INFO - Filling up the DagBag from /Users/pierre-olivierboisvert/Desktop/GIT/Spotify-ETL/env/lib/python3.8/site-packages/airflow/example_dags/example_xcomargs.py
[2021-07-12 14:17:35,618] {scheduler_job.py:643} INFO - DAG(s) dict_keys(['example_xcom_args', 'example_xcom_args_with_operators']) retrieved from /Users/pierre-olivierboisvert/Desktop/GIT/Spotify-ETL/env/lib/python3.8/site-packages/airflow/example_dags/example_xcomargs.py
[2021-07-12 14:17:36,027] {logging_mixin.py:104} INFO - [2021-07-12 14:17:36,027] {dag.py:1833} INFO - Sync 2 DAGs
[2021-07-12 14:17:36,039] {logging_mixin.py:104} INFO - [2021-07-12 14:17:36,039] {dag.py:2306} INFO - Setting next_dagrun for example_xcom_args to None
[2021-07-12 14:17:36,041] {logging_mixin.py:104} INFO - [2021-07-12 14:17:36,040] {dag.py:2306} INFO - Setting next_dagrun for example_xcom_args_with_operators to None
[2021-07-12 14:17:36,062] {scheduler_job.py:190} INFO - Processing /Users/pierre-olivierboisvert/Desktop/GIT/Spotify-ETL/env/lib/python3.8/site-packages/airflow/example_dags/example_xcomargs.py took 0.469 seconds
[2021-07-12 14:18:46,033] {scheduler_job.py:182} INFO - Started process (PID=68692) to work on /Users/pierre-olivierboisvert/Desktop/GIT/Spotify-ETL/env/lib/python3.8/site-packages/airflow/example_dags/example_xcomargs.py
[2021-07-12 14:18:46,034] {scheduler_job.py:633} INFO - Processing file /Users/pierre-olivierboisvert/Desktop/GIT/Spotify-ETL/env/lib/python3.8/site-packages/airflow/example_dags/example_xcomargs.py for tasks to queue
[2021-07-12 14:18:46,035] {logging_mixin.py:104} INFO - [2021-07-12 14:18:46,034] {dagbag.py:496} INFO - Filling up the DagBag from /Users/pierre-olivierboisvert/Desktop/GIT/Spotify-ETL/env/lib/python3.8/site-packages/airflow/example_dags/example_xcomargs.py
[2021-07-12 14:18:46,054] {scheduler_job.py:643} INFO - DAG(s) dict_keys(['example_xcom_args', 'example_xcom_args_with_operators']) retrieved from /Users/pierre-olivierboisvert/Desktop/GIT/Spotify-ETL/env/lib/python3.8/site-packages/airflow/example_dags/example_xcomargs.py
[2021-07-12 14:18:46,462] {logging_mixin.py:104} INFO - [2021-07-12 14:18:46,462] {dag.py:1833} INFO - Sync 2 DAGs
[2021-07-12 14:18:46,470] {logging_mixin.py:104} INFO - [2021-07-12 14:18:46,470] {dag.py:2306} INFO - Setting next_dagrun for example_xcom_args to None
[2021-07-12 14:18:46,471] {logging_mixin.py:104} INFO - [2021-07-12 14:18:46,471] {dag.py:2306} INFO - Setting next_dagrun for example_xcom_args_with_operators to None
[2021-07-12 14:18:46,486] {scheduler_job.py:190} INFO - Processing /Users/pierre-olivierboisvert/Desktop/GIT/Spotify-ETL/env/lib/python3.8/site-packages/airflow/example_dags/example_xcomargs.py took 0.454 seconds
[2021-07-12 14:19:57,332] {scheduler_job.py:182} INFO - Started process (PID=68765) to work on /Users/pierre-olivierboisvert/Desktop/GIT/Spotify-ETL/env/lib/python3.8/site-packages/airflow/example_dags/example_xcomargs.py
[2021-07-12 14:19:57,333] {scheduler_job.py:633} INFO - Processing file /Users/pierre-olivierboisvert/Desktop/GIT/Spotify-ETL/env/lib/python3.8/site-packages/airflow/example_dags/example_xcomargs.py for tasks to queue
[2021-07-12 14:19:57,333] {logging_mixin.py:104} INFO - [2021-07-12 14:19:57,333] {dagbag.py:496} INFO - Filling up the DagBag from /Users/pierre-olivierboisvert/Desktop/GIT/Spotify-ETL/env/lib/python3.8/site-packages/airflow/example_dags/example_xcomargs.py
[2021-07-12 14:19:57,351] {scheduler_job.py:643} INFO - DAG(s) dict_keys(['example_xcom_args', 'example_xcom_args_with_operators']) retrieved from /Users/pierre-olivierboisvert/Desktop/GIT/Spotify-ETL/env/lib/python3.8/site-packages/airflow/example_dags/example_xcomargs.py
[2021-07-12 14:19:57,734] {logging_mixin.py:104} INFO - [2021-07-12 14:19:57,734] {dag.py:1833} INFO - Sync 2 DAGs
[2021-07-12 14:19:57,744] {logging_mixin.py:104} INFO - [2021-07-12 14:19:57,744] {dag.py:2306} INFO - Setting next_dagrun for example_xcom_args to None
[2021-07-12 14:19:57,745] {logging_mixin.py:104} INFO - [2021-07-12 14:19:57,745] {dag.py:2306} INFO - Setting next_dagrun for example_xcom_args_with_operators to None
[2021-07-12 14:19:57,757] {scheduler_job.py:190} INFO - Processing /Users/pierre-olivierboisvert/Desktop/GIT/Spotify-ETL/env/lib/python3.8/site-packages/airflow/example_dags/example_xcomargs.py took 0.425 seconds
[2021-07-12 14:21:30,669] {scheduler_job.py:182} INFO - Started process (PID=68954) to work on /Users/pierre-olivierboisvert/Desktop/GIT/Spotify-ETL/env/lib/python3.8/site-packages/airflow/example_dags/example_xcomargs.py
[2021-07-12 14:21:30,671] {scheduler_job.py:633} INFO - Processing file /Users/pierre-olivierboisvert/Desktop/GIT/Spotify-ETL/env/lib/python3.8/site-packages/airflow/example_dags/example_xcomargs.py for tasks to queue
[2021-07-12 14:21:30,671] {logging_mixin.py:104} INFO - [2021-07-12 14:21:30,671] {dagbag.py:496} INFO - Filling up the DagBag from /Users/pierre-olivierboisvert/Desktop/GIT/Spotify-ETL/env/lib/python3.8/site-packages/airflow/example_dags/example_xcomargs.py
[2021-07-12 14:21:30,689] {scheduler_job.py:643} INFO - DAG(s) dict_keys(['example_xcom_args', 'example_xcom_args_with_operators']) retrieved from /Users/pierre-olivierboisvert/Desktop/GIT/Spotify-ETL/env/lib/python3.8/site-packages/airflow/example_dags/example_xcomargs.py
[2021-07-12 14:21:31,085] {logging_mixin.py:104} INFO - [2021-07-12 14:21:31,084] {dag.py:1833} INFO - Sync 2 DAGs
[2021-07-12 14:21:31,094] {logging_mixin.py:104} INFO - [2021-07-12 14:21:31,094] {dag.py:2306} INFO - Setting next_dagrun for example_xcom_args to None
[2021-07-12 14:21:31,095] {logging_mixin.py:104} INFO - [2021-07-12 14:21:31,095] {dag.py:2306} INFO - Setting next_dagrun for example_xcom_args_with_operators to None
[2021-07-12 14:21:31,104] {scheduler_job.py:190} INFO - Processing /Users/pierre-olivierboisvert/Desktop/GIT/Spotify-ETL/env/lib/python3.8/site-packages/airflow/example_dags/example_xcomargs.py took 0.436 seconds
[2021-07-12 14:22:31,163] {scheduler_job.py:182} INFO - Started process (PID=69120) to work on /Users/pierre-olivierboisvert/Desktop/GIT/Spotify-ETL/env/lib/python3.8/site-packages/airflow/example_dags/example_xcomargs.py
[2021-07-12 14:22:31,163] {scheduler_job.py:633} INFO - Processing file /Users/pierre-olivierboisvert/Desktop/GIT/Spotify-ETL/env/lib/python3.8/site-packages/airflow/example_dags/example_xcomargs.py for tasks to queue
[2021-07-12 14:22:31,164] {logging_mixin.py:104} INFO - [2021-07-12 14:22:31,164] {dagbag.py:496} INFO - Filling up the DagBag from /Users/pierre-olivierboisvert/Desktop/GIT/Spotify-ETL/env/lib/python3.8/site-packages/airflow/example_dags/example_xcomargs.py
[2021-07-12 14:22:31,183] {scheduler_job.py:643} INFO - DAG(s) dict_keys(['example_xcom_args', 'example_xcom_args_with_operators']) retrieved from /Users/pierre-olivierboisvert/Desktop/GIT/Spotify-ETL/env/lib/python3.8/site-packages/airflow/example_dags/example_xcomargs.py
[2021-07-12 14:22:31,550] {logging_mixin.py:104} INFO - [2021-07-12 14:22:31,550] {dag.py:1833} INFO - Sync 2 DAGs
[2021-07-12 14:22:31,558] {logging_mixin.py:104} INFO - [2021-07-12 14:22:31,558] {dag.py:2306} INFO - Setting next_dagrun for example_xcom_args to None
[2021-07-12 14:22:31,559] {logging_mixin.py:104} INFO - [2021-07-12 14:22:31,558] {dag.py:2306} INFO - Setting next_dagrun for example_xcom_args_with_operators to None
[2021-07-12 14:22:31,573] {scheduler_job.py:190} INFO - Processing /Users/pierre-olivierboisvert/Desktop/GIT/Spotify-ETL/env/lib/python3.8/site-packages/airflow/example_dags/example_xcomargs.py took 0.411 seconds
[2021-07-12 14:23:53,523] {scheduler_job.py:182} INFO - Started process (PID=69227) to work on /Users/pierre-olivierboisvert/Desktop/GIT/Spotify-ETL/env/lib/python3.8/site-packages/airflow/example_dags/example_xcomargs.py
[2021-07-12 14:23:53,525] {scheduler_job.py:633} INFO - Processing file /Users/pierre-olivierboisvert/Desktop/GIT/Spotify-ETL/env/lib/python3.8/site-packages/airflow/example_dags/example_xcomargs.py for tasks to queue
[2021-07-12 14:23:53,526] {logging_mixin.py:104} INFO - [2021-07-12 14:23:53,525] {dagbag.py:496} INFO - Filling up the DagBag from /Users/pierre-olivierboisvert/Desktop/GIT/Spotify-ETL/env/lib/python3.8/site-packages/airflow/example_dags/example_xcomargs.py
[2021-07-12 14:23:53,547] {scheduler_job.py:643} INFO - DAG(s) dict_keys(['example_xcom_args', 'example_xcom_args_with_operators']) retrieved from /Users/pierre-olivierboisvert/Desktop/GIT/Spotify-ETL/env/lib/python3.8/site-packages/airflow/example_dags/example_xcomargs.py
[2021-07-12 14:23:54,327] {logging_mixin.py:104} INFO - [2021-07-12 14:23:54,327] {dag.py:1833} INFO - Sync 2 DAGs
[2021-07-12 14:23:54,367] {logging_mixin.py:104} INFO - [2021-07-12 14:23:54,367] {dag.py:2306} INFO - Setting next_dagrun for example_xcom_args to None
[2021-07-12 14:23:54,368] {logging_mixin.py:104} INFO - [2021-07-12 14:23:54,368] {dag.py:2306} INFO - Setting next_dagrun for example_xcom_args_with_operators to None
[2021-07-12 14:23:54,399] {scheduler_job.py:190} INFO - Processing /Users/pierre-olivierboisvert/Desktop/GIT/Spotify-ETL/env/lib/python3.8/site-packages/airflow/example_dags/example_xcomargs.py took 0.877 seconds
[2021-07-12 14:24:53,303] {scheduler_job.py:182} INFO - Started process (PID=69364) to work on /Users/pierre-olivierboisvert/Desktop/GIT/Spotify-ETL/env/lib/python3.8/site-packages/airflow/example_dags/example_xcomargs.py
[2021-07-12 14:24:53,303] {scheduler_job.py:633} INFO - Processing file /Users/pierre-olivierboisvert/Desktop/GIT/Spotify-ETL/env/lib/python3.8/site-packages/airflow/example_dags/example_xcomargs.py for tasks to queue
[2021-07-12 14:24:53,304] {logging_mixin.py:104} INFO - [2021-07-12 14:24:53,304] {dagbag.py:496} INFO - Filling up the DagBag from /Users/pierre-olivierboisvert/Desktop/GIT/Spotify-ETL/env/lib/python3.8/site-packages/airflow/example_dags/example_xcomargs.py
[2021-07-12 14:24:53,325] {scheduler_job.py:643} INFO - DAG(s) dict_keys(['example_xcom_args', 'example_xcom_args_with_operators']) retrieved from /Users/pierre-olivierboisvert/Desktop/GIT/Spotify-ETL/env/lib/python3.8/site-packages/airflow/example_dags/example_xcomargs.py
[2021-07-12 14:24:53,718] {logging_mixin.py:104} INFO - [2021-07-12 14:24:53,717] {dag.py:1833} INFO - Sync 2 DAGs
[2021-07-12 14:24:53,726] {logging_mixin.py:104} INFO - [2021-07-12 14:24:53,726] {dag.py:2306} INFO - Setting next_dagrun for example_xcom_args to None
[2021-07-12 14:24:53,727] {logging_mixin.py:104} INFO - [2021-07-12 14:24:53,727] {dag.py:2306} INFO - Setting next_dagrun for example_xcom_args_with_operators to None
[2021-07-12 14:24:53,744] {scheduler_job.py:190} INFO - Processing /Users/pierre-olivierboisvert/Desktop/GIT/Spotify-ETL/env/lib/python3.8/site-packages/airflow/example_dags/example_xcomargs.py took 0.442 seconds
[2021-07-12 14:26:00,486] {scheduler_job.py:182} INFO - Started process (PID=69472) to work on /Users/pierre-olivierboisvert/Desktop/GIT/Spotify-ETL/env/lib/python3.8/site-packages/airflow/example_dags/example_xcomargs.py
[2021-07-12 14:26:00,486] {scheduler_job.py:633} INFO - Processing file /Users/pierre-olivierboisvert/Desktop/GIT/Spotify-ETL/env/lib/python3.8/site-packages/airflow/example_dags/example_xcomargs.py for tasks to queue
[2021-07-12 14:26:00,487] {logging_mixin.py:104} INFO - [2021-07-12 14:26:00,487] {dagbag.py:496} INFO - Filling up the DagBag from /Users/pierre-olivierboisvert/Desktop/GIT/Spotify-ETL/env/lib/python3.8/site-packages/airflow/example_dags/example_xcomargs.py
[2021-07-12 14:26:00,501] {scheduler_job.py:643} INFO - DAG(s) dict_keys(['example_xcom_args', 'example_xcom_args_with_operators']) retrieved from /Users/pierre-olivierboisvert/Desktop/GIT/Spotify-ETL/env/lib/python3.8/site-packages/airflow/example_dags/example_xcomargs.py
[2021-07-12 14:26:00,891] {logging_mixin.py:104} INFO - [2021-07-12 14:26:00,891] {dag.py:1833} INFO - Sync 2 DAGs
[2021-07-12 14:26:00,900] {logging_mixin.py:104} INFO - [2021-07-12 14:26:00,900] {dag.py:2306} INFO - Setting next_dagrun for example_xcom_args to None
[2021-07-12 14:26:00,901] {logging_mixin.py:104} INFO - [2021-07-12 14:26:00,901] {dag.py:2306} INFO - Setting next_dagrun for example_xcom_args_with_operators to None
[2021-07-12 14:26:00,918] {scheduler_job.py:190} INFO - Processing /Users/pierre-olivierboisvert/Desktop/GIT/Spotify-ETL/env/lib/python3.8/site-packages/airflow/example_dags/example_xcomargs.py took 0.433 seconds
[2021-07-12 14:27:01,102] {scheduler_job.py:182} INFO - Started process (PID=69590) to work on /Users/pierre-olivierboisvert/Desktop/GIT/Spotify-ETL/env/lib/python3.8/site-packages/airflow/example_dags/example_xcomargs.py
[2021-07-12 14:27:01,103] {scheduler_job.py:633} INFO - Processing file /Users/pierre-olivierboisvert/Desktop/GIT/Spotify-ETL/env/lib/python3.8/site-packages/airflow/example_dags/example_xcomargs.py for tasks to queue
[2021-07-12 14:27:01,103] {logging_mixin.py:104} INFO - [2021-07-12 14:27:01,103] {dagbag.py:496} INFO - Filling up the DagBag from /Users/pierre-olivierboisvert/Desktop/GIT/Spotify-ETL/env/lib/python3.8/site-packages/airflow/example_dags/example_xcomargs.py
[2021-07-12 14:27:01,123] {scheduler_job.py:643} INFO - DAG(s) dict_keys(['example_xcom_args', 'example_xcom_args_with_operators']) retrieved from /Users/pierre-olivierboisvert/Desktop/GIT/Spotify-ETL/env/lib/python3.8/site-packages/airflow/example_dags/example_xcomargs.py
[2021-07-12 14:27:01,554] {logging_mixin.py:104} INFO - [2021-07-12 14:27:01,554] {dag.py:1833} INFO - Sync 2 DAGs
[2021-07-12 14:27:01,563] {logging_mixin.py:104} INFO - [2021-07-12 14:27:01,563] {dag.py:2306} INFO - Setting next_dagrun for example_xcom_args to None
[2021-07-12 14:27:01,564] {logging_mixin.py:104} INFO - [2021-07-12 14:27:01,564] {dag.py:2306} INFO - Setting next_dagrun for example_xcom_args_with_operators to None
[2021-07-12 14:27:01,579] {scheduler_job.py:190} INFO - Processing /Users/pierre-olivierboisvert/Desktop/GIT/Spotify-ETL/env/lib/python3.8/site-packages/airflow/example_dags/example_xcomargs.py took 0.479 seconds
