[2021-07-12 13:39:28,047] {scheduler_job.py:182} INFO - Started process (PID=65700) to work on /Users/pierre-olivierboisvert/Desktop/GIT/Spotify-ETL/env/lib/python3.8/site-packages/airflow/example_dags/example_short_circuit_operator.py
[2021-07-12 13:39:28,048] {scheduler_job.py:633} INFO - Processing file /Users/pierre-olivierboisvert/Desktop/GIT/Spotify-ETL/env/lib/python3.8/site-packages/airflow/example_dags/example_short_circuit_operator.py for tasks to queue
[2021-07-12 13:39:28,048] {logging_mixin.py:104} INFO - [2021-07-12 13:39:28,048] {dagbag.py:496} INFO - Filling up the DagBag from /Users/pierre-olivierboisvert/Desktop/GIT/Spotify-ETL/env/lib/python3.8/site-packages/airflow/example_dags/example_short_circuit_operator.py
[2021-07-12 13:39:28,060] {scheduler_job.py:643} INFO - DAG(s) dict_keys(['example_short_circuit_operator']) retrieved from /Users/pierre-olivierboisvert/Desktop/GIT/Spotify-ETL/env/lib/python3.8/site-packages/airflow/example_dags/example_short_circuit_operator.py
[2021-07-12 13:39:28,108] {logging_mixin.py:104} INFO - [2021-07-12 13:39:28,107] {dag.py:1833} INFO - Sync 1 DAGs
[2021-07-12 13:39:28,118] {logging_mixin.py:104} INFO - [2021-07-12 13:39:28,118] {dag.py:2306} INFO - Setting next_dagrun for example_short_circuit_operator to 2021-07-10 00:00:00+00:00
[2021-07-12 13:39:28,131] {scheduler_job.py:190} INFO - Processing /Users/pierre-olivierboisvert/Desktop/GIT/Spotify-ETL/env/lib/python3.8/site-packages/airflow/example_dags/example_short_circuit_operator.py took 0.084 seconds
[2021-07-12 13:40:55,705] {scheduler_job.py:182} INFO - Started process (PID=65902) to work on /Users/pierre-olivierboisvert/Desktop/GIT/Spotify-ETL/env/lib/python3.8/site-packages/airflow/example_dags/example_short_circuit_operator.py
[2021-07-12 13:40:55,706] {scheduler_job.py:633} INFO - Processing file /Users/pierre-olivierboisvert/Desktop/GIT/Spotify-ETL/env/lib/python3.8/site-packages/airflow/example_dags/example_short_circuit_operator.py for tasks to queue
[2021-07-12 13:40:55,706] {logging_mixin.py:104} INFO - [2021-07-12 13:40:55,706] {dagbag.py:496} INFO - Filling up the DagBag from /Users/pierre-olivierboisvert/Desktop/GIT/Spotify-ETL/env/lib/python3.8/site-packages/airflow/example_dags/example_short_circuit_operator.py
[2021-07-12 13:40:55,733] {scheduler_job.py:643} INFO - DAG(s) dict_keys(['example_short_circuit_operator']) retrieved from /Users/pierre-olivierboisvert/Desktop/GIT/Spotify-ETL/env/lib/python3.8/site-packages/airflow/example_dags/example_short_circuit_operator.py
[2021-07-12 13:40:55,788] {logging_mixin.py:104} INFO - [2021-07-12 13:40:55,788] {dag.py:1833} INFO - Sync 1 DAGs
[2021-07-12 13:40:55,800] {logging_mixin.py:104} INFO - [2021-07-12 13:40:55,800] {dag.py:2306} INFO - Setting next_dagrun for example_short_circuit_operator to 2021-07-10 00:00:00+00:00
[2021-07-12 13:40:55,813] {scheduler_job.py:190} INFO - Processing /Users/pierre-olivierboisvert/Desktop/GIT/Spotify-ETL/env/lib/python3.8/site-packages/airflow/example_dags/example_short_circuit_operator.py took 0.109 seconds
[2021-07-12 13:42:17,871] {scheduler_job.py:182} INFO - Started process (PID=65975) to work on /Users/pierre-olivierboisvert/Desktop/GIT/Spotify-ETL/env/lib/python3.8/site-packages/airflow/example_dags/example_short_circuit_operator.py
[2021-07-12 13:42:17,871] {scheduler_job.py:633} INFO - Processing file /Users/pierre-olivierboisvert/Desktop/GIT/Spotify-ETL/env/lib/python3.8/site-packages/airflow/example_dags/example_short_circuit_operator.py for tasks to queue
[2021-07-12 13:42:17,872] {logging_mixin.py:104} INFO - [2021-07-12 13:42:17,871] {dagbag.py:496} INFO - Filling up the DagBag from /Users/pierre-olivierboisvert/Desktop/GIT/Spotify-ETL/env/lib/python3.8/site-packages/airflow/example_dags/example_short_circuit_operator.py
[2021-07-12 13:42:17,880] {scheduler_job.py:643} INFO - DAG(s) dict_keys(['example_short_circuit_operator']) retrieved from /Users/pierre-olivierboisvert/Desktop/GIT/Spotify-ETL/env/lib/python3.8/site-packages/airflow/example_dags/example_short_circuit_operator.py
[2021-07-12 13:42:17,915] {logging_mixin.py:104} INFO - [2021-07-12 13:42:17,915] {dag.py:1833} INFO - Sync 1 DAGs
[2021-07-12 13:42:17,923] {logging_mixin.py:104} INFO - [2021-07-12 13:42:17,923] {dag.py:2306} INFO - Setting next_dagrun for example_short_circuit_operator to 2021-07-10 00:00:00+00:00
[2021-07-12 13:42:17,935] {scheduler_job.py:190} INFO - Processing /Users/pierre-olivierboisvert/Desktop/GIT/Spotify-ETL/env/lib/python3.8/site-packages/airflow/example_dags/example_short_circuit_operator.py took 0.065 seconds
[2021-07-12 13:43:24,454] {scheduler_job.py:182} INFO - Started process (PID=66039) to work on /Users/pierre-olivierboisvert/Desktop/GIT/Spotify-ETL/env/lib/python3.8/site-packages/airflow/example_dags/example_short_circuit_operator.py
[2021-07-12 13:43:24,454] {scheduler_job.py:633} INFO - Processing file /Users/pierre-olivierboisvert/Desktop/GIT/Spotify-ETL/env/lib/python3.8/site-packages/airflow/example_dags/example_short_circuit_operator.py for tasks to queue
[2021-07-12 13:43:24,455] {logging_mixin.py:104} INFO - [2021-07-12 13:43:24,455] {dagbag.py:496} INFO - Filling up the DagBag from /Users/pierre-olivierboisvert/Desktop/GIT/Spotify-ETL/env/lib/python3.8/site-packages/airflow/example_dags/example_short_circuit_operator.py
[2021-07-12 13:43:24,467] {scheduler_job.py:643} INFO - DAG(s) dict_keys(['example_short_circuit_operator']) retrieved from /Users/pierre-olivierboisvert/Desktop/GIT/Spotify-ETL/env/lib/python3.8/site-packages/airflow/example_dags/example_short_circuit_operator.py
[2021-07-12 13:43:24,505] {logging_mixin.py:104} INFO - [2021-07-12 13:43:24,505] {dag.py:1833} INFO - Sync 1 DAGs
[2021-07-12 13:43:24,515] {logging_mixin.py:104} INFO - [2021-07-12 13:43:24,515] {dag.py:2306} INFO - Setting next_dagrun for example_short_circuit_operator to 2021-07-10 00:00:00+00:00
[2021-07-12 13:43:24,530] {scheduler_job.py:190} INFO - Processing /Users/pierre-olivierboisvert/Desktop/GIT/Spotify-ETL/env/lib/python3.8/site-packages/airflow/example_dags/example_short_circuit_operator.py took 0.077 seconds
[2021-07-12 13:44:34,586] {scheduler_job.py:182} INFO - Started process (PID=66109) to work on /Users/pierre-olivierboisvert/Desktop/GIT/Spotify-ETL/env/lib/python3.8/site-packages/airflow/example_dags/example_short_circuit_operator.py
[2021-07-12 13:44:34,586] {scheduler_job.py:633} INFO - Processing file /Users/pierre-olivierboisvert/Desktop/GIT/Spotify-ETL/env/lib/python3.8/site-packages/airflow/example_dags/example_short_circuit_operator.py for tasks to queue
[2021-07-12 13:44:34,587] {logging_mixin.py:104} INFO - [2021-07-12 13:44:34,587] {dagbag.py:496} INFO - Filling up the DagBag from /Users/pierre-olivierboisvert/Desktop/GIT/Spotify-ETL/env/lib/python3.8/site-packages/airflow/example_dags/example_short_circuit_operator.py
[2021-07-12 13:44:34,597] {scheduler_job.py:643} INFO - DAG(s) dict_keys(['example_short_circuit_operator']) retrieved from /Users/pierre-olivierboisvert/Desktop/GIT/Spotify-ETL/env/lib/python3.8/site-packages/airflow/example_dags/example_short_circuit_operator.py
[2021-07-12 13:44:34,634] {logging_mixin.py:104} INFO - [2021-07-12 13:44:34,633] {dag.py:1833} INFO - Sync 1 DAGs
[2021-07-12 13:44:34,645] {logging_mixin.py:104} INFO - [2021-07-12 13:44:34,645] {dag.py:2306} INFO - Setting next_dagrun for example_short_circuit_operator to 2021-07-10 00:00:00+00:00
[2021-07-12 13:44:34,658] {scheduler_job.py:190} INFO - Processing /Users/pierre-olivierboisvert/Desktop/GIT/Spotify-ETL/env/lib/python3.8/site-packages/airflow/example_dags/example_short_circuit_operator.py took 0.073 seconds
[2021-07-12 13:45:40,771] {scheduler_job.py:182} INFO - Started process (PID=66173) to work on /Users/pierre-olivierboisvert/Desktop/GIT/Spotify-ETL/env/lib/python3.8/site-packages/airflow/example_dags/example_short_circuit_operator.py
[2021-07-12 13:45:40,771] {scheduler_job.py:633} INFO - Processing file /Users/pierre-olivierboisvert/Desktop/GIT/Spotify-ETL/env/lib/python3.8/site-packages/airflow/example_dags/example_short_circuit_operator.py for tasks to queue
[2021-07-12 13:45:40,772] {logging_mixin.py:104} INFO - [2021-07-12 13:45:40,772] {dagbag.py:496} INFO - Filling up the DagBag from /Users/pierre-olivierboisvert/Desktop/GIT/Spotify-ETL/env/lib/python3.8/site-packages/airflow/example_dags/example_short_circuit_operator.py
[2021-07-12 13:45:40,780] {scheduler_job.py:643} INFO - DAG(s) dict_keys(['example_short_circuit_operator']) retrieved from /Users/pierre-olivierboisvert/Desktop/GIT/Spotify-ETL/env/lib/python3.8/site-packages/airflow/example_dags/example_short_circuit_operator.py
[2021-07-12 13:45:40,819] {logging_mixin.py:104} INFO - [2021-07-12 13:45:40,819] {dag.py:1833} INFO - Sync 1 DAGs
[2021-07-12 13:45:40,827] {logging_mixin.py:104} INFO - [2021-07-12 13:45:40,826] {dag.py:2306} INFO - Setting next_dagrun for example_short_circuit_operator to 2021-07-10 00:00:00+00:00
[2021-07-12 13:45:40,838] {scheduler_job.py:190} INFO - Processing /Users/pierre-olivierboisvert/Desktop/GIT/Spotify-ETL/env/lib/python3.8/site-packages/airflow/example_dags/example_short_circuit_operator.py took 0.068 seconds
[2021-07-12 13:46:51,332] {scheduler_job.py:182} INFO - Started process (PID=66242) to work on /Users/pierre-olivierboisvert/Desktop/GIT/Spotify-ETL/env/lib/python3.8/site-packages/airflow/example_dags/example_short_circuit_operator.py
[2021-07-12 13:46:51,332] {scheduler_job.py:633} INFO - Processing file /Users/pierre-olivierboisvert/Desktop/GIT/Spotify-ETL/env/lib/python3.8/site-packages/airflow/example_dags/example_short_circuit_operator.py for tasks to queue
[2021-07-12 13:46:51,332] {logging_mixin.py:104} INFO - [2021-07-12 13:46:51,332] {dagbag.py:496} INFO - Filling up the DagBag from /Users/pierre-olivierboisvert/Desktop/GIT/Spotify-ETL/env/lib/python3.8/site-packages/airflow/example_dags/example_short_circuit_operator.py
[2021-07-12 13:46:51,341] {scheduler_job.py:643} INFO - DAG(s) dict_keys(['example_short_circuit_operator']) retrieved from /Users/pierre-olivierboisvert/Desktop/GIT/Spotify-ETL/env/lib/python3.8/site-packages/airflow/example_dags/example_short_circuit_operator.py
[2021-07-12 13:46:51,380] {logging_mixin.py:104} INFO - [2021-07-12 13:46:51,380] {dag.py:1833} INFO - Sync 1 DAGs
[2021-07-12 13:46:51,388] {logging_mixin.py:104} INFO - [2021-07-12 13:46:51,388] {dag.py:2306} INFO - Setting next_dagrun for example_short_circuit_operator to 2021-07-10 00:00:00+00:00
[2021-07-12 13:46:51,400] {scheduler_job.py:190} INFO - Processing /Users/pierre-olivierboisvert/Desktop/GIT/Spotify-ETL/env/lib/python3.8/site-packages/airflow/example_dags/example_short_circuit_operator.py took 0.069 seconds
[2021-07-12 13:47:58,327] {scheduler_job.py:182} INFO - Started process (PID=66308) to work on /Users/pierre-olivierboisvert/Desktop/GIT/Spotify-ETL/env/lib/python3.8/site-packages/airflow/example_dags/example_short_circuit_operator.py
[2021-07-12 13:47:58,327] {scheduler_job.py:633} INFO - Processing file /Users/pierre-olivierboisvert/Desktop/GIT/Spotify-ETL/env/lib/python3.8/site-packages/airflow/example_dags/example_short_circuit_operator.py for tasks to queue
[2021-07-12 13:47:58,328] {logging_mixin.py:104} INFO - [2021-07-12 13:47:58,328] {dagbag.py:496} INFO - Filling up the DagBag from /Users/pierre-olivierboisvert/Desktop/GIT/Spotify-ETL/env/lib/python3.8/site-packages/airflow/example_dags/example_short_circuit_operator.py
[2021-07-12 13:47:58,344] {scheduler_job.py:643} INFO - DAG(s) dict_keys(['example_short_circuit_operator']) retrieved from /Users/pierre-olivierboisvert/Desktop/GIT/Spotify-ETL/env/lib/python3.8/site-packages/airflow/example_dags/example_short_circuit_operator.py
[2021-07-12 13:47:58,388] {logging_mixin.py:104} INFO - [2021-07-12 13:47:58,388] {dag.py:1833} INFO - Sync 1 DAGs
[2021-07-12 13:47:58,402] {logging_mixin.py:104} INFO - [2021-07-12 13:47:58,402] {dag.py:2306} INFO - Setting next_dagrun for example_short_circuit_operator to 2021-07-10 00:00:00+00:00
[2021-07-12 13:47:58,413] {scheduler_job.py:190} INFO - Processing /Users/pierre-olivierboisvert/Desktop/GIT/Spotify-ETL/env/lib/python3.8/site-packages/airflow/example_dags/example_short_circuit_operator.py took 0.087 seconds
[2021-07-12 13:49:12,584] {scheduler_job.py:182} INFO - Started process (PID=66386) to work on /Users/pierre-olivierboisvert/Desktop/GIT/Spotify-ETL/env/lib/python3.8/site-packages/airflow/example_dags/example_short_circuit_operator.py
[2021-07-12 13:49:12,584] {scheduler_job.py:633} INFO - Processing file /Users/pierre-olivierboisvert/Desktop/GIT/Spotify-ETL/env/lib/python3.8/site-packages/airflow/example_dags/example_short_circuit_operator.py for tasks to queue
[2021-07-12 13:49:12,585] {logging_mixin.py:104} INFO - [2021-07-12 13:49:12,585] {dagbag.py:496} INFO - Filling up the DagBag from /Users/pierre-olivierboisvert/Desktop/GIT/Spotify-ETL/env/lib/python3.8/site-packages/airflow/example_dags/example_short_circuit_operator.py
[2021-07-12 13:49:12,595] {scheduler_job.py:643} INFO - DAG(s) dict_keys(['example_short_circuit_operator']) retrieved from /Users/pierre-olivierboisvert/Desktop/GIT/Spotify-ETL/env/lib/python3.8/site-packages/airflow/example_dags/example_short_circuit_operator.py
[2021-07-12 13:49:12,637] {logging_mixin.py:104} INFO - [2021-07-12 13:49:12,637] {dag.py:1833} INFO - Sync 1 DAGs
[2021-07-12 13:49:12,646] {logging_mixin.py:104} INFO - [2021-07-12 13:49:12,646] {dag.py:2306} INFO - Setting next_dagrun for example_short_circuit_operator to 2021-07-10 00:00:00+00:00
[2021-07-12 13:49:12,658] {scheduler_job.py:190} INFO - Processing /Users/pierre-olivierboisvert/Desktop/GIT/Spotify-ETL/env/lib/python3.8/site-packages/airflow/example_dags/example_short_circuit_operator.py took 0.074 seconds
[2021-07-12 13:50:45,783] {scheduler_job.py:182} INFO - Started process (PID=66488) to work on /Users/pierre-olivierboisvert/Desktop/GIT/Spotify-ETL/env/lib/python3.8/site-packages/airflow/example_dags/example_short_circuit_operator.py
[2021-07-12 13:50:45,787] {scheduler_job.py:633} INFO - Processing file /Users/pierre-olivierboisvert/Desktop/GIT/Spotify-ETL/env/lib/python3.8/site-packages/airflow/example_dags/example_short_circuit_operator.py for tasks to queue
[2021-07-12 13:50:45,787] {logging_mixin.py:104} INFO - [2021-07-12 13:50:45,787] {dagbag.py:496} INFO - Filling up the DagBag from /Users/pierre-olivierboisvert/Desktop/GIT/Spotify-ETL/env/lib/python3.8/site-packages/airflow/example_dags/example_short_circuit_operator.py
[2021-07-12 13:50:45,797] {scheduler_job.py:643} INFO - DAG(s) dict_keys(['example_short_circuit_operator']) retrieved from /Users/pierre-olivierboisvert/Desktop/GIT/Spotify-ETL/env/lib/python3.8/site-packages/airflow/example_dags/example_short_circuit_operator.py
[2021-07-12 13:50:45,835] {logging_mixin.py:104} INFO - [2021-07-12 13:50:45,835] {dag.py:1833} INFO - Sync 1 DAGs
[2021-07-12 13:50:45,843] {logging_mixin.py:104} INFO - [2021-07-12 13:50:45,843] {dag.py:2306} INFO - Setting next_dagrun for example_short_circuit_operator to 2021-07-10 00:00:00+00:00
[2021-07-12 13:50:45,852] {scheduler_job.py:190} INFO - Processing /Users/pierre-olivierboisvert/Desktop/GIT/Spotify-ETL/env/lib/python3.8/site-packages/airflow/example_dags/example_short_circuit_operator.py took 0.070 seconds
[2021-07-12 13:52:01,473] {scheduler_job.py:182} INFO - Started process (PID=66568) to work on /Users/pierre-olivierboisvert/Desktop/GIT/Spotify-ETL/env/lib/python3.8/site-packages/airflow/example_dags/example_short_circuit_operator.py
[2021-07-12 13:52:01,474] {scheduler_job.py:633} INFO - Processing file /Users/pierre-olivierboisvert/Desktop/GIT/Spotify-ETL/env/lib/python3.8/site-packages/airflow/example_dags/example_short_circuit_operator.py for tasks to queue
[2021-07-12 13:52:01,474] {logging_mixin.py:104} INFO - [2021-07-12 13:52:01,474] {dagbag.py:496} INFO - Filling up the DagBag from /Users/pierre-olivierboisvert/Desktop/GIT/Spotify-ETL/env/lib/python3.8/site-packages/airflow/example_dags/example_short_circuit_operator.py
[2021-07-12 13:52:01,485] {scheduler_job.py:643} INFO - DAG(s) dict_keys(['example_short_circuit_operator']) retrieved from /Users/pierre-olivierboisvert/Desktop/GIT/Spotify-ETL/env/lib/python3.8/site-packages/airflow/example_dags/example_short_circuit_operator.py
[2021-07-12 13:52:01,537] {logging_mixin.py:104} INFO - [2021-07-12 13:52:01,537] {dag.py:1833} INFO - Sync 1 DAGs
[2021-07-12 13:52:01,545] {logging_mixin.py:104} INFO - [2021-07-12 13:52:01,545] {dag.py:2306} INFO - Setting next_dagrun for example_short_circuit_operator to 2021-07-10 00:00:00+00:00
[2021-07-12 13:52:01,560] {scheduler_job.py:190} INFO - Processing /Users/pierre-olivierboisvert/Desktop/GIT/Spotify-ETL/env/lib/python3.8/site-packages/airflow/example_dags/example_short_circuit_operator.py took 0.087 seconds
[2021-07-12 13:53:33,094] {scheduler_job.py:182} INFO - Started process (PID=66681) to work on /Users/pierre-olivierboisvert/Desktop/GIT/Spotify-ETL/env/lib/python3.8/site-packages/airflow/example_dags/example_short_circuit_operator.py
[2021-07-12 13:53:33,094] {scheduler_job.py:633} INFO - Processing file /Users/pierre-olivierboisvert/Desktop/GIT/Spotify-ETL/env/lib/python3.8/site-packages/airflow/example_dags/example_short_circuit_operator.py for tasks to queue
[2021-07-12 13:53:33,095] {logging_mixin.py:104} INFO - [2021-07-12 13:53:33,095] {dagbag.py:496} INFO - Filling up the DagBag from /Users/pierre-olivierboisvert/Desktop/GIT/Spotify-ETL/env/lib/python3.8/site-packages/airflow/example_dags/example_short_circuit_operator.py
[2021-07-12 13:53:33,113] {scheduler_job.py:643} INFO - DAG(s) dict_keys(['example_short_circuit_operator']) retrieved from /Users/pierre-olivierboisvert/Desktop/GIT/Spotify-ETL/env/lib/python3.8/site-packages/airflow/example_dags/example_short_circuit_operator.py
[2021-07-12 13:53:33,154] {logging_mixin.py:104} INFO - [2021-07-12 13:53:33,154] {dag.py:1833} INFO - Sync 1 DAGs
[2021-07-12 13:53:33,166] {logging_mixin.py:104} INFO - [2021-07-12 13:53:33,166] {dag.py:2306} INFO - Setting next_dagrun for example_short_circuit_operator to 2021-07-10 00:00:00+00:00
[2021-07-12 13:53:33,178] {scheduler_job.py:190} INFO - Processing /Users/pierre-olivierboisvert/Desktop/GIT/Spotify-ETL/env/lib/python3.8/site-packages/airflow/example_dags/example_short_circuit_operator.py took 0.085 seconds
