[2021-07-12 13:39:26,450] {scheduler_job.py:182} INFO - Started process (PID=65698) to work on /Users/pierre-olivierboisvert/Desktop/GIT/Spotify-ETL/env/lib/python3.8/site-packages/airflow/example_dags/example_skip_dag.py
[2021-07-12 13:39:26,451] {scheduler_job.py:633} INFO - Processing file /Users/pierre-olivierboisvert/Desktop/GIT/Spotify-ETL/env/lib/python3.8/site-packages/airflow/example_dags/example_skip_dag.py for tasks to queue
[2021-07-12 13:39:26,451] {logging_mixin.py:104} INFO - [2021-07-12 13:39:26,451] {dagbag.py:496} INFO - Filling up the DagBag from /Users/pierre-olivierboisvert/Desktop/GIT/Spotify-ETL/env/lib/python3.8/site-packages/airflow/example_dags/example_skip_dag.py
[2021-07-12 13:39:26,461] {scheduler_job.py:643} INFO - DAG(s) dict_keys(['example_skip_dag']) retrieved from /Users/pierre-olivierboisvert/Desktop/GIT/Spotify-ETL/env/lib/python3.8/site-packages/airflow/example_dags/example_skip_dag.py
[2021-07-12 13:39:26,507] {logging_mixin.py:104} INFO - [2021-07-12 13:39:26,507] {dag.py:1833} INFO - Sync 1 DAGs
[2021-07-12 13:39:26,516] {logging_mixin.py:104} INFO - [2021-07-12 13:39:26,516] {dag.py:2306} INFO - Setting next_dagrun for example_skip_dag to 2021-07-10 00:00:00+00:00
[2021-07-12 13:39:26,527] {scheduler_job.py:190} INFO - Processing /Users/pierre-olivierboisvert/Desktop/GIT/Spotify-ETL/env/lib/python3.8/site-packages/airflow/example_dags/example_skip_dag.py took 0.078 seconds
[2021-07-12 13:40:53,050] {scheduler_job.py:182} INFO - Started process (PID=65900) to work on /Users/pierre-olivierboisvert/Desktop/GIT/Spotify-ETL/env/lib/python3.8/site-packages/airflow/example_dags/example_skip_dag.py
[2021-07-12 13:40:53,050] {scheduler_job.py:633} INFO - Processing file /Users/pierre-olivierboisvert/Desktop/GIT/Spotify-ETL/env/lib/python3.8/site-packages/airflow/example_dags/example_skip_dag.py for tasks to queue
[2021-07-12 13:40:53,051] {logging_mixin.py:104} INFO - [2021-07-12 13:40:53,050] {dagbag.py:496} INFO - Filling up the DagBag from /Users/pierre-olivierboisvert/Desktop/GIT/Spotify-ETL/env/lib/python3.8/site-packages/airflow/example_dags/example_skip_dag.py
[2021-07-12 13:40:53,059] {scheduler_job.py:643} INFO - DAG(s) dict_keys(['example_skip_dag']) retrieved from /Users/pierre-olivierboisvert/Desktop/GIT/Spotify-ETL/env/lib/python3.8/site-packages/airflow/example_dags/example_skip_dag.py
[2021-07-12 13:40:53,122] {logging_mixin.py:104} INFO - [2021-07-12 13:40:53,122] {dag.py:1833} INFO - Sync 1 DAGs
[2021-07-12 13:40:53,138] {logging_mixin.py:104} INFO - [2021-07-12 13:40:53,138] {dag.py:2306} INFO - Setting next_dagrun for example_skip_dag to 2021-07-10 00:00:00+00:00
[2021-07-12 13:40:53,150] {scheduler_job.py:190} INFO - Processing /Users/pierre-olivierboisvert/Desktop/GIT/Spotify-ETL/env/lib/python3.8/site-packages/airflow/example_dags/example_skip_dag.py took 0.101 seconds
[2021-07-12 13:42:15,650] {scheduler_job.py:182} INFO - Started process (PID=65973) to work on /Users/pierre-olivierboisvert/Desktop/GIT/Spotify-ETL/env/lib/python3.8/site-packages/airflow/example_dags/example_skip_dag.py
[2021-07-12 13:42:15,651] {scheduler_job.py:633} INFO - Processing file /Users/pierre-olivierboisvert/Desktop/GIT/Spotify-ETL/env/lib/python3.8/site-packages/airflow/example_dags/example_skip_dag.py for tasks to queue
[2021-07-12 13:42:15,652] {logging_mixin.py:104} INFO - [2021-07-12 13:42:15,652] {dagbag.py:496} INFO - Filling up the DagBag from /Users/pierre-olivierboisvert/Desktop/GIT/Spotify-ETL/env/lib/python3.8/site-packages/airflow/example_dags/example_skip_dag.py
[2021-07-12 13:42:15,661] {scheduler_job.py:643} INFO - DAG(s) dict_keys(['example_skip_dag']) retrieved from /Users/pierre-olivierboisvert/Desktop/GIT/Spotify-ETL/env/lib/python3.8/site-packages/airflow/example_dags/example_skip_dag.py
[2021-07-12 13:42:15,700] {logging_mixin.py:104} INFO - [2021-07-12 13:42:15,700] {dag.py:1833} INFO - Sync 1 DAGs
[2021-07-12 13:42:15,708] {logging_mixin.py:104} INFO - [2021-07-12 13:42:15,708] {dag.py:2306} INFO - Setting next_dagrun for example_skip_dag to 2021-07-10 00:00:00+00:00
[2021-07-12 13:42:15,722] {scheduler_job.py:190} INFO - Processing /Users/pierre-olivierboisvert/Desktop/GIT/Spotify-ETL/env/lib/python3.8/site-packages/airflow/example_dags/example_skip_dag.py took 0.072 seconds
[2021-07-12 13:43:22,900] {scheduler_job.py:182} INFO - Started process (PID=66037) to work on /Users/pierre-olivierboisvert/Desktop/GIT/Spotify-ETL/env/lib/python3.8/site-packages/airflow/example_dags/example_skip_dag.py
[2021-07-12 13:43:22,901] {scheduler_job.py:633} INFO - Processing file /Users/pierre-olivierboisvert/Desktop/GIT/Spotify-ETL/env/lib/python3.8/site-packages/airflow/example_dags/example_skip_dag.py for tasks to queue
[2021-07-12 13:43:22,901] {logging_mixin.py:104} INFO - [2021-07-12 13:43:22,901] {dagbag.py:496} INFO - Filling up the DagBag from /Users/pierre-olivierboisvert/Desktop/GIT/Spotify-ETL/env/lib/python3.8/site-packages/airflow/example_dags/example_skip_dag.py
[2021-07-12 13:43:22,910] {scheduler_job.py:643} INFO - DAG(s) dict_keys(['example_skip_dag']) retrieved from /Users/pierre-olivierboisvert/Desktop/GIT/Spotify-ETL/env/lib/python3.8/site-packages/airflow/example_dags/example_skip_dag.py
[2021-07-12 13:43:22,950] {logging_mixin.py:104} INFO - [2021-07-12 13:43:22,950] {dag.py:1833} INFO - Sync 1 DAGs
[2021-07-12 13:43:22,958] {logging_mixin.py:104} INFO - [2021-07-12 13:43:22,958] {dag.py:2306} INFO - Setting next_dagrun for example_skip_dag to 2021-07-10 00:00:00+00:00
[2021-07-12 13:43:22,973] {scheduler_job.py:190} INFO - Processing /Users/pierre-olivierboisvert/Desktop/GIT/Spotify-ETL/env/lib/python3.8/site-packages/airflow/example_dags/example_skip_dag.py took 0.073 seconds
[2021-07-12 13:44:32,360] {scheduler_job.py:182} INFO - Started process (PID=66107) to work on /Users/pierre-olivierboisvert/Desktop/GIT/Spotify-ETL/env/lib/python3.8/site-packages/airflow/example_dags/example_skip_dag.py
[2021-07-12 13:44:32,361] {scheduler_job.py:633} INFO - Processing file /Users/pierre-olivierboisvert/Desktop/GIT/Spotify-ETL/env/lib/python3.8/site-packages/airflow/example_dags/example_skip_dag.py for tasks to queue
[2021-07-12 13:44:32,361] {logging_mixin.py:104} INFO - [2021-07-12 13:44:32,361] {dagbag.py:496} INFO - Filling up the DagBag from /Users/pierre-olivierboisvert/Desktop/GIT/Spotify-ETL/env/lib/python3.8/site-packages/airflow/example_dags/example_skip_dag.py
[2021-07-12 13:44:32,369] {scheduler_job.py:643} INFO - DAG(s) dict_keys(['example_skip_dag']) retrieved from /Users/pierre-olivierboisvert/Desktop/GIT/Spotify-ETL/env/lib/python3.8/site-packages/airflow/example_dags/example_skip_dag.py
[2021-07-12 13:44:32,409] {logging_mixin.py:104} INFO - [2021-07-12 13:44:32,409] {dag.py:1833} INFO - Sync 1 DAGs
[2021-07-12 13:44:32,417] {logging_mixin.py:104} INFO - [2021-07-12 13:44:32,417] {dag.py:2306} INFO - Setting next_dagrun for example_skip_dag to 2021-07-10 00:00:00+00:00
[2021-07-12 13:44:32,428] {scheduler_job.py:190} INFO - Processing /Users/pierre-olivierboisvert/Desktop/GIT/Spotify-ETL/env/lib/python3.8/site-packages/airflow/example_dags/example_skip_dag.py took 0.069 seconds
[2021-07-12 13:45:39,019] {scheduler_job.py:182} INFO - Started process (PID=66171) to work on /Users/pierre-olivierboisvert/Desktop/GIT/Spotify-ETL/env/lib/python3.8/site-packages/airflow/example_dags/example_skip_dag.py
[2021-07-12 13:45:39,020] {scheduler_job.py:633} INFO - Processing file /Users/pierre-olivierboisvert/Desktop/GIT/Spotify-ETL/env/lib/python3.8/site-packages/airflow/example_dags/example_skip_dag.py for tasks to queue
[2021-07-12 13:45:39,020] {logging_mixin.py:104} INFO - [2021-07-12 13:45:39,020] {dagbag.py:496} INFO - Filling up the DagBag from /Users/pierre-olivierboisvert/Desktop/GIT/Spotify-ETL/env/lib/python3.8/site-packages/airflow/example_dags/example_skip_dag.py
[2021-07-12 13:45:39,027] {scheduler_job.py:643} INFO - DAG(s) dict_keys(['example_skip_dag']) retrieved from /Users/pierre-olivierboisvert/Desktop/GIT/Spotify-ETL/env/lib/python3.8/site-packages/airflow/example_dags/example_skip_dag.py
[2021-07-12 13:45:39,063] {logging_mixin.py:104} INFO - [2021-07-12 13:45:39,063] {dag.py:1833} INFO - Sync 1 DAGs
[2021-07-12 13:45:39,071] {logging_mixin.py:104} INFO - [2021-07-12 13:45:39,071] {dag.py:2306} INFO - Setting next_dagrun for example_skip_dag to 2021-07-10 00:00:00+00:00
[2021-07-12 13:45:39,084] {scheduler_job.py:190} INFO - Processing /Users/pierre-olivierboisvert/Desktop/GIT/Spotify-ETL/env/lib/python3.8/site-packages/airflow/example_dags/example_skip_dag.py took 0.066 seconds
[2021-07-12 13:46:49,100] {scheduler_job.py:182} INFO - Started process (PID=66240) to work on /Users/pierre-olivierboisvert/Desktop/GIT/Spotify-ETL/env/lib/python3.8/site-packages/airflow/example_dags/example_skip_dag.py
[2021-07-12 13:46:49,101] {scheduler_job.py:633} INFO - Processing file /Users/pierre-olivierboisvert/Desktop/GIT/Spotify-ETL/env/lib/python3.8/site-packages/airflow/example_dags/example_skip_dag.py for tasks to queue
[2021-07-12 13:46:49,101] {logging_mixin.py:104} INFO - [2021-07-12 13:46:49,101] {dagbag.py:496} INFO - Filling up the DagBag from /Users/pierre-olivierboisvert/Desktop/GIT/Spotify-ETL/env/lib/python3.8/site-packages/airflow/example_dags/example_skip_dag.py
[2021-07-12 13:46:49,108] {scheduler_job.py:643} INFO - DAG(s) dict_keys(['example_skip_dag']) retrieved from /Users/pierre-olivierboisvert/Desktop/GIT/Spotify-ETL/env/lib/python3.8/site-packages/airflow/example_dags/example_skip_dag.py
[2021-07-12 13:46:49,144] {logging_mixin.py:104} INFO - [2021-07-12 13:46:49,144] {dag.py:1833} INFO - Sync 1 DAGs
[2021-07-12 13:46:49,156] {logging_mixin.py:104} INFO - [2021-07-12 13:46:49,155] {dag.py:2306} INFO - Setting next_dagrun for example_skip_dag to 2021-07-10 00:00:00+00:00
[2021-07-12 13:46:49,170] {scheduler_job.py:190} INFO - Processing /Users/pierre-olivierboisvert/Desktop/GIT/Spotify-ETL/env/lib/python3.8/site-packages/airflow/example_dags/example_skip_dag.py took 0.070 seconds
[2021-07-12 13:47:56,388] {scheduler_job.py:182} INFO - Started process (PID=66306) to work on /Users/pierre-olivierboisvert/Desktop/GIT/Spotify-ETL/env/lib/python3.8/site-packages/airflow/example_dags/example_skip_dag.py
[2021-07-12 13:47:56,388] {scheduler_job.py:633} INFO - Processing file /Users/pierre-olivierboisvert/Desktop/GIT/Spotify-ETL/env/lib/python3.8/site-packages/airflow/example_dags/example_skip_dag.py for tasks to queue
[2021-07-12 13:47:56,389] {logging_mixin.py:104} INFO - [2021-07-12 13:47:56,389] {dagbag.py:496} INFO - Filling up the DagBag from /Users/pierre-olivierboisvert/Desktop/GIT/Spotify-ETL/env/lib/python3.8/site-packages/airflow/example_dags/example_skip_dag.py
[2021-07-12 13:47:56,400] {scheduler_job.py:643} INFO - DAG(s) dict_keys(['example_skip_dag']) retrieved from /Users/pierre-olivierboisvert/Desktop/GIT/Spotify-ETL/env/lib/python3.8/site-packages/airflow/example_dags/example_skip_dag.py
[2021-07-12 13:47:56,439] {logging_mixin.py:104} INFO - [2021-07-12 13:47:56,438] {dag.py:1833} INFO - Sync 1 DAGs
[2021-07-12 13:47:56,446] {logging_mixin.py:104} INFO - [2021-07-12 13:47:56,446] {dag.py:2306} INFO - Setting next_dagrun for example_skip_dag to 2021-07-10 00:00:00+00:00
[2021-07-12 13:47:56,461] {scheduler_job.py:190} INFO - Processing /Users/pierre-olivierboisvert/Desktop/GIT/Spotify-ETL/env/lib/python3.8/site-packages/airflow/example_dags/example_skip_dag.py took 0.074 seconds
[2021-07-12 13:49:10,417] {scheduler_job.py:182} INFO - Started process (PID=66384) to work on /Users/pierre-olivierboisvert/Desktop/GIT/Spotify-ETL/env/lib/python3.8/site-packages/airflow/example_dags/example_skip_dag.py
[2021-07-12 13:49:10,418] {scheduler_job.py:633} INFO - Processing file /Users/pierre-olivierboisvert/Desktop/GIT/Spotify-ETL/env/lib/python3.8/site-packages/airflow/example_dags/example_skip_dag.py for tasks to queue
[2021-07-12 13:49:10,419] {logging_mixin.py:104} INFO - [2021-07-12 13:49:10,419] {dagbag.py:496} INFO - Filling up the DagBag from /Users/pierre-olivierboisvert/Desktop/GIT/Spotify-ETL/env/lib/python3.8/site-packages/airflow/example_dags/example_skip_dag.py
[2021-07-12 13:49:10,429] {scheduler_job.py:643} INFO - DAG(s) dict_keys(['example_skip_dag']) retrieved from /Users/pierre-olivierboisvert/Desktop/GIT/Spotify-ETL/env/lib/python3.8/site-packages/airflow/example_dags/example_skip_dag.py
[2021-07-12 13:49:10,481] {logging_mixin.py:104} INFO - [2021-07-12 13:49:10,481] {dag.py:1833} INFO - Sync 1 DAGs
[2021-07-12 13:49:10,494] {logging_mixin.py:104} INFO - [2021-07-12 13:49:10,494] {dag.py:2306} INFO - Setting next_dagrun for example_skip_dag to 2021-07-10 00:00:00+00:00
[2021-07-12 13:49:10,510] {scheduler_job.py:190} INFO - Processing /Users/pierre-olivierboisvert/Desktop/GIT/Spotify-ETL/env/lib/python3.8/site-packages/airflow/example_dags/example_skip_dag.py took 0.095 seconds
[2021-07-12 13:50:43,542] {scheduler_job.py:182} INFO - Started process (PID=66486) to work on /Users/pierre-olivierboisvert/Desktop/GIT/Spotify-ETL/env/lib/python3.8/site-packages/airflow/example_dags/example_skip_dag.py
[2021-07-12 13:50:43,547] {scheduler_job.py:633} INFO - Processing file /Users/pierre-olivierboisvert/Desktop/GIT/Spotify-ETL/env/lib/python3.8/site-packages/airflow/example_dags/example_skip_dag.py for tasks to queue
[2021-07-12 13:50:43,548] {logging_mixin.py:104} INFO - [2021-07-12 13:50:43,548] {dagbag.py:496} INFO - Filling up the DagBag from /Users/pierre-olivierboisvert/Desktop/GIT/Spotify-ETL/env/lib/python3.8/site-packages/airflow/example_dags/example_skip_dag.py
[2021-07-12 13:50:43,558] {scheduler_job.py:643} INFO - DAG(s) dict_keys(['example_skip_dag']) retrieved from /Users/pierre-olivierboisvert/Desktop/GIT/Spotify-ETL/env/lib/python3.8/site-packages/airflow/example_dags/example_skip_dag.py
[2021-07-12 13:50:43,598] {logging_mixin.py:104} INFO - [2021-07-12 13:50:43,598] {dag.py:1833} INFO - Sync 1 DAGs
[2021-07-12 13:50:43,609] {logging_mixin.py:104} INFO - [2021-07-12 13:50:43,609] {dag.py:2306} INFO - Setting next_dagrun for example_skip_dag to 2021-07-10 00:00:00+00:00
[2021-07-12 13:50:43,620] {scheduler_job.py:190} INFO - Processing /Users/pierre-olivierboisvert/Desktop/GIT/Spotify-ETL/env/lib/python3.8/site-packages/airflow/example_dags/example_skip_dag.py took 0.078 seconds
[2021-07-12 13:51:59,147] {scheduler_job.py:182} INFO - Started process (PID=66566) to work on /Users/pierre-olivierboisvert/Desktop/GIT/Spotify-ETL/env/lib/python3.8/site-packages/airflow/example_dags/example_skip_dag.py
[2021-07-12 13:51:59,147] {scheduler_job.py:633} INFO - Processing file /Users/pierre-olivierboisvert/Desktop/GIT/Spotify-ETL/env/lib/python3.8/site-packages/airflow/example_dags/example_skip_dag.py for tasks to queue
[2021-07-12 13:51:59,148] {logging_mixin.py:104} INFO - [2021-07-12 13:51:59,147] {dagbag.py:496} INFO - Filling up the DagBag from /Users/pierre-olivierboisvert/Desktop/GIT/Spotify-ETL/env/lib/python3.8/site-packages/airflow/example_dags/example_skip_dag.py
[2021-07-12 13:51:59,155] {scheduler_job.py:643} INFO - DAG(s) dict_keys(['example_skip_dag']) retrieved from /Users/pierre-olivierboisvert/Desktop/GIT/Spotify-ETL/env/lib/python3.8/site-packages/airflow/example_dags/example_skip_dag.py
[2021-07-12 13:51:59,193] {logging_mixin.py:104} INFO - [2021-07-12 13:51:59,193] {dag.py:1833} INFO - Sync 1 DAGs
[2021-07-12 13:51:59,201] {logging_mixin.py:104} INFO - [2021-07-12 13:51:59,201] {dag.py:2306} INFO - Setting next_dagrun for example_skip_dag to 2021-07-10 00:00:00+00:00
[2021-07-12 13:51:59,213] {scheduler_job.py:190} INFO - Processing /Users/pierre-olivierboisvert/Desktop/GIT/Spotify-ETL/env/lib/python3.8/site-packages/airflow/example_dags/example_skip_dag.py took 0.067 seconds
[2021-07-12 13:53:30,172] {scheduler_job.py:182} INFO - Started process (PID=66673) to work on /Users/pierre-olivierboisvert/Desktop/GIT/Spotify-ETL/env/lib/python3.8/site-packages/airflow/example_dags/example_skip_dag.py
[2021-07-12 13:53:30,173] {scheduler_job.py:633} INFO - Processing file /Users/pierre-olivierboisvert/Desktop/GIT/Spotify-ETL/env/lib/python3.8/site-packages/airflow/example_dags/example_skip_dag.py for tasks to queue
[2021-07-12 13:53:30,173] {logging_mixin.py:104} INFO - [2021-07-12 13:53:30,173] {dagbag.py:496} INFO - Filling up the DagBag from /Users/pierre-olivierboisvert/Desktop/GIT/Spotify-ETL/env/lib/python3.8/site-packages/airflow/example_dags/example_skip_dag.py
[2021-07-12 13:53:30,184] {scheduler_job.py:643} INFO - DAG(s) dict_keys(['example_skip_dag']) retrieved from /Users/pierre-olivierboisvert/Desktop/GIT/Spotify-ETL/env/lib/python3.8/site-packages/airflow/example_dags/example_skip_dag.py
[2021-07-12 13:53:30,229] {logging_mixin.py:104} INFO - [2021-07-12 13:53:30,229] {dag.py:1833} INFO - Sync 1 DAGs
[2021-07-12 13:53:30,248] {logging_mixin.py:104} INFO - [2021-07-12 13:53:30,248] {dag.py:2306} INFO - Setting next_dagrun for example_skip_dag to 2021-07-10 00:00:00+00:00
[2021-07-12 13:53:30,291] {scheduler_job.py:190} INFO - Processing /Users/pierre-olivierboisvert/Desktop/GIT/Spotify-ETL/env/lib/python3.8/site-packages/airflow/example_dags/example_skip_dag.py took 0.120 seconds
