[2021-07-12 13:40:02,008] {scheduler_job.py:182} INFO - Started process (PID=65748) to work on /Users/pierre-olivierboisvert/Desktop/GIT/Spotify-ETL/env/lib/python3.8/site-packages/airflow/example_dags/example_branch_python_dop_operator_3.py
[2021-07-12 13:40:02,009] {scheduler_job.py:633} INFO - Processing file /Users/pierre-olivierboisvert/Desktop/GIT/Spotify-ETL/env/lib/python3.8/site-packages/airflow/example_dags/example_branch_python_dop_operator_3.py for tasks to queue
[2021-07-12 13:40:02,009] {logging_mixin.py:104} INFO - [2021-07-12 13:40:02,009] {dagbag.py:496} INFO - Filling up the DagBag from /Users/pierre-olivierboisvert/Desktop/GIT/Spotify-ETL/env/lib/python3.8/site-packages/airflow/example_dags/example_branch_python_dop_operator_3.py
[2021-07-12 13:40:02,020] {scheduler_job.py:643} INFO - DAG(s) dict_keys(['example_branch_dop_operator_v3']) retrieved from /Users/pierre-olivierboisvert/Desktop/GIT/Spotify-ETL/env/lib/python3.8/site-packages/airflow/example_dags/example_branch_python_dop_operator_3.py
[2021-07-12 13:40:02,065] {logging_mixin.py:104} INFO - [2021-07-12 13:40:02,064] {dag.py:1833} INFO - Sync 1 DAGs
[2021-07-12 13:40:02,089] {logging_mixin.py:104} INFO - [2021-07-12 13:40:02,089] {dag.py:2306} INFO - Setting next_dagrun for example_branch_dop_operator_v3 to 2021-07-10 00:00:00+00:00
[2021-07-12 13:40:02,101] {scheduler_job.py:190} INFO - Processing /Users/pierre-olivierboisvert/Desktop/GIT/Spotify-ETL/env/lib/python3.8/site-packages/airflow/example_dags/example_branch_python_dop_operator_3.py took 0.093 seconds
[2021-07-12 13:41:42,465] {scheduler_job.py:182} INFO - Started process (PID=65941) to work on /Users/pierre-olivierboisvert/Desktop/GIT/Spotify-ETL/env/lib/python3.8/site-packages/airflow/example_dags/example_branch_python_dop_operator_3.py
[2021-07-12 13:41:42,466] {scheduler_job.py:633} INFO - Processing file /Users/pierre-olivierboisvert/Desktop/GIT/Spotify-ETL/env/lib/python3.8/site-packages/airflow/example_dags/example_branch_python_dop_operator_3.py for tasks to queue
[2021-07-12 13:41:42,466] {logging_mixin.py:104} INFO - [2021-07-12 13:41:42,466] {dagbag.py:496} INFO - Filling up the DagBag from /Users/pierre-olivierboisvert/Desktop/GIT/Spotify-ETL/env/lib/python3.8/site-packages/airflow/example_dags/example_branch_python_dop_operator_3.py
[2021-07-12 13:41:42,476] {scheduler_job.py:643} INFO - DAG(s) dict_keys(['example_branch_dop_operator_v3']) retrieved from /Users/pierre-olivierboisvert/Desktop/GIT/Spotify-ETL/env/lib/python3.8/site-packages/airflow/example_dags/example_branch_python_dop_operator_3.py
[2021-07-12 13:41:42,514] {logging_mixin.py:104} INFO - [2021-07-12 13:41:42,514] {dag.py:1833} INFO - Sync 1 DAGs
[2021-07-12 13:41:42,536] {logging_mixin.py:104} INFO - [2021-07-12 13:41:42,536] {dag.py:2306} INFO - Setting next_dagrun for example_branch_dop_operator_v3 to 2021-07-10 00:00:00+00:00
[2021-07-12 13:41:42,549] {scheduler_job.py:190} INFO - Processing /Users/pierre-olivierboisvert/Desktop/GIT/Spotify-ETL/env/lib/python3.8/site-packages/airflow/example_dags/example_branch_python_dop_operator_3.py took 0.084 seconds
[2021-07-12 13:42:51,576] {scheduler_job.py:182} INFO - Started process (PID=66007) to work on /Users/pierre-olivierboisvert/Desktop/GIT/Spotify-ETL/env/lib/python3.8/site-packages/airflow/example_dags/example_branch_python_dop_operator_3.py
[2021-07-12 13:42:51,577] {scheduler_job.py:633} INFO - Processing file /Users/pierre-olivierboisvert/Desktop/GIT/Spotify-ETL/env/lib/python3.8/site-packages/airflow/example_dags/example_branch_python_dop_operator_3.py for tasks to queue
[2021-07-12 13:42:51,577] {logging_mixin.py:104} INFO - [2021-07-12 13:42:51,577] {dagbag.py:496} INFO - Filling up the DagBag from /Users/pierre-olivierboisvert/Desktop/GIT/Spotify-ETL/env/lib/python3.8/site-packages/airflow/example_dags/example_branch_python_dop_operator_3.py
[2021-07-12 13:42:51,588] {scheduler_job.py:643} INFO - DAG(s) dict_keys(['example_branch_dop_operator_v3']) retrieved from /Users/pierre-olivierboisvert/Desktop/GIT/Spotify-ETL/env/lib/python3.8/site-packages/airflow/example_dags/example_branch_python_dop_operator_3.py
[2021-07-12 13:42:51,623] {logging_mixin.py:104} INFO - [2021-07-12 13:42:51,623] {dag.py:1833} INFO - Sync 1 DAGs
[2021-07-12 13:42:51,652] {logging_mixin.py:104} INFO - [2021-07-12 13:42:51,652] {dag.py:2306} INFO - Setting next_dagrun for example_branch_dop_operator_v3 to 2021-07-10 00:00:00+00:00
[2021-07-12 13:42:51,663] {scheduler_job.py:190} INFO - Processing /Users/pierre-olivierboisvert/Desktop/GIT/Spotify-ETL/env/lib/python3.8/site-packages/airflow/example_dags/example_branch_python_dop_operator_3.py took 0.087 seconds
[2021-07-12 13:43:58,964] {scheduler_job.py:182} INFO - Started process (PID=66071) to work on /Users/pierre-olivierboisvert/Desktop/GIT/Spotify-ETL/env/lib/python3.8/site-packages/airflow/example_dags/example_branch_python_dop_operator_3.py
[2021-07-12 13:43:58,965] {scheduler_job.py:633} INFO - Processing file /Users/pierre-olivierboisvert/Desktop/GIT/Spotify-ETL/env/lib/python3.8/site-packages/airflow/example_dags/example_branch_python_dop_operator_3.py for tasks to queue
[2021-07-12 13:43:58,965] {logging_mixin.py:104} INFO - [2021-07-12 13:43:58,965] {dagbag.py:496} INFO - Filling up the DagBag from /Users/pierre-olivierboisvert/Desktop/GIT/Spotify-ETL/env/lib/python3.8/site-packages/airflow/example_dags/example_branch_python_dop_operator_3.py
[2021-07-12 13:43:58,976] {scheduler_job.py:643} INFO - DAG(s) dict_keys(['example_branch_dop_operator_v3']) retrieved from /Users/pierre-olivierboisvert/Desktop/GIT/Spotify-ETL/env/lib/python3.8/site-packages/airflow/example_dags/example_branch_python_dop_operator_3.py
[2021-07-12 13:43:59,011] {logging_mixin.py:104} INFO - [2021-07-12 13:43:59,011] {dag.py:1833} INFO - Sync 1 DAGs
[2021-07-12 13:43:59,036] {logging_mixin.py:104} INFO - [2021-07-12 13:43:59,035] {dag.py:2306} INFO - Setting next_dagrun for example_branch_dop_operator_v3 to 2021-07-10 00:00:00+00:00
[2021-07-12 13:43:59,049] {scheduler_job.py:190} INFO - Processing /Users/pierre-olivierboisvert/Desktop/GIT/Spotify-ETL/env/lib/python3.8/site-packages/airflow/example_dags/example_branch_python_dop_operator_3.py took 0.086 seconds
[2021-07-12 13:45:08,062] {scheduler_job.py:182} INFO - Started process (PID=66141) to work on /Users/pierre-olivierboisvert/Desktop/GIT/Spotify-ETL/env/lib/python3.8/site-packages/airflow/example_dags/example_branch_python_dop_operator_3.py
[2021-07-12 13:45:08,063] {scheduler_job.py:633} INFO - Processing file /Users/pierre-olivierboisvert/Desktop/GIT/Spotify-ETL/env/lib/python3.8/site-packages/airflow/example_dags/example_branch_python_dop_operator_3.py for tasks to queue
[2021-07-12 13:45:08,063] {logging_mixin.py:104} INFO - [2021-07-12 13:45:08,063] {dagbag.py:496} INFO - Filling up the DagBag from /Users/pierre-olivierboisvert/Desktop/GIT/Spotify-ETL/env/lib/python3.8/site-packages/airflow/example_dags/example_branch_python_dop_operator_3.py
[2021-07-12 13:45:08,073] {scheduler_job.py:643} INFO - DAG(s) dict_keys(['example_branch_dop_operator_v3']) retrieved from /Users/pierre-olivierboisvert/Desktop/GIT/Spotify-ETL/env/lib/python3.8/site-packages/airflow/example_dags/example_branch_python_dop_operator_3.py
[2021-07-12 13:45:08,110] {logging_mixin.py:104} INFO - [2021-07-12 13:45:08,110] {dag.py:1833} INFO - Sync 1 DAGs
[2021-07-12 13:45:08,130] {logging_mixin.py:104} INFO - [2021-07-12 13:45:08,130] {dag.py:2306} INFO - Setting next_dagrun for example_branch_dop_operator_v3 to 2021-07-10 00:00:00+00:00
[2021-07-12 13:45:08,145] {scheduler_job.py:190} INFO - Processing /Users/pierre-olivierboisvert/Desktop/GIT/Spotify-ETL/env/lib/python3.8/site-packages/airflow/example_dags/example_branch_python_dop_operator_3.py took 0.084 seconds
[2021-07-12 13:46:14,980] {scheduler_job.py:182} INFO - Started process (PID=66206) to work on /Users/pierre-olivierboisvert/Desktop/GIT/Spotify-ETL/env/lib/python3.8/site-packages/airflow/example_dags/example_branch_python_dop_operator_3.py
[2021-07-12 13:46:14,981] {scheduler_job.py:633} INFO - Processing file /Users/pierre-olivierboisvert/Desktop/GIT/Spotify-ETL/env/lib/python3.8/site-packages/airflow/example_dags/example_branch_python_dop_operator_3.py for tasks to queue
[2021-07-12 13:46:14,981] {logging_mixin.py:104} INFO - [2021-07-12 13:46:14,981] {dagbag.py:496} INFO - Filling up the DagBag from /Users/pierre-olivierboisvert/Desktop/GIT/Spotify-ETL/env/lib/python3.8/site-packages/airflow/example_dags/example_branch_python_dop_operator_3.py
[2021-07-12 13:46:14,991] {scheduler_job.py:643} INFO - DAG(s) dict_keys(['example_branch_dop_operator_v3']) retrieved from /Users/pierre-olivierboisvert/Desktop/GIT/Spotify-ETL/env/lib/python3.8/site-packages/airflow/example_dags/example_branch_python_dop_operator_3.py
[2021-07-12 13:46:15,032] {logging_mixin.py:104} INFO - [2021-07-12 13:46:15,032] {dag.py:1833} INFO - Sync 1 DAGs
[2021-07-12 13:46:15,051] {logging_mixin.py:104} INFO - [2021-07-12 13:46:15,051] {dag.py:2306} INFO - Setting next_dagrun for example_branch_dop_operator_v3 to 2021-07-10 00:00:00+00:00
[2021-07-12 13:46:15,066] {scheduler_job.py:190} INFO - Processing /Users/pierre-olivierboisvert/Desktop/GIT/Spotify-ETL/env/lib/python3.8/site-packages/airflow/example_dags/example_branch_python_dop_operator_3.py took 0.086 seconds
[2021-07-12 13:47:24,815] {scheduler_job.py:182} INFO - Started process (PID=66276) to work on /Users/pierre-olivierboisvert/Desktop/GIT/Spotify-ETL/env/lib/python3.8/site-packages/airflow/example_dags/example_branch_python_dop_operator_3.py
[2021-07-12 13:47:24,815] {scheduler_job.py:633} INFO - Processing file /Users/pierre-olivierboisvert/Desktop/GIT/Spotify-ETL/env/lib/python3.8/site-packages/airflow/example_dags/example_branch_python_dop_operator_3.py for tasks to queue
[2021-07-12 13:47:24,816] {logging_mixin.py:104} INFO - [2021-07-12 13:47:24,816] {dagbag.py:496} INFO - Filling up the DagBag from /Users/pierre-olivierboisvert/Desktop/GIT/Spotify-ETL/env/lib/python3.8/site-packages/airflow/example_dags/example_branch_python_dop_operator_3.py
[2021-07-12 13:47:24,825] {scheduler_job.py:643} INFO - DAG(s) dict_keys(['example_branch_dop_operator_v3']) retrieved from /Users/pierre-olivierboisvert/Desktop/GIT/Spotify-ETL/env/lib/python3.8/site-packages/airflow/example_dags/example_branch_python_dop_operator_3.py
[2021-07-12 13:47:24,863] {logging_mixin.py:104} INFO - [2021-07-12 13:47:24,863] {dag.py:1833} INFO - Sync 1 DAGs
[2021-07-12 13:47:24,882] {logging_mixin.py:104} INFO - [2021-07-12 13:47:24,882] {dag.py:2306} INFO - Setting next_dagrun for example_branch_dop_operator_v3 to 2021-07-10 00:00:00+00:00
[2021-07-12 13:47:24,894] {scheduler_job.py:190} INFO - Processing /Users/pierre-olivierboisvert/Desktop/GIT/Spotify-ETL/env/lib/python3.8/site-packages/airflow/example_dags/example_branch_python_dop_operator_3.py took 0.079 seconds
[2021-07-12 13:48:36,750] {scheduler_job.py:182} INFO - Started process (PID=66351) to work on /Users/pierre-olivierboisvert/Desktop/GIT/Spotify-ETL/env/lib/python3.8/site-packages/airflow/example_dags/example_branch_python_dop_operator_3.py
[2021-07-12 13:48:36,751] {scheduler_job.py:633} INFO - Processing file /Users/pierre-olivierboisvert/Desktop/GIT/Spotify-ETL/env/lib/python3.8/site-packages/airflow/example_dags/example_branch_python_dop_operator_3.py for tasks to queue
[2021-07-12 13:48:36,751] {logging_mixin.py:104} INFO - [2021-07-12 13:48:36,751] {dagbag.py:496} INFO - Filling up the DagBag from /Users/pierre-olivierboisvert/Desktop/GIT/Spotify-ETL/env/lib/python3.8/site-packages/airflow/example_dags/example_branch_python_dop_operator_3.py
[2021-07-12 13:48:36,762] {scheduler_job.py:643} INFO - DAG(s) dict_keys(['example_branch_dop_operator_v3']) retrieved from /Users/pierre-olivierboisvert/Desktop/GIT/Spotify-ETL/env/lib/python3.8/site-packages/airflow/example_dags/example_branch_python_dop_operator_3.py
[2021-07-12 13:48:36,799] {logging_mixin.py:104} INFO - [2021-07-12 13:48:36,799] {dag.py:1833} INFO - Sync 1 DAGs
[2021-07-12 13:48:36,821] {logging_mixin.py:104} INFO - [2021-07-12 13:48:36,821] {dag.py:2306} INFO - Setting next_dagrun for example_branch_dop_operator_v3 to 2021-07-10 00:00:00+00:00
[2021-07-12 13:48:36,834] {scheduler_job.py:190} INFO - Processing /Users/pierre-olivierboisvert/Desktop/GIT/Spotify-ETL/env/lib/python3.8/site-packages/airflow/example_dags/example_branch_python_dop_operator_3.py took 0.085 seconds
[2021-07-12 13:50:09,788] {scheduler_job.py:182} INFO - Started process (PID=66454) to work on /Users/pierre-olivierboisvert/Desktop/GIT/Spotify-ETL/env/lib/python3.8/site-packages/airflow/example_dags/example_branch_python_dop_operator_3.py
[2021-07-12 13:50:09,789] {scheduler_job.py:633} INFO - Processing file /Users/pierre-olivierboisvert/Desktop/GIT/Spotify-ETL/env/lib/python3.8/site-packages/airflow/example_dags/example_branch_python_dop_operator_3.py for tasks to queue
[2021-07-12 13:50:09,790] {logging_mixin.py:104} INFO - [2021-07-12 13:50:09,790] {dagbag.py:496} INFO - Filling up the DagBag from /Users/pierre-olivierboisvert/Desktop/GIT/Spotify-ETL/env/lib/python3.8/site-packages/airflow/example_dags/example_branch_python_dop_operator_3.py
[2021-07-12 13:50:09,802] {scheduler_job.py:643} INFO - DAG(s) dict_keys(['example_branch_dop_operator_v3']) retrieved from /Users/pierre-olivierboisvert/Desktop/GIT/Spotify-ETL/env/lib/python3.8/site-packages/airflow/example_dags/example_branch_python_dop_operator_3.py
[2021-07-12 13:50:09,840] {logging_mixin.py:104} INFO - [2021-07-12 13:50:09,840] {dag.py:1833} INFO - Sync 1 DAGs
[2021-07-12 13:50:09,863] {logging_mixin.py:104} INFO - [2021-07-12 13:50:09,863] {dag.py:2306} INFO - Setting next_dagrun for example_branch_dop_operator_v3 to 2021-07-10 00:00:00+00:00
[2021-07-12 13:50:09,873] {scheduler_job.py:190} INFO - Processing /Users/pierre-olivierboisvert/Desktop/GIT/Spotify-ETL/env/lib/python3.8/site-packages/airflow/example_dags/example_branch_python_dop_operator_3.py took 0.086 seconds
[2021-07-12 13:51:21,679] {scheduler_job.py:182} INFO - Started process (PID=66524) to work on /Users/pierre-olivierboisvert/Desktop/GIT/Spotify-ETL/env/lib/python3.8/site-packages/airflow/example_dags/example_branch_python_dop_operator_3.py
[2021-07-12 13:51:21,679] {scheduler_job.py:633} INFO - Processing file /Users/pierre-olivierboisvert/Desktop/GIT/Spotify-ETL/env/lib/python3.8/site-packages/airflow/example_dags/example_branch_python_dop_operator_3.py for tasks to queue
[2021-07-12 13:51:21,680] {logging_mixin.py:104} INFO - [2021-07-12 13:51:21,680] {dagbag.py:496} INFO - Filling up the DagBag from /Users/pierre-olivierboisvert/Desktop/GIT/Spotify-ETL/env/lib/python3.8/site-packages/airflow/example_dags/example_branch_python_dop_operator_3.py
[2021-07-12 13:51:21,692] {scheduler_job.py:643} INFO - DAG(s) dict_keys(['example_branch_dop_operator_v3']) retrieved from /Users/pierre-olivierboisvert/Desktop/GIT/Spotify-ETL/env/lib/python3.8/site-packages/airflow/example_dags/example_branch_python_dop_operator_3.py
[2021-07-12 13:51:21,728] {logging_mixin.py:104} INFO - [2021-07-12 13:51:21,728] {dag.py:1833} INFO - Sync 1 DAGs
[2021-07-12 13:51:21,749] {logging_mixin.py:104} INFO - [2021-07-12 13:51:21,749] {dag.py:2306} INFO - Setting next_dagrun for example_branch_dop_operator_v3 to 2021-07-10 00:00:00+00:00
[2021-07-12 13:51:21,761] {scheduler_job.py:190} INFO - Processing /Users/pierre-olivierboisvert/Desktop/GIT/Spotify-ETL/env/lib/python3.8/site-packages/airflow/example_dags/example_branch_python_dop_operator_3.py took 0.083 seconds
[2021-07-12 13:52:47,321] {scheduler_job.py:182} INFO - Started process (PID=66635) to work on /Users/pierre-olivierboisvert/Desktop/GIT/Spotify-ETL/env/lib/python3.8/site-packages/airflow/example_dags/example_branch_python_dop_operator_3.py
[2021-07-12 13:52:47,322] {scheduler_job.py:633} INFO - Processing file /Users/pierre-olivierboisvert/Desktop/GIT/Spotify-ETL/env/lib/python3.8/site-packages/airflow/example_dags/example_branch_python_dop_operator_3.py for tasks to queue
[2021-07-12 13:52:47,322] {logging_mixin.py:104} INFO - [2021-07-12 13:52:47,322] {dagbag.py:496} INFO - Filling up the DagBag from /Users/pierre-olivierboisvert/Desktop/GIT/Spotify-ETL/env/lib/python3.8/site-packages/airflow/example_dags/example_branch_python_dop_operator_3.py
[2021-07-12 13:52:47,335] {scheduler_job.py:643} INFO - DAG(s) dict_keys(['example_branch_dop_operator_v3']) retrieved from /Users/pierre-olivierboisvert/Desktop/GIT/Spotify-ETL/env/lib/python3.8/site-packages/airflow/example_dags/example_branch_python_dop_operator_3.py
[2021-07-12 13:52:47,379] {logging_mixin.py:104} INFO - [2021-07-12 13:52:47,379] {dag.py:1833} INFO - Sync 1 DAGs
[2021-07-12 13:52:47,410] {logging_mixin.py:104} INFO - [2021-07-12 13:52:47,410] {dag.py:2306} INFO - Setting next_dagrun for example_branch_dop_operator_v3 to 2021-07-10 00:00:00+00:00
[2021-07-12 13:52:47,422] {scheduler_job.py:190} INFO - Processing /Users/pierre-olivierboisvert/Desktop/GIT/Spotify-ETL/env/lib/python3.8/site-packages/airflow/example_dags/example_branch_python_dop_operator_3.py took 0.102 seconds
[2021-07-12 13:54:17,218] {scheduler_job.py:182} INFO - Started process (PID=66913) to work on /Users/pierre-olivierboisvert/Desktop/GIT/Spotify-ETL/env/lib/python3.8/site-packages/airflow/example_dags/example_branch_python_dop_operator_3.py
[2021-07-12 13:54:17,220] {scheduler_job.py:633} INFO - Processing file /Users/pierre-olivierboisvert/Desktop/GIT/Spotify-ETL/env/lib/python3.8/site-packages/airflow/example_dags/example_branch_python_dop_operator_3.py for tasks to queue
[2021-07-12 13:54:17,220] {logging_mixin.py:104} INFO - [2021-07-12 13:54:17,220] {dagbag.py:496} INFO - Filling up the DagBag from /Users/pierre-olivierboisvert/Desktop/GIT/Spotify-ETL/env/lib/python3.8/site-packages/airflow/example_dags/example_branch_python_dop_operator_3.py
[2021-07-12 13:54:17,243] {scheduler_job.py:643} INFO - DAG(s) dict_keys(['example_branch_dop_operator_v3']) retrieved from /Users/pierre-olivierboisvert/Desktop/GIT/Spotify-ETL/env/lib/python3.8/site-packages/airflow/example_dags/example_branch_python_dop_operator_3.py
[2021-07-12 13:54:17,326] {logging_mixin.py:104} INFO - [2021-07-12 13:54:17,325] {dag.py:1833} INFO - Sync 1 DAGs
[2021-07-12 13:54:17,349] {logging_mixin.py:104} INFO - [2021-07-12 13:54:17,349] {dag.py:2306} INFO - Setting next_dagrun for example_branch_dop_operator_v3 to 2021-07-10 00:00:00+00:00
[2021-07-12 13:54:17,362] {scheduler_job.py:190} INFO - Processing /Users/pierre-olivierboisvert/Desktop/GIT/Spotify-ETL/env/lib/python3.8/site-packages/airflow/example_dags/example_branch_python_dop_operator_3.py took 0.146 seconds
[2021-07-12 13:55:31,622] {scheduler_job.py:182} INFO - Started process (PID=66985) to work on /Users/pierre-olivierboisvert/Desktop/GIT/Spotify-ETL/env/lib/python3.8/site-packages/airflow/example_dags/example_branch_python_dop_operator_3.py
[2021-07-12 13:55:31,622] {scheduler_job.py:633} INFO - Processing file /Users/pierre-olivierboisvert/Desktop/GIT/Spotify-ETL/env/lib/python3.8/site-packages/airflow/example_dags/example_branch_python_dop_operator_3.py for tasks to queue
[2021-07-12 13:55:31,623] {logging_mixin.py:104} INFO - [2021-07-12 13:55:31,623] {dagbag.py:496} INFO - Filling up the DagBag from /Users/pierre-olivierboisvert/Desktop/GIT/Spotify-ETL/env/lib/python3.8/site-packages/airflow/example_dags/example_branch_python_dop_operator_3.py
[2021-07-12 13:55:31,633] {scheduler_job.py:643} INFO - DAG(s) dict_keys(['example_branch_dop_operator_v3']) retrieved from /Users/pierre-olivierboisvert/Desktop/GIT/Spotify-ETL/env/lib/python3.8/site-packages/airflow/example_dags/example_branch_python_dop_operator_3.py
[2021-07-12 13:55:31,674] {logging_mixin.py:104} INFO - [2021-07-12 13:55:31,674] {dag.py:1833} INFO - Sync 1 DAGs
[2021-07-12 13:55:31,693] {logging_mixin.py:104} INFO - [2021-07-12 13:55:31,693] {dag.py:2306} INFO - Setting next_dagrun for example_branch_dop_operator_v3 to 2021-07-10 00:00:00+00:00
[2021-07-12 13:55:31,707] {scheduler_job.py:190} INFO - Processing /Users/pierre-olivierboisvert/Desktop/GIT/Spotify-ETL/env/lib/python3.8/site-packages/airflow/example_dags/example_branch_python_dop_operator_3.py took 0.086 seconds
[2021-07-12 13:56:44,225] {scheduler_job.py:182} INFO - Started process (PID=67055) to work on /Users/pierre-olivierboisvert/Desktop/GIT/Spotify-ETL/env/lib/python3.8/site-packages/airflow/example_dags/example_branch_python_dop_operator_3.py
[2021-07-12 13:56:44,226] {scheduler_job.py:633} INFO - Processing file /Users/pierre-olivierboisvert/Desktop/GIT/Spotify-ETL/env/lib/python3.8/site-packages/airflow/example_dags/example_branch_python_dop_operator_3.py for tasks to queue
[2021-07-12 13:56:44,226] {logging_mixin.py:104} INFO - [2021-07-12 13:56:44,226] {dagbag.py:496} INFO - Filling up the DagBag from /Users/pierre-olivierboisvert/Desktop/GIT/Spotify-ETL/env/lib/python3.8/site-packages/airflow/example_dags/example_branch_python_dop_operator_3.py
[2021-07-12 13:56:44,239] {scheduler_job.py:643} INFO - DAG(s) dict_keys(['example_branch_dop_operator_v3']) retrieved from /Users/pierre-olivierboisvert/Desktop/GIT/Spotify-ETL/env/lib/python3.8/site-packages/airflow/example_dags/example_branch_python_dop_operator_3.py
[2021-07-12 13:56:44,283] {logging_mixin.py:104} INFO - [2021-07-12 13:56:44,282] {dag.py:1833} INFO - Sync 1 DAGs
[2021-07-12 13:56:44,304] {logging_mixin.py:104} INFO - [2021-07-12 13:56:44,304] {dag.py:2306} INFO - Setting next_dagrun for example_branch_dop_operator_v3 to 2021-07-10 00:00:00+00:00
[2021-07-12 13:56:44,317] {scheduler_job.py:190} INFO - Processing /Users/pierre-olivierboisvert/Desktop/GIT/Spotify-ETL/env/lib/python3.8/site-packages/airflow/example_dags/example_branch_python_dop_operator_3.py took 0.092 seconds
[2021-07-12 13:58:02,576] {scheduler_job.py:182} INFO - Started process (PID=67130) to work on /Users/pierre-olivierboisvert/Desktop/GIT/Spotify-ETL/env/lib/python3.8/site-packages/airflow/example_dags/example_branch_python_dop_operator_3.py
[2021-07-12 13:58:02,577] {scheduler_job.py:633} INFO - Processing file /Users/pierre-olivierboisvert/Desktop/GIT/Spotify-ETL/env/lib/python3.8/site-packages/airflow/example_dags/example_branch_python_dop_operator_3.py for tasks to queue
[2021-07-12 13:58:02,578] {logging_mixin.py:104} INFO - [2021-07-12 13:58:02,577] {dagbag.py:496} INFO - Filling up the DagBag from /Users/pierre-olivierboisvert/Desktop/GIT/Spotify-ETL/env/lib/python3.8/site-packages/airflow/example_dags/example_branch_python_dop_operator_3.py
[2021-07-12 13:58:02,590] {scheduler_job.py:643} INFO - DAG(s) dict_keys(['example_branch_dop_operator_v3']) retrieved from /Users/pierre-olivierboisvert/Desktop/GIT/Spotify-ETL/env/lib/python3.8/site-packages/airflow/example_dags/example_branch_python_dop_operator_3.py
[2021-07-12 13:58:02,628] {logging_mixin.py:104} INFO - [2021-07-12 13:58:02,628] {dag.py:1833} INFO - Sync 1 DAGs
[2021-07-12 13:58:02,649] {logging_mixin.py:104} INFO - [2021-07-12 13:58:02,649] {dag.py:2306} INFO - Setting next_dagrun for example_branch_dop_operator_v3 to 2021-07-10 00:00:00+00:00
[2021-07-12 13:58:02,662] {scheduler_job.py:190} INFO - Processing /Users/pierre-olivierboisvert/Desktop/GIT/Spotify-ETL/env/lib/python3.8/site-packages/airflow/example_dags/example_branch_python_dop_operator_3.py took 0.087 seconds
[2021-07-12 13:59:35,298] {scheduler_job.py:182} INFO - Started process (PID=67215) to work on /Users/pierre-olivierboisvert/Desktop/GIT/Spotify-ETL/env/lib/python3.8/site-packages/airflow/example_dags/example_branch_python_dop_operator_3.py
[2021-07-12 13:59:35,298] {scheduler_job.py:633} INFO - Processing file /Users/pierre-olivierboisvert/Desktop/GIT/Spotify-ETL/env/lib/python3.8/site-packages/airflow/example_dags/example_branch_python_dop_operator_3.py for tasks to queue
[2021-07-12 13:59:35,299] {logging_mixin.py:104} INFO - [2021-07-12 13:59:35,299] {dagbag.py:496} INFO - Filling up the DagBag from /Users/pierre-olivierboisvert/Desktop/GIT/Spotify-ETL/env/lib/python3.8/site-packages/airflow/example_dags/example_branch_python_dop_operator_3.py
[2021-07-12 13:59:35,308] {scheduler_job.py:643} INFO - DAG(s) dict_keys(['example_branch_dop_operator_v3']) retrieved from /Users/pierre-olivierboisvert/Desktop/GIT/Spotify-ETL/env/lib/python3.8/site-packages/airflow/example_dags/example_branch_python_dop_operator_3.py
[2021-07-12 13:59:35,346] {logging_mixin.py:104} INFO - [2021-07-12 13:59:35,346] {dag.py:1833} INFO - Sync 1 DAGs
[2021-07-12 13:59:35,369] {logging_mixin.py:104} INFO - [2021-07-12 13:59:35,369] {dag.py:2306} INFO - Setting next_dagrun for example_branch_dop_operator_v3 to 2021-07-10 00:00:00+00:00
[2021-07-12 13:59:35,381] {scheduler_job.py:190} INFO - Processing /Users/pierre-olivierboisvert/Desktop/GIT/Spotify-ETL/env/lib/python3.8/site-packages/airflow/example_dags/example_branch_python_dop_operator_3.py took 0.084 seconds
[2021-07-12 14:00:59,805] {scheduler_job.py:182} INFO - Started process (PID=67292) to work on /Users/pierre-olivierboisvert/Desktop/GIT/Spotify-ETL/env/lib/python3.8/site-packages/airflow/example_dags/example_branch_python_dop_operator_3.py
[2021-07-12 14:00:59,805] {scheduler_job.py:633} INFO - Processing file /Users/pierre-olivierboisvert/Desktop/GIT/Spotify-ETL/env/lib/python3.8/site-packages/airflow/example_dags/example_branch_python_dop_operator_3.py for tasks to queue
[2021-07-12 14:00:59,806] {logging_mixin.py:104} INFO - [2021-07-12 14:00:59,806] {dagbag.py:496} INFO - Filling up the DagBag from /Users/pierre-olivierboisvert/Desktop/GIT/Spotify-ETL/env/lib/python3.8/site-packages/airflow/example_dags/example_branch_python_dop_operator_3.py
[2021-07-12 14:00:59,816] {scheduler_job.py:643} INFO - DAG(s) dict_keys(['example_branch_dop_operator_v3']) retrieved from /Users/pierre-olivierboisvert/Desktop/GIT/Spotify-ETL/env/lib/python3.8/site-packages/airflow/example_dags/example_branch_python_dop_operator_3.py
[2021-07-12 14:00:59,856] {logging_mixin.py:104} INFO - [2021-07-12 14:00:59,855] {dag.py:1833} INFO - Sync 1 DAGs
[2021-07-12 14:00:59,876] {logging_mixin.py:104} INFO - [2021-07-12 14:00:59,876] {dag.py:2306} INFO - Setting next_dagrun for example_branch_dop_operator_v3 to 2021-07-10 00:00:00+00:00
[2021-07-12 14:00:59,890] {scheduler_job.py:190} INFO - Processing /Users/pierre-olivierboisvert/Desktop/GIT/Spotify-ETL/env/lib/python3.8/site-packages/airflow/example_dags/example_branch_python_dop_operator_3.py took 0.086 seconds
[2021-07-12 14:02:22,542] {scheduler_job.py:182} INFO - Started process (PID=67365) to work on /Users/pierre-olivierboisvert/Desktop/GIT/Spotify-ETL/env/lib/python3.8/site-packages/airflow/example_dags/example_branch_python_dop_operator_3.py
[2021-07-12 14:02:22,542] {scheduler_job.py:633} INFO - Processing file /Users/pierre-olivierboisvert/Desktop/GIT/Spotify-ETL/env/lib/python3.8/site-packages/airflow/example_dags/example_branch_python_dop_operator_3.py for tasks to queue
[2021-07-12 14:02:22,543] {logging_mixin.py:104} INFO - [2021-07-12 14:02:22,543] {dagbag.py:496} INFO - Filling up the DagBag from /Users/pierre-olivierboisvert/Desktop/GIT/Spotify-ETL/env/lib/python3.8/site-packages/airflow/example_dags/example_branch_python_dop_operator_3.py
[2021-07-12 14:02:22,555] {scheduler_job.py:643} INFO - DAG(s) dict_keys(['example_branch_dop_operator_v3']) retrieved from /Users/pierre-olivierboisvert/Desktop/GIT/Spotify-ETL/env/lib/python3.8/site-packages/airflow/example_dags/example_branch_python_dop_operator_3.py
[2021-07-12 14:02:22,593] {logging_mixin.py:104} INFO - [2021-07-12 14:02:22,593] {dag.py:1833} INFO - Sync 1 DAGs
[2021-07-12 14:02:22,616] {logging_mixin.py:104} INFO - [2021-07-12 14:02:22,616] {dag.py:2306} INFO - Setting next_dagrun for example_branch_dop_operator_v3 to 2021-07-10 00:00:00+00:00
[2021-07-12 14:02:22,630] {scheduler_job.py:190} INFO - Processing /Users/pierre-olivierboisvert/Desktop/GIT/Spotify-ETL/env/lib/python3.8/site-packages/airflow/example_dags/example_branch_python_dop_operator_3.py took 0.089 seconds
[2021-07-12 14:03:45,887] {scheduler_job.py:182} INFO - Started process (PID=67437) to work on /Users/pierre-olivierboisvert/Desktop/GIT/Spotify-ETL/env/lib/python3.8/site-packages/airflow/example_dags/example_branch_python_dop_operator_3.py
[2021-07-12 14:03:45,888] {scheduler_job.py:633} INFO - Processing file /Users/pierre-olivierboisvert/Desktop/GIT/Spotify-ETL/env/lib/python3.8/site-packages/airflow/example_dags/example_branch_python_dop_operator_3.py for tasks to queue
[2021-07-12 14:03:45,888] {logging_mixin.py:104} INFO - [2021-07-12 14:03:45,888] {dagbag.py:496} INFO - Filling up the DagBag from /Users/pierre-olivierboisvert/Desktop/GIT/Spotify-ETL/env/lib/python3.8/site-packages/airflow/example_dags/example_branch_python_dop_operator_3.py
[2021-07-12 14:03:45,898] {scheduler_job.py:643} INFO - DAG(s) dict_keys(['example_branch_dop_operator_v3']) retrieved from /Users/pierre-olivierboisvert/Desktop/GIT/Spotify-ETL/env/lib/python3.8/site-packages/airflow/example_dags/example_branch_python_dop_operator_3.py
[2021-07-12 14:03:45,937] {logging_mixin.py:104} INFO - [2021-07-12 14:03:45,937] {dag.py:1833} INFO - Sync 1 DAGs
[2021-07-12 14:03:45,956] {logging_mixin.py:104} INFO - [2021-07-12 14:03:45,956] {dag.py:2306} INFO - Setting next_dagrun for example_branch_dop_operator_v3 to 2021-07-10 00:00:00+00:00
[2021-07-12 14:03:45,969] {scheduler_job.py:190} INFO - Processing /Users/pierre-olivierboisvert/Desktop/GIT/Spotify-ETL/env/lib/python3.8/site-packages/airflow/example_dags/example_branch_python_dop_operator_3.py took 0.083 seconds
[2021-07-12 14:05:20,304] {scheduler_job.py:182} INFO - Started process (PID=67515) to work on /Users/pierre-olivierboisvert/Desktop/GIT/Spotify-ETL/env/lib/python3.8/site-packages/airflow/example_dags/example_branch_python_dop_operator_3.py
[2021-07-12 14:05:20,305] {scheduler_job.py:633} INFO - Processing file /Users/pierre-olivierboisvert/Desktop/GIT/Spotify-ETL/env/lib/python3.8/site-packages/airflow/example_dags/example_branch_python_dop_operator_3.py for tasks to queue
[2021-07-12 14:05:20,305] {logging_mixin.py:104} INFO - [2021-07-12 14:05:20,305] {dagbag.py:496} INFO - Filling up the DagBag from /Users/pierre-olivierboisvert/Desktop/GIT/Spotify-ETL/env/lib/python3.8/site-packages/airflow/example_dags/example_branch_python_dop_operator_3.py
[2021-07-12 14:05:20,317] {scheduler_job.py:643} INFO - DAG(s) dict_keys(['example_branch_dop_operator_v3']) retrieved from /Users/pierre-olivierboisvert/Desktop/GIT/Spotify-ETL/env/lib/python3.8/site-packages/airflow/example_dags/example_branch_python_dop_operator_3.py
[2021-07-12 14:05:20,361] {logging_mixin.py:104} INFO - [2021-07-12 14:05:20,361] {dag.py:1833} INFO - Sync 1 DAGs
[2021-07-12 14:05:20,385] {logging_mixin.py:104} INFO - [2021-07-12 14:05:20,385] {dag.py:2306} INFO - Setting next_dagrun for example_branch_dop_operator_v3 to 2021-07-10 00:00:00+00:00
[2021-07-12 14:05:20,396] {scheduler_job.py:190} INFO - Processing /Users/pierre-olivierboisvert/Desktop/GIT/Spotify-ETL/env/lib/python3.8/site-packages/airflow/example_dags/example_branch_python_dop_operator_3.py took 0.092 seconds
[2021-07-12 14:07:01,648] {scheduler_job.py:182} INFO - Started process (PID=67605) to work on /Users/pierre-olivierboisvert/Desktop/GIT/Spotify-ETL/env/lib/python3.8/site-packages/airflow/example_dags/example_branch_python_dop_operator_3.py
[2021-07-12 14:07:01,648] {scheduler_job.py:633} INFO - Processing file /Users/pierre-olivierboisvert/Desktop/GIT/Spotify-ETL/env/lib/python3.8/site-packages/airflow/example_dags/example_branch_python_dop_operator_3.py for tasks to queue
[2021-07-12 14:07:01,648] {logging_mixin.py:104} INFO - [2021-07-12 14:07:01,648] {dagbag.py:496} INFO - Filling up the DagBag from /Users/pierre-olivierboisvert/Desktop/GIT/Spotify-ETL/env/lib/python3.8/site-packages/airflow/example_dags/example_branch_python_dop_operator_3.py
[2021-07-12 14:07:01,658] {scheduler_job.py:643} INFO - DAG(s) dict_keys(['example_branch_dop_operator_v3']) retrieved from /Users/pierre-olivierboisvert/Desktop/GIT/Spotify-ETL/env/lib/python3.8/site-packages/airflow/example_dags/example_branch_python_dop_operator_3.py
[2021-07-12 14:07:01,701] {logging_mixin.py:104} INFO - [2021-07-12 14:07:01,701] {dag.py:1833} INFO - Sync 1 DAGs
[2021-07-12 14:07:01,724] {logging_mixin.py:104} INFO - [2021-07-12 14:07:01,723] {dag.py:2306} INFO - Setting next_dagrun for example_branch_dop_operator_v3 to 2021-07-10 00:00:00+00:00
[2021-07-12 14:07:01,734] {scheduler_job.py:190} INFO - Processing /Users/pierre-olivierboisvert/Desktop/GIT/Spotify-ETL/env/lib/python3.8/site-packages/airflow/example_dags/example_branch_python_dop_operator_3.py took 0.088 seconds
[2021-07-12 14:08:29,288] {scheduler_job.py:182} INFO - Started process (PID=67681) to work on /Users/pierre-olivierboisvert/Desktop/GIT/Spotify-ETL/env/lib/python3.8/site-packages/airflow/example_dags/example_branch_python_dop_operator_3.py
[2021-07-12 14:08:29,288] {scheduler_job.py:633} INFO - Processing file /Users/pierre-olivierboisvert/Desktop/GIT/Spotify-ETL/env/lib/python3.8/site-packages/airflow/example_dags/example_branch_python_dop_operator_3.py for tasks to queue
[2021-07-12 14:08:29,289] {logging_mixin.py:104} INFO - [2021-07-12 14:08:29,289] {dagbag.py:496} INFO - Filling up the DagBag from /Users/pierre-olivierboisvert/Desktop/GIT/Spotify-ETL/env/lib/python3.8/site-packages/airflow/example_dags/example_branch_python_dop_operator_3.py
[2021-07-12 14:08:29,305] {scheduler_job.py:643} INFO - DAG(s) dict_keys(['example_branch_dop_operator_v3']) retrieved from /Users/pierre-olivierboisvert/Desktop/GIT/Spotify-ETL/env/lib/python3.8/site-packages/airflow/example_dags/example_branch_python_dop_operator_3.py
[2021-07-12 14:08:29,356] {logging_mixin.py:104} INFO - [2021-07-12 14:08:29,356] {dag.py:1833} INFO - Sync 1 DAGs
[2021-07-12 14:08:29,378] {logging_mixin.py:104} INFO - [2021-07-12 14:08:29,378] {dag.py:2306} INFO - Setting next_dagrun for example_branch_dop_operator_v3 to 2021-07-10 00:00:00+00:00
[2021-07-12 14:08:29,396] {scheduler_job.py:190} INFO - Processing /Users/pierre-olivierboisvert/Desktop/GIT/Spotify-ETL/env/lib/python3.8/site-packages/airflow/example_dags/example_branch_python_dop_operator_3.py took 0.111 seconds
[2021-07-12 14:10:04,799] {scheduler_job.py:182} INFO - Started process (PID=67778) to work on /Users/pierre-olivierboisvert/Desktop/GIT/Spotify-ETL/env/lib/python3.8/site-packages/airflow/example_dags/example_branch_python_dop_operator_3.py
[2021-07-12 14:10:04,800] {scheduler_job.py:633} INFO - Processing file /Users/pierre-olivierboisvert/Desktop/GIT/Spotify-ETL/env/lib/python3.8/site-packages/airflow/example_dags/example_branch_python_dop_operator_3.py for tasks to queue
[2021-07-12 14:10:04,800] {logging_mixin.py:104} INFO - [2021-07-12 14:10:04,800] {dagbag.py:496} INFO - Filling up the DagBag from /Users/pierre-olivierboisvert/Desktop/GIT/Spotify-ETL/env/lib/python3.8/site-packages/airflow/example_dags/example_branch_python_dop_operator_3.py
[2021-07-12 14:10:04,811] {scheduler_job.py:643} INFO - DAG(s) dict_keys(['example_branch_dop_operator_v3']) retrieved from /Users/pierre-olivierboisvert/Desktop/GIT/Spotify-ETL/env/lib/python3.8/site-packages/airflow/example_dags/example_branch_python_dop_operator_3.py
[2021-07-12 14:10:04,848] {logging_mixin.py:104} INFO - [2021-07-12 14:10:04,848] {dag.py:1833} INFO - Sync 1 DAGs
[2021-07-12 14:10:04,867] {logging_mixin.py:104} INFO - [2021-07-12 14:10:04,867] {dag.py:2306} INFO - Setting next_dagrun for example_branch_dop_operator_v3 to 2021-07-10 00:00:00+00:00
[2021-07-12 14:10:04,881] {scheduler_job.py:190} INFO - Processing /Users/pierre-olivierboisvert/Desktop/GIT/Spotify-ETL/env/lib/python3.8/site-packages/airflow/example_dags/example_branch_python_dop_operator_3.py took 0.083 seconds
[2021-07-12 14:11:26,761] {scheduler_job.py:182} INFO - Started process (PID=67853) to work on /Users/pierre-olivierboisvert/Desktop/GIT/Spotify-ETL/env/lib/python3.8/site-packages/airflow/example_dags/example_branch_python_dop_operator_3.py
[2021-07-12 14:11:26,762] {scheduler_job.py:633} INFO - Processing file /Users/pierre-olivierboisvert/Desktop/GIT/Spotify-ETL/env/lib/python3.8/site-packages/airflow/example_dags/example_branch_python_dop_operator_3.py for tasks to queue
[2021-07-12 14:11:26,762] {logging_mixin.py:104} INFO - [2021-07-12 14:11:26,762] {dagbag.py:496} INFO - Filling up the DagBag from /Users/pierre-olivierboisvert/Desktop/GIT/Spotify-ETL/env/lib/python3.8/site-packages/airflow/example_dags/example_branch_python_dop_operator_3.py
[2021-07-12 14:11:26,772] {scheduler_job.py:643} INFO - DAG(s) dict_keys(['example_branch_dop_operator_v3']) retrieved from /Users/pierre-olivierboisvert/Desktop/GIT/Spotify-ETL/env/lib/python3.8/site-packages/airflow/example_dags/example_branch_python_dop_operator_3.py
[2021-07-12 14:11:26,812] {logging_mixin.py:104} INFO - [2021-07-12 14:11:26,811] {dag.py:1833} INFO - Sync 1 DAGs
[2021-07-12 14:11:26,830] {logging_mixin.py:104} INFO - [2021-07-12 14:11:26,830] {dag.py:2306} INFO - Setting next_dagrun for example_branch_dop_operator_v3 to 2021-07-10 00:00:00+00:00
[2021-07-12 14:11:26,844] {scheduler_job.py:190} INFO - Processing /Users/pierre-olivierboisvert/Desktop/GIT/Spotify-ETL/env/lib/python3.8/site-packages/airflow/example_dags/example_branch_python_dop_operator_3.py took 0.083 seconds
[2021-07-12 14:12:40,142] {scheduler_job.py:182} INFO - Started process (PID=67923) to work on /Users/pierre-olivierboisvert/Desktop/GIT/Spotify-ETL/env/lib/python3.8/site-packages/airflow/example_dags/example_branch_python_dop_operator_3.py
[2021-07-12 14:12:40,142] {scheduler_job.py:633} INFO - Processing file /Users/pierre-olivierboisvert/Desktop/GIT/Spotify-ETL/env/lib/python3.8/site-packages/airflow/example_dags/example_branch_python_dop_operator_3.py for tasks to queue
[2021-07-12 14:12:40,142] {logging_mixin.py:104} INFO - [2021-07-12 14:12:40,142] {dagbag.py:496} INFO - Filling up the DagBag from /Users/pierre-olivierboisvert/Desktop/GIT/Spotify-ETL/env/lib/python3.8/site-packages/airflow/example_dags/example_branch_python_dop_operator_3.py
[2021-07-12 14:12:40,155] {scheduler_job.py:643} INFO - DAG(s) dict_keys(['example_branch_dop_operator_v3']) retrieved from /Users/pierre-olivierboisvert/Desktop/GIT/Spotify-ETL/env/lib/python3.8/site-packages/airflow/example_dags/example_branch_python_dop_operator_3.py
[2021-07-12 14:12:40,198] {logging_mixin.py:104} INFO - [2021-07-12 14:12:40,198] {dag.py:1833} INFO - Sync 1 DAGs
[2021-07-12 14:12:40,221] {logging_mixin.py:104} INFO - [2021-07-12 14:12:40,221] {dag.py:2306} INFO - Setting next_dagrun for example_branch_dop_operator_v3 to 2021-07-10 00:00:00+00:00
[2021-07-12 14:12:40,232] {scheduler_job.py:190} INFO - Processing /Users/pierre-olivierboisvert/Desktop/GIT/Spotify-ETL/env/lib/python3.8/site-packages/airflow/example_dags/example_branch_python_dop_operator_3.py took 0.091 seconds
[2021-07-12 14:14:13,556] {scheduler_job.py:182} INFO - Started process (PID=68100) to work on /Users/pierre-olivierboisvert/Desktop/GIT/Spotify-ETL/env/lib/python3.8/site-packages/airflow/example_dags/example_branch_python_dop_operator_3.py
[2021-07-12 14:14:13,556] {scheduler_job.py:633} INFO - Processing file /Users/pierre-olivierboisvert/Desktop/GIT/Spotify-ETL/env/lib/python3.8/site-packages/airflow/example_dags/example_branch_python_dop_operator_3.py for tasks to queue
[2021-07-12 14:14:13,557] {logging_mixin.py:104} INFO - [2021-07-12 14:14:13,557] {dagbag.py:496} INFO - Filling up the DagBag from /Users/pierre-olivierboisvert/Desktop/GIT/Spotify-ETL/env/lib/python3.8/site-packages/airflow/example_dags/example_branch_python_dop_operator_3.py
[2021-07-12 14:14:13,569] {scheduler_job.py:643} INFO - DAG(s) dict_keys(['example_branch_dop_operator_v3']) retrieved from /Users/pierre-olivierboisvert/Desktop/GIT/Spotify-ETL/env/lib/python3.8/site-packages/airflow/example_dags/example_branch_python_dop_operator_3.py
[2021-07-12 14:14:13,614] {logging_mixin.py:104} INFO - [2021-07-12 14:14:13,614] {dag.py:1833} INFO - Sync 1 DAGs
[2021-07-12 14:14:13,632] {logging_mixin.py:104} INFO - [2021-07-12 14:14:13,632] {dag.py:2306} INFO - Setting next_dagrun for example_branch_dop_operator_v3 to 2021-07-10 00:00:00+00:00
[2021-07-12 14:14:13,643] {scheduler_job.py:190} INFO - Processing /Users/pierre-olivierboisvert/Desktop/GIT/Spotify-ETL/env/lib/python3.8/site-packages/airflow/example_dags/example_branch_python_dop_operator_3.py took 0.088 seconds
[2021-07-12 14:16:17,133] {scheduler_job.py:182} INFO - Started process (PID=68345) to work on /Users/pierre-olivierboisvert/Desktop/GIT/Spotify-ETL/env/lib/python3.8/site-packages/airflow/example_dags/example_branch_python_dop_operator_3.py
[2021-07-12 14:16:17,134] {scheduler_job.py:633} INFO - Processing file /Users/pierre-olivierboisvert/Desktop/GIT/Spotify-ETL/env/lib/python3.8/site-packages/airflow/example_dags/example_branch_python_dop_operator_3.py for tasks to queue
[2021-07-12 14:16:17,134] {logging_mixin.py:104} INFO - [2021-07-12 14:16:17,134] {dagbag.py:496} INFO - Filling up the DagBag from /Users/pierre-olivierboisvert/Desktop/GIT/Spotify-ETL/env/lib/python3.8/site-packages/airflow/example_dags/example_branch_python_dop_operator_3.py
[2021-07-12 14:16:17,153] {scheduler_job.py:643} INFO - DAG(s) dict_keys(['example_branch_dop_operator_v3']) retrieved from /Users/pierre-olivierboisvert/Desktop/GIT/Spotify-ETL/env/lib/python3.8/site-packages/airflow/example_dags/example_branch_python_dop_operator_3.py
[2021-07-12 14:16:17,204] {logging_mixin.py:104} INFO - [2021-07-12 14:16:17,204] {dag.py:1833} INFO - Sync 1 DAGs
[2021-07-12 14:16:17,227] {logging_mixin.py:104} INFO - [2021-07-12 14:16:17,227] {dag.py:2306} INFO - Setting next_dagrun for example_branch_dop_operator_v3 to 2021-07-10 00:00:00+00:00
[2021-07-12 14:16:17,238] {scheduler_job.py:190} INFO - Processing /Users/pierre-olivierboisvert/Desktop/GIT/Spotify-ETL/env/lib/python3.8/site-packages/airflow/example_dags/example_branch_python_dop_operator_3.py took 0.106 seconds
[2021-07-12 14:19:29,909] {scheduler_job.py:182} INFO - Started process (PID=68739) to work on /Users/pierre-olivierboisvert/Desktop/GIT/Spotify-ETL/env/lib/python3.8/site-packages/airflow/example_dags/example_branch_python_dop_operator_3.py
[2021-07-12 14:19:29,910] {scheduler_job.py:633} INFO - Processing file /Users/pierre-olivierboisvert/Desktop/GIT/Spotify-ETL/env/lib/python3.8/site-packages/airflow/example_dags/example_branch_python_dop_operator_3.py for tasks to queue
[2021-07-12 14:19:29,910] {logging_mixin.py:104} INFO - [2021-07-12 14:19:29,910] {dagbag.py:496} INFO - Filling up the DagBag from /Users/pierre-olivierboisvert/Desktop/GIT/Spotify-ETL/env/lib/python3.8/site-packages/airflow/example_dags/example_branch_python_dop_operator_3.py
[2021-07-12 14:19:29,921] {scheduler_job.py:643} INFO - DAG(s) dict_keys(['example_branch_dop_operator_v3']) retrieved from /Users/pierre-olivierboisvert/Desktop/GIT/Spotify-ETL/env/lib/python3.8/site-packages/airflow/example_dags/example_branch_python_dop_operator_3.py
[2021-07-12 14:19:29,964] {logging_mixin.py:104} INFO - [2021-07-12 14:19:29,964] {dag.py:1833} INFO - Sync 1 DAGs
[2021-07-12 14:19:29,983] {logging_mixin.py:104} INFO - [2021-07-12 14:19:29,983] {dag.py:2306} INFO - Setting next_dagrun for example_branch_dop_operator_v3 to 2021-07-10 00:00:00+00:00
[2021-07-12 14:19:29,994] {scheduler_job.py:190} INFO - Processing /Users/pierre-olivierboisvert/Desktop/GIT/Spotify-ETL/env/lib/python3.8/site-packages/airflow/example_dags/example_branch_python_dop_operator_3.py took 0.085 seconds
[2021-07-12 14:23:17,070] {scheduler_job.py:182} INFO - Started process (PID=69164) to work on /Users/pierre-olivierboisvert/Desktop/GIT/Spotify-ETL/env/lib/python3.8/site-packages/airflow/example_dags/example_branch_python_dop_operator_3.py
[2021-07-12 14:23:17,072] {scheduler_job.py:633} INFO - Processing file /Users/pierre-olivierboisvert/Desktop/GIT/Spotify-ETL/env/lib/python3.8/site-packages/airflow/example_dags/example_branch_python_dop_operator_3.py for tasks to queue
[2021-07-12 14:23:17,073] {logging_mixin.py:104} INFO - [2021-07-12 14:23:17,073] {dagbag.py:496} INFO - Filling up the DagBag from /Users/pierre-olivierboisvert/Desktop/GIT/Spotify-ETL/env/lib/python3.8/site-packages/airflow/example_dags/example_branch_python_dop_operator_3.py
[2021-07-12 14:23:17,084] {scheduler_job.py:643} INFO - DAG(s) dict_keys(['example_branch_dop_operator_v3']) retrieved from /Users/pierre-olivierboisvert/Desktop/GIT/Spotify-ETL/env/lib/python3.8/site-packages/airflow/example_dags/example_branch_python_dop_operator_3.py
[2021-07-12 14:23:17,125] {logging_mixin.py:104} INFO - [2021-07-12 14:23:17,125] {dag.py:1833} INFO - Sync 1 DAGs
[2021-07-12 14:23:17,150] {logging_mixin.py:104} INFO - [2021-07-12 14:23:17,150] {dag.py:2306} INFO - Setting next_dagrun for example_branch_dop_operator_v3 to 2021-07-10 00:00:00+00:00
[2021-07-12 14:23:17,161] {scheduler_job.py:190} INFO - Processing /Users/pierre-olivierboisvert/Desktop/GIT/Spotify-ETL/env/lib/python3.8/site-packages/airflow/example_dags/example_branch_python_dop_operator_3.py took 0.093 seconds
