[2021-07-12 13:39:59,389] {scheduler_job.py:182} INFO - Started process (PID=65740) to work on /Users/pierre-olivierboisvert/Desktop/GIT/Spotify-ETL/env/lib/python3.8/site-packages/airflow/example_dags/example_complex.py
[2021-07-12 13:39:59,390] {scheduler_job.py:633} INFO - Processing file /Users/pierre-olivierboisvert/Desktop/GIT/Spotify-ETL/env/lib/python3.8/site-packages/airflow/example_dags/example_complex.py for tasks to queue
[2021-07-12 13:39:59,391] {logging_mixin.py:104} INFO - [2021-07-12 13:39:59,391] {dagbag.py:496} INFO - Filling up the DagBag from /Users/pierre-olivierboisvert/Desktop/GIT/Spotify-ETL/env/lib/python3.8/site-packages/airflow/example_dags/example_complex.py
[2021-07-12 13:39:59,410] {scheduler_job.py:643} INFO - DAG(s) dict_keys(['example_complex']) retrieved from /Users/pierre-olivierboisvert/Desktop/GIT/Spotify-ETL/env/lib/python3.8/site-packages/airflow/example_dags/example_complex.py
[2021-07-12 13:39:59,465] {logging_mixin.py:104} INFO - [2021-07-12 13:39:59,465] {dag.py:1833} INFO - Sync 1 DAGs
[2021-07-12 13:39:59,477] {logging_mixin.py:104} INFO - [2021-07-12 13:39:59,476] {dag.py:2306} INFO - Setting next_dagrun for example_complex to None
[2021-07-12 13:39:59,485] {scheduler_job.py:190} INFO - Processing /Users/pierre-olivierboisvert/Desktop/GIT/Spotify-ETL/env/lib/python3.8/site-packages/airflow/example_dags/example_complex.py took 0.097 seconds
[2021-07-12 13:41:40,234] {scheduler_job.py:182} INFO - Started process (PID=65939) to work on /Users/pierre-olivierboisvert/Desktop/GIT/Spotify-ETL/env/lib/python3.8/site-packages/airflow/example_dags/example_complex.py
[2021-07-12 13:41:40,234] {scheduler_job.py:633} INFO - Processing file /Users/pierre-olivierboisvert/Desktop/GIT/Spotify-ETL/env/lib/python3.8/site-packages/airflow/example_dags/example_complex.py for tasks to queue
[2021-07-12 13:41:40,235] {logging_mixin.py:104} INFO - [2021-07-12 13:41:40,235] {dagbag.py:496} INFO - Filling up the DagBag from /Users/pierre-olivierboisvert/Desktop/GIT/Spotify-ETL/env/lib/python3.8/site-packages/airflow/example_dags/example_complex.py
[2021-07-12 13:41:40,251] {scheduler_job.py:643} INFO - DAG(s) dict_keys(['example_complex']) retrieved from /Users/pierre-olivierboisvert/Desktop/GIT/Spotify-ETL/env/lib/python3.8/site-packages/airflow/example_dags/example_complex.py
[2021-07-12 13:41:40,295] {logging_mixin.py:104} INFO - [2021-07-12 13:41:40,295] {dag.py:1833} INFO - Sync 1 DAGs
[2021-07-12 13:41:40,303] {logging_mixin.py:104} INFO - [2021-07-12 13:41:40,303] {dag.py:2306} INFO - Setting next_dagrun for example_complex to None
[2021-07-12 13:41:40,315] {scheduler_job.py:190} INFO - Processing /Users/pierre-olivierboisvert/Desktop/GIT/Spotify-ETL/env/lib/python3.8/site-packages/airflow/example_dags/example_complex.py took 0.083 seconds
[2021-07-12 13:42:49,371] {scheduler_job.py:182} INFO - Started process (PID=66005) to work on /Users/pierre-olivierboisvert/Desktop/GIT/Spotify-ETL/env/lib/python3.8/site-packages/airflow/example_dags/example_complex.py
[2021-07-12 13:42:49,372] {scheduler_job.py:633} INFO - Processing file /Users/pierre-olivierboisvert/Desktop/GIT/Spotify-ETL/env/lib/python3.8/site-packages/airflow/example_dags/example_complex.py for tasks to queue
[2021-07-12 13:42:49,372] {logging_mixin.py:104} INFO - [2021-07-12 13:42:49,372] {dagbag.py:496} INFO - Filling up the DagBag from /Users/pierre-olivierboisvert/Desktop/GIT/Spotify-ETL/env/lib/python3.8/site-packages/airflow/example_dags/example_complex.py
[2021-07-12 13:42:49,388] {scheduler_job.py:643} INFO - DAG(s) dict_keys(['example_complex']) retrieved from /Users/pierre-olivierboisvert/Desktop/GIT/Spotify-ETL/env/lib/python3.8/site-packages/airflow/example_dags/example_complex.py
[2021-07-12 13:42:49,432] {logging_mixin.py:104} INFO - [2021-07-12 13:42:49,431] {dag.py:1833} INFO - Sync 1 DAGs
[2021-07-12 13:42:49,442] {logging_mixin.py:104} INFO - [2021-07-12 13:42:49,442] {dag.py:2306} INFO - Setting next_dagrun for example_complex to None
[2021-07-12 13:42:49,456] {scheduler_job.py:190} INFO - Processing /Users/pierre-olivierboisvert/Desktop/GIT/Spotify-ETL/env/lib/python3.8/site-packages/airflow/example_dags/example_complex.py took 0.085 seconds
[2021-07-12 13:43:56,702] {scheduler_job.py:182} INFO - Started process (PID=66069) to work on /Users/pierre-olivierboisvert/Desktop/GIT/Spotify-ETL/env/lib/python3.8/site-packages/airflow/example_dags/example_complex.py
[2021-07-12 13:43:56,702] {scheduler_job.py:633} INFO - Processing file /Users/pierre-olivierboisvert/Desktop/GIT/Spotify-ETL/env/lib/python3.8/site-packages/airflow/example_dags/example_complex.py for tasks to queue
[2021-07-12 13:43:56,703] {logging_mixin.py:104} INFO - [2021-07-12 13:43:56,703] {dagbag.py:496} INFO - Filling up the DagBag from /Users/pierre-olivierboisvert/Desktop/GIT/Spotify-ETL/env/lib/python3.8/site-packages/airflow/example_dags/example_complex.py
[2021-07-12 13:43:56,718] {scheduler_job.py:643} INFO - DAG(s) dict_keys(['example_complex']) retrieved from /Users/pierre-olivierboisvert/Desktop/GIT/Spotify-ETL/env/lib/python3.8/site-packages/airflow/example_dags/example_complex.py
[2021-07-12 13:43:56,761] {logging_mixin.py:104} INFO - [2021-07-12 13:43:56,761] {dag.py:1833} INFO - Sync 1 DAGs
[2021-07-12 13:43:56,768] {logging_mixin.py:104} INFO - [2021-07-12 13:43:56,768] {dag.py:2306} INFO - Setting next_dagrun for example_complex to None
[2021-07-12 13:43:56,780] {scheduler_job.py:190} INFO - Processing /Users/pierre-olivierboisvert/Desktop/GIT/Spotify-ETL/env/lib/python3.8/site-packages/airflow/example_dags/example_complex.py took 0.079 seconds
[2021-07-12 13:45:05,839] {scheduler_job.py:182} INFO - Started process (PID=66139) to work on /Users/pierre-olivierboisvert/Desktop/GIT/Spotify-ETL/env/lib/python3.8/site-packages/airflow/example_dags/example_complex.py
[2021-07-12 13:45:05,840] {scheduler_job.py:633} INFO - Processing file /Users/pierre-olivierboisvert/Desktop/GIT/Spotify-ETL/env/lib/python3.8/site-packages/airflow/example_dags/example_complex.py for tasks to queue
[2021-07-12 13:45:05,840] {logging_mixin.py:104} INFO - [2021-07-12 13:45:05,840] {dagbag.py:496} INFO - Filling up the DagBag from /Users/pierre-olivierboisvert/Desktop/GIT/Spotify-ETL/env/lib/python3.8/site-packages/airflow/example_dags/example_complex.py
[2021-07-12 13:45:05,860] {scheduler_job.py:643} INFO - DAG(s) dict_keys(['example_complex']) retrieved from /Users/pierre-olivierboisvert/Desktop/GIT/Spotify-ETL/env/lib/python3.8/site-packages/airflow/example_dags/example_complex.py
[2021-07-12 13:45:05,905] {logging_mixin.py:104} INFO - [2021-07-12 13:45:05,905] {dag.py:1833} INFO - Sync 1 DAGs
[2021-07-12 13:45:05,913] {logging_mixin.py:104} INFO - [2021-07-12 13:45:05,913] {dag.py:2306} INFO - Setting next_dagrun for example_complex to None
[2021-07-12 13:45:05,925] {scheduler_job.py:190} INFO - Processing /Users/pierre-olivierboisvert/Desktop/GIT/Spotify-ETL/env/lib/python3.8/site-packages/airflow/example_dags/example_complex.py took 0.086 seconds
[2021-07-12 13:46:12,767] {scheduler_job.py:182} INFO - Started process (PID=66204) to work on /Users/pierre-olivierboisvert/Desktop/GIT/Spotify-ETL/env/lib/python3.8/site-packages/airflow/example_dags/example_complex.py
[2021-07-12 13:46:12,767] {scheduler_job.py:633} INFO - Processing file /Users/pierre-olivierboisvert/Desktop/GIT/Spotify-ETL/env/lib/python3.8/site-packages/airflow/example_dags/example_complex.py for tasks to queue
[2021-07-12 13:46:12,768] {logging_mixin.py:104} INFO - [2021-07-12 13:46:12,767] {dagbag.py:496} INFO - Filling up the DagBag from /Users/pierre-olivierboisvert/Desktop/GIT/Spotify-ETL/env/lib/python3.8/site-packages/airflow/example_dags/example_complex.py
[2021-07-12 13:46:12,782] {scheduler_job.py:643} INFO - DAG(s) dict_keys(['example_complex']) retrieved from /Users/pierre-olivierboisvert/Desktop/GIT/Spotify-ETL/env/lib/python3.8/site-packages/airflow/example_dags/example_complex.py
[2021-07-12 13:46:12,825] {logging_mixin.py:104} INFO - [2021-07-12 13:46:12,825] {dag.py:1833} INFO - Sync 1 DAGs
[2021-07-12 13:46:12,836] {logging_mixin.py:104} INFO - [2021-07-12 13:46:12,836] {dag.py:2306} INFO - Setting next_dagrun for example_complex to None
[2021-07-12 13:46:12,849] {scheduler_job.py:190} INFO - Processing /Users/pierre-olivierboisvert/Desktop/GIT/Spotify-ETL/env/lib/python3.8/site-packages/airflow/example_dags/example_complex.py took 0.083 seconds
[2021-07-12 13:47:22,577] {scheduler_job.py:182} INFO - Started process (PID=66274) to work on /Users/pierre-olivierboisvert/Desktop/GIT/Spotify-ETL/env/lib/python3.8/site-packages/airflow/example_dags/example_complex.py
[2021-07-12 13:47:22,577] {scheduler_job.py:633} INFO - Processing file /Users/pierre-olivierboisvert/Desktop/GIT/Spotify-ETL/env/lib/python3.8/site-packages/airflow/example_dags/example_complex.py for tasks to queue
[2021-07-12 13:47:22,578] {logging_mixin.py:104} INFO - [2021-07-12 13:47:22,578] {dagbag.py:496} INFO - Filling up the DagBag from /Users/pierre-olivierboisvert/Desktop/GIT/Spotify-ETL/env/lib/python3.8/site-packages/airflow/example_dags/example_complex.py
[2021-07-12 13:47:22,596] {scheduler_job.py:643} INFO - DAG(s) dict_keys(['example_complex']) retrieved from /Users/pierre-olivierboisvert/Desktop/GIT/Spotify-ETL/env/lib/python3.8/site-packages/airflow/example_dags/example_complex.py
[2021-07-12 13:47:22,641] {logging_mixin.py:104} INFO - [2021-07-12 13:47:22,641] {dag.py:1833} INFO - Sync 1 DAGs
[2021-07-12 13:47:22,649] {logging_mixin.py:104} INFO - [2021-07-12 13:47:22,649] {dag.py:2306} INFO - Setting next_dagrun for example_complex to None
[2021-07-12 13:47:22,662] {scheduler_job.py:190} INFO - Processing /Users/pierre-olivierboisvert/Desktop/GIT/Spotify-ETL/env/lib/python3.8/site-packages/airflow/example_dags/example_complex.py took 0.086 seconds
[2021-07-12 13:48:34,507] {scheduler_job.py:182} INFO - Started process (PID=66349) to work on /Users/pierre-olivierboisvert/Desktop/GIT/Spotify-ETL/env/lib/python3.8/site-packages/airflow/example_dags/example_complex.py
[2021-07-12 13:48:34,508] {scheduler_job.py:633} INFO - Processing file /Users/pierre-olivierboisvert/Desktop/GIT/Spotify-ETL/env/lib/python3.8/site-packages/airflow/example_dags/example_complex.py for tasks to queue
[2021-07-12 13:48:34,508] {logging_mixin.py:104} INFO - [2021-07-12 13:48:34,508] {dagbag.py:496} INFO - Filling up the DagBag from /Users/pierre-olivierboisvert/Desktop/GIT/Spotify-ETL/env/lib/python3.8/site-packages/airflow/example_dags/example_complex.py
[2021-07-12 13:48:34,526] {scheduler_job.py:643} INFO - DAG(s) dict_keys(['example_complex']) retrieved from /Users/pierre-olivierboisvert/Desktop/GIT/Spotify-ETL/env/lib/python3.8/site-packages/airflow/example_dags/example_complex.py
[2021-07-12 13:48:34,573] {logging_mixin.py:104} INFO - [2021-07-12 13:48:34,572] {dag.py:1833} INFO - Sync 1 DAGs
[2021-07-12 13:48:34,581] {logging_mixin.py:104} INFO - [2021-07-12 13:48:34,580] {dag.py:2306} INFO - Setting next_dagrun for example_complex to None
[2021-07-12 13:48:34,595] {scheduler_job.py:190} INFO - Processing /Users/pierre-olivierboisvert/Desktop/GIT/Spotify-ETL/env/lib/python3.8/site-packages/airflow/example_dags/example_complex.py took 0.088 seconds
[2021-07-12 13:50:07,566] {scheduler_job.py:182} INFO - Started process (PID=66452) to work on /Users/pierre-olivierboisvert/Desktop/GIT/Spotify-ETL/env/lib/python3.8/site-packages/airflow/example_dags/example_complex.py
[2021-07-12 13:50:07,571] {scheduler_job.py:633} INFO - Processing file /Users/pierre-olivierboisvert/Desktop/GIT/Spotify-ETL/env/lib/python3.8/site-packages/airflow/example_dags/example_complex.py for tasks to queue
[2021-07-12 13:50:07,572] {logging_mixin.py:104} INFO - [2021-07-12 13:50:07,571] {dagbag.py:496} INFO - Filling up the DagBag from /Users/pierre-olivierboisvert/Desktop/GIT/Spotify-ETL/env/lib/python3.8/site-packages/airflow/example_dags/example_complex.py
[2021-07-12 13:50:07,589] {scheduler_job.py:643} INFO - DAG(s) dict_keys(['example_complex']) retrieved from /Users/pierre-olivierboisvert/Desktop/GIT/Spotify-ETL/env/lib/python3.8/site-packages/airflow/example_dags/example_complex.py
[2021-07-12 13:50:07,632] {logging_mixin.py:104} INFO - [2021-07-12 13:50:07,632] {dag.py:1833} INFO - Sync 1 DAGs
[2021-07-12 13:50:07,640] {logging_mixin.py:104} INFO - [2021-07-12 13:50:07,640] {dag.py:2306} INFO - Setting next_dagrun for example_complex to None
[2021-07-12 13:50:07,651] {scheduler_job.py:190} INFO - Processing /Users/pierre-olivierboisvert/Desktop/GIT/Spotify-ETL/env/lib/python3.8/site-packages/airflow/example_dags/example_complex.py took 0.086 seconds
[2021-07-12 13:51:20,260] {scheduler_job.py:182} INFO - Started process (PID=66521) to work on /Users/pierre-olivierboisvert/Desktop/GIT/Spotify-ETL/env/lib/python3.8/site-packages/airflow/example_dags/example_complex.py
[2021-07-12 13:51:20,261] {scheduler_job.py:633} INFO - Processing file /Users/pierre-olivierboisvert/Desktop/GIT/Spotify-ETL/env/lib/python3.8/site-packages/airflow/example_dags/example_complex.py for tasks to queue
[2021-07-12 13:51:20,262] {logging_mixin.py:104} INFO - [2021-07-12 13:51:20,262] {dagbag.py:496} INFO - Filling up the DagBag from /Users/pierre-olivierboisvert/Desktop/GIT/Spotify-ETL/env/lib/python3.8/site-packages/airflow/example_dags/example_complex.py
[2021-07-12 13:51:20,279] {scheduler_job.py:643} INFO - DAG(s) dict_keys(['example_complex']) retrieved from /Users/pierre-olivierboisvert/Desktop/GIT/Spotify-ETL/env/lib/python3.8/site-packages/airflow/example_dags/example_complex.py
[2021-07-12 13:51:20,323] {logging_mixin.py:104} INFO - [2021-07-12 13:51:20,322] {dag.py:1833} INFO - Sync 1 DAGs
[2021-07-12 13:51:20,330] {logging_mixin.py:104} INFO - [2021-07-12 13:51:20,330] {dag.py:2306} INFO - Setting next_dagrun for example_complex to None
[2021-07-12 13:51:20,342] {scheduler_job.py:190} INFO - Processing /Users/pierre-olivierboisvert/Desktop/GIT/Spotify-ETL/env/lib/python3.8/site-packages/airflow/example_dags/example_complex.py took 0.083 seconds
[2021-07-12 13:52:44,642] {scheduler_job.py:182} INFO - Started process (PID=66633) to work on /Users/pierre-olivierboisvert/Desktop/GIT/Spotify-ETL/env/lib/python3.8/site-packages/airflow/example_dags/example_complex.py
[2021-07-12 13:52:44,642] {scheduler_job.py:633} INFO - Processing file /Users/pierre-olivierboisvert/Desktop/GIT/Spotify-ETL/env/lib/python3.8/site-packages/airflow/example_dags/example_complex.py for tasks to queue
[2021-07-12 13:52:44,643] {logging_mixin.py:104} INFO - [2021-07-12 13:52:44,642] {dagbag.py:496} INFO - Filling up the DagBag from /Users/pierre-olivierboisvert/Desktop/GIT/Spotify-ETL/env/lib/python3.8/site-packages/airflow/example_dags/example_complex.py
[2021-07-12 13:52:44,660] {scheduler_job.py:643} INFO - DAG(s) dict_keys(['example_complex']) retrieved from /Users/pierre-olivierboisvert/Desktop/GIT/Spotify-ETL/env/lib/python3.8/site-packages/airflow/example_dags/example_complex.py
[2021-07-12 13:52:44,711] {logging_mixin.py:104} INFO - [2021-07-12 13:52:44,711] {dag.py:1833} INFO - Sync 1 DAGs
[2021-07-12 13:52:44,720] {logging_mixin.py:104} INFO - [2021-07-12 13:52:44,720] {dag.py:2306} INFO - Setting next_dagrun for example_complex to None
[2021-07-12 13:52:44,737] {scheduler_job.py:190} INFO - Processing /Users/pierre-olivierboisvert/Desktop/GIT/Spotify-ETL/env/lib/python3.8/site-packages/airflow/example_dags/example_complex.py took 0.096 seconds
[2021-07-12 13:54:14,335] {scheduler_job.py:182} INFO - Started process (PID=66911) to work on /Users/pierre-olivierboisvert/Desktop/GIT/Spotify-ETL/env/lib/python3.8/site-packages/airflow/example_dags/example_complex.py
[2021-07-12 13:54:14,336] {scheduler_job.py:633} INFO - Processing file /Users/pierre-olivierboisvert/Desktop/GIT/Spotify-ETL/env/lib/python3.8/site-packages/airflow/example_dags/example_complex.py for tasks to queue
[2021-07-12 13:54:14,337] {logging_mixin.py:104} INFO - [2021-07-12 13:54:14,337] {dagbag.py:496} INFO - Filling up the DagBag from /Users/pierre-olivierboisvert/Desktop/GIT/Spotify-ETL/env/lib/python3.8/site-packages/airflow/example_dags/example_complex.py
[2021-07-12 13:54:14,355] {scheduler_job.py:643} INFO - DAG(s) dict_keys(['example_complex']) retrieved from /Users/pierre-olivierboisvert/Desktop/GIT/Spotify-ETL/env/lib/python3.8/site-packages/airflow/example_dags/example_complex.py
[2021-07-12 13:54:14,403] {logging_mixin.py:104} INFO - [2021-07-12 13:54:14,403] {dag.py:1833} INFO - Sync 1 DAGs
[2021-07-12 13:54:14,415] {logging_mixin.py:104} INFO - [2021-07-12 13:54:14,414] {dag.py:2306} INFO - Setting next_dagrun for example_complex to None
[2021-07-12 13:54:14,426] {scheduler_job.py:190} INFO - Processing /Users/pierre-olivierboisvert/Desktop/GIT/Spotify-ETL/env/lib/python3.8/site-packages/airflow/example_dags/example_complex.py took 0.092 seconds
[2021-07-12 13:55:30,190] {scheduler_job.py:182} INFO - Started process (PID=66983) to work on /Users/pierre-olivierboisvert/Desktop/GIT/Spotify-ETL/env/lib/python3.8/site-packages/airflow/example_dags/example_complex.py
[2021-07-12 13:55:30,190] {scheduler_job.py:633} INFO - Processing file /Users/pierre-olivierboisvert/Desktop/GIT/Spotify-ETL/env/lib/python3.8/site-packages/airflow/example_dags/example_complex.py for tasks to queue
[2021-07-12 13:55:30,191] {logging_mixin.py:104} INFO - [2021-07-12 13:55:30,190] {dagbag.py:496} INFO - Filling up the DagBag from /Users/pierre-olivierboisvert/Desktop/GIT/Spotify-ETL/env/lib/python3.8/site-packages/airflow/example_dags/example_complex.py
[2021-07-12 13:55:30,206] {scheduler_job.py:643} INFO - DAG(s) dict_keys(['example_complex']) retrieved from /Users/pierre-olivierboisvert/Desktop/GIT/Spotify-ETL/env/lib/python3.8/site-packages/airflow/example_dags/example_complex.py
[2021-07-12 13:55:30,247] {logging_mixin.py:104} INFO - [2021-07-12 13:55:30,247] {dag.py:1833} INFO - Sync 1 DAGs
[2021-07-12 13:55:30,255] {logging_mixin.py:104} INFO - [2021-07-12 13:55:30,255] {dag.py:2306} INFO - Setting next_dagrun for example_complex to None
[2021-07-12 13:55:30,269] {scheduler_job.py:190} INFO - Processing /Users/pierre-olivierboisvert/Desktop/GIT/Spotify-ETL/env/lib/python3.8/site-packages/airflow/example_dags/example_complex.py took 0.080 seconds
[2021-07-12 13:56:41,991] {scheduler_job.py:182} INFO - Started process (PID=67053) to work on /Users/pierre-olivierboisvert/Desktop/GIT/Spotify-ETL/env/lib/python3.8/site-packages/airflow/example_dags/example_complex.py
[2021-07-12 13:56:41,991] {scheduler_job.py:633} INFO - Processing file /Users/pierre-olivierboisvert/Desktop/GIT/Spotify-ETL/env/lib/python3.8/site-packages/airflow/example_dags/example_complex.py for tasks to queue
[2021-07-12 13:56:41,992] {logging_mixin.py:104} INFO - [2021-07-12 13:56:41,992] {dagbag.py:496} INFO - Filling up the DagBag from /Users/pierre-olivierboisvert/Desktop/GIT/Spotify-ETL/env/lib/python3.8/site-packages/airflow/example_dags/example_complex.py
[2021-07-12 13:56:42,009] {scheduler_job.py:643} INFO - DAG(s) dict_keys(['example_complex']) retrieved from /Users/pierre-olivierboisvert/Desktop/GIT/Spotify-ETL/env/lib/python3.8/site-packages/airflow/example_dags/example_complex.py
[2021-07-12 13:56:42,059] {logging_mixin.py:104} INFO - [2021-07-12 13:56:42,058] {dag.py:1833} INFO - Sync 1 DAGs
[2021-07-12 13:56:42,067] {logging_mixin.py:104} INFO - [2021-07-12 13:56:42,067] {dag.py:2306} INFO - Setting next_dagrun for example_complex to None
[2021-07-12 13:56:42,083] {scheduler_job.py:190} INFO - Processing /Users/pierre-olivierboisvert/Desktop/GIT/Spotify-ETL/env/lib/python3.8/site-packages/airflow/example_dags/example_complex.py took 0.093 seconds
[2021-07-12 13:58:00,346] {scheduler_job.py:182} INFO - Started process (PID=67128) to work on /Users/pierre-olivierboisvert/Desktop/GIT/Spotify-ETL/env/lib/python3.8/site-packages/airflow/example_dags/example_complex.py
[2021-07-12 13:58:00,347] {scheduler_job.py:633} INFO - Processing file /Users/pierre-olivierboisvert/Desktop/GIT/Spotify-ETL/env/lib/python3.8/site-packages/airflow/example_dags/example_complex.py for tasks to queue
[2021-07-12 13:58:00,347] {logging_mixin.py:104} INFO - [2021-07-12 13:58:00,347] {dagbag.py:496} INFO - Filling up the DagBag from /Users/pierre-olivierboisvert/Desktop/GIT/Spotify-ETL/env/lib/python3.8/site-packages/airflow/example_dags/example_complex.py
[2021-07-12 13:58:00,363] {scheduler_job.py:643} INFO - DAG(s) dict_keys(['example_complex']) retrieved from /Users/pierre-olivierboisvert/Desktop/GIT/Spotify-ETL/env/lib/python3.8/site-packages/airflow/example_dags/example_complex.py
[2021-07-12 13:58:00,411] {logging_mixin.py:104} INFO - [2021-07-12 13:58:00,410] {dag.py:1833} INFO - Sync 1 DAGs
[2021-07-12 13:58:00,419] {logging_mixin.py:104} INFO - [2021-07-12 13:58:00,419] {dag.py:2306} INFO - Setting next_dagrun for example_complex to None
[2021-07-12 13:58:00,431] {scheduler_job.py:190} INFO - Processing /Users/pierre-olivierboisvert/Desktop/GIT/Spotify-ETL/env/lib/python3.8/site-packages/airflow/example_dags/example_complex.py took 0.085 seconds
[2021-07-12 13:59:33,056] {scheduler_job.py:182} INFO - Started process (PID=67213) to work on /Users/pierre-olivierboisvert/Desktop/GIT/Spotify-ETL/env/lib/python3.8/site-packages/airflow/example_dags/example_complex.py
[2021-07-12 13:59:33,057] {scheduler_job.py:633} INFO - Processing file /Users/pierre-olivierboisvert/Desktop/GIT/Spotify-ETL/env/lib/python3.8/site-packages/airflow/example_dags/example_complex.py for tasks to queue
[2021-07-12 13:59:33,057] {logging_mixin.py:104} INFO - [2021-07-12 13:59:33,057] {dagbag.py:496} INFO - Filling up the DagBag from /Users/pierre-olivierboisvert/Desktop/GIT/Spotify-ETL/env/lib/python3.8/site-packages/airflow/example_dags/example_complex.py
[2021-07-12 13:59:33,074] {scheduler_job.py:643} INFO - DAG(s) dict_keys(['example_complex']) retrieved from /Users/pierre-olivierboisvert/Desktop/GIT/Spotify-ETL/env/lib/python3.8/site-packages/airflow/example_dags/example_complex.py
[2021-07-12 13:59:33,119] {logging_mixin.py:104} INFO - [2021-07-12 13:59:33,119] {dag.py:1833} INFO - Sync 1 DAGs
[2021-07-12 13:59:33,130] {logging_mixin.py:104} INFO - [2021-07-12 13:59:33,130] {dag.py:2306} INFO - Setting next_dagrun for example_complex to None
[2021-07-12 13:59:33,145] {scheduler_job.py:190} INFO - Processing /Users/pierre-olivierboisvert/Desktop/GIT/Spotify-ETL/env/lib/python3.8/site-packages/airflow/example_dags/example_complex.py took 0.089 seconds
[2021-07-12 14:00:57,576] {scheduler_job.py:182} INFO - Started process (PID=67290) to work on /Users/pierre-olivierboisvert/Desktop/GIT/Spotify-ETL/env/lib/python3.8/site-packages/airflow/example_dags/example_complex.py
[2021-07-12 14:00:57,577] {scheduler_job.py:633} INFO - Processing file /Users/pierre-olivierboisvert/Desktop/GIT/Spotify-ETL/env/lib/python3.8/site-packages/airflow/example_dags/example_complex.py for tasks to queue
[2021-07-12 14:00:57,577] {logging_mixin.py:104} INFO - [2021-07-12 14:00:57,577] {dagbag.py:496} INFO - Filling up the DagBag from /Users/pierre-olivierboisvert/Desktop/GIT/Spotify-ETL/env/lib/python3.8/site-packages/airflow/example_dags/example_complex.py
[2021-07-12 14:00:57,592] {scheduler_job.py:643} INFO - DAG(s) dict_keys(['example_complex']) retrieved from /Users/pierre-olivierboisvert/Desktop/GIT/Spotify-ETL/env/lib/python3.8/site-packages/airflow/example_dags/example_complex.py
[2021-07-12 14:00:57,635] {logging_mixin.py:104} INFO - [2021-07-12 14:00:57,635] {dag.py:1833} INFO - Sync 1 DAGs
[2021-07-12 14:00:57,643] {logging_mixin.py:104} INFO - [2021-07-12 14:00:57,643] {dag.py:2306} INFO - Setting next_dagrun for example_complex to None
[2021-07-12 14:00:57,655] {scheduler_job.py:190} INFO - Processing /Users/pierre-olivierboisvert/Desktop/GIT/Spotify-ETL/env/lib/python3.8/site-packages/airflow/example_dags/example_complex.py took 0.079 seconds
[2021-07-12 14:02:20,160] {scheduler_job.py:182} INFO - Started process (PID=67363) to work on /Users/pierre-olivierboisvert/Desktop/GIT/Spotify-ETL/env/lib/python3.8/site-packages/airflow/example_dags/example_complex.py
[2021-07-12 14:02:20,161] {scheduler_job.py:633} INFO - Processing file /Users/pierre-olivierboisvert/Desktop/GIT/Spotify-ETL/env/lib/python3.8/site-packages/airflow/example_dags/example_complex.py for tasks to queue
[2021-07-12 14:02:20,161] {logging_mixin.py:104} INFO - [2021-07-12 14:02:20,161] {dagbag.py:496} INFO - Filling up the DagBag from /Users/pierre-olivierboisvert/Desktop/GIT/Spotify-ETL/env/lib/python3.8/site-packages/airflow/example_dags/example_complex.py
[2021-07-12 14:02:20,183] {scheduler_job.py:643} INFO - DAG(s) dict_keys(['example_complex']) retrieved from /Users/pierre-olivierboisvert/Desktop/GIT/Spotify-ETL/env/lib/python3.8/site-packages/airflow/example_dags/example_complex.py
[2021-07-12 14:02:20,228] {logging_mixin.py:104} INFO - [2021-07-12 14:02:20,228] {dag.py:1833} INFO - Sync 1 DAGs
[2021-07-12 14:02:20,240] {logging_mixin.py:104} INFO - [2021-07-12 14:02:20,239] {dag.py:2306} INFO - Setting next_dagrun for example_complex to None
[2021-07-12 14:02:20,252] {scheduler_job.py:190} INFO - Processing /Users/pierre-olivierboisvert/Desktop/GIT/Spotify-ETL/env/lib/python3.8/site-packages/airflow/example_dags/example_complex.py took 0.093 seconds
[2021-07-12 14:03:43,290] {scheduler_job.py:182} INFO - Started process (PID=67435) to work on /Users/pierre-olivierboisvert/Desktop/GIT/Spotify-ETL/env/lib/python3.8/site-packages/airflow/example_dags/example_complex.py
[2021-07-12 14:03:43,291] {scheduler_job.py:633} INFO - Processing file /Users/pierre-olivierboisvert/Desktop/GIT/Spotify-ETL/env/lib/python3.8/site-packages/airflow/example_dags/example_complex.py for tasks to queue
[2021-07-12 14:03:43,292] {logging_mixin.py:104} INFO - [2021-07-12 14:03:43,292] {dagbag.py:496} INFO - Filling up the DagBag from /Users/pierre-olivierboisvert/Desktop/GIT/Spotify-ETL/env/lib/python3.8/site-packages/airflow/example_dags/example_complex.py
[2021-07-12 14:03:43,307] {scheduler_job.py:643} INFO - DAG(s) dict_keys(['example_complex']) retrieved from /Users/pierre-olivierboisvert/Desktop/GIT/Spotify-ETL/env/lib/python3.8/site-packages/airflow/example_dags/example_complex.py
[2021-07-12 14:03:43,366] {logging_mixin.py:104} INFO - [2021-07-12 14:03:43,366] {dag.py:1833} INFO - Sync 1 DAGs
[2021-07-12 14:03:43,374] {logging_mixin.py:104} INFO - [2021-07-12 14:03:43,373] {dag.py:2306} INFO - Setting next_dagrun for example_complex to None
[2021-07-12 14:03:43,386] {scheduler_job.py:190} INFO - Processing /Users/pierre-olivierboisvert/Desktop/GIT/Spotify-ETL/env/lib/python3.8/site-packages/airflow/example_dags/example_complex.py took 0.097 seconds
[2021-07-12 14:05:17,946] {scheduler_job.py:182} INFO - Started process (PID=67513) to work on /Users/pierre-olivierboisvert/Desktop/GIT/Spotify-ETL/env/lib/python3.8/site-packages/airflow/example_dags/example_complex.py
[2021-07-12 14:05:17,948] {scheduler_job.py:633} INFO - Processing file /Users/pierre-olivierboisvert/Desktop/GIT/Spotify-ETL/env/lib/python3.8/site-packages/airflow/example_dags/example_complex.py for tasks to queue
[2021-07-12 14:05:17,949] {logging_mixin.py:104} INFO - [2021-07-12 14:05:17,949] {dagbag.py:496} INFO - Filling up the DagBag from /Users/pierre-olivierboisvert/Desktop/GIT/Spotify-ETL/env/lib/python3.8/site-packages/airflow/example_dags/example_complex.py
[2021-07-12 14:05:17,967] {scheduler_job.py:643} INFO - DAG(s) dict_keys(['example_complex']) retrieved from /Users/pierre-olivierboisvert/Desktop/GIT/Spotify-ETL/env/lib/python3.8/site-packages/airflow/example_dags/example_complex.py
[2021-07-12 14:05:18,017] {logging_mixin.py:104} INFO - [2021-07-12 14:05:18,017] {dag.py:1833} INFO - Sync 1 DAGs
[2021-07-12 14:05:18,028] {logging_mixin.py:104} INFO - [2021-07-12 14:05:18,028] {dag.py:2306} INFO - Setting next_dagrun for example_complex to None
[2021-07-12 14:05:18,039] {scheduler_job.py:190} INFO - Processing /Users/pierre-olivierboisvert/Desktop/GIT/Spotify-ETL/env/lib/python3.8/site-packages/airflow/example_dags/example_complex.py took 0.094 seconds
[2021-07-12 14:06:59,178] {scheduler_job.py:182} INFO - Started process (PID=67603) to work on /Users/pierre-olivierboisvert/Desktop/GIT/Spotify-ETL/env/lib/python3.8/site-packages/airflow/example_dags/example_complex.py
[2021-07-12 14:06:59,179] {scheduler_job.py:633} INFO - Processing file /Users/pierre-olivierboisvert/Desktop/GIT/Spotify-ETL/env/lib/python3.8/site-packages/airflow/example_dags/example_complex.py for tasks to queue
[2021-07-12 14:06:59,179] {logging_mixin.py:104} INFO - [2021-07-12 14:06:59,179] {dagbag.py:496} INFO - Filling up the DagBag from /Users/pierre-olivierboisvert/Desktop/GIT/Spotify-ETL/env/lib/python3.8/site-packages/airflow/example_dags/example_complex.py
[2021-07-12 14:06:59,194] {scheduler_job.py:643} INFO - DAG(s) dict_keys(['example_complex']) retrieved from /Users/pierre-olivierboisvert/Desktop/GIT/Spotify-ETL/env/lib/python3.8/site-packages/airflow/example_dags/example_complex.py
[2021-07-12 14:06:59,242] {logging_mixin.py:104} INFO - [2021-07-12 14:06:59,242] {dag.py:1833} INFO - Sync 1 DAGs
[2021-07-12 14:06:59,253] {logging_mixin.py:104} INFO - [2021-07-12 14:06:59,253] {dag.py:2306} INFO - Setting next_dagrun for example_complex to None
[2021-07-12 14:06:59,268] {scheduler_job.py:190} INFO - Processing /Users/pierre-olivierboisvert/Desktop/GIT/Spotify-ETL/env/lib/python3.8/site-packages/airflow/example_dags/example_complex.py took 0.091 seconds
[2021-07-12 14:08:26,996] {scheduler_job.py:182} INFO - Started process (PID=67679) to work on /Users/pierre-olivierboisvert/Desktop/GIT/Spotify-ETL/env/lib/python3.8/site-packages/airflow/example_dags/example_complex.py
[2021-07-12 14:08:26,996] {scheduler_job.py:633} INFO - Processing file /Users/pierre-olivierboisvert/Desktop/GIT/Spotify-ETL/env/lib/python3.8/site-packages/airflow/example_dags/example_complex.py for tasks to queue
[2021-07-12 14:08:26,997] {logging_mixin.py:104} INFO - [2021-07-12 14:08:26,997] {dagbag.py:496} INFO - Filling up the DagBag from /Users/pierre-olivierboisvert/Desktop/GIT/Spotify-ETL/env/lib/python3.8/site-packages/airflow/example_dags/example_complex.py
[2021-07-12 14:08:27,013] {scheduler_job.py:643} INFO - DAG(s) dict_keys(['example_complex']) retrieved from /Users/pierre-olivierboisvert/Desktop/GIT/Spotify-ETL/env/lib/python3.8/site-packages/airflow/example_dags/example_complex.py
[2021-07-12 14:08:27,054] {logging_mixin.py:104} INFO - [2021-07-12 14:08:27,054] {dag.py:1833} INFO - Sync 1 DAGs
[2021-07-12 14:08:27,064] {logging_mixin.py:104} INFO - [2021-07-12 14:08:27,064] {dag.py:2306} INFO - Setting next_dagrun for example_complex to None
[2021-07-12 14:08:27,078] {scheduler_job.py:190} INFO - Processing /Users/pierre-olivierboisvert/Desktop/GIT/Spotify-ETL/env/lib/python3.8/site-packages/airflow/example_dags/example_complex.py took 0.083 seconds
[2021-07-12 14:10:02,520] {scheduler_job.py:182} INFO - Started process (PID=67776) to work on /Users/pierre-olivierboisvert/Desktop/GIT/Spotify-ETL/env/lib/python3.8/site-packages/airflow/example_dags/example_complex.py
[2021-07-12 14:10:02,520] {scheduler_job.py:633} INFO - Processing file /Users/pierre-olivierboisvert/Desktop/GIT/Spotify-ETL/env/lib/python3.8/site-packages/airflow/example_dags/example_complex.py for tasks to queue
[2021-07-12 14:10:02,521] {logging_mixin.py:104} INFO - [2021-07-12 14:10:02,521] {dagbag.py:496} INFO - Filling up the DagBag from /Users/pierre-olivierboisvert/Desktop/GIT/Spotify-ETL/env/lib/python3.8/site-packages/airflow/example_dags/example_complex.py
[2021-07-12 14:10:02,540] {scheduler_job.py:643} INFO - DAG(s) dict_keys(['example_complex']) retrieved from /Users/pierre-olivierboisvert/Desktop/GIT/Spotify-ETL/env/lib/python3.8/site-packages/airflow/example_dags/example_complex.py
[2021-07-12 14:10:02,581] {logging_mixin.py:104} INFO - [2021-07-12 14:10:02,581] {dag.py:1833} INFO - Sync 1 DAGs
[2021-07-12 14:10:02,589] {logging_mixin.py:104} INFO - [2021-07-12 14:10:02,589] {dag.py:2306} INFO - Setting next_dagrun for example_complex to None
[2021-07-12 14:10:02,603] {scheduler_job.py:190} INFO - Processing /Users/pierre-olivierboisvert/Desktop/GIT/Spotify-ETL/env/lib/python3.8/site-packages/airflow/example_dags/example_complex.py took 0.084 seconds
[2021-07-12 14:11:25,352] {scheduler_job.py:182} INFO - Started process (PID=67851) to work on /Users/pierre-olivierboisvert/Desktop/GIT/Spotify-ETL/env/lib/python3.8/site-packages/airflow/example_dags/example_complex.py
[2021-07-12 14:11:25,353] {scheduler_job.py:633} INFO - Processing file /Users/pierre-olivierboisvert/Desktop/GIT/Spotify-ETL/env/lib/python3.8/site-packages/airflow/example_dags/example_complex.py for tasks to queue
[2021-07-12 14:11:25,353] {logging_mixin.py:104} INFO - [2021-07-12 14:11:25,353] {dagbag.py:496} INFO - Filling up the DagBag from /Users/pierre-olivierboisvert/Desktop/GIT/Spotify-ETL/env/lib/python3.8/site-packages/airflow/example_dags/example_complex.py
[2021-07-12 14:11:25,367] {scheduler_job.py:643} INFO - DAG(s) dict_keys(['example_complex']) retrieved from /Users/pierre-olivierboisvert/Desktop/GIT/Spotify-ETL/env/lib/python3.8/site-packages/airflow/example_dags/example_complex.py
[2021-07-12 14:11:25,409] {logging_mixin.py:104} INFO - [2021-07-12 14:11:25,409] {dag.py:1833} INFO - Sync 1 DAGs
[2021-07-12 14:11:25,419] {logging_mixin.py:104} INFO - [2021-07-12 14:11:25,419] {dag.py:2306} INFO - Setting next_dagrun for example_complex to None
[2021-07-12 14:11:25,433] {scheduler_job.py:190} INFO - Processing /Users/pierre-olivierboisvert/Desktop/GIT/Spotify-ETL/env/lib/python3.8/site-packages/airflow/example_dags/example_complex.py took 0.081 seconds
[2021-07-12 14:12:38,449] {scheduler_job.py:182} INFO - Started process (PID=67921) to work on /Users/pierre-olivierboisvert/Desktop/GIT/Spotify-ETL/env/lib/python3.8/site-packages/airflow/example_dags/example_complex.py
[2021-07-12 14:12:38,449] {scheduler_job.py:633} INFO - Processing file /Users/pierre-olivierboisvert/Desktop/GIT/Spotify-ETL/env/lib/python3.8/site-packages/airflow/example_dags/example_complex.py for tasks to queue
[2021-07-12 14:12:38,450] {logging_mixin.py:104} INFO - [2021-07-12 14:12:38,450] {dagbag.py:496} INFO - Filling up the DagBag from /Users/pierre-olivierboisvert/Desktop/GIT/Spotify-ETL/env/lib/python3.8/site-packages/airflow/example_dags/example_complex.py
[2021-07-12 14:12:38,466] {scheduler_job.py:643} INFO - DAG(s) dict_keys(['example_complex']) retrieved from /Users/pierre-olivierboisvert/Desktop/GIT/Spotify-ETL/env/lib/python3.8/site-packages/airflow/example_dags/example_complex.py
[2021-07-12 14:12:38,518] {logging_mixin.py:104} INFO - [2021-07-12 14:12:38,518] {dag.py:1833} INFO - Sync 1 DAGs
[2021-07-12 14:12:38,527] {logging_mixin.py:104} INFO - [2021-07-12 14:12:38,527] {dag.py:2306} INFO - Setting next_dagrun for example_complex to None
[2021-07-12 14:12:38,542] {scheduler_job.py:190} INFO - Processing /Users/pierre-olivierboisvert/Desktop/GIT/Spotify-ETL/env/lib/python3.8/site-packages/airflow/example_dags/example_complex.py took 0.094 seconds
[2021-07-12 14:14:10,817] {scheduler_job.py:182} INFO - Started process (PID=68094) to work on /Users/pierre-olivierboisvert/Desktop/GIT/Spotify-ETL/env/lib/python3.8/site-packages/airflow/example_dags/example_complex.py
[2021-07-12 14:14:10,818] {scheduler_job.py:633} INFO - Processing file /Users/pierre-olivierboisvert/Desktop/GIT/Spotify-ETL/env/lib/python3.8/site-packages/airflow/example_dags/example_complex.py for tasks to queue
[2021-07-12 14:14:10,819] {logging_mixin.py:104} INFO - [2021-07-12 14:14:10,819] {dagbag.py:496} INFO - Filling up the DagBag from /Users/pierre-olivierboisvert/Desktop/GIT/Spotify-ETL/env/lib/python3.8/site-packages/airflow/example_dags/example_complex.py
[2021-07-12 14:14:10,854] {scheduler_job.py:643} INFO - DAG(s) dict_keys(['example_complex']) retrieved from /Users/pierre-olivierboisvert/Desktop/GIT/Spotify-ETL/env/lib/python3.8/site-packages/airflow/example_dags/example_complex.py
[2021-07-12 14:14:10,950] {logging_mixin.py:104} INFO - [2021-07-12 14:14:10,950] {dag.py:1833} INFO - Sync 1 DAGs
[2021-07-12 14:14:10,966] {logging_mixin.py:104} INFO - [2021-07-12 14:14:10,966] {dag.py:2306} INFO - Setting next_dagrun for example_complex to None
[2021-07-12 14:14:10,982] {scheduler_job.py:190} INFO - Processing /Users/pierre-olivierboisvert/Desktop/GIT/Spotify-ETL/env/lib/python3.8/site-packages/airflow/example_dags/example_complex.py took 0.167 seconds
[2021-07-12 14:16:14,802] {scheduler_job.py:182} INFO - Started process (PID=68337) to work on /Users/pierre-olivierboisvert/Desktop/GIT/Spotify-ETL/env/lib/python3.8/site-packages/airflow/example_dags/example_complex.py
[2021-07-12 14:16:14,802] {scheduler_job.py:633} INFO - Processing file /Users/pierre-olivierboisvert/Desktop/GIT/Spotify-ETL/env/lib/python3.8/site-packages/airflow/example_dags/example_complex.py for tasks to queue
[2021-07-12 14:16:14,802] {logging_mixin.py:104} INFO - [2021-07-12 14:16:14,802] {dagbag.py:496} INFO - Filling up the DagBag from /Users/pierre-olivierboisvert/Desktop/GIT/Spotify-ETL/env/lib/python3.8/site-packages/airflow/example_dags/example_complex.py
[2021-07-12 14:16:14,822] {scheduler_job.py:643} INFO - DAG(s) dict_keys(['example_complex']) retrieved from /Users/pierre-olivierboisvert/Desktop/GIT/Spotify-ETL/env/lib/python3.8/site-packages/airflow/example_dags/example_complex.py
[2021-07-12 14:16:14,864] {logging_mixin.py:104} INFO - [2021-07-12 14:16:14,864] {dag.py:1833} INFO - Sync 1 DAGs
[2021-07-12 14:16:14,876] {logging_mixin.py:104} INFO - [2021-07-12 14:16:14,876] {dag.py:2306} INFO - Setting next_dagrun for example_complex to None
[2021-07-12 14:16:14,888] {scheduler_job.py:190} INFO - Processing /Users/pierre-olivierboisvert/Desktop/GIT/Spotify-ETL/env/lib/python3.8/site-packages/airflow/example_dags/example_complex.py took 0.087 seconds
[2021-07-12 14:19:28,500] {scheduler_job.py:182} INFO - Started process (PID=68737) to work on /Users/pierre-olivierboisvert/Desktop/GIT/Spotify-ETL/env/lib/python3.8/site-packages/airflow/example_dags/example_complex.py
[2021-07-12 14:19:28,501] {scheduler_job.py:633} INFO - Processing file /Users/pierre-olivierboisvert/Desktop/GIT/Spotify-ETL/env/lib/python3.8/site-packages/airflow/example_dags/example_complex.py for tasks to queue
[2021-07-12 14:19:28,501] {logging_mixin.py:104} INFO - [2021-07-12 14:19:28,501] {dagbag.py:496} INFO - Filling up the DagBag from /Users/pierre-olivierboisvert/Desktop/GIT/Spotify-ETL/env/lib/python3.8/site-packages/airflow/example_dags/example_complex.py
[2021-07-12 14:19:28,516] {scheduler_job.py:643} INFO - DAG(s) dict_keys(['example_complex']) retrieved from /Users/pierre-olivierboisvert/Desktop/GIT/Spotify-ETL/env/lib/python3.8/site-packages/airflow/example_dags/example_complex.py
[2021-07-12 14:19:28,561] {logging_mixin.py:104} INFO - [2021-07-12 14:19:28,561] {dag.py:1833} INFO - Sync 1 DAGs
[2021-07-12 14:19:28,571] {logging_mixin.py:104} INFO - [2021-07-12 14:19:28,571] {dag.py:2306} INFO - Setting next_dagrun for example_complex to None
[2021-07-12 14:19:28,586] {scheduler_job.py:190} INFO - Processing /Users/pierre-olivierboisvert/Desktop/GIT/Spotify-ETL/env/lib/python3.8/site-packages/airflow/example_dags/example_complex.py took 0.087 seconds
[2021-07-12 14:23:14,086] {scheduler_job.py:182} INFO - Started process (PID=69156) to work on /Users/pierre-olivierboisvert/Desktop/GIT/Spotify-ETL/env/lib/python3.8/site-packages/airflow/example_dags/example_complex.py
[2021-07-12 14:23:14,091] {scheduler_job.py:633} INFO - Processing file /Users/pierre-olivierboisvert/Desktop/GIT/Spotify-ETL/env/lib/python3.8/site-packages/airflow/example_dags/example_complex.py for tasks to queue
[2021-07-12 14:23:14,092] {logging_mixin.py:104} INFO - [2021-07-12 14:23:14,092] {dagbag.py:496} INFO - Filling up the DagBag from /Users/pierre-olivierboisvert/Desktop/GIT/Spotify-ETL/env/lib/python3.8/site-packages/airflow/example_dags/example_complex.py
[2021-07-12 14:23:14,110] {scheduler_job.py:643} INFO - DAG(s) dict_keys(['example_complex']) retrieved from /Users/pierre-olivierboisvert/Desktop/GIT/Spotify-ETL/env/lib/python3.8/site-packages/airflow/example_dags/example_complex.py
[2021-07-12 14:23:14,162] {logging_mixin.py:104} INFO - [2021-07-12 14:23:14,162] {dag.py:1833} INFO - Sync 1 DAGs
[2021-07-12 14:23:14,172] {logging_mixin.py:104} INFO - [2021-07-12 14:23:14,171] {dag.py:2306} INFO - Setting next_dagrun for example_complex to None
[2021-07-12 14:23:14,184] {scheduler_job.py:190} INFO - Processing /Users/pierre-olivierboisvert/Desktop/GIT/Spotify-ETL/env/lib/python3.8/site-packages/airflow/example_dags/example_complex.py took 0.098 seconds
