[2021-07-12 13:39:48,759] {scheduler_job.py:182} INFO - Started process (PID=65727) to work on /Users/pierre-olivierboisvert/Desktop/GIT/Spotify-ETL/env/lib/python3.8/site-packages/airflow/example_dags/example_kubernetes_executor.py
[2021-07-12 13:39:48,760] {scheduler_job.py:633} INFO - Processing file /Users/pierre-olivierboisvert/Desktop/GIT/Spotify-ETL/env/lib/python3.8/site-packages/airflow/example_dags/example_kubernetes_executor.py for tasks to queue
[2021-07-12 13:39:48,760] {logging_mixin.py:104} INFO - [2021-07-12 13:39:48,760] {dagbag.py:496} INFO - Filling up the DagBag from /Users/pierre-olivierboisvert/Desktop/GIT/Spotify-ETL/env/lib/python3.8/site-packages/airflow/example_dags/example_kubernetes_executor.py
[2021-07-12 13:39:48,771] {scheduler_job.py:643} INFO - DAG(s) dict_keys(['example_kubernetes_executor']) retrieved from /Users/pierre-olivierboisvert/Desktop/GIT/Spotify-ETL/env/lib/python3.8/site-packages/airflow/example_dags/example_kubernetes_executor.py
[2021-07-12 13:39:48,815] {logging_mixin.py:104} INFO - [2021-07-12 13:39:48,815] {dag.py:1833} INFO - Sync 1 DAGs
[2021-07-12 13:39:48,825] {logging_mixin.py:104} INFO - [2021-07-12 13:39:48,825] {dag.py:2306} INFO - Setting next_dagrun for example_kubernetes_executor to None
[2021-07-12 13:39:48,838] {scheduler_job.py:190} INFO - Processing /Users/pierre-olivierboisvert/Desktop/GIT/Spotify-ETL/env/lib/python3.8/site-packages/airflow/example_dags/example_kubernetes_executor.py took 0.080 seconds
[2021-07-12 13:41:32,837] {scheduler_job.py:182} INFO - Started process (PID=65933) to work on /Users/pierre-olivierboisvert/Desktop/GIT/Spotify-ETL/env/lib/python3.8/site-packages/airflow/example_dags/example_kubernetes_executor.py
[2021-07-12 13:41:32,838] {scheduler_job.py:633} INFO - Processing file /Users/pierre-olivierboisvert/Desktop/GIT/Spotify-ETL/env/lib/python3.8/site-packages/airflow/example_dags/example_kubernetes_executor.py for tasks to queue
[2021-07-12 13:41:32,839] {logging_mixin.py:104} INFO - [2021-07-12 13:41:32,839] {dagbag.py:496} INFO - Filling up the DagBag from /Users/pierre-olivierboisvert/Desktop/GIT/Spotify-ETL/env/lib/python3.8/site-packages/airflow/example_dags/example_kubernetes_executor.py
[2021-07-12 13:41:32,851] {scheduler_job.py:643} INFO - DAG(s) dict_keys(['example_kubernetes_executor']) retrieved from /Users/pierre-olivierboisvert/Desktop/GIT/Spotify-ETL/env/lib/python3.8/site-packages/airflow/example_dags/example_kubernetes_executor.py
[2021-07-12 13:41:32,886] {logging_mixin.py:104} INFO - [2021-07-12 13:41:32,885] {dag.py:1833} INFO - Sync 1 DAGs
[2021-07-12 13:41:32,893] {logging_mixin.py:104} INFO - [2021-07-12 13:41:32,893] {dag.py:2306} INFO - Setting next_dagrun for example_kubernetes_executor to None
[2021-07-12 13:41:32,907] {scheduler_job.py:190} INFO - Processing /Users/pierre-olivierboisvert/Desktop/GIT/Spotify-ETL/env/lib/python3.8/site-packages/airflow/example_dags/example_kubernetes_executor.py took 0.071 seconds
[2021-07-12 13:42:42,803] {scheduler_job.py:182} INFO - Started process (PID=65999) to work on /Users/pierre-olivierboisvert/Desktop/GIT/Spotify-ETL/env/lib/python3.8/site-packages/airflow/example_dags/example_kubernetes_executor.py
[2021-07-12 13:42:42,804] {scheduler_job.py:633} INFO - Processing file /Users/pierre-olivierboisvert/Desktop/GIT/Spotify-ETL/env/lib/python3.8/site-packages/airflow/example_dags/example_kubernetes_executor.py for tasks to queue
[2021-07-12 13:42:42,804] {logging_mixin.py:104} INFO - [2021-07-12 13:42:42,804] {dagbag.py:496} INFO - Filling up the DagBag from /Users/pierre-olivierboisvert/Desktop/GIT/Spotify-ETL/env/lib/python3.8/site-packages/airflow/example_dags/example_kubernetes_executor.py
[2021-07-12 13:42:42,815] {scheduler_job.py:643} INFO - DAG(s) dict_keys(['example_kubernetes_executor']) retrieved from /Users/pierre-olivierboisvert/Desktop/GIT/Spotify-ETL/env/lib/python3.8/site-packages/airflow/example_dags/example_kubernetes_executor.py
[2021-07-12 13:42:42,850] {logging_mixin.py:104} INFO - [2021-07-12 13:42:42,850] {dag.py:1833} INFO - Sync 1 DAGs
[2021-07-12 13:42:42,858] {logging_mixin.py:104} INFO - [2021-07-12 13:42:42,858] {dag.py:2306} INFO - Setting next_dagrun for example_kubernetes_executor to None
[2021-07-12 13:42:42,870] {scheduler_job.py:190} INFO - Processing /Users/pierre-olivierboisvert/Desktop/GIT/Spotify-ETL/env/lib/python3.8/site-packages/airflow/example_dags/example_kubernetes_executor.py took 0.068 seconds
[2021-07-12 13:43:49,517] {scheduler_job.py:182} INFO - Started process (PID=66063) to work on /Users/pierre-olivierboisvert/Desktop/GIT/Spotify-ETL/env/lib/python3.8/site-packages/airflow/example_dags/example_kubernetes_executor.py
[2021-07-12 13:43:49,518] {scheduler_job.py:633} INFO - Processing file /Users/pierre-olivierboisvert/Desktop/GIT/Spotify-ETL/env/lib/python3.8/site-packages/airflow/example_dags/example_kubernetes_executor.py for tasks to queue
[2021-07-12 13:43:49,518] {logging_mixin.py:104} INFO - [2021-07-12 13:43:49,518] {dagbag.py:496} INFO - Filling up the DagBag from /Users/pierre-olivierboisvert/Desktop/GIT/Spotify-ETL/env/lib/python3.8/site-packages/airflow/example_dags/example_kubernetes_executor.py
[2021-07-12 13:43:49,527] {scheduler_job.py:643} INFO - DAG(s) dict_keys(['example_kubernetes_executor']) retrieved from /Users/pierre-olivierboisvert/Desktop/GIT/Spotify-ETL/env/lib/python3.8/site-packages/airflow/example_dags/example_kubernetes_executor.py
[2021-07-12 13:43:49,567] {logging_mixin.py:104} INFO - [2021-07-12 13:43:49,567] {dag.py:1833} INFO - Sync 1 DAGs
[2021-07-12 13:43:49,575] {logging_mixin.py:104} INFO - [2021-07-12 13:43:49,574] {dag.py:2306} INFO - Setting next_dagrun for example_kubernetes_executor to None
[2021-07-12 13:43:49,587] {scheduler_job.py:190} INFO - Processing /Users/pierre-olivierboisvert/Desktop/GIT/Spotify-ETL/env/lib/python3.8/site-packages/airflow/example_dags/example_kubernetes_executor.py took 0.070 seconds
[2021-07-12 13:44:59,255] {scheduler_job.py:182} INFO - Started process (PID=66133) to work on /Users/pierre-olivierboisvert/Desktop/GIT/Spotify-ETL/env/lib/python3.8/site-packages/airflow/example_dags/example_kubernetes_executor.py
[2021-07-12 13:44:59,255] {scheduler_job.py:633} INFO - Processing file /Users/pierre-olivierboisvert/Desktop/GIT/Spotify-ETL/env/lib/python3.8/site-packages/airflow/example_dags/example_kubernetes_executor.py for tasks to queue
[2021-07-12 13:44:59,256] {logging_mixin.py:104} INFO - [2021-07-12 13:44:59,256] {dagbag.py:496} INFO - Filling up the DagBag from /Users/pierre-olivierboisvert/Desktop/GIT/Spotify-ETL/env/lib/python3.8/site-packages/airflow/example_dags/example_kubernetes_executor.py
[2021-07-12 13:44:59,266] {scheduler_job.py:643} INFO - DAG(s) dict_keys(['example_kubernetes_executor']) retrieved from /Users/pierre-olivierboisvert/Desktop/GIT/Spotify-ETL/env/lib/python3.8/site-packages/airflow/example_dags/example_kubernetes_executor.py
[2021-07-12 13:44:59,301] {logging_mixin.py:104} INFO - [2021-07-12 13:44:59,301] {dag.py:1833} INFO - Sync 1 DAGs
[2021-07-12 13:44:59,310] {logging_mixin.py:104} INFO - [2021-07-12 13:44:59,310] {dag.py:2306} INFO - Setting next_dagrun for example_kubernetes_executor to None
[2021-07-12 13:44:59,325] {scheduler_job.py:190} INFO - Processing /Users/pierre-olivierboisvert/Desktop/GIT/Spotify-ETL/env/lib/python3.8/site-packages/airflow/example_dags/example_kubernetes_executor.py took 0.071 seconds
[2021-07-12 13:46:05,412] {scheduler_job.py:182} INFO - Started process (PID=66198) to work on /Users/pierre-olivierboisvert/Desktop/GIT/Spotify-ETL/env/lib/python3.8/site-packages/airflow/example_dags/example_kubernetes_executor.py
[2021-07-12 13:46:05,412] {scheduler_job.py:633} INFO - Processing file /Users/pierre-olivierboisvert/Desktop/GIT/Spotify-ETL/env/lib/python3.8/site-packages/airflow/example_dags/example_kubernetes_executor.py for tasks to queue
[2021-07-12 13:46:05,412] {logging_mixin.py:104} INFO - [2021-07-12 13:46:05,412] {dagbag.py:496} INFO - Filling up the DagBag from /Users/pierre-olivierboisvert/Desktop/GIT/Spotify-ETL/env/lib/python3.8/site-packages/airflow/example_dags/example_kubernetes_executor.py
[2021-07-12 13:46:05,421] {scheduler_job.py:643} INFO - DAG(s) dict_keys(['example_kubernetes_executor']) retrieved from /Users/pierre-olivierboisvert/Desktop/GIT/Spotify-ETL/env/lib/python3.8/site-packages/airflow/example_dags/example_kubernetes_executor.py
[2021-07-12 13:46:05,461] {logging_mixin.py:104} INFO - [2021-07-12 13:46:05,461] {dag.py:1833} INFO - Sync 1 DAGs
[2021-07-12 13:46:05,469] {logging_mixin.py:104} INFO - [2021-07-12 13:46:05,469] {dag.py:2306} INFO - Setting next_dagrun for example_kubernetes_executor to None
[2021-07-12 13:46:05,481] {scheduler_job.py:190} INFO - Processing /Users/pierre-olivierboisvert/Desktop/GIT/Spotify-ETL/env/lib/python3.8/site-packages/airflow/example_dags/example_kubernetes_executor.py took 0.070 seconds
[2021-07-12 13:47:15,943] {scheduler_job.py:182} INFO - Started process (PID=66268) to work on /Users/pierre-olivierboisvert/Desktop/GIT/Spotify-ETL/env/lib/python3.8/site-packages/airflow/example_dags/example_kubernetes_executor.py
[2021-07-12 13:47:15,943] {scheduler_job.py:633} INFO - Processing file /Users/pierre-olivierboisvert/Desktop/GIT/Spotify-ETL/env/lib/python3.8/site-packages/airflow/example_dags/example_kubernetes_executor.py for tasks to queue
[2021-07-12 13:47:15,944] {logging_mixin.py:104} INFO - [2021-07-12 13:47:15,943] {dagbag.py:496} INFO - Filling up the DagBag from /Users/pierre-olivierboisvert/Desktop/GIT/Spotify-ETL/env/lib/python3.8/site-packages/airflow/example_dags/example_kubernetes_executor.py
[2021-07-12 13:47:15,953] {scheduler_job.py:643} INFO - DAG(s) dict_keys(['example_kubernetes_executor']) retrieved from /Users/pierre-olivierboisvert/Desktop/GIT/Spotify-ETL/env/lib/python3.8/site-packages/airflow/example_dags/example_kubernetes_executor.py
[2021-07-12 13:47:15,993] {logging_mixin.py:104} INFO - [2021-07-12 13:47:15,992] {dag.py:1833} INFO - Sync 1 DAGs
[2021-07-12 13:47:16,000] {logging_mixin.py:104} INFO - [2021-07-12 13:47:16,000] {dag.py:2306} INFO - Setting next_dagrun for example_kubernetes_executor to None
[2021-07-12 13:47:16,014] {scheduler_job.py:190} INFO - Processing /Users/pierre-olivierboisvert/Desktop/GIT/Spotify-ETL/env/lib/python3.8/site-packages/airflow/example_dags/example_kubernetes_executor.py took 0.072 seconds
[2021-07-12 13:48:27,224] {scheduler_job.py:182} INFO - Started process (PID=66343) to work on /Users/pierre-olivierboisvert/Desktop/GIT/Spotify-ETL/env/lib/python3.8/site-packages/airflow/example_dags/example_kubernetes_executor.py
[2021-07-12 13:48:27,224] {scheduler_job.py:633} INFO - Processing file /Users/pierre-olivierboisvert/Desktop/GIT/Spotify-ETL/env/lib/python3.8/site-packages/airflow/example_dags/example_kubernetes_executor.py for tasks to queue
[2021-07-12 13:48:27,225] {logging_mixin.py:104} INFO - [2021-07-12 13:48:27,225] {dagbag.py:496} INFO - Filling up the DagBag from /Users/pierre-olivierboisvert/Desktop/GIT/Spotify-ETL/env/lib/python3.8/site-packages/airflow/example_dags/example_kubernetes_executor.py
[2021-07-12 13:48:27,234] {scheduler_job.py:643} INFO - DAG(s) dict_keys(['example_kubernetes_executor']) retrieved from /Users/pierre-olivierboisvert/Desktop/GIT/Spotify-ETL/env/lib/python3.8/site-packages/airflow/example_dags/example_kubernetes_executor.py
[2021-07-12 13:48:27,269] {logging_mixin.py:104} INFO - [2021-07-12 13:48:27,269] {dag.py:1833} INFO - Sync 1 DAGs
[2021-07-12 13:48:27,276] {logging_mixin.py:104} INFO - [2021-07-12 13:48:27,276] {dag.py:2306} INFO - Setting next_dagrun for example_kubernetes_executor to None
[2021-07-12 13:48:27,291] {scheduler_job.py:190} INFO - Processing /Users/pierre-olivierboisvert/Desktop/GIT/Spotify-ETL/env/lib/python3.8/site-packages/airflow/example_dags/example_kubernetes_executor.py took 0.068 seconds
[2021-07-12 13:50:00,951] {scheduler_job.py:182} INFO - Started process (PID=66445) to work on /Users/pierre-olivierboisvert/Desktop/GIT/Spotify-ETL/env/lib/python3.8/site-packages/airflow/example_dags/example_kubernetes_executor.py
[2021-07-12 13:50:00,953] {scheduler_job.py:633} INFO - Processing file /Users/pierre-olivierboisvert/Desktop/GIT/Spotify-ETL/env/lib/python3.8/site-packages/airflow/example_dags/example_kubernetes_executor.py for tasks to queue
[2021-07-12 13:50:00,954] {logging_mixin.py:104} INFO - [2021-07-12 13:50:00,954] {dagbag.py:496} INFO - Filling up the DagBag from /Users/pierre-olivierboisvert/Desktop/GIT/Spotify-ETL/env/lib/python3.8/site-packages/airflow/example_dags/example_kubernetes_executor.py
[2021-07-12 13:50:00,964] {scheduler_job.py:643} INFO - DAG(s) dict_keys(['example_kubernetes_executor']) retrieved from /Users/pierre-olivierboisvert/Desktop/GIT/Spotify-ETL/env/lib/python3.8/site-packages/airflow/example_dags/example_kubernetes_executor.py
[2021-07-12 13:50:00,999] {logging_mixin.py:104} INFO - [2021-07-12 13:50:00,999] {dag.py:1833} INFO - Sync 1 DAGs
[2021-07-12 13:50:01,007] {logging_mixin.py:104} INFO - [2021-07-12 13:50:01,007] {dag.py:2306} INFO - Setting next_dagrun for example_kubernetes_executor to None
[2021-07-12 13:50:01,015] {scheduler_job.py:190} INFO - Processing /Users/pierre-olivierboisvert/Desktop/GIT/Spotify-ETL/env/lib/python3.8/site-packages/airflow/example_dags/example_kubernetes_executor.py took 0.065 seconds
[2021-07-12 13:51:13,277] {scheduler_job.py:182} INFO - Started process (PID=66515) to work on /Users/pierre-olivierboisvert/Desktop/GIT/Spotify-ETL/env/lib/python3.8/site-packages/airflow/example_dags/example_kubernetes_executor.py
[2021-07-12 13:51:13,277] {scheduler_job.py:633} INFO - Processing file /Users/pierre-olivierboisvert/Desktop/GIT/Spotify-ETL/env/lib/python3.8/site-packages/airflow/example_dags/example_kubernetes_executor.py for tasks to queue
[2021-07-12 13:51:13,278] {logging_mixin.py:104} INFO - [2021-07-12 13:51:13,278] {dagbag.py:496} INFO - Filling up the DagBag from /Users/pierre-olivierboisvert/Desktop/GIT/Spotify-ETL/env/lib/python3.8/site-packages/airflow/example_dags/example_kubernetes_executor.py
[2021-07-12 13:51:13,288] {scheduler_job.py:643} INFO - DAG(s) dict_keys(['example_kubernetes_executor']) retrieved from /Users/pierre-olivierboisvert/Desktop/GIT/Spotify-ETL/env/lib/python3.8/site-packages/airflow/example_dags/example_kubernetes_executor.py
[2021-07-12 13:51:13,330] {logging_mixin.py:104} INFO - [2021-07-12 13:51:13,329] {dag.py:1833} INFO - Sync 1 DAGs
[2021-07-12 13:51:13,338] {logging_mixin.py:104} INFO - [2021-07-12 13:51:13,338] {dag.py:2306} INFO - Setting next_dagrun for example_kubernetes_executor to None
[2021-07-12 13:51:13,352] {scheduler_job.py:190} INFO - Processing /Users/pierre-olivierboisvert/Desktop/GIT/Spotify-ETL/env/lib/python3.8/site-packages/airflow/example_dags/example_kubernetes_executor.py took 0.075 seconds
[2021-07-12 13:52:35,757] {scheduler_job.py:182} INFO - Started process (PID=66627) to work on /Users/pierre-olivierboisvert/Desktop/GIT/Spotify-ETL/env/lib/python3.8/site-packages/airflow/example_dags/example_kubernetes_executor.py
[2021-07-12 13:52:35,758] {scheduler_job.py:633} INFO - Processing file /Users/pierre-olivierboisvert/Desktop/GIT/Spotify-ETL/env/lib/python3.8/site-packages/airflow/example_dags/example_kubernetes_executor.py for tasks to queue
[2021-07-12 13:52:35,758] {logging_mixin.py:104} INFO - [2021-07-12 13:52:35,758] {dagbag.py:496} INFO - Filling up the DagBag from /Users/pierre-olivierboisvert/Desktop/GIT/Spotify-ETL/env/lib/python3.8/site-packages/airflow/example_dags/example_kubernetes_executor.py
[2021-07-12 13:52:35,770] {scheduler_job.py:643} INFO - DAG(s) dict_keys(['example_kubernetes_executor']) retrieved from /Users/pierre-olivierboisvert/Desktop/GIT/Spotify-ETL/env/lib/python3.8/site-packages/airflow/example_dags/example_kubernetes_executor.py
[2021-07-12 13:52:35,822] {logging_mixin.py:104} INFO - [2021-07-12 13:52:35,822] {dag.py:1833} INFO - Sync 1 DAGs
[2021-07-12 13:52:35,832] {logging_mixin.py:104} INFO - [2021-07-12 13:52:35,832] {dag.py:2306} INFO - Setting next_dagrun for example_kubernetes_executor to None
[2021-07-12 13:52:35,847] {scheduler_job.py:190} INFO - Processing /Users/pierre-olivierboisvert/Desktop/GIT/Spotify-ETL/env/lib/python3.8/site-packages/airflow/example_dags/example_kubernetes_executor.py took 0.091 seconds
[2021-07-12 13:54:05,217] {scheduler_job.py:182} INFO - Started process (PID=66882) to work on /Users/pierre-olivierboisvert/Desktop/GIT/Spotify-ETL/env/lib/python3.8/site-packages/airflow/example_dags/example_kubernetes_executor.py
[2021-07-12 13:54:05,218] {scheduler_job.py:633} INFO - Processing file /Users/pierre-olivierboisvert/Desktop/GIT/Spotify-ETL/env/lib/python3.8/site-packages/airflow/example_dags/example_kubernetes_executor.py for tasks to queue
[2021-07-12 13:54:05,218] {logging_mixin.py:104} INFO - [2021-07-12 13:54:05,218] {dagbag.py:496} INFO - Filling up the DagBag from /Users/pierre-olivierboisvert/Desktop/GIT/Spotify-ETL/env/lib/python3.8/site-packages/airflow/example_dags/example_kubernetes_executor.py
[2021-07-12 13:54:05,228] {scheduler_job.py:643} INFO - DAG(s) dict_keys(['example_kubernetes_executor']) retrieved from /Users/pierre-olivierboisvert/Desktop/GIT/Spotify-ETL/env/lib/python3.8/site-packages/airflow/example_dags/example_kubernetes_executor.py
[2021-07-12 13:54:05,271] {logging_mixin.py:104} INFO - [2021-07-12 13:54:05,271] {dag.py:1833} INFO - Sync 1 DAGs
[2021-07-12 13:54:05,280] {logging_mixin.py:104} INFO - [2021-07-12 13:54:05,280] {dag.py:2306} INFO - Setting next_dagrun for example_kubernetes_executor to None
[2021-07-12 13:54:05,293] {scheduler_job.py:190} INFO - Processing /Users/pierre-olivierboisvert/Desktop/GIT/Spotify-ETL/env/lib/python3.8/site-packages/airflow/example_dags/example_kubernetes_executor.py took 0.076 seconds
[2021-07-12 13:55:23,227] {scheduler_job.py:182} INFO - Started process (PID=66977) to work on /Users/pierre-olivierboisvert/Desktop/GIT/Spotify-ETL/env/lib/python3.8/site-packages/airflow/example_dags/example_kubernetes_executor.py
[2021-07-12 13:55:23,228] {scheduler_job.py:633} INFO - Processing file /Users/pierre-olivierboisvert/Desktop/GIT/Spotify-ETL/env/lib/python3.8/site-packages/airflow/example_dags/example_kubernetes_executor.py for tasks to queue
[2021-07-12 13:55:23,228] {logging_mixin.py:104} INFO - [2021-07-12 13:55:23,228] {dagbag.py:496} INFO - Filling up the DagBag from /Users/pierre-olivierboisvert/Desktop/GIT/Spotify-ETL/env/lib/python3.8/site-packages/airflow/example_dags/example_kubernetes_executor.py
[2021-07-12 13:55:23,237] {scheduler_job.py:643} INFO - DAG(s) dict_keys(['example_kubernetes_executor']) retrieved from /Users/pierre-olivierboisvert/Desktop/GIT/Spotify-ETL/env/lib/python3.8/site-packages/airflow/example_dags/example_kubernetes_executor.py
[2021-07-12 13:55:23,276] {logging_mixin.py:104} INFO - [2021-07-12 13:55:23,276] {dag.py:1833} INFO - Sync 1 DAGs
[2021-07-12 13:55:23,286] {logging_mixin.py:104} INFO - [2021-07-12 13:55:23,286] {dag.py:2306} INFO - Setting next_dagrun for example_kubernetes_executor to None
[2021-07-12 13:55:23,298] {scheduler_job.py:190} INFO - Processing /Users/pierre-olivierboisvert/Desktop/GIT/Spotify-ETL/env/lib/python3.8/site-packages/airflow/example_dags/example_kubernetes_executor.py took 0.071 seconds
[2021-07-12 13:56:35,439] {scheduler_job.py:182} INFO - Started process (PID=67047) to work on /Users/pierre-olivierboisvert/Desktop/GIT/Spotify-ETL/env/lib/python3.8/site-packages/airflow/example_dags/example_kubernetes_executor.py
[2021-07-12 13:56:35,440] {scheduler_job.py:633} INFO - Processing file /Users/pierre-olivierboisvert/Desktop/GIT/Spotify-ETL/env/lib/python3.8/site-packages/airflow/example_dags/example_kubernetes_executor.py for tasks to queue
[2021-07-12 13:56:35,440] {logging_mixin.py:104} INFO - [2021-07-12 13:56:35,440] {dagbag.py:496} INFO - Filling up the DagBag from /Users/pierre-olivierboisvert/Desktop/GIT/Spotify-ETL/env/lib/python3.8/site-packages/airflow/example_dags/example_kubernetes_executor.py
[2021-07-12 13:56:35,450] {scheduler_job.py:643} INFO - DAG(s) dict_keys(['example_kubernetes_executor']) retrieved from /Users/pierre-olivierboisvert/Desktop/GIT/Spotify-ETL/env/lib/python3.8/site-packages/airflow/example_dags/example_kubernetes_executor.py
[2021-07-12 13:56:35,493] {logging_mixin.py:104} INFO - [2021-07-12 13:56:35,493] {dag.py:1833} INFO - Sync 1 DAGs
[2021-07-12 13:56:35,501] {logging_mixin.py:104} INFO - [2021-07-12 13:56:35,501] {dag.py:2306} INFO - Setting next_dagrun for example_kubernetes_executor to None
[2021-07-12 13:56:35,511] {scheduler_job.py:190} INFO - Processing /Users/pierre-olivierboisvert/Desktop/GIT/Spotify-ETL/env/lib/python3.8/site-packages/airflow/example_dags/example_kubernetes_executor.py took 0.072 seconds
[2021-07-12 13:57:54,199] {scheduler_job.py:182} INFO - Started process (PID=67120) to work on /Users/pierre-olivierboisvert/Desktop/GIT/Spotify-ETL/env/lib/python3.8/site-packages/airflow/example_dags/example_kubernetes_executor.py
[2021-07-12 13:57:54,199] {scheduler_job.py:633} INFO - Processing file /Users/pierre-olivierboisvert/Desktop/GIT/Spotify-ETL/env/lib/python3.8/site-packages/airflow/example_dags/example_kubernetes_executor.py for tasks to queue
[2021-07-12 13:57:54,200] {logging_mixin.py:104} INFO - [2021-07-12 13:57:54,200] {dagbag.py:496} INFO - Filling up the DagBag from /Users/pierre-olivierboisvert/Desktop/GIT/Spotify-ETL/env/lib/python3.8/site-packages/airflow/example_dags/example_kubernetes_executor.py
[2021-07-12 13:57:54,209] {scheduler_job.py:643} INFO - DAG(s) dict_keys(['example_kubernetes_executor']) retrieved from /Users/pierre-olivierboisvert/Desktop/GIT/Spotify-ETL/env/lib/python3.8/site-packages/airflow/example_dags/example_kubernetes_executor.py
[2021-07-12 13:57:54,249] {logging_mixin.py:104} INFO - [2021-07-12 13:57:54,249] {dag.py:1833} INFO - Sync 1 DAGs
[2021-07-12 13:57:54,258] {logging_mixin.py:104} INFO - [2021-07-12 13:57:54,257] {dag.py:2306} INFO - Setting next_dagrun for example_kubernetes_executor to None
[2021-07-12 13:57:54,272] {scheduler_job.py:190} INFO - Processing /Users/pierre-olivierboisvert/Desktop/GIT/Spotify-ETL/env/lib/python3.8/site-packages/airflow/example_dags/example_kubernetes_executor.py took 0.073 seconds
[2021-07-12 13:59:25,592] {scheduler_job.py:182} INFO - Started process (PID=67207) to work on /Users/pierre-olivierboisvert/Desktop/GIT/Spotify-ETL/env/lib/python3.8/site-packages/airflow/example_dags/example_kubernetes_executor.py
[2021-07-12 13:59:25,592] {scheduler_job.py:633} INFO - Processing file /Users/pierre-olivierboisvert/Desktop/GIT/Spotify-ETL/env/lib/python3.8/site-packages/airflow/example_dags/example_kubernetes_executor.py for tasks to queue
[2021-07-12 13:59:25,592] {logging_mixin.py:104} INFO - [2021-07-12 13:59:25,592] {dagbag.py:496} INFO - Filling up the DagBag from /Users/pierre-olivierboisvert/Desktop/GIT/Spotify-ETL/env/lib/python3.8/site-packages/airflow/example_dags/example_kubernetes_executor.py
[2021-07-12 13:59:25,602] {scheduler_job.py:643} INFO - DAG(s) dict_keys(['example_kubernetes_executor']) retrieved from /Users/pierre-olivierboisvert/Desktop/GIT/Spotify-ETL/env/lib/python3.8/site-packages/airflow/example_dags/example_kubernetes_executor.py
[2021-07-12 13:59:25,641] {logging_mixin.py:104} INFO - [2021-07-12 13:59:25,641] {dag.py:1833} INFO - Sync 1 DAGs
[2021-07-12 13:59:25,649] {logging_mixin.py:104} INFO - [2021-07-12 13:59:25,649] {dag.py:2306} INFO - Setting next_dagrun for example_kubernetes_executor to None
[2021-07-12 13:59:25,662] {scheduler_job.py:190} INFO - Processing /Users/pierre-olivierboisvert/Desktop/GIT/Spotify-ETL/env/lib/python3.8/site-packages/airflow/example_dags/example_kubernetes_executor.py took 0.071 seconds
[2021-07-12 14:00:51,007] {scheduler_job.py:182} INFO - Started process (PID=67283) to work on /Users/pierre-olivierboisvert/Desktop/GIT/Spotify-ETL/env/lib/python3.8/site-packages/airflow/example_dags/example_kubernetes_executor.py
[2021-07-12 14:00:51,007] {scheduler_job.py:633} INFO - Processing file /Users/pierre-olivierboisvert/Desktop/GIT/Spotify-ETL/env/lib/python3.8/site-packages/airflow/example_dags/example_kubernetes_executor.py for tasks to queue
[2021-07-12 14:00:51,008] {logging_mixin.py:104} INFO - [2021-07-12 14:00:51,008] {dagbag.py:496} INFO - Filling up the DagBag from /Users/pierre-olivierboisvert/Desktop/GIT/Spotify-ETL/env/lib/python3.8/site-packages/airflow/example_dags/example_kubernetes_executor.py
[2021-07-12 14:00:51,020] {scheduler_job.py:643} INFO - DAG(s) dict_keys(['example_kubernetes_executor']) retrieved from /Users/pierre-olivierboisvert/Desktop/GIT/Spotify-ETL/env/lib/python3.8/site-packages/airflow/example_dags/example_kubernetes_executor.py
[2021-07-12 14:00:51,060] {logging_mixin.py:104} INFO - [2021-07-12 14:00:51,060] {dag.py:1833} INFO - Sync 1 DAGs
[2021-07-12 14:00:51,070] {logging_mixin.py:104} INFO - [2021-07-12 14:00:51,070] {dag.py:2306} INFO - Setting next_dagrun for example_kubernetes_executor to None
[2021-07-12 14:00:51,082] {scheduler_job.py:190} INFO - Processing /Users/pierre-olivierboisvert/Desktop/GIT/Spotify-ETL/env/lib/python3.8/site-packages/airflow/example_dags/example_kubernetes_executor.py took 0.077 seconds
[2021-07-12 14:02:12,729] {scheduler_job.py:182} INFO - Started process (PID=67357) to work on /Users/pierre-olivierboisvert/Desktop/GIT/Spotify-ETL/env/lib/python3.8/site-packages/airflow/example_dags/example_kubernetes_executor.py
[2021-07-12 14:02:12,729] {scheduler_job.py:633} INFO - Processing file /Users/pierre-olivierboisvert/Desktop/GIT/Spotify-ETL/env/lib/python3.8/site-packages/airflow/example_dags/example_kubernetes_executor.py for tasks to queue
[2021-07-12 14:02:12,730] {logging_mixin.py:104} INFO - [2021-07-12 14:02:12,730] {dagbag.py:496} INFO - Filling up the DagBag from /Users/pierre-olivierboisvert/Desktop/GIT/Spotify-ETL/env/lib/python3.8/site-packages/airflow/example_dags/example_kubernetes_executor.py
[2021-07-12 14:02:12,746] {scheduler_job.py:643} INFO - DAG(s) dict_keys(['example_kubernetes_executor']) retrieved from /Users/pierre-olivierboisvert/Desktop/GIT/Spotify-ETL/env/lib/python3.8/site-packages/airflow/example_dags/example_kubernetes_executor.py
[2021-07-12 14:02:12,824] {logging_mixin.py:104} INFO - [2021-07-12 14:02:12,824] {dag.py:1833} INFO - Sync 1 DAGs
[2021-07-12 14:02:12,838] {logging_mixin.py:104} INFO - [2021-07-12 14:02:12,838] {dag.py:2306} INFO - Setting next_dagrun for example_kubernetes_executor to None
[2021-07-12 14:02:12,854] {scheduler_job.py:190} INFO - Processing /Users/pierre-olivierboisvert/Desktop/GIT/Spotify-ETL/env/lib/python3.8/site-packages/airflow/example_dags/example_kubernetes_executor.py took 0.126 seconds
[2021-07-12 14:03:35,757] {scheduler_job.py:182} INFO - Started process (PID=67429) to work on /Users/pierre-olivierboisvert/Desktop/GIT/Spotify-ETL/env/lib/python3.8/site-packages/airflow/example_dags/example_kubernetes_executor.py
[2021-07-12 14:03:35,757] {scheduler_job.py:633} INFO - Processing file /Users/pierre-olivierboisvert/Desktop/GIT/Spotify-ETL/env/lib/python3.8/site-packages/airflow/example_dags/example_kubernetes_executor.py for tasks to queue
[2021-07-12 14:03:35,758] {logging_mixin.py:104} INFO - [2021-07-12 14:03:35,758] {dagbag.py:496} INFO - Filling up the DagBag from /Users/pierre-olivierboisvert/Desktop/GIT/Spotify-ETL/env/lib/python3.8/site-packages/airflow/example_dags/example_kubernetes_executor.py
[2021-07-12 14:03:35,771] {scheduler_job.py:643} INFO - DAG(s) dict_keys(['example_kubernetes_executor']) retrieved from /Users/pierre-olivierboisvert/Desktop/GIT/Spotify-ETL/env/lib/python3.8/site-packages/airflow/example_dags/example_kubernetes_executor.py
[2021-07-12 14:03:35,813] {logging_mixin.py:104} INFO - [2021-07-12 14:03:35,813] {dag.py:1833} INFO - Sync 1 DAGs
[2021-07-12 14:03:35,821] {logging_mixin.py:104} INFO - [2021-07-12 14:03:35,821] {dag.py:2306} INFO - Setting next_dagrun for example_kubernetes_executor to None
[2021-07-12 14:03:35,837] {scheduler_job.py:190} INFO - Processing /Users/pierre-olivierboisvert/Desktop/GIT/Spotify-ETL/env/lib/python3.8/site-packages/airflow/example_dags/example_kubernetes_executor.py took 0.081 seconds
[2021-07-12 14:05:09,239] {scheduler_job.py:182} INFO - Started process (PID=67507) to work on /Users/pierre-olivierboisvert/Desktop/GIT/Spotify-ETL/env/lib/python3.8/site-packages/airflow/example_dags/example_kubernetes_executor.py
[2021-07-12 14:05:09,240] {scheduler_job.py:633} INFO - Processing file /Users/pierre-olivierboisvert/Desktop/GIT/Spotify-ETL/env/lib/python3.8/site-packages/airflow/example_dags/example_kubernetes_executor.py for tasks to queue
[2021-07-12 14:05:09,241] {logging_mixin.py:104} INFO - [2021-07-12 14:05:09,241] {dagbag.py:496} INFO - Filling up the DagBag from /Users/pierre-olivierboisvert/Desktop/GIT/Spotify-ETL/env/lib/python3.8/site-packages/airflow/example_dags/example_kubernetes_executor.py
[2021-07-12 14:05:09,257] {scheduler_job.py:643} INFO - DAG(s) dict_keys(['example_kubernetes_executor']) retrieved from /Users/pierre-olivierboisvert/Desktop/GIT/Spotify-ETL/env/lib/python3.8/site-packages/airflow/example_dags/example_kubernetes_executor.py
[2021-07-12 14:05:09,327] {logging_mixin.py:104} INFO - [2021-07-12 14:05:09,326] {dag.py:1833} INFO - Sync 1 DAGs
[2021-07-12 14:05:09,340] {logging_mixin.py:104} INFO - [2021-07-12 14:05:09,340] {dag.py:2306} INFO - Setting next_dagrun for example_kubernetes_executor to None
[2021-07-12 14:05:09,355] {scheduler_job.py:190} INFO - Processing /Users/pierre-olivierboisvert/Desktop/GIT/Spotify-ETL/env/lib/python3.8/site-packages/airflow/example_dags/example_kubernetes_executor.py took 0.116 seconds
[2021-07-12 14:06:51,170] {scheduler_job.py:182} INFO - Started process (PID=67597) to work on /Users/pierre-olivierboisvert/Desktop/GIT/Spotify-ETL/env/lib/python3.8/site-packages/airflow/example_dags/example_kubernetes_executor.py
[2021-07-12 14:06:51,170] {scheduler_job.py:633} INFO - Processing file /Users/pierre-olivierboisvert/Desktop/GIT/Spotify-ETL/env/lib/python3.8/site-packages/airflow/example_dags/example_kubernetes_executor.py for tasks to queue
[2021-07-12 14:06:51,171] {logging_mixin.py:104} INFO - [2021-07-12 14:06:51,171] {dagbag.py:496} INFO - Filling up the DagBag from /Users/pierre-olivierboisvert/Desktop/GIT/Spotify-ETL/env/lib/python3.8/site-packages/airflow/example_dags/example_kubernetes_executor.py
[2021-07-12 14:06:51,183] {scheduler_job.py:643} INFO - DAG(s) dict_keys(['example_kubernetes_executor']) retrieved from /Users/pierre-olivierboisvert/Desktop/GIT/Spotify-ETL/env/lib/python3.8/site-packages/airflow/example_dags/example_kubernetes_executor.py
[2021-07-12 14:06:51,231] {logging_mixin.py:104} INFO - [2021-07-12 14:06:51,231] {dag.py:1833} INFO - Sync 1 DAGs
[2021-07-12 14:06:51,241] {logging_mixin.py:104} INFO - [2021-07-12 14:06:51,240] {dag.py:2306} INFO - Setting next_dagrun for example_kubernetes_executor to None
[2021-07-12 14:06:51,251] {scheduler_job.py:190} INFO - Processing /Users/pierre-olivierboisvert/Desktop/GIT/Spotify-ETL/env/lib/python3.8/site-packages/airflow/example_dags/example_kubernetes_executor.py took 0.081 seconds
[2021-07-12 14:08:20,327] {scheduler_job.py:182} INFO - Started process (PID=67673) to work on /Users/pierre-olivierboisvert/Desktop/GIT/Spotify-ETL/env/lib/python3.8/site-packages/airflow/example_dags/example_kubernetes_executor.py
[2021-07-12 14:08:20,328] {scheduler_job.py:633} INFO - Processing file /Users/pierre-olivierboisvert/Desktop/GIT/Spotify-ETL/env/lib/python3.8/site-packages/airflow/example_dags/example_kubernetes_executor.py for tasks to queue
[2021-07-12 14:08:20,329] {logging_mixin.py:104} INFO - [2021-07-12 14:08:20,329] {dagbag.py:496} INFO - Filling up the DagBag from /Users/pierre-olivierboisvert/Desktop/GIT/Spotify-ETL/env/lib/python3.8/site-packages/airflow/example_dags/example_kubernetes_executor.py
[2021-07-12 14:08:20,342] {scheduler_job.py:643} INFO - DAG(s) dict_keys(['example_kubernetes_executor']) retrieved from /Users/pierre-olivierboisvert/Desktop/GIT/Spotify-ETL/env/lib/python3.8/site-packages/airflow/example_dags/example_kubernetes_executor.py
[2021-07-12 14:08:20,389] {logging_mixin.py:104} INFO - [2021-07-12 14:08:20,389] {dag.py:1833} INFO - Sync 1 DAGs
[2021-07-12 14:08:20,400] {logging_mixin.py:104} INFO - [2021-07-12 14:08:20,399] {dag.py:2306} INFO - Setting next_dagrun for example_kubernetes_executor to None
[2021-07-12 14:08:20,414] {scheduler_job.py:190} INFO - Processing /Users/pierre-olivierboisvert/Desktop/GIT/Spotify-ETL/env/lib/python3.8/site-packages/airflow/example_dags/example_kubernetes_executor.py took 0.087 seconds
[2021-07-12 14:09:54,930] {scheduler_job.py:182} INFO - Started process (PID=67770) to work on /Users/pierre-olivierboisvert/Desktop/GIT/Spotify-ETL/env/lib/python3.8/site-packages/airflow/example_dags/example_kubernetes_executor.py
[2021-07-12 14:09:54,931] {scheduler_job.py:633} INFO - Processing file /Users/pierre-olivierboisvert/Desktop/GIT/Spotify-ETL/env/lib/python3.8/site-packages/airflow/example_dags/example_kubernetes_executor.py for tasks to queue
[2021-07-12 14:09:54,931] {logging_mixin.py:104} INFO - [2021-07-12 14:09:54,931] {dagbag.py:496} INFO - Filling up the DagBag from /Users/pierre-olivierboisvert/Desktop/GIT/Spotify-ETL/env/lib/python3.8/site-packages/airflow/example_dags/example_kubernetes_executor.py
[2021-07-12 14:09:54,941] {scheduler_job.py:643} INFO - DAG(s) dict_keys(['example_kubernetes_executor']) retrieved from /Users/pierre-olivierboisvert/Desktop/GIT/Spotify-ETL/env/lib/python3.8/site-packages/airflow/example_dags/example_kubernetes_executor.py
[2021-07-12 14:09:54,981] {logging_mixin.py:104} INFO - [2021-07-12 14:09:54,981] {dag.py:1833} INFO - Sync 1 DAGs
[2021-07-12 14:09:54,990] {logging_mixin.py:104} INFO - [2021-07-12 14:09:54,990] {dag.py:2306} INFO - Setting next_dagrun for example_kubernetes_executor to None
[2021-07-12 14:09:55,005] {scheduler_job.py:190} INFO - Processing /Users/pierre-olivierboisvert/Desktop/GIT/Spotify-ETL/env/lib/python3.8/site-packages/airflow/example_dags/example_kubernetes_executor.py took 0.075 seconds
[2021-07-12 14:11:17,853] {scheduler_job.py:182} INFO - Started process (PID=67845) to work on /Users/pierre-olivierboisvert/Desktop/GIT/Spotify-ETL/env/lib/python3.8/site-packages/airflow/example_dags/example_kubernetes_executor.py
[2021-07-12 14:11:17,854] {scheduler_job.py:633} INFO - Processing file /Users/pierre-olivierboisvert/Desktop/GIT/Spotify-ETL/env/lib/python3.8/site-packages/airflow/example_dags/example_kubernetes_executor.py for tasks to queue
[2021-07-12 14:11:17,855] {logging_mixin.py:104} INFO - [2021-07-12 14:11:17,855] {dagbag.py:496} INFO - Filling up the DagBag from /Users/pierre-olivierboisvert/Desktop/GIT/Spotify-ETL/env/lib/python3.8/site-packages/airflow/example_dags/example_kubernetes_executor.py
[2021-07-12 14:11:17,866] {scheduler_job.py:643} INFO - DAG(s) dict_keys(['example_kubernetes_executor']) retrieved from /Users/pierre-olivierboisvert/Desktop/GIT/Spotify-ETL/env/lib/python3.8/site-packages/airflow/example_dags/example_kubernetes_executor.py
[2021-07-12 14:11:17,911] {logging_mixin.py:104} INFO - [2021-07-12 14:11:17,911] {dag.py:1833} INFO - Sync 1 DAGs
[2021-07-12 14:11:17,925] {logging_mixin.py:104} INFO - [2021-07-12 14:11:17,924] {dag.py:2306} INFO - Setting next_dagrun for example_kubernetes_executor to None
[2021-07-12 14:11:17,936] {scheduler_job.py:190} INFO - Processing /Users/pierre-olivierboisvert/Desktop/GIT/Spotify-ETL/env/lib/python3.8/site-packages/airflow/example_dags/example_kubernetes_executor.py took 0.085 seconds
[2021-07-12 14:12:31,486] {scheduler_job.py:182} INFO - Started process (PID=67915) to work on /Users/pierre-olivierboisvert/Desktop/GIT/Spotify-ETL/env/lib/python3.8/site-packages/airflow/example_dags/example_kubernetes_executor.py
[2021-07-12 14:12:31,487] {scheduler_job.py:633} INFO - Processing file /Users/pierre-olivierboisvert/Desktop/GIT/Spotify-ETL/env/lib/python3.8/site-packages/airflow/example_dags/example_kubernetes_executor.py for tasks to queue
[2021-07-12 14:12:31,487] {logging_mixin.py:104} INFO - [2021-07-12 14:12:31,487] {dagbag.py:496} INFO - Filling up the DagBag from /Users/pierre-olivierboisvert/Desktop/GIT/Spotify-ETL/env/lib/python3.8/site-packages/airflow/example_dags/example_kubernetes_executor.py
[2021-07-12 14:12:31,497] {scheduler_job.py:643} INFO - DAG(s) dict_keys(['example_kubernetes_executor']) retrieved from /Users/pierre-olivierboisvert/Desktop/GIT/Spotify-ETL/env/lib/python3.8/site-packages/airflow/example_dags/example_kubernetes_executor.py
[2021-07-12 14:12:31,536] {logging_mixin.py:104} INFO - [2021-07-12 14:12:31,536] {dag.py:1833} INFO - Sync 1 DAGs
[2021-07-12 14:12:31,548] {logging_mixin.py:104} INFO - [2021-07-12 14:12:31,547] {dag.py:2306} INFO - Setting next_dagrun for example_kubernetes_executor to None
[2021-07-12 14:12:31,561] {scheduler_job.py:190} INFO - Processing /Users/pierre-olivierboisvert/Desktop/GIT/Spotify-ETL/env/lib/python3.8/site-packages/airflow/example_dags/example_kubernetes_executor.py took 0.076 seconds
[2021-07-12 14:13:58,961] {scheduler_job.py:182} INFO - Started process (PID=68086) to work on /Users/pierre-olivierboisvert/Desktop/GIT/Spotify-ETL/env/lib/python3.8/site-packages/airflow/example_dags/example_kubernetes_executor.py
[2021-07-12 14:13:58,962] {scheduler_job.py:633} INFO - Processing file /Users/pierre-olivierboisvert/Desktop/GIT/Spotify-ETL/env/lib/python3.8/site-packages/airflow/example_dags/example_kubernetes_executor.py for tasks to queue
[2021-07-12 14:13:58,962] {logging_mixin.py:104} INFO - [2021-07-12 14:13:58,962] {dagbag.py:496} INFO - Filling up the DagBag from /Users/pierre-olivierboisvert/Desktop/GIT/Spotify-ETL/env/lib/python3.8/site-packages/airflow/example_dags/example_kubernetes_executor.py
[2021-07-12 14:13:58,978] {scheduler_job.py:643} INFO - DAG(s) dict_keys(['example_kubernetes_executor']) retrieved from /Users/pierre-olivierboisvert/Desktop/GIT/Spotify-ETL/env/lib/python3.8/site-packages/airflow/example_dags/example_kubernetes_executor.py
[2021-07-12 14:13:59,098] {logging_mixin.py:104} INFO - [2021-07-12 14:13:59,098] {dag.py:1833} INFO - Sync 1 DAGs
[2021-07-12 14:13:59,118] {logging_mixin.py:104} INFO - [2021-07-12 14:13:59,118] {dag.py:2306} INFO - Setting next_dagrun for example_kubernetes_executor to None
[2021-07-12 14:13:59,137] {scheduler_job.py:190} INFO - Processing /Users/pierre-olivierboisvert/Desktop/GIT/Spotify-ETL/env/lib/python3.8/site-packages/airflow/example_dags/example_kubernetes_executor.py took 0.180 seconds
[2021-07-12 14:16:05,133] {scheduler_job.py:182} INFO - Started process (PID=68320) to work on /Users/pierre-olivierboisvert/Desktop/GIT/Spotify-ETL/env/lib/python3.8/site-packages/airflow/example_dags/example_kubernetes_executor.py
[2021-07-12 14:16:05,133] {scheduler_job.py:633} INFO - Processing file /Users/pierre-olivierboisvert/Desktop/GIT/Spotify-ETL/env/lib/python3.8/site-packages/airflow/example_dags/example_kubernetes_executor.py for tasks to queue
[2021-07-12 14:16:05,133] {logging_mixin.py:104} INFO - [2021-07-12 14:16:05,133] {dagbag.py:496} INFO - Filling up the DagBag from /Users/pierre-olivierboisvert/Desktop/GIT/Spotify-ETL/env/lib/python3.8/site-packages/airflow/example_dags/example_kubernetes_executor.py
[2021-07-12 14:16:05,153] {scheduler_job.py:643} INFO - DAG(s) dict_keys(['example_kubernetes_executor']) retrieved from /Users/pierre-olivierboisvert/Desktop/GIT/Spotify-ETL/env/lib/python3.8/site-packages/airflow/example_dags/example_kubernetes_executor.py
[2021-07-12 14:16:05,207] {logging_mixin.py:104} INFO - [2021-07-12 14:16:05,207] {dag.py:1833} INFO - Sync 1 DAGs
[2021-07-12 14:16:05,219] {logging_mixin.py:104} INFO - [2021-07-12 14:16:05,219] {dag.py:2306} INFO - Setting next_dagrun for example_kubernetes_executor to None
[2021-07-12 14:16:05,246] {scheduler_job.py:190} INFO - Processing /Users/pierre-olivierboisvert/Desktop/GIT/Spotify-ETL/env/lib/python3.8/site-packages/airflow/example_dags/example_kubernetes_executor.py took 0.114 seconds
[2021-07-12 14:19:21,569] {scheduler_job.py:182} INFO - Started process (PID=68731) to work on /Users/pierre-olivierboisvert/Desktop/GIT/Spotify-ETL/env/lib/python3.8/site-packages/airflow/example_dags/example_kubernetes_executor.py
[2021-07-12 14:19:21,569] {scheduler_job.py:633} INFO - Processing file /Users/pierre-olivierboisvert/Desktop/GIT/Spotify-ETL/env/lib/python3.8/site-packages/airflow/example_dags/example_kubernetes_executor.py for tasks to queue
[2021-07-12 14:19:21,569] {logging_mixin.py:104} INFO - [2021-07-12 14:19:21,569] {dagbag.py:496} INFO - Filling up the DagBag from /Users/pierre-olivierboisvert/Desktop/GIT/Spotify-ETL/env/lib/python3.8/site-packages/airflow/example_dags/example_kubernetes_executor.py
[2021-07-12 14:19:21,582] {scheduler_job.py:643} INFO - DAG(s) dict_keys(['example_kubernetes_executor']) retrieved from /Users/pierre-olivierboisvert/Desktop/GIT/Spotify-ETL/env/lib/python3.8/site-packages/airflow/example_dags/example_kubernetes_executor.py
[2021-07-12 14:19:21,621] {logging_mixin.py:104} INFO - [2021-07-12 14:19:21,621] {dag.py:1833} INFO - Sync 1 DAGs
[2021-07-12 14:19:21,629] {logging_mixin.py:104} INFO - [2021-07-12 14:19:21,629] {dag.py:2306} INFO - Setting next_dagrun for example_kubernetes_executor to None
[2021-07-12 14:19:21,638] {scheduler_job.py:190} INFO - Processing /Users/pierre-olivierboisvert/Desktop/GIT/Spotify-ETL/env/lib/python3.8/site-packages/airflow/example_dags/example_kubernetes_executor.py took 0.070 seconds
[2021-07-12 14:20:48,874] {scheduler_job.py:182} INFO - Started process (PID=68868) to work on /Users/pierre-olivierboisvert/Desktop/GIT/Spotify-ETL/env/lib/python3.8/site-packages/airflow/example_dags/example_kubernetes_executor.py
[2021-07-12 14:20:48,878] {scheduler_job.py:633} INFO - Processing file /Users/pierre-olivierboisvert/Desktop/GIT/Spotify-ETL/env/lib/python3.8/site-packages/airflow/example_dags/example_kubernetes_executor.py for tasks to queue
[2021-07-12 14:20:48,879] {logging_mixin.py:104} INFO - [2021-07-12 14:20:48,878] {dagbag.py:496} INFO - Filling up the DagBag from /Users/pierre-olivierboisvert/Desktop/GIT/Spotify-ETL/env/lib/python3.8/site-packages/airflow/example_dags/example_kubernetes_executor.py
[2021-07-12 14:20:48,934] {scheduler_job.py:643} INFO - DAG(s) dict_keys(['example_kubernetes_executor']) retrieved from /Users/pierre-olivierboisvert/Desktop/GIT/Spotify-ETL/env/lib/python3.8/site-packages/airflow/example_dags/example_kubernetes_executor.py
[2021-07-12 14:20:48,989] {logging_mixin.py:104} INFO - [2021-07-12 14:20:48,989] {dag.py:1833} INFO - Sync 1 DAGs
[2021-07-12 14:20:48,999] {logging_mixin.py:104} INFO - [2021-07-12 14:20:48,999] {dag.py:2306} INFO - Setting next_dagrun for example_kubernetes_executor to None
[2021-07-12 14:20:49,009] {scheduler_job.py:190} INFO - Processing /Users/pierre-olivierboisvert/Desktop/GIT/Spotify-ETL/env/lib/python3.8/site-packages/airflow/example_dags/example_kubernetes_executor.py took 0.136 seconds
[2021-07-12 14:23:04,328] {scheduler_job.py:182} INFO - Started process (PID=69150) to work on /Users/pierre-olivierboisvert/Desktop/GIT/Spotify-ETL/env/lib/python3.8/site-packages/airflow/example_dags/example_kubernetes_executor.py
[2021-07-12 14:23:04,329] {scheduler_job.py:633} INFO - Processing file /Users/pierre-olivierboisvert/Desktop/GIT/Spotify-ETL/env/lib/python3.8/site-packages/airflow/example_dags/example_kubernetes_executor.py for tasks to queue
[2021-07-12 14:23:04,329] {logging_mixin.py:104} INFO - [2021-07-12 14:23:04,329] {dagbag.py:496} INFO - Filling up the DagBag from /Users/pierre-olivierboisvert/Desktop/GIT/Spotify-ETL/env/lib/python3.8/site-packages/airflow/example_dags/example_kubernetes_executor.py
[2021-07-12 14:23:04,341] {scheduler_job.py:643} INFO - DAG(s) dict_keys(['example_kubernetes_executor']) retrieved from /Users/pierre-olivierboisvert/Desktop/GIT/Spotify-ETL/env/lib/python3.8/site-packages/airflow/example_dags/example_kubernetes_executor.py
[2021-07-12 14:23:04,380] {logging_mixin.py:104} INFO - [2021-07-12 14:23:04,380] {dag.py:1833} INFO - Sync 1 DAGs
[2021-07-12 14:23:04,390] {logging_mixin.py:104} INFO - [2021-07-12 14:23:04,390] {dag.py:2306} INFO - Setting next_dagrun for example_kubernetes_executor to None
[2021-07-12 14:23:04,404] {scheduler_job.py:190} INFO - Processing /Users/pierre-olivierboisvert/Desktop/GIT/Spotify-ETL/env/lib/python3.8/site-packages/airflow/example_dags/example_kubernetes_executor.py took 0.076 seconds
