[2021-07-12 13:39:20,037] {scheduler_job.py:182} INFO - Started process (PID=65665) to work on /Users/pierre-olivierboisvert/Desktop/GIT/Spotify-ETL/env/lib/python3.8/site-packages/airflow/example_dags/example_task_group_decorator.py
[2021-07-12 13:39:20,037] {scheduler_job.py:633} INFO - Processing file /Users/pierre-olivierboisvert/Desktop/GIT/Spotify-ETL/env/lib/python3.8/site-packages/airflow/example_dags/example_task_group_decorator.py for tasks to queue
[2021-07-12 13:39:20,038] {logging_mixin.py:104} INFO - [2021-07-12 13:39:20,038] {dagbag.py:496} INFO - Filling up the DagBag from /Users/pierre-olivierboisvert/Desktop/GIT/Spotify-ETL/env/lib/python3.8/site-packages/airflow/example_dags/example_task_group_decorator.py
[2021-07-12 13:39:20,064] {scheduler_job.py:643} INFO - DAG(s) dict_keys(['example_task_group_decorator']) retrieved from /Users/pierre-olivierboisvert/Desktop/GIT/Spotify-ETL/env/lib/python3.8/site-packages/airflow/example_dags/example_task_group_decorator.py
[2021-07-12 13:39:20,071] {logging_mixin.py:104} INFO - [2021-07-12 13:39:20,071] {dag.py:1833} INFO - Sync 1 DAGs
[2021-07-12 13:39:20,110] {logging_mixin.py:104} INFO - [2021-07-12 13:39:20,110] {dag.py:2306} INFO - Setting next_dagrun for example_task_group_decorator to 2021-07-10 00:00:00+00:00
[2021-07-12 13:39:20,123] {scheduler_job.py:190} INFO - Processing /Users/pierre-olivierboisvert/Desktop/GIT/Spotify-ETL/env/lib/python3.8/site-packages/airflow/example_dags/example_task_group_decorator.py took 0.087 seconds
[2021-07-12 13:40:45,443] {scheduler_job.py:182} INFO - Started process (PID=65869) to work on /Users/pierre-olivierboisvert/Desktop/GIT/Spotify-ETL/env/lib/python3.8/site-packages/airflow/example_dags/example_task_group_decorator.py
[2021-07-12 13:40:45,445] {scheduler_job.py:633} INFO - Processing file /Users/pierre-olivierboisvert/Desktop/GIT/Spotify-ETL/env/lib/python3.8/site-packages/airflow/example_dags/example_task_group_decorator.py for tasks to queue
[2021-07-12 13:40:45,446] {logging_mixin.py:104} INFO - [2021-07-12 13:40:45,446] {dagbag.py:496} INFO - Filling up the DagBag from /Users/pierre-olivierboisvert/Desktop/GIT/Spotify-ETL/env/lib/python3.8/site-packages/airflow/example_dags/example_task_group_decorator.py
[2021-07-12 13:40:45,485] {scheduler_job.py:643} INFO - DAG(s) dict_keys(['example_task_group_decorator']) retrieved from /Users/pierre-olivierboisvert/Desktop/GIT/Spotify-ETL/env/lib/python3.8/site-packages/airflow/example_dags/example_task_group_decorator.py
[2021-07-12 13:40:45,912] {logging_mixin.py:104} INFO - [2021-07-12 13:40:45,912] {dag.py:1833} INFO - Sync 1 DAGs
[2021-07-12 13:40:45,922] {logging_mixin.py:104} INFO - [2021-07-12 13:40:45,922] {dag.py:2306} INFO - Setting next_dagrun for example_task_group_decorator to 2021-07-10 00:00:00+00:00
[2021-07-12 13:40:45,941] {scheduler_job.py:190} INFO - Processing /Users/pierre-olivierboisvert/Desktop/GIT/Spotify-ETL/env/lib/python3.8/site-packages/airflow/example_dags/example_task_group_decorator.py took 0.500 seconds
[2021-07-12 13:42:09,029] {scheduler_job.py:182} INFO - Started process (PID=65967) to work on /Users/pierre-olivierboisvert/Desktop/GIT/Spotify-ETL/env/lib/python3.8/site-packages/airflow/example_dags/example_task_group_decorator.py
[2021-07-12 13:42:09,030] {scheduler_job.py:633} INFO - Processing file /Users/pierre-olivierboisvert/Desktop/GIT/Spotify-ETL/env/lib/python3.8/site-packages/airflow/example_dags/example_task_group_decorator.py for tasks to queue
[2021-07-12 13:42:09,030] {logging_mixin.py:104} INFO - [2021-07-12 13:42:09,030] {dagbag.py:496} INFO - Filling up the DagBag from /Users/pierre-olivierboisvert/Desktop/GIT/Spotify-ETL/env/lib/python3.8/site-packages/airflow/example_dags/example_task_group_decorator.py
[2021-07-12 13:42:09,051] {scheduler_job.py:643} INFO - DAG(s) dict_keys(['example_task_group_decorator']) retrieved from /Users/pierre-olivierboisvert/Desktop/GIT/Spotify-ETL/env/lib/python3.8/site-packages/airflow/example_dags/example_task_group_decorator.py
[2021-07-12 13:42:09,422] {logging_mixin.py:104} INFO - [2021-07-12 13:42:09,422] {dag.py:1833} INFO - Sync 1 DAGs
[2021-07-12 13:42:09,431] {logging_mixin.py:104} INFO - [2021-07-12 13:42:09,430] {dag.py:2306} INFO - Setting next_dagrun for example_task_group_decorator to 2021-07-10 00:00:00+00:00
[2021-07-12 13:42:09,445] {scheduler_job.py:190} INFO - Processing /Users/pierre-olivierboisvert/Desktop/GIT/Spotify-ETL/env/lib/python3.8/site-packages/airflow/example_dags/example_task_group_decorator.py took 0.416 seconds
[2021-07-12 13:43:16,705] {scheduler_job.py:182} INFO - Started process (PID=66031) to work on /Users/pierre-olivierboisvert/Desktop/GIT/Spotify-ETL/env/lib/python3.8/site-packages/airflow/example_dags/example_task_group_decorator.py
[2021-07-12 13:43:16,705] {scheduler_job.py:633} INFO - Processing file /Users/pierre-olivierboisvert/Desktop/GIT/Spotify-ETL/env/lib/python3.8/site-packages/airflow/example_dags/example_task_group_decorator.py for tasks to queue
[2021-07-12 13:43:16,706] {logging_mixin.py:104} INFO - [2021-07-12 13:43:16,706] {dagbag.py:496} INFO - Filling up the DagBag from /Users/pierre-olivierboisvert/Desktop/GIT/Spotify-ETL/env/lib/python3.8/site-packages/airflow/example_dags/example_task_group_decorator.py
[2021-07-12 13:43:16,725] {scheduler_job.py:643} INFO - DAG(s) dict_keys(['example_task_group_decorator']) retrieved from /Users/pierre-olivierboisvert/Desktop/GIT/Spotify-ETL/env/lib/python3.8/site-packages/airflow/example_dags/example_task_group_decorator.py
[2021-07-12 13:43:17,102] {logging_mixin.py:104} INFO - [2021-07-12 13:43:17,102] {dag.py:1833} INFO - Sync 1 DAGs
[2021-07-12 13:43:17,110] {logging_mixin.py:104} INFO - [2021-07-12 13:43:17,110] {dag.py:2306} INFO - Setting next_dagrun for example_task_group_decorator to 2021-07-10 00:00:00+00:00
[2021-07-12 13:43:17,122] {scheduler_job.py:190} INFO - Processing /Users/pierre-olivierboisvert/Desktop/GIT/Spotify-ETL/env/lib/python3.8/site-packages/airflow/example_dags/example_task_group_decorator.py took 0.418 seconds
[2021-07-12 13:44:25,761] {scheduler_job.py:182} INFO - Started process (PID=66101) to work on /Users/pierre-olivierboisvert/Desktop/GIT/Spotify-ETL/env/lib/python3.8/site-packages/airflow/example_dags/example_task_group_decorator.py
[2021-07-12 13:44:25,762] {scheduler_job.py:633} INFO - Processing file /Users/pierre-olivierboisvert/Desktop/GIT/Spotify-ETL/env/lib/python3.8/site-packages/airflow/example_dags/example_task_group_decorator.py for tasks to queue
[2021-07-12 13:44:25,762] {logging_mixin.py:104} INFO - [2021-07-12 13:44:25,762] {dagbag.py:496} INFO - Filling up the DagBag from /Users/pierre-olivierboisvert/Desktop/GIT/Spotify-ETL/env/lib/python3.8/site-packages/airflow/example_dags/example_task_group_decorator.py
[2021-07-12 13:44:25,780] {scheduler_job.py:643} INFO - DAG(s) dict_keys(['example_task_group_decorator']) retrieved from /Users/pierre-olivierboisvert/Desktop/GIT/Spotify-ETL/env/lib/python3.8/site-packages/airflow/example_dags/example_task_group_decorator.py
[2021-07-12 13:44:26,130] {logging_mixin.py:104} INFO - [2021-07-12 13:44:26,129] {dag.py:1833} INFO - Sync 1 DAGs
[2021-07-12 13:44:26,138] {logging_mixin.py:104} INFO - [2021-07-12 13:44:26,138] {dag.py:2306} INFO - Setting next_dagrun for example_task_group_decorator to 2021-07-10 00:00:00+00:00
[2021-07-12 13:44:26,154] {scheduler_job.py:190} INFO - Processing /Users/pierre-olivierboisvert/Desktop/GIT/Spotify-ETL/env/lib/python3.8/site-packages/airflow/example_dags/example_task_group_decorator.py took 0.394 seconds
[2021-07-12 13:45:32,780] {scheduler_job.py:182} INFO - Started process (PID=66165) to work on /Users/pierre-olivierboisvert/Desktop/GIT/Spotify-ETL/env/lib/python3.8/site-packages/airflow/example_dags/example_task_group_decorator.py
[2021-07-12 13:45:32,781] {scheduler_job.py:633} INFO - Processing file /Users/pierre-olivierboisvert/Desktop/GIT/Spotify-ETL/env/lib/python3.8/site-packages/airflow/example_dags/example_task_group_decorator.py for tasks to queue
[2021-07-12 13:45:32,781] {logging_mixin.py:104} INFO - [2021-07-12 13:45:32,781] {dagbag.py:496} INFO - Filling up the DagBag from /Users/pierre-olivierboisvert/Desktop/GIT/Spotify-ETL/env/lib/python3.8/site-packages/airflow/example_dags/example_task_group_decorator.py
[2021-07-12 13:45:32,804] {scheduler_job.py:643} INFO - DAG(s) dict_keys(['example_task_group_decorator']) retrieved from /Users/pierre-olivierboisvert/Desktop/GIT/Spotify-ETL/env/lib/python3.8/site-packages/airflow/example_dags/example_task_group_decorator.py
[2021-07-12 13:45:33,158] {logging_mixin.py:104} INFO - [2021-07-12 13:45:33,158] {dag.py:1833} INFO - Sync 1 DAGs
[2021-07-12 13:45:33,165] {logging_mixin.py:104} INFO - [2021-07-12 13:45:33,165] {dag.py:2306} INFO - Setting next_dagrun for example_task_group_decorator to 2021-07-10 00:00:00+00:00
[2021-07-12 13:45:33,181] {scheduler_job.py:190} INFO - Processing /Users/pierre-olivierboisvert/Desktop/GIT/Spotify-ETL/env/lib/python3.8/site-packages/airflow/example_dags/example_task_group_decorator.py took 0.402 seconds
[2021-07-12 13:46:42,518] {scheduler_job.py:182} INFO - Started process (PID=66234) to work on /Users/pierre-olivierboisvert/Desktop/GIT/Spotify-ETL/env/lib/python3.8/site-packages/airflow/example_dags/example_task_group_decorator.py
[2021-07-12 13:46:42,519] {scheduler_job.py:633} INFO - Processing file /Users/pierre-olivierboisvert/Desktop/GIT/Spotify-ETL/env/lib/python3.8/site-packages/airflow/example_dags/example_task_group_decorator.py for tasks to queue
[2021-07-12 13:46:42,519] {logging_mixin.py:104} INFO - [2021-07-12 13:46:42,519] {dagbag.py:496} INFO - Filling up the DagBag from /Users/pierre-olivierboisvert/Desktop/GIT/Spotify-ETL/env/lib/python3.8/site-packages/airflow/example_dags/example_task_group_decorator.py
[2021-07-12 13:46:42,538] {scheduler_job.py:643} INFO - DAG(s) dict_keys(['example_task_group_decorator']) retrieved from /Users/pierre-olivierboisvert/Desktop/GIT/Spotify-ETL/env/lib/python3.8/site-packages/airflow/example_dags/example_task_group_decorator.py
[2021-07-12 13:46:42,906] {logging_mixin.py:104} INFO - [2021-07-12 13:46:42,906] {dag.py:1833} INFO - Sync 1 DAGs
[2021-07-12 13:46:42,915] {logging_mixin.py:104} INFO - [2021-07-12 13:46:42,914] {dag.py:2306} INFO - Setting next_dagrun for example_task_group_decorator to 2021-07-10 00:00:00+00:00
[2021-07-12 13:46:42,926] {scheduler_job.py:190} INFO - Processing /Users/pierre-olivierboisvert/Desktop/GIT/Spotify-ETL/env/lib/python3.8/site-packages/airflow/example_dags/example_task_group_decorator.py took 0.408 seconds
[2021-07-12 13:47:49,803] {scheduler_job.py:182} INFO - Started process (PID=66300) to work on /Users/pierre-olivierboisvert/Desktop/GIT/Spotify-ETL/env/lib/python3.8/site-packages/airflow/example_dags/example_task_group_decorator.py
[2021-07-12 13:47:49,804] {scheduler_job.py:633} INFO - Processing file /Users/pierre-olivierboisvert/Desktop/GIT/Spotify-ETL/env/lib/python3.8/site-packages/airflow/example_dags/example_task_group_decorator.py for tasks to queue
[2021-07-12 13:47:49,804] {logging_mixin.py:104} INFO - [2021-07-12 13:47:49,804] {dagbag.py:496} INFO - Filling up the DagBag from /Users/pierre-olivierboisvert/Desktop/GIT/Spotify-ETL/env/lib/python3.8/site-packages/airflow/example_dags/example_task_group_decorator.py
[2021-07-12 13:47:49,826] {scheduler_job.py:643} INFO - DAG(s) dict_keys(['example_task_group_decorator']) retrieved from /Users/pierre-olivierboisvert/Desktop/GIT/Spotify-ETL/env/lib/python3.8/site-packages/airflow/example_dags/example_task_group_decorator.py
[2021-07-12 13:47:50,155] {logging_mixin.py:104} INFO - [2021-07-12 13:47:50,155] {dag.py:1833} INFO - Sync 1 DAGs
[2021-07-12 13:47:50,165] {logging_mixin.py:104} INFO - [2021-07-12 13:47:50,165] {dag.py:2306} INFO - Setting next_dagrun for example_task_group_decorator to 2021-07-10 00:00:00+00:00
[2021-07-12 13:47:50,181] {scheduler_job.py:190} INFO - Processing /Users/pierre-olivierboisvert/Desktop/GIT/Spotify-ETL/env/lib/python3.8/site-packages/airflow/example_dags/example_task_group_decorator.py took 0.379 seconds
[2021-07-12 13:49:03,778] {scheduler_job.py:182} INFO - Started process (PID=66378) to work on /Users/pierre-olivierboisvert/Desktop/GIT/Spotify-ETL/env/lib/python3.8/site-packages/airflow/example_dags/example_task_group_decorator.py
[2021-07-12 13:49:03,779] {scheduler_job.py:633} INFO - Processing file /Users/pierre-olivierboisvert/Desktop/GIT/Spotify-ETL/env/lib/python3.8/site-packages/airflow/example_dags/example_task_group_decorator.py for tasks to queue
[2021-07-12 13:49:03,780] {logging_mixin.py:104} INFO - [2021-07-12 13:49:03,780] {dagbag.py:496} INFO - Filling up the DagBag from /Users/pierre-olivierboisvert/Desktop/GIT/Spotify-ETL/env/lib/python3.8/site-packages/airflow/example_dags/example_task_group_decorator.py
[2021-07-12 13:49:03,800] {scheduler_job.py:643} INFO - DAG(s) dict_keys(['example_task_group_decorator']) retrieved from /Users/pierre-olivierboisvert/Desktop/GIT/Spotify-ETL/env/lib/python3.8/site-packages/airflow/example_dags/example_task_group_decorator.py
[2021-07-12 13:49:04,143] {logging_mixin.py:104} INFO - [2021-07-12 13:49:04,143] {dag.py:1833} INFO - Sync 1 DAGs
[2021-07-12 13:49:04,153] {logging_mixin.py:104} INFO - [2021-07-12 13:49:04,153] {dag.py:2306} INFO - Setting next_dagrun for example_task_group_decorator to 2021-07-10 00:00:00+00:00
[2021-07-12 13:49:04,168] {scheduler_job.py:190} INFO - Processing /Users/pierre-olivierboisvert/Desktop/GIT/Spotify-ETL/env/lib/python3.8/site-packages/airflow/example_dags/example_task_group_decorator.py took 0.391 seconds
[2021-07-12 13:50:36,929] {scheduler_job.py:182} INFO - Started process (PID=66480) to work on /Users/pierre-olivierboisvert/Desktop/GIT/Spotify-ETL/env/lib/python3.8/site-packages/airflow/example_dags/example_task_group_decorator.py
[2021-07-12 13:50:36,932] {scheduler_job.py:633} INFO - Processing file /Users/pierre-olivierboisvert/Desktop/GIT/Spotify-ETL/env/lib/python3.8/site-packages/airflow/example_dags/example_task_group_decorator.py for tasks to queue
[2021-07-12 13:50:36,933] {logging_mixin.py:104} INFO - [2021-07-12 13:50:36,933] {dagbag.py:496} INFO - Filling up the DagBag from /Users/pierre-olivierboisvert/Desktop/GIT/Spotify-ETL/env/lib/python3.8/site-packages/airflow/example_dags/example_task_group_decorator.py
[2021-07-12 13:50:36,957] {scheduler_job.py:643} INFO - DAG(s) dict_keys(['example_task_group_decorator']) retrieved from /Users/pierre-olivierboisvert/Desktop/GIT/Spotify-ETL/env/lib/python3.8/site-packages/airflow/example_dags/example_task_group_decorator.py
[2021-07-12 13:50:37,321] {logging_mixin.py:104} INFO - [2021-07-12 13:50:37,320] {dag.py:1833} INFO - Sync 1 DAGs
[2021-07-12 13:50:37,329] {logging_mixin.py:104} INFO - [2021-07-12 13:50:37,328] {dag.py:2306} INFO - Setting next_dagrun for example_task_group_decorator to 2021-07-10 00:00:00+00:00
[2021-07-12 13:50:37,342] {scheduler_job.py:190} INFO - Processing /Users/pierre-olivierboisvert/Desktop/GIT/Spotify-ETL/env/lib/python3.8/site-packages/airflow/example_dags/example_task_group_decorator.py took 0.414 seconds
[2021-07-12 13:51:52,466] {scheduler_job.py:182} INFO - Started process (PID=66560) to work on /Users/pierre-olivierboisvert/Desktop/GIT/Spotify-ETL/env/lib/python3.8/site-packages/airflow/example_dags/example_task_group_decorator.py
[2021-07-12 13:51:52,467] {scheduler_job.py:633} INFO - Processing file /Users/pierre-olivierboisvert/Desktop/GIT/Spotify-ETL/env/lib/python3.8/site-packages/airflow/example_dags/example_task_group_decorator.py for tasks to queue
[2021-07-12 13:51:52,467] {logging_mixin.py:104} INFO - [2021-07-12 13:51:52,467] {dagbag.py:496} INFO - Filling up the DagBag from /Users/pierre-olivierboisvert/Desktop/GIT/Spotify-ETL/env/lib/python3.8/site-packages/airflow/example_dags/example_task_group_decorator.py
[2021-07-12 13:51:52,487] {scheduler_job.py:643} INFO - DAG(s) dict_keys(['example_task_group_decorator']) retrieved from /Users/pierre-olivierboisvert/Desktop/GIT/Spotify-ETL/env/lib/python3.8/site-packages/airflow/example_dags/example_task_group_decorator.py
[2021-07-12 13:51:52,854] {logging_mixin.py:104} INFO - [2021-07-12 13:51:52,854] {dag.py:1833} INFO - Sync 1 DAGs
[2021-07-12 13:51:52,865] {logging_mixin.py:104} INFO - [2021-07-12 13:51:52,864] {dag.py:2306} INFO - Setting next_dagrun for example_task_group_decorator to 2021-07-10 00:00:00+00:00
[2021-07-12 13:51:52,882] {scheduler_job.py:190} INFO - Processing /Users/pierre-olivierboisvert/Desktop/GIT/Spotify-ETL/env/lib/python3.8/site-packages/airflow/example_dags/example_task_group_decorator.py took 0.416 seconds
[2021-07-12 13:53:22,724] {scheduler_job.py:182} INFO - Started process (PID=66667) to work on /Users/pierre-olivierboisvert/Desktop/GIT/Spotify-ETL/env/lib/python3.8/site-packages/airflow/example_dags/example_task_group_decorator.py
[2021-07-12 13:53:22,724] {scheduler_job.py:633} INFO - Processing file /Users/pierre-olivierboisvert/Desktop/GIT/Spotify-ETL/env/lib/python3.8/site-packages/airflow/example_dags/example_task_group_decorator.py for tasks to queue
[2021-07-12 13:53:22,725] {logging_mixin.py:104} INFO - [2021-07-12 13:53:22,725] {dagbag.py:496} INFO - Filling up the DagBag from /Users/pierre-olivierboisvert/Desktop/GIT/Spotify-ETL/env/lib/python3.8/site-packages/airflow/example_dags/example_task_group_decorator.py
[2021-07-12 13:53:22,743] {scheduler_job.py:643} INFO - DAG(s) dict_keys(['example_task_group_decorator']) retrieved from /Users/pierre-olivierboisvert/Desktop/GIT/Spotify-ETL/env/lib/python3.8/site-packages/airflow/example_dags/example_task_group_decorator.py
[2021-07-12 13:53:23,125] {logging_mixin.py:104} INFO - [2021-07-12 13:53:23,125] {dag.py:1833} INFO - Sync 1 DAGs
[2021-07-12 13:53:23,137] {logging_mixin.py:104} INFO - [2021-07-12 13:53:23,137] {dag.py:2306} INFO - Setting next_dagrun for example_task_group_decorator to 2021-07-10 00:00:00+00:00
[2021-07-12 13:53:23,152] {scheduler_job.py:190} INFO - Processing /Users/pierre-olivierboisvert/Desktop/GIT/Spotify-ETL/env/lib/python3.8/site-packages/airflow/example_dags/example_task_group_decorator.py took 0.429 seconds
