[2021-07-12 13:39:56,055] {scheduler_job.py:182} INFO - Started process (PID=65738) to work on /Users/pierre-olivierboisvert/Desktop/GIT/Spotify-ETL/env/lib/python3.8/site-packages/airflow/example_dags/example_dag_decorator.py
[2021-07-12 13:39:56,056] {scheduler_job.py:633} INFO - Processing file /Users/pierre-olivierboisvert/Desktop/GIT/Spotify-ETL/env/lib/python3.8/site-packages/airflow/example_dags/example_dag_decorator.py for tasks to queue
[2021-07-12 13:39:56,056] {logging_mixin.py:104} INFO - [2021-07-12 13:39:56,056] {dagbag.py:496} INFO - Filling up the DagBag from /Users/pierre-olivierboisvert/Desktop/GIT/Spotify-ETL/env/lib/python3.8/site-packages/airflow/example_dags/example_dag_decorator.py
[2021-07-12 13:39:56,074] {scheduler_job.py:643} INFO - DAG(s) dict_keys(['example_dag_decorator']) retrieved from /Users/pierre-olivierboisvert/Desktop/GIT/Spotify-ETL/env/lib/python3.8/site-packages/airflow/example_dags/example_dag_decorator.py
[2021-07-12 13:39:56,562] {logging_mixin.py:104} INFO - [2021-07-12 13:39:56,561] {dag.py:1833} INFO - Sync 1 DAGs
[2021-07-12 13:39:56,577] {logging_mixin.py:104} INFO - [2021-07-12 13:39:56,576] {dag.py:2306} INFO - Setting next_dagrun for example_dag_decorator to None
[2021-07-12 13:39:56,591] {scheduler_job.py:190} INFO - Processing /Users/pierre-olivierboisvert/Desktop/GIT/Spotify-ETL/env/lib/python3.8/site-packages/airflow/example_dags/example_dag_decorator.py took 0.536 seconds
[2021-07-12 13:41:37,647] {scheduler_job.py:182} INFO - Started process (PID=65937) to work on /Users/pierre-olivierboisvert/Desktop/GIT/Spotify-ETL/env/lib/python3.8/site-packages/airflow/example_dags/example_dag_decorator.py
[2021-07-12 13:41:37,647] {scheduler_job.py:633} INFO - Processing file /Users/pierre-olivierboisvert/Desktop/GIT/Spotify-ETL/env/lib/python3.8/site-packages/airflow/example_dags/example_dag_decorator.py for tasks to queue
[2021-07-12 13:41:37,648] {logging_mixin.py:104} INFO - [2021-07-12 13:41:37,648] {dagbag.py:496} INFO - Filling up the DagBag from /Users/pierre-olivierboisvert/Desktop/GIT/Spotify-ETL/env/lib/python3.8/site-packages/airflow/example_dags/example_dag_decorator.py
[2021-07-12 13:41:37,661] {scheduler_job.py:643} INFO - DAG(s) dict_keys(['example_dag_decorator']) retrieved from /Users/pierre-olivierboisvert/Desktop/GIT/Spotify-ETL/env/lib/python3.8/site-packages/airflow/example_dags/example_dag_decorator.py
[2021-07-12 13:41:38,013] {logging_mixin.py:104} INFO - [2021-07-12 13:41:38,013] {dag.py:1833} INFO - Sync 1 DAGs
[2021-07-12 13:41:38,021] {logging_mixin.py:104} INFO - [2021-07-12 13:41:38,021] {dag.py:2306} INFO - Setting next_dagrun for example_dag_decorator to None
[2021-07-12 13:41:38,037] {scheduler_job.py:190} INFO - Processing /Users/pierre-olivierboisvert/Desktop/GIT/Spotify-ETL/env/lib/python3.8/site-packages/airflow/example_dags/example_dag_decorator.py took 0.390 seconds
[2021-07-12 13:42:46,787] {scheduler_job.py:182} INFO - Started process (PID=66003) to work on /Users/pierre-olivierboisvert/Desktop/GIT/Spotify-ETL/env/lib/python3.8/site-packages/airflow/example_dags/example_dag_decorator.py
[2021-07-12 13:42:46,788] {scheduler_job.py:633} INFO - Processing file /Users/pierre-olivierboisvert/Desktop/GIT/Spotify-ETL/env/lib/python3.8/site-packages/airflow/example_dags/example_dag_decorator.py for tasks to queue
[2021-07-12 13:42:46,788] {logging_mixin.py:104} INFO - [2021-07-12 13:42:46,788] {dagbag.py:496} INFO - Filling up the DagBag from /Users/pierre-olivierboisvert/Desktop/GIT/Spotify-ETL/env/lib/python3.8/site-packages/airflow/example_dags/example_dag_decorator.py
[2021-07-12 13:42:46,801] {scheduler_job.py:643} INFO - DAG(s) dict_keys(['example_dag_decorator']) retrieved from /Users/pierre-olivierboisvert/Desktop/GIT/Spotify-ETL/env/lib/python3.8/site-packages/airflow/example_dags/example_dag_decorator.py
[2021-07-12 13:42:47,171] {logging_mixin.py:104} INFO - [2021-07-12 13:42:47,171] {dag.py:1833} INFO - Sync 1 DAGs
[2021-07-12 13:42:47,181] {logging_mixin.py:104} INFO - [2021-07-12 13:42:47,181] {dag.py:2306} INFO - Setting next_dagrun for example_dag_decorator to None
[2021-07-12 13:42:47,192] {scheduler_job.py:190} INFO - Processing /Users/pierre-olivierboisvert/Desktop/GIT/Spotify-ETL/env/lib/python3.8/site-packages/airflow/example_dags/example_dag_decorator.py took 0.405 seconds
[2021-07-12 13:43:54,287] {scheduler_job.py:182} INFO - Started process (PID=66067) to work on /Users/pierre-olivierboisvert/Desktop/GIT/Spotify-ETL/env/lib/python3.8/site-packages/airflow/example_dags/example_dag_decorator.py
[2021-07-12 13:43:54,287] {scheduler_job.py:633} INFO - Processing file /Users/pierre-olivierboisvert/Desktop/GIT/Spotify-ETL/env/lib/python3.8/site-packages/airflow/example_dags/example_dag_decorator.py for tasks to queue
[2021-07-12 13:43:54,288] {logging_mixin.py:104} INFO - [2021-07-12 13:43:54,288] {dagbag.py:496} INFO - Filling up the DagBag from /Users/pierre-olivierboisvert/Desktop/GIT/Spotify-ETL/env/lib/python3.8/site-packages/airflow/example_dags/example_dag_decorator.py
[2021-07-12 13:43:54,302] {scheduler_job.py:643} INFO - DAG(s) dict_keys(['example_dag_decorator']) retrieved from /Users/pierre-olivierboisvert/Desktop/GIT/Spotify-ETL/env/lib/python3.8/site-packages/airflow/example_dags/example_dag_decorator.py
[2021-07-12 13:43:54,651] {logging_mixin.py:104} INFO - [2021-07-12 13:43:54,651] {dag.py:1833} INFO - Sync 1 DAGs
[2021-07-12 13:43:54,661] {logging_mixin.py:104} INFO - [2021-07-12 13:43:54,661] {dag.py:2306} INFO - Setting next_dagrun for example_dag_decorator to None
[2021-07-12 13:43:54,678] {scheduler_job.py:190} INFO - Processing /Users/pierre-olivierboisvert/Desktop/GIT/Spotify-ETL/env/lib/python3.8/site-packages/airflow/example_dags/example_dag_decorator.py took 0.392 seconds
[2021-07-12 13:45:03,250] {scheduler_job.py:182} INFO - Started process (PID=66137) to work on /Users/pierre-olivierboisvert/Desktop/GIT/Spotify-ETL/env/lib/python3.8/site-packages/airflow/example_dags/example_dag_decorator.py
[2021-07-12 13:45:03,251] {scheduler_job.py:633} INFO - Processing file /Users/pierre-olivierboisvert/Desktop/GIT/Spotify-ETL/env/lib/python3.8/site-packages/airflow/example_dags/example_dag_decorator.py for tasks to queue
[2021-07-12 13:45:03,251] {logging_mixin.py:104} INFO - [2021-07-12 13:45:03,251] {dagbag.py:496} INFO - Filling up the DagBag from /Users/pierre-olivierboisvert/Desktop/GIT/Spotify-ETL/env/lib/python3.8/site-packages/airflow/example_dags/example_dag_decorator.py
[2021-07-12 13:45:03,265] {scheduler_job.py:643} INFO - DAG(s) dict_keys(['example_dag_decorator']) retrieved from /Users/pierre-olivierboisvert/Desktop/GIT/Spotify-ETL/env/lib/python3.8/site-packages/airflow/example_dags/example_dag_decorator.py
[2021-07-12 13:45:03,622] {logging_mixin.py:104} INFO - [2021-07-12 13:45:03,622] {dag.py:1833} INFO - Sync 1 DAGs
[2021-07-12 13:45:03,632] {logging_mixin.py:104} INFO - [2021-07-12 13:45:03,632] {dag.py:2306} INFO - Setting next_dagrun for example_dag_decorator to None
[2021-07-12 13:45:03,648] {scheduler_job.py:190} INFO - Processing /Users/pierre-olivierboisvert/Desktop/GIT/Spotify-ETL/env/lib/python3.8/site-packages/airflow/example_dags/example_dag_decorator.py took 0.398 seconds
[2021-07-12 13:46:10,180] {scheduler_job.py:182} INFO - Started process (PID=66202) to work on /Users/pierre-olivierboisvert/Desktop/GIT/Spotify-ETL/env/lib/python3.8/site-packages/airflow/example_dags/example_dag_decorator.py
[2021-07-12 13:46:10,181] {scheduler_job.py:633} INFO - Processing file /Users/pierre-olivierboisvert/Desktop/GIT/Spotify-ETL/env/lib/python3.8/site-packages/airflow/example_dags/example_dag_decorator.py for tasks to queue
[2021-07-12 13:46:10,181] {logging_mixin.py:104} INFO - [2021-07-12 13:46:10,181] {dagbag.py:496} INFO - Filling up the DagBag from /Users/pierre-olivierboisvert/Desktop/GIT/Spotify-ETL/env/lib/python3.8/site-packages/airflow/example_dags/example_dag_decorator.py
[2021-07-12 13:46:10,194] {scheduler_job.py:643} INFO - DAG(s) dict_keys(['example_dag_decorator']) retrieved from /Users/pierre-olivierboisvert/Desktop/GIT/Spotify-ETL/env/lib/python3.8/site-packages/airflow/example_dags/example_dag_decorator.py
[2021-07-12 13:46:10,550] {logging_mixin.py:104} INFO - [2021-07-12 13:46:10,550] {dag.py:1833} INFO - Sync 1 DAGs
[2021-07-12 13:46:10,558] {logging_mixin.py:104} INFO - [2021-07-12 13:46:10,558] {dag.py:2306} INFO - Setting next_dagrun for example_dag_decorator to None
[2021-07-12 13:46:10,568] {scheduler_job.py:190} INFO - Processing /Users/pierre-olivierboisvert/Desktop/GIT/Spotify-ETL/env/lib/python3.8/site-packages/airflow/example_dags/example_dag_decorator.py took 0.389 seconds
[2021-07-12 13:47:19,940] {scheduler_job.py:182} INFO - Started process (PID=66272) to work on /Users/pierre-olivierboisvert/Desktop/GIT/Spotify-ETL/env/lib/python3.8/site-packages/airflow/example_dags/example_dag_decorator.py
[2021-07-12 13:47:19,940] {scheduler_job.py:633} INFO - Processing file /Users/pierre-olivierboisvert/Desktop/GIT/Spotify-ETL/env/lib/python3.8/site-packages/airflow/example_dags/example_dag_decorator.py for tasks to queue
[2021-07-12 13:47:19,941] {logging_mixin.py:104} INFO - [2021-07-12 13:47:19,940] {dagbag.py:496} INFO - Filling up the DagBag from /Users/pierre-olivierboisvert/Desktop/GIT/Spotify-ETL/env/lib/python3.8/site-packages/airflow/example_dags/example_dag_decorator.py
[2021-07-12 13:47:19,955] {scheduler_job.py:643} INFO - DAG(s) dict_keys(['example_dag_decorator']) retrieved from /Users/pierre-olivierboisvert/Desktop/GIT/Spotify-ETL/env/lib/python3.8/site-packages/airflow/example_dags/example_dag_decorator.py
[2021-07-12 13:47:20,318] {logging_mixin.py:104} INFO - [2021-07-12 13:47:20,318] {dag.py:1833} INFO - Sync 1 DAGs
[2021-07-12 13:47:20,326] {logging_mixin.py:104} INFO - [2021-07-12 13:47:20,326] {dag.py:2306} INFO - Setting next_dagrun for example_dag_decorator to None
[2021-07-12 13:47:20,339] {scheduler_job.py:190} INFO - Processing /Users/pierre-olivierboisvert/Desktop/GIT/Spotify-ETL/env/lib/python3.8/site-packages/airflow/example_dags/example_dag_decorator.py took 0.400 seconds
[2021-07-12 13:48:31,946] {scheduler_job.py:182} INFO - Started process (PID=66347) to work on /Users/pierre-olivierboisvert/Desktop/GIT/Spotify-ETL/env/lib/python3.8/site-packages/airflow/example_dags/example_dag_decorator.py
[2021-07-12 13:48:31,946] {scheduler_job.py:633} INFO - Processing file /Users/pierre-olivierboisvert/Desktop/GIT/Spotify-ETL/env/lib/python3.8/site-packages/airflow/example_dags/example_dag_decorator.py for tasks to queue
[2021-07-12 13:48:31,947] {logging_mixin.py:104} INFO - [2021-07-12 13:48:31,947] {dagbag.py:496} INFO - Filling up the DagBag from /Users/pierre-olivierboisvert/Desktop/GIT/Spotify-ETL/env/lib/python3.8/site-packages/airflow/example_dags/example_dag_decorator.py
[2021-07-12 13:48:31,960] {scheduler_job.py:643} INFO - DAG(s) dict_keys(['example_dag_decorator']) retrieved from /Users/pierre-olivierboisvert/Desktop/GIT/Spotify-ETL/env/lib/python3.8/site-packages/airflow/example_dags/example_dag_decorator.py
[2021-07-12 13:48:32,303] {logging_mixin.py:104} INFO - [2021-07-12 13:48:32,303] {dag.py:1833} INFO - Sync 1 DAGs
[2021-07-12 13:48:32,314] {logging_mixin.py:104} INFO - [2021-07-12 13:48:32,314] {dag.py:2306} INFO - Setting next_dagrun for example_dag_decorator to None
[2021-07-12 13:48:32,327] {scheduler_job.py:190} INFO - Processing /Users/pierre-olivierboisvert/Desktop/GIT/Spotify-ETL/env/lib/python3.8/site-packages/airflow/example_dags/example_dag_decorator.py took 0.382 seconds
[2021-07-12 13:50:04,973] {scheduler_job.py:182} INFO - Started process (PID=66450) to work on /Users/pierre-olivierboisvert/Desktop/GIT/Spotify-ETL/env/lib/python3.8/site-packages/airflow/example_dags/example_dag_decorator.py
[2021-07-12 13:50:04,977] {scheduler_job.py:633} INFO - Processing file /Users/pierre-olivierboisvert/Desktop/GIT/Spotify-ETL/env/lib/python3.8/site-packages/airflow/example_dags/example_dag_decorator.py for tasks to queue
[2021-07-12 13:50:04,978] {logging_mixin.py:104} INFO - [2021-07-12 13:50:04,978] {dagbag.py:496} INFO - Filling up the DagBag from /Users/pierre-olivierboisvert/Desktop/GIT/Spotify-ETL/env/lib/python3.8/site-packages/airflow/example_dags/example_dag_decorator.py
[2021-07-12 13:50:04,993] {scheduler_job.py:643} INFO - DAG(s) dict_keys(['example_dag_decorator']) retrieved from /Users/pierre-olivierboisvert/Desktop/GIT/Spotify-ETL/env/lib/python3.8/site-packages/airflow/example_dags/example_dag_decorator.py
[2021-07-12 13:50:05,361] {logging_mixin.py:104} INFO - [2021-07-12 13:50:05,361] {dag.py:1833} INFO - Sync 1 DAGs
[2021-07-12 13:50:05,371] {logging_mixin.py:104} INFO - [2021-07-12 13:50:05,370] {dag.py:2306} INFO - Setting next_dagrun for example_dag_decorator to None
[2021-07-12 13:50:05,382] {scheduler_job.py:190} INFO - Processing /Users/pierre-olivierboisvert/Desktop/GIT/Spotify-ETL/env/lib/python3.8/site-packages/airflow/example_dags/example_dag_decorator.py took 0.410 seconds
[2021-07-12 13:51:17,715] {scheduler_job.py:182} INFO - Started process (PID=66519) to work on /Users/pierre-olivierboisvert/Desktop/GIT/Spotify-ETL/env/lib/python3.8/site-packages/airflow/example_dags/example_dag_decorator.py
[2021-07-12 13:51:17,716] {scheduler_job.py:633} INFO - Processing file /Users/pierre-olivierboisvert/Desktop/GIT/Spotify-ETL/env/lib/python3.8/site-packages/airflow/example_dags/example_dag_decorator.py for tasks to queue
[2021-07-12 13:51:17,716] {logging_mixin.py:104} INFO - [2021-07-12 13:51:17,716] {dagbag.py:496} INFO - Filling up the DagBag from /Users/pierre-olivierboisvert/Desktop/GIT/Spotify-ETL/env/lib/python3.8/site-packages/airflow/example_dags/example_dag_decorator.py
[2021-07-12 13:51:17,729] {scheduler_job.py:643} INFO - DAG(s) dict_keys(['example_dag_decorator']) retrieved from /Users/pierre-olivierboisvert/Desktop/GIT/Spotify-ETL/env/lib/python3.8/site-packages/airflow/example_dags/example_dag_decorator.py
[2021-07-12 13:51:18,070] {logging_mixin.py:104} INFO - [2021-07-12 13:51:18,070] {dag.py:1833} INFO - Sync 1 DAGs
[2021-07-12 13:51:18,077] {logging_mixin.py:104} INFO - [2021-07-12 13:51:18,077] {dag.py:2306} INFO - Setting next_dagrun for example_dag_decorator to None
[2021-07-12 13:51:18,090] {scheduler_job.py:190} INFO - Processing /Users/pierre-olivierboisvert/Desktop/GIT/Spotify-ETL/env/lib/python3.8/site-packages/airflow/example_dags/example_dag_decorator.py took 0.376 seconds
[2021-07-12 13:52:41,770] {scheduler_job.py:182} INFO - Started process (PID=66631) to work on /Users/pierre-olivierboisvert/Desktop/GIT/Spotify-ETL/env/lib/python3.8/site-packages/airflow/example_dags/example_dag_decorator.py
[2021-07-12 13:52:41,771] {scheduler_job.py:633} INFO - Processing file /Users/pierre-olivierboisvert/Desktop/GIT/Spotify-ETL/env/lib/python3.8/site-packages/airflow/example_dags/example_dag_decorator.py for tasks to queue
[2021-07-12 13:52:41,771] {logging_mixin.py:104} INFO - [2021-07-12 13:52:41,771] {dagbag.py:496} INFO - Filling up the DagBag from /Users/pierre-olivierboisvert/Desktop/GIT/Spotify-ETL/env/lib/python3.8/site-packages/airflow/example_dags/example_dag_decorator.py
[2021-07-12 13:52:41,785] {scheduler_job.py:643} INFO - DAG(s) dict_keys(['example_dag_decorator']) retrieved from /Users/pierre-olivierboisvert/Desktop/GIT/Spotify-ETL/env/lib/python3.8/site-packages/airflow/example_dags/example_dag_decorator.py
[2021-07-12 13:52:42,160] {logging_mixin.py:104} INFO - [2021-07-12 13:52:42,160] {dag.py:1833} INFO - Sync 1 DAGs
[2021-07-12 13:52:42,170] {logging_mixin.py:104} INFO - [2021-07-12 13:52:42,170] {dag.py:2306} INFO - Setting next_dagrun for example_dag_decorator to None
[2021-07-12 13:52:42,185] {scheduler_job.py:190} INFO - Processing /Users/pierre-olivierboisvert/Desktop/GIT/Spotify-ETL/env/lib/python3.8/site-packages/airflow/example_dags/example_dag_decorator.py took 0.416 seconds
