[2021-07-12 13:39:42,431] {scheduler_job.py:182} INFO - Started process (PID=65720) to work on /Users/pierre-olivierboisvert/Desktop/GIT/Spotify-ETL/env/lib/python3.8/site-packages/airflow/example_dags/example_latest_only_with_trigger.py
[2021-07-12 13:39:42,431] {scheduler_job.py:633} INFO - Processing file /Users/pierre-olivierboisvert/Desktop/GIT/Spotify-ETL/env/lib/python3.8/site-packages/airflow/example_dags/example_latest_only_with_trigger.py for tasks to queue
[2021-07-12 13:39:42,432] {logging_mixin.py:104} INFO - [2021-07-12 13:39:42,432] {dagbag.py:496} INFO - Filling up the DagBag from /Users/pierre-olivierboisvert/Desktop/GIT/Spotify-ETL/env/lib/python3.8/site-packages/airflow/example_dags/example_latest_only_with_trigger.py
[2021-07-12 13:39:42,444] {scheduler_job.py:643} INFO - DAG(s) dict_keys(['latest_only_with_trigger']) retrieved from /Users/pierre-olivierboisvert/Desktop/GIT/Spotify-ETL/env/lib/python3.8/site-packages/airflow/example_dags/example_latest_only_with_trigger.py
[2021-07-12 13:39:42,501] {logging_mixin.py:104} INFO - [2021-07-12 13:39:42,501] {dag.py:1833} INFO - Sync 1 DAGs
[2021-07-12 13:39:42,515] {logging_mixin.py:104} INFO - [2021-07-12 13:39:42,514] {dag.py:2306} INFO - Setting next_dagrun for latest_only_with_trigger to 2021-07-10 00:00:00+00:00
[2021-07-12 13:39:42,529] {scheduler_job.py:190} INFO - Processing /Users/pierre-olivierboisvert/Desktop/GIT/Spotify-ETL/env/lib/python3.8/site-packages/airflow/example_dags/example_latest_only_with_trigger.py took 0.099 seconds
[2021-07-12 13:41:06,782] {scheduler_job.py:182} INFO - Started process (PID=65911) to work on /Users/pierre-olivierboisvert/Desktop/GIT/Spotify-ETL/env/lib/python3.8/site-packages/airflow/example_dags/example_latest_only_with_trigger.py
[2021-07-12 13:41:06,783] {scheduler_job.py:633} INFO - Processing file /Users/pierre-olivierboisvert/Desktop/GIT/Spotify-ETL/env/lib/python3.8/site-packages/airflow/example_dags/example_latest_only_with_trigger.py for tasks to queue
[2021-07-12 13:41:06,786] {logging_mixin.py:104} INFO - [2021-07-12 13:41:06,786] {dagbag.py:496} INFO - Filling up the DagBag from /Users/pierre-olivierboisvert/Desktop/GIT/Spotify-ETL/env/lib/python3.8/site-packages/airflow/example_dags/example_latest_only_with_trigger.py
[2021-07-12 13:41:06,819] {scheduler_job.py:643} INFO - DAG(s) dict_keys(['latest_only_with_trigger']) retrieved from /Users/pierre-olivierboisvert/Desktop/GIT/Spotify-ETL/env/lib/python3.8/site-packages/airflow/example_dags/example_latest_only_with_trigger.py
[2021-07-12 13:41:06,877] {logging_mixin.py:104} INFO - [2021-07-12 13:41:06,877] {dag.py:1833} INFO - Sync 1 DAGs
[2021-07-12 13:41:06,887] {logging_mixin.py:104} INFO - [2021-07-12 13:41:06,887] {dag.py:2306} INFO - Setting next_dagrun for latest_only_with_trigger to 2021-07-10 00:00:00+00:00
[2021-07-12 13:41:06,898] {scheduler_job.py:190} INFO - Processing /Users/pierre-olivierboisvert/Desktop/GIT/Spotify-ETL/env/lib/python3.8/site-packages/airflow/example_dags/example_latest_only_with_trigger.py took 0.117 seconds
[2021-07-12 13:42:26,348] {scheduler_job.py:182} INFO - Started process (PID=65983) to work on /Users/pierre-olivierboisvert/Desktop/GIT/Spotify-ETL/env/lib/python3.8/site-packages/airflow/example_dags/example_latest_only_with_trigger.py
[2021-07-12 13:42:26,349] {scheduler_job.py:633} INFO - Processing file /Users/pierre-olivierboisvert/Desktop/GIT/Spotify-ETL/env/lib/python3.8/site-packages/airflow/example_dags/example_latest_only_with_trigger.py for tasks to queue
[2021-07-12 13:42:26,350] {logging_mixin.py:104} INFO - [2021-07-12 13:42:26,350] {dagbag.py:496} INFO - Filling up the DagBag from /Users/pierre-olivierboisvert/Desktop/GIT/Spotify-ETL/env/lib/python3.8/site-packages/airflow/example_dags/example_latest_only_with_trigger.py
[2021-07-12 13:42:26,360] {scheduler_job.py:643} INFO - DAG(s) dict_keys(['latest_only_with_trigger']) retrieved from /Users/pierre-olivierboisvert/Desktop/GIT/Spotify-ETL/env/lib/python3.8/site-packages/airflow/example_dags/example_latest_only_with_trigger.py
[2021-07-12 13:42:26,399] {logging_mixin.py:104} INFO - [2021-07-12 13:42:26,399] {dag.py:1833} INFO - Sync 1 DAGs
[2021-07-12 13:42:26,407] {logging_mixin.py:104} INFO - [2021-07-12 13:42:26,407] {dag.py:2306} INFO - Setting next_dagrun for latest_only_with_trigger to 2021-07-10 00:00:00+00:00
[2021-07-12 13:42:26,419] {scheduler_job.py:190} INFO - Processing /Users/pierre-olivierboisvert/Desktop/GIT/Spotify-ETL/env/lib/python3.8/site-packages/airflow/example_dags/example_latest_only_with_trigger.py took 0.072 seconds
[2021-07-12 13:43:32,933] {scheduler_job.py:182} INFO - Started process (PID=66047) to work on /Users/pierre-olivierboisvert/Desktop/GIT/Spotify-ETL/env/lib/python3.8/site-packages/airflow/example_dags/example_latest_only_with_trigger.py
[2021-07-12 13:43:32,933] {scheduler_job.py:633} INFO - Processing file /Users/pierre-olivierboisvert/Desktop/GIT/Spotify-ETL/env/lib/python3.8/site-packages/airflow/example_dags/example_latest_only_with_trigger.py for tasks to queue
[2021-07-12 13:43:32,933] {logging_mixin.py:104} INFO - [2021-07-12 13:43:32,933] {dagbag.py:496} INFO - Filling up the DagBag from /Users/pierre-olivierboisvert/Desktop/GIT/Spotify-ETL/env/lib/python3.8/site-packages/airflow/example_dags/example_latest_only_with_trigger.py
[2021-07-12 13:43:32,941] {scheduler_job.py:643} INFO - DAG(s) dict_keys(['latest_only_with_trigger']) retrieved from /Users/pierre-olivierboisvert/Desktop/GIT/Spotify-ETL/env/lib/python3.8/site-packages/airflow/example_dags/example_latest_only_with_trigger.py
[2021-07-12 13:43:32,980] {logging_mixin.py:104} INFO - [2021-07-12 13:43:32,980] {dag.py:1833} INFO - Sync 1 DAGs
[2021-07-12 13:43:32,988] {logging_mixin.py:104} INFO - [2021-07-12 13:43:32,988] {dag.py:2306} INFO - Setting next_dagrun for latest_only_with_trigger to 2021-07-10 00:00:00+00:00
[2021-07-12 13:43:33,000] {scheduler_job.py:190} INFO - Processing /Users/pierre-olivierboisvert/Desktop/GIT/Spotify-ETL/env/lib/python3.8/site-packages/airflow/example_dags/example_latest_only_with_trigger.py took 0.068 seconds
[2021-07-12 13:44:43,023] {scheduler_job.py:182} INFO - Started process (PID=66117) to work on /Users/pierre-olivierboisvert/Desktop/GIT/Spotify-ETL/env/lib/python3.8/site-packages/airflow/example_dags/example_latest_only_with_trigger.py
[2021-07-12 13:44:43,023] {scheduler_job.py:633} INFO - Processing file /Users/pierre-olivierboisvert/Desktop/GIT/Spotify-ETL/env/lib/python3.8/site-packages/airflow/example_dags/example_latest_only_with_trigger.py for tasks to queue
[2021-07-12 13:44:43,024] {logging_mixin.py:104} INFO - [2021-07-12 13:44:43,023] {dagbag.py:496} INFO - Filling up the DagBag from /Users/pierre-olivierboisvert/Desktop/GIT/Spotify-ETL/env/lib/python3.8/site-packages/airflow/example_dags/example_latest_only_with_trigger.py
[2021-07-12 13:44:43,032] {scheduler_job.py:643} INFO - DAG(s) dict_keys(['latest_only_with_trigger']) retrieved from /Users/pierre-olivierboisvert/Desktop/GIT/Spotify-ETL/env/lib/python3.8/site-packages/airflow/example_dags/example_latest_only_with_trigger.py
[2021-07-12 13:44:43,073] {logging_mixin.py:104} INFO - [2021-07-12 13:44:43,073] {dag.py:1833} INFO - Sync 1 DAGs
[2021-07-12 13:44:43,081] {logging_mixin.py:104} INFO - [2021-07-12 13:44:43,081] {dag.py:2306} INFO - Setting next_dagrun for latest_only_with_trigger to 2021-07-10 00:00:00+00:00
[2021-07-12 13:44:43,093] {scheduler_job.py:190} INFO - Processing /Users/pierre-olivierboisvert/Desktop/GIT/Spotify-ETL/env/lib/python3.8/site-packages/airflow/example_dags/example_latest_only_with_trigger.py took 0.071 seconds
[2021-07-12 13:45:49,216] {scheduler_job.py:182} INFO - Started process (PID=66182) to work on /Users/pierre-olivierboisvert/Desktop/GIT/Spotify-ETL/env/lib/python3.8/site-packages/airflow/example_dags/example_latest_only_with_trigger.py
[2021-07-12 13:45:49,217] {scheduler_job.py:633} INFO - Processing file /Users/pierre-olivierboisvert/Desktop/GIT/Spotify-ETL/env/lib/python3.8/site-packages/airflow/example_dags/example_latest_only_with_trigger.py for tasks to queue
[2021-07-12 13:45:49,217] {logging_mixin.py:104} INFO - [2021-07-12 13:45:49,217] {dagbag.py:496} INFO - Filling up the DagBag from /Users/pierre-olivierboisvert/Desktop/GIT/Spotify-ETL/env/lib/python3.8/site-packages/airflow/example_dags/example_latest_only_with_trigger.py
[2021-07-12 13:45:49,225] {scheduler_job.py:643} INFO - DAG(s) dict_keys(['latest_only_with_trigger']) retrieved from /Users/pierre-olivierboisvert/Desktop/GIT/Spotify-ETL/env/lib/python3.8/site-packages/airflow/example_dags/example_latest_only_with_trigger.py
[2021-07-12 13:45:49,264] {logging_mixin.py:104} INFO - [2021-07-12 13:45:49,264] {dag.py:1833} INFO - Sync 1 DAGs
[2021-07-12 13:45:49,271] {logging_mixin.py:104} INFO - [2021-07-12 13:45:49,271] {dag.py:2306} INFO - Setting next_dagrun for latest_only_with_trigger to 2021-07-10 00:00:00+00:00
[2021-07-12 13:45:49,285] {scheduler_job.py:190} INFO - Processing /Users/pierre-olivierboisvert/Desktop/GIT/Spotify-ETL/env/lib/python3.8/site-packages/airflow/example_dags/example_latest_only_with_trigger.py took 0.069 seconds
[2021-07-12 13:46:59,788] {scheduler_job.py:182} INFO - Started process (PID=66251) to work on /Users/pierre-olivierboisvert/Desktop/GIT/Spotify-ETL/env/lib/python3.8/site-packages/airflow/example_dags/example_latest_only_with_trigger.py
[2021-07-12 13:46:59,788] {scheduler_job.py:633} INFO - Processing file /Users/pierre-olivierboisvert/Desktop/GIT/Spotify-ETL/env/lib/python3.8/site-packages/airflow/example_dags/example_latest_only_with_trigger.py for tasks to queue
[2021-07-12 13:46:59,789] {logging_mixin.py:104} INFO - [2021-07-12 13:46:59,789] {dagbag.py:496} INFO - Filling up the DagBag from /Users/pierre-olivierboisvert/Desktop/GIT/Spotify-ETL/env/lib/python3.8/site-packages/airflow/example_dags/example_latest_only_with_trigger.py
[2021-07-12 13:46:59,797] {scheduler_job.py:643} INFO - DAG(s) dict_keys(['latest_only_with_trigger']) retrieved from /Users/pierre-olivierboisvert/Desktop/GIT/Spotify-ETL/env/lib/python3.8/site-packages/airflow/example_dags/example_latest_only_with_trigger.py
[2021-07-12 13:46:59,833] {logging_mixin.py:104} INFO - [2021-07-12 13:46:59,833] {dag.py:1833} INFO - Sync 1 DAGs
[2021-07-12 13:46:59,844] {logging_mixin.py:104} INFO - [2021-07-12 13:46:59,844] {dag.py:2306} INFO - Setting next_dagrun for latest_only_with_trigger to 2021-07-10 00:00:00+00:00
[2021-07-12 13:46:59,855] {scheduler_job.py:190} INFO - Processing /Users/pierre-olivierboisvert/Desktop/GIT/Spotify-ETL/env/lib/python3.8/site-packages/airflow/example_dags/example_latest_only_with_trigger.py took 0.068 seconds
[2021-07-12 13:48:06,778] {scheduler_job.py:182} INFO - Started process (PID=66322) to work on /Users/pierre-olivierboisvert/Desktop/GIT/Spotify-ETL/env/lib/python3.8/site-packages/airflow/example_dags/example_latest_only_with_trigger.py
[2021-07-12 13:48:06,778] {scheduler_job.py:633} INFO - Processing file /Users/pierre-olivierboisvert/Desktop/GIT/Spotify-ETL/env/lib/python3.8/site-packages/airflow/example_dags/example_latest_only_with_trigger.py for tasks to queue
[2021-07-12 13:48:06,779] {logging_mixin.py:104} INFO - [2021-07-12 13:48:06,779] {dagbag.py:496} INFO - Filling up the DagBag from /Users/pierre-olivierboisvert/Desktop/GIT/Spotify-ETL/env/lib/python3.8/site-packages/airflow/example_dags/example_latest_only_with_trigger.py
[2021-07-12 13:48:06,786] {scheduler_job.py:643} INFO - DAG(s) dict_keys(['latest_only_with_trigger']) retrieved from /Users/pierre-olivierboisvert/Desktop/GIT/Spotify-ETL/env/lib/python3.8/site-packages/airflow/example_dags/example_latest_only_with_trigger.py
[2021-07-12 13:48:06,821] {logging_mixin.py:104} INFO - [2021-07-12 13:48:06,821] {dag.py:1833} INFO - Sync 1 DAGs
[2021-07-12 13:48:06,829] {logging_mixin.py:104} INFO - [2021-07-12 13:48:06,829] {dag.py:2306} INFO - Setting next_dagrun for latest_only_with_trigger to 2021-07-10 00:00:00+00:00
[2021-07-12 13:48:06,842] {scheduler_job.py:190} INFO - Processing /Users/pierre-olivierboisvert/Desktop/GIT/Spotify-ETL/env/lib/python3.8/site-packages/airflow/example_dags/example_latest_only_with_trigger.py took 0.065 seconds
[2021-07-12 13:49:26,755] {scheduler_job.py:182} INFO - Started process (PID=66411) to work on /Users/pierre-olivierboisvert/Desktop/GIT/Spotify-ETL/env/lib/python3.8/site-packages/airflow/example_dags/example_latest_only_with_trigger.py
[2021-07-12 13:49:26,756] {scheduler_job.py:633} INFO - Processing file /Users/pierre-olivierboisvert/Desktop/GIT/Spotify-ETL/env/lib/python3.8/site-packages/airflow/example_dags/example_latest_only_with_trigger.py for tasks to queue
[2021-07-12 13:49:26,757] {logging_mixin.py:104} INFO - [2021-07-12 13:49:26,757] {dagbag.py:496} INFO - Filling up the DagBag from /Users/pierre-olivierboisvert/Desktop/GIT/Spotify-ETL/env/lib/python3.8/site-packages/airflow/example_dags/example_latest_only_with_trigger.py
[2021-07-12 13:49:26,784] {scheduler_job.py:643} INFO - DAG(s) dict_keys(['latest_only_with_trigger']) retrieved from /Users/pierre-olivierboisvert/Desktop/GIT/Spotify-ETL/env/lib/python3.8/site-packages/airflow/example_dags/example_latest_only_with_trigger.py
[2021-07-12 13:49:26,914] {logging_mixin.py:104} INFO - [2021-07-12 13:49:26,914] {dag.py:1833} INFO - Sync 1 DAGs
[2021-07-12 13:49:26,930] {logging_mixin.py:104} INFO - [2021-07-12 13:49:26,930] {dag.py:2306} INFO - Setting next_dagrun for latest_only_with_trigger to 2021-07-10 00:00:00+00:00
[2021-07-12 13:49:26,961] {scheduler_job.py:190} INFO - Processing /Users/pierre-olivierboisvert/Desktop/GIT/Spotify-ETL/env/lib/python3.8/site-packages/airflow/example_dags/example_latest_only_with_trigger.py took 0.207 seconds
[2021-07-12 13:50:54,211] {scheduler_job.py:182} INFO - Started process (PID=66496) to work on /Users/pierre-olivierboisvert/Desktop/GIT/Spotify-ETL/env/lib/python3.8/site-packages/airflow/example_dags/example_latest_only_with_trigger.py
[2021-07-12 13:50:54,215] {scheduler_job.py:633} INFO - Processing file /Users/pierre-olivierboisvert/Desktop/GIT/Spotify-ETL/env/lib/python3.8/site-packages/airflow/example_dags/example_latest_only_with_trigger.py for tasks to queue
[2021-07-12 13:50:54,215] {logging_mixin.py:104} INFO - [2021-07-12 13:50:54,215] {dagbag.py:496} INFO - Filling up the DagBag from /Users/pierre-olivierboisvert/Desktop/GIT/Spotify-ETL/env/lib/python3.8/site-packages/airflow/example_dags/example_latest_only_with_trigger.py
[2021-07-12 13:50:54,224] {scheduler_job.py:643} INFO - DAG(s) dict_keys(['latest_only_with_trigger']) retrieved from /Users/pierre-olivierboisvert/Desktop/GIT/Spotify-ETL/env/lib/python3.8/site-packages/airflow/example_dags/example_latest_only_with_trigger.py
[2021-07-12 13:50:54,261] {logging_mixin.py:104} INFO - [2021-07-12 13:50:54,261] {dag.py:1833} INFO - Sync 1 DAGs
[2021-07-12 13:50:54,271] {logging_mixin.py:104} INFO - [2021-07-12 13:50:54,271] {dag.py:2306} INFO - Setting next_dagrun for latest_only_with_trigger to 2021-07-10 00:00:00+00:00
[2021-07-12 13:50:54,280] {scheduler_job.py:190} INFO - Processing /Users/pierre-olivierboisvert/Desktop/GIT/Spotify-ETL/env/lib/python3.8/site-packages/airflow/example_dags/example_latest_only_with_trigger.py took 0.071 seconds
[2021-07-12 13:52:10,561] {scheduler_job.py:182} INFO - Started process (PID=66576) to work on /Users/pierre-olivierboisvert/Desktop/GIT/Spotify-ETL/env/lib/python3.8/site-packages/airflow/example_dags/example_latest_only_with_trigger.py
[2021-07-12 13:52:10,561] {scheduler_job.py:633} INFO - Processing file /Users/pierre-olivierboisvert/Desktop/GIT/Spotify-ETL/env/lib/python3.8/site-packages/airflow/example_dags/example_latest_only_with_trigger.py for tasks to queue
[2021-07-12 13:52:10,562] {logging_mixin.py:104} INFO - [2021-07-12 13:52:10,562] {dagbag.py:496} INFO - Filling up the DagBag from /Users/pierre-olivierboisvert/Desktop/GIT/Spotify-ETL/env/lib/python3.8/site-packages/airflow/example_dags/example_latest_only_with_trigger.py
[2021-07-12 13:52:10,569] {scheduler_job.py:643} INFO - DAG(s) dict_keys(['latest_only_with_trigger']) retrieved from /Users/pierre-olivierboisvert/Desktop/GIT/Spotify-ETL/env/lib/python3.8/site-packages/airflow/example_dags/example_latest_only_with_trigger.py
[2021-07-12 13:52:10,604] {logging_mixin.py:104} INFO - [2021-07-12 13:52:10,604] {dag.py:1833} INFO - Sync 1 DAGs
[2021-07-12 13:52:10,612] {logging_mixin.py:104} INFO - [2021-07-12 13:52:10,612] {dag.py:2306} INFO - Setting next_dagrun for latest_only_with_trigger to 2021-07-10 00:00:00+00:00
[2021-07-12 13:52:10,628] {scheduler_job.py:190} INFO - Processing /Users/pierre-olivierboisvert/Desktop/GIT/Spotify-ETL/env/lib/python3.8/site-packages/airflow/example_dags/example_latest_only_with_trigger.py took 0.068 seconds
[2021-07-12 13:53:41,818] {scheduler_job.py:182} INFO - Started process (PID=66730) to work on /Users/pierre-olivierboisvert/Desktop/GIT/Spotify-ETL/env/lib/python3.8/site-packages/airflow/example_dags/example_latest_only_with_trigger.py
[2021-07-12 13:53:41,819] {scheduler_job.py:633} INFO - Processing file /Users/pierre-olivierboisvert/Desktop/GIT/Spotify-ETL/env/lib/python3.8/site-packages/airflow/example_dags/example_latest_only_with_trigger.py for tasks to queue
[2021-07-12 13:53:41,819] {logging_mixin.py:104} INFO - [2021-07-12 13:53:41,819] {dagbag.py:496} INFO - Filling up the DagBag from /Users/pierre-olivierboisvert/Desktop/GIT/Spotify-ETL/env/lib/python3.8/site-packages/airflow/example_dags/example_latest_only_with_trigger.py
[2021-07-12 13:53:41,828] {scheduler_job.py:643} INFO - DAG(s) dict_keys(['latest_only_with_trigger']) retrieved from /Users/pierre-olivierboisvert/Desktop/GIT/Spotify-ETL/env/lib/python3.8/site-packages/airflow/example_dags/example_latest_only_with_trigger.py
[2021-07-12 13:53:41,892] {logging_mixin.py:104} INFO - [2021-07-12 13:53:41,892] {dag.py:1833} INFO - Sync 1 DAGs
[2021-07-12 13:53:41,901] {logging_mixin.py:104} INFO - [2021-07-12 13:53:41,901] {dag.py:2306} INFO - Setting next_dagrun for latest_only_with_trigger to 2021-07-10 00:00:00+00:00
[2021-07-12 13:53:41,917] {scheduler_job.py:190} INFO - Processing /Users/pierre-olivierboisvert/Desktop/GIT/Spotify-ETL/env/lib/python3.8/site-packages/airflow/example_dags/example_latest_only_with_trigger.py took 0.099 seconds
