[2021-07-12 13:39:30,552] {scheduler_job.py:182} INFO - Started process (PID=65702) to work on /Users/pierre-olivierboisvert/Desktop/GIT/Spotify-ETL/env/lib/python3.8/site-packages/airflow/example_dags/example_python_operator.py
[2021-07-12 13:39:30,552] {scheduler_job.py:633} INFO - Processing file /Users/pierre-olivierboisvert/Desktop/GIT/Spotify-ETL/env/lib/python3.8/site-packages/airflow/example_dags/example_python_operator.py for tasks to queue
[2021-07-12 13:39:30,553] {logging_mixin.py:104} INFO - [2021-07-12 13:39:30,553] {dagbag.py:496} INFO - Filling up the DagBag from /Users/pierre-olivierboisvert/Desktop/GIT/Spotify-ETL/env/lib/python3.8/site-packages/airflow/example_dags/example_python_operator.py
[2021-07-12 13:39:30,564] {scheduler_job.py:643} INFO - DAG(s) dict_keys(['example_python_operator']) retrieved from /Users/pierre-olivierboisvert/Desktop/GIT/Spotify-ETL/env/lib/python3.8/site-packages/airflow/example_dags/example_python_operator.py
[2021-07-12 13:39:30,612] {logging_mixin.py:104} INFO - [2021-07-12 13:39:30,612] {dag.py:1833} INFO - Sync 1 DAGs
[2021-07-12 13:39:30,622] {logging_mixin.py:104} INFO - [2021-07-12 13:39:30,622] {dag.py:2306} INFO - Setting next_dagrun for example_python_operator to None
[2021-07-12 13:39:30,636] {scheduler_job.py:190} INFO - Processing /Users/pierre-olivierboisvert/Desktop/GIT/Spotify-ETL/env/lib/python3.8/site-packages/airflow/example_dags/example_python_operator.py took 0.085 seconds
[2021-07-12 13:40:58,261] {scheduler_job.py:182} INFO - Started process (PID=65904) to work on /Users/pierre-olivierboisvert/Desktop/GIT/Spotify-ETL/env/lib/python3.8/site-packages/airflow/example_dags/example_python_operator.py
[2021-07-12 13:40:58,262] {scheduler_job.py:633} INFO - Processing file /Users/pierre-olivierboisvert/Desktop/GIT/Spotify-ETL/env/lib/python3.8/site-packages/airflow/example_dags/example_python_operator.py for tasks to queue
[2021-07-12 13:40:58,262] {logging_mixin.py:104} INFO - [2021-07-12 13:40:58,262] {dagbag.py:496} INFO - Filling up the DagBag from /Users/pierre-olivierboisvert/Desktop/GIT/Spotify-ETL/env/lib/python3.8/site-packages/airflow/example_dags/example_python_operator.py
[2021-07-12 13:40:58,275] {scheduler_job.py:643} INFO - DAG(s) dict_keys(['example_python_operator']) retrieved from /Users/pierre-olivierboisvert/Desktop/GIT/Spotify-ETL/env/lib/python3.8/site-packages/airflow/example_dags/example_python_operator.py
[2021-07-12 13:40:58,330] {logging_mixin.py:104} INFO - [2021-07-12 13:40:58,330] {dag.py:1833} INFO - Sync 1 DAGs
[2021-07-12 13:40:58,342] {logging_mixin.py:104} INFO - [2021-07-12 13:40:58,341] {dag.py:2306} INFO - Setting next_dagrun for example_python_operator to None
[2021-07-12 13:40:58,363] {scheduler_job.py:190} INFO - Processing /Users/pierre-olivierboisvert/Desktop/GIT/Spotify-ETL/env/lib/python3.8/site-packages/airflow/example_dags/example_python_operator.py took 0.103 seconds
[2021-07-12 13:42:20,094] {scheduler_job.py:182} INFO - Started process (PID=65977) to work on /Users/pierre-olivierboisvert/Desktop/GIT/Spotify-ETL/env/lib/python3.8/site-packages/airflow/example_dags/example_python_operator.py
[2021-07-12 13:42:20,094] {scheduler_job.py:633} INFO - Processing file /Users/pierre-olivierboisvert/Desktop/GIT/Spotify-ETL/env/lib/python3.8/site-packages/airflow/example_dags/example_python_operator.py for tasks to queue
[2021-07-12 13:42:20,095] {logging_mixin.py:104} INFO - [2021-07-12 13:42:20,095] {dagbag.py:496} INFO - Filling up the DagBag from /Users/pierre-olivierboisvert/Desktop/GIT/Spotify-ETL/env/lib/python3.8/site-packages/airflow/example_dags/example_python_operator.py
[2021-07-12 13:42:20,105] {scheduler_job.py:643} INFO - DAG(s) dict_keys(['example_python_operator']) retrieved from /Users/pierre-olivierboisvert/Desktop/GIT/Spotify-ETL/env/lib/python3.8/site-packages/airflow/example_dags/example_python_operator.py
[2021-07-12 13:42:20,149] {logging_mixin.py:104} INFO - [2021-07-12 13:42:20,149] {dag.py:1833} INFO - Sync 1 DAGs
[2021-07-12 13:42:20,159] {logging_mixin.py:104} INFO - [2021-07-12 13:42:20,159] {dag.py:2306} INFO - Setting next_dagrun for example_python_operator to None
[2021-07-12 13:42:20,172] {scheduler_job.py:190} INFO - Processing /Users/pierre-olivierboisvert/Desktop/GIT/Spotify-ETL/env/lib/python3.8/site-packages/airflow/example_dags/example_python_operator.py took 0.079 seconds
[2021-07-12 13:43:26,687] {scheduler_job.py:182} INFO - Started process (PID=66041) to work on /Users/pierre-olivierboisvert/Desktop/GIT/Spotify-ETL/env/lib/python3.8/site-packages/airflow/example_dags/example_python_operator.py
[2021-07-12 13:43:26,687] {scheduler_job.py:633} INFO - Processing file /Users/pierre-olivierboisvert/Desktop/GIT/Spotify-ETL/env/lib/python3.8/site-packages/airflow/example_dags/example_python_operator.py for tasks to queue
[2021-07-12 13:43:26,688] {logging_mixin.py:104} INFO - [2021-07-12 13:43:26,688] {dagbag.py:496} INFO - Filling up the DagBag from /Users/pierre-olivierboisvert/Desktop/GIT/Spotify-ETL/env/lib/python3.8/site-packages/airflow/example_dags/example_python_operator.py
[2021-07-12 13:43:26,697] {scheduler_job.py:643} INFO - DAG(s) dict_keys(['example_python_operator']) retrieved from /Users/pierre-olivierboisvert/Desktop/GIT/Spotify-ETL/env/lib/python3.8/site-packages/airflow/example_dags/example_python_operator.py
[2021-07-12 13:43:26,736] {logging_mixin.py:104} INFO - [2021-07-12 13:43:26,736] {dag.py:1833} INFO - Sync 1 DAGs
[2021-07-12 13:43:26,744] {logging_mixin.py:104} INFO - [2021-07-12 13:43:26,743] {dag.py:2306} INFO - Setting next_dagrun for example_python_operator to None
[2021-07-12 13:43:26,756] {scheduler_job.py:190} INFO - Processing /Users/pierre-olivierboisvert/Desktop/GIT/Spotify-ETL/env/lib/python3.8/site-packages/airflow/example_dags/example_python_operator.py took 0.069 seconds
[2021-07-12 13:44:36,788] {scheduler_job.py:182} INFO - Started process (PID=66111) to work on /Users/pierre-olivierboisvert/Desktop/GIT/Spotify-ETL/env/lib/python3.8/site-packages/airflow/example_dags/example_python_operator.py
[2021-07-12 13:44:36,789] {scheduler_job.py:633} INFO - Processing file /Users/pierre-olivierboisvert/Desktop/GIT/Spotify-ETL/env/lib/python3.8/site-packages/airflow/example_dags/example_python_operator.py for tasks to queue
[2021-07-12 13:44:36,789] {logging_mixin.py:104} INFO - [2021-07-12 13:44:36,789] {dagbag.py:496} INFO - Filling up the DagBag from /Users/pierre-olivierboisvert/Desktop/GIT/Spotify-ETL/env/lib/python3.8/site-packages/airflow/example_dags/example_python_operator.py
[2021-07-12 13:44:36,798] {scheduler_job.py:643} INFO - DAG(s) dict_keys(['example_python_operator']) retrieved from /Users/pierre-olivierboisvert/Desktop/GIT/Spotify-ETL/env/lib/python3.8/site-packages/airflow/example_dags/example_python_operator.py
[2021-07-12 13:44:36,837] {logging_mixin.py:104} INFO - [2021-07-12 13:44:36,837] {dag.py:1833} INFO - Sync 1 DAGs
[2021-07-12 13:44:36,845] {logging_mixin.py:104} INFO - [2021-07-12 13:44:36,845] {dag.py:2306} INFO - Setting next_dagrun for example_python_operator to None
[2021-07-12 13:44:36,856] {scheduler_job.py:190} INFO - Processing /Users/pierre-olivierboisvert/Desktop/GIT/Spotify-ETL/env/lib/python3.8/site-packages/airflow/example_dags/example_python_operator.py took 0.068 seconds
[2021-07-12 13:45:42,981] {scheduler_job.py:182} INFO - Started process (PID=66175) to work on /Users/pierre-olivierboisvert/Desktop/GIT/Spotify-ETL/env/lib/python3.8/site-packages/airflow/example_dags/example_python_operator.py
[2021-07-12 13:45:42,982] {scheduler_job.py:633} INFO - Processing file /Users/pierre-olivierboisvert/Desktop/GIT/Spotify-ETL/env/lib/python3.8/site-packages/airflow/example_dags/example_python_operator.py for tasks to queue
[2021-07-12 13:45:42,982] {logging_mixin.py:104} INFO - [2021-07-12 13:45:42,982] {dagbag.py:496} INFO - Filling up the DagBag from /Users/pierre-olivierboisvert/Desktop/GIT/Spotify-ETL/env/lib/python3.8/site-packages/airflow/example_dags/example_python_operator.py
[2021-07-12 13:45:42,994] {scheduler_job.py:643} INFO - DAG(s) dict_keys(['example_python_operator']) retrieved from /Users/pierre-olivierboisvert/Desktop/GIT/Spotify-ETL/env/lib/python3.8/site-packages/airflow/example_dags/example_python_operator.py
[2021-07-12 13:45:43,030] {logging_mixin.py:104} INFO - [2021-07-12 13:45:43,030] {dag.py:1833} INFO - Sync 1 DAGs
[2021-07-12 13:45:43,044] {logging_mixin.py:104} INFO - [2021-07-12 13:45:43,044] {dag.py:2306} INFO - Setting next_dagrun for example_python_operator to None
[2021-07-12 13:45:43,055] {scheduler_job.py:190} INFO - Processing /Users/pierre-olivierboisvert/Desktop/GIT/Spotify-ETL/env/lib/python3.8/site-packages/airflow/example_dags/example_python_operator.py took 0.075 seconds
[2021-07-12 13:46:53,674] {scheduler_job.py:182} INFO - Started process (PID=66245) to work on /Users/pierre-olivierboisvert/Desktop/GIT/Spotify-ETL/env/lib/python3.8/site-packages/airflow/example_dags/example_python_operator.py
[2021-07-12 13:46:53,674] {scheduler_job.py:633} INFO - Processing file /Users/pierre-olivierboisvert/Desktop/GIT/Spotify-ETL/env/lib/python3.8/site-packages/airflow/example_dags/example_python_operator.py for tasks to queue
[2021-07-12 13:46:53,675] {logging_mixin.py:104} INFO - [2021-07-12 13:46:53,674] {dagbag.py:496} INFO - Filling up the DagBag from /Users/pierre-olivierboisvert/Desktop/GIT/Spotify-ETL/env/lib/python3.8/site-packages/airflow/example_dags/example_python_operator.py
[2021-07-12 13:46:53,684] {scheduler_job.py:643} INFO - DAG(s) dict_keys(['example_python_operator']) retrieved from /Users/pierre-olivierboisvert/Desktop/GIT/Spotify-ETL/env/lib/python3.8/site-packages/airflow/example_dags/example_python_operator.py
[2021-07-12 13:46:53,727] {logging_mixin.py:104} INFO - [2021-07-12 13:46:53,727] {dag.py:1833} INFO - Sync 1 DAGs
[2021-07-12 13:46:53,738] {logging_mixin.py:104} INFO - [2021-07-12 13:46:53,738] {dag.py:2306} INFO - Setting next_dagrun for example_python_operator to None
[2021-07-12 13:46:53,749] {scheduler_job.py:190} INFO - Processing /Users/pierre-olivierboisvert/Desktop/GIT/Spotify-ETL/env/lib/python3.8/site-packages/airflow/example_dags/example_python_operator.py took 0.076 seconds
[2021-07-12 13:48:00,842] {scheduler_job.py:182} INFO - Started process (PID=66314) to work on /Users/pierre-olivierboisvert/Desktop/GIT/Spotify-ETL/env/lib/python3.8/site-packages/airflow/example_dags/example_python_operator.py
[2021-07-12 13:48:00,842] {scheduler_job.py:633} INFO - Processing file /Users/pierre-olivierboisvert/Desktop/GIT/Spotify-ETL/env/lib/python3.8/site-packages/airflow/example_dags/example_python_operator.py for tasks to queue
[2021-07-12 13:48:00,843] {logging_mixin.py:104} INFO - [2021-07-12 13:48:00,843] {dagbag.py:496} INFO - Filling up the DagBag from /Users/pierre-olivierboisvert/Desktop/GIT/Spotify-ETL/env/lib/python3.8/site-packages/airflow/example_dags/example_python_operator.py
[2021-07-12 13:48:00,854] {scheduler_job.py:643} INFO - DAG(s) dict_keys(['example_python_operator']) retrieved from /Users/pierre-olivierboisvert/Desktop/GIT/Spotify-ETL/env/lib/python3.8/site-packages/airflow/example_dags/example_python_operator.py
[2021-07-12 13:48:00,894] {logging_mixin.py:104} INFO - [2021-07-12 13:48:00,894] {dag.py:1833} INFO - Sync 1 DAGs
[2021-07-12 13:48:00,902] {logging_mixin.py:104} INFO - [2021-07-12 13:48:00,902] {dag.py:2306} INFO - Setting next_dagrun for example_python_operator to None
[2021-07-12 13:48:00,913] {scheduler_job.py:190} INFO - Processing /Users/pierre-olivierboisvert/Desktop/GIT/Spotify-ETL/env/lib/python3.8/site-packages/airflow/example_dags/example_python_operator.py took 0.072 seconds
[2021-07-12 13:49:15,246] {scheduler_job.py:182} INFO - Started process (PID=66389) to work on /Users/pierre-olivierboisvert/Desktop/GIT/Spotify-ETL/env/lib/python3.8/site-packages/airflow/example_dags/example_python_operator.py
[2021-07-12 13:49:15,247] {scheduler_job.py:633} INFO - Processing file /Users/pierre-olivierboisvert/Desktop/GIT/Spotify-ETL/env/lib/python3.8/site-packages/airflow/example_dags/example_python_operator.py for tasks to queue
[2021-07-12 13:49:15,248] {logging_mixin.py:104} INFO - [2021-07-12 13:49:15,247] {dagbag.py:496} INFO - Filling up the DagBag from /Users/pierre-olivierboisvert/Desktop/GIT/Spotify-ETL/env/lib/python3.8/site-packages/airflow/example_dags/example_python_operator.py
[2021-07-12 13:49:15,257] {scheduler_job.py:643} INFO - DAG(s) dict_keys(['example_python_operator']) retrieved from /Users/pierre-olivierboisvert/Desktop/GIT/Spotify-ETL/env/lib/python3.8/site-packages/airflow/example_dags/example_python_operator.py
[2021-07-12 13:49:15,302] {logging_mixin.py:104} INFO - [2021-07-12 13:49:15,302] {dag.py:1833} INFO - Sync 1 DAGs
[2021-07-12 13:49:15,311] {logging_mixin.py:104} INFO - [2021-07-12 13:49:15,311] {dag.py:2306} INFO - Setting next_dagrun for example_python_operator to None
[2021-07-12 13:49:15,322] {scheduler_job.py:190} INFO - Processing /Users/pierre-olivierboisvert/Desktop/GIT/Spotify-ETL/env/lib/python3.8/site-packages/airflow/example_dags/example_python_operator.py took 0.076 seconds
[2021-07-12 13:50:48,010] {scheduler_job.py:182} INFO - Started process (PID=66490) to work on /Users/pierre-olivierboisvert/Desktop/GIT/Spotify-ETL/env/lib/python3.8/site-packages/airflow/example_dags/example_python_operator.py
[2021-07-12 13:50:48,014] {scheduler_job.py:633} INFO - Processing file /Users/pierre-olivierboisvert/Desktop/GIT/Spotify-ETL/env/lib/python3.8/site-packages/airflow/example_dags/example_python_operator.py for tasks to queue
[2021-07-12 13:50:48,014] {logging_mixin.py:104} INFO - [2021-07-12 13:50:48,014] {dagbag.py:496} INFO - Filling up the DagBag from /Users/pierre-olivierboisvert/Desktop/GIT/Spotify-ETL/env/lib/python3.8/site-packages/airflow/example_dags/example_python_operator.py
[2021-07-12 13:50:48,024] {scheduler_job.py:643} INFO - DAG(s) dict_keys(['example_python_operator']) retrieved from /Users/pierre-olivierboisvert/Desktop/GIT/Spotify-ETL/env/lib/python3.8/site-packages/airflow/example_dags/example_python_operator.py
[2021-07-12 13:50:48,068] {logging_mixin.py:104} INFO - [2021-07-12 13:50:48,068] {dag.py:1833} INFO - Sync 1 DAGs
[2021-07-12 13:50:48,078] {logging_mixin.py:104} INFO - [2021-07-12 13:50:48,078] {dag.py:2306} INFO - Setting next_dagrun for example_python_operator to None
[2021-07-12 13:50:48,092] {scheduler_job.py:190} INFO - Processing /Users/pierre-olivierboisvert/Desktop/GIT/Spotify-ETL/env/lib/python3.8/site-packages/airflow/example_dags/example_python_operator.py took 0.083 seconds
[2021-07-12 13:52:03,787] {scheduler_job.py:182} INFO - Started process (PID=66570) to work on /Users/pierre-olivierboisvert/Desktop/GIT/Spotify-ETL/env/lib/python3.8/site-packages/airflow/example_dags/example_python_operator.py
[2021-07-12 13:52:03,788] {scheduler_job.py:633} INFO - Processing file /Users/pierre-olivierboisvert/Desktop/GIT/Spotify-ETL/env/lib/python3.8/site-packages/airflow/example_dags/example_python_operator.py for tasks to queue
[2021-07-12 13:52:03,788] {logging_mixin.py:104} INFO - [2021-07-12 13:52:03,788] {dagbag.py:496} INFO - Filling up the DagBag from /Users/pierre-olivierboisvert/Desktop/GIT/Spotify-ETL/env/lib/python3.8/site-packages/airflow/example_dags/example_python_operator.py
[2021-07-12 13:52:03,797] {scheduler_job.py:643} INFO - DAG(s) dict_keys(['example_python_operator']) retrieved from /Users/pierre-olivierboisvert/Desktop/GIT/Spotify-ETL/env/lib/python3.8/site-packages/airflow/example_dags/example_python_operator.py
[2021-07-12 13:52:03,837] {logging_mixin.py:104} INFO - [2021-07-12 13:52:03,837] {dag.py:1833} INFO - Sync 1 DAGs
[2021-07-12 13:52:03,846] {logging_mixin.py:104} INFO - [2021-07-12 13:52:03,846] {dag.py:2306} INFO - Setting next_dagrun for example_python_operator to None
[2021-07-12 13:52:03,859] {scheduler_job.py:190} INFO - Processing /Users/pierre-olivierboisvert/Desktop/GIT/Spotify-ETL/env/lib/python3.8/site-packages/airflow/example_dags/example_python_operator.py took 0.073 seconds
[2021-07-12 13:53:35,488] {scheduler_job.py:182} INFO - Started process (PID=66689) to work on /Users/pierre-olivierboisvert/Desktop/GIT/Spotify-ETL/env/lib/python3.8/site-packages/airflow/example_dags/example_python_operator.py
[2021-07-12 13:53:35,489] {scheduler_job.py:633} INFO - Processing file /Users/pierre-olivierboisvert/Desktop/GIT/Spotify-ETL/env/lib/python3.8/site-packages/airflow/example_dags/example_python_operator.py for tasks to queue
[2021-07-12 13:53:35,489] {logging_mixin.py:104} INFO - [2021-07-12 13:53:35,489] {dagbag.py:496} INFO - Filling up the DagBag from /Users/pierre-olivierboisvert/Desktop/GIT/Spotify-ETL/env/lib/python3.8/site-packages/airflow/example_dags/example_python_operator.py
[2021-07-12 13:53:35,500] {scheduler_job.py:643} INFO - DAG(s) dict_keys(['example_python_operator']) retrieved from /Users/pierre-olivierboisvert/Desktop/GIT/Spotify-ETL/env/lib/python3.8/site-packages/airflow/example_dags/example_python_operator.py
[2021-07-12 13:53:35,538] {logging_mixin.py:104} INFO - [2021-07-12 13:53:35,538] {dag.py:1833} INFO - Sync 1 DAGs
[2021-07-12 13:53:35,546] {logging_mixin.py:104} INFO - [2021-07-12 13:53:35,546] {dag.py:2306} INFO - Setting next_dagrun for example_python_operator to None
[2021-07-12 13:53:35,556] {scheduler_job.py:190} INFO - Processing /Users/pierre-olivierboisvert/Desktop/GIT/Spotify-ETL/env/lib/python3.8/site-packages/airflow/example_dags/example_python_operator.py took 0.068 seconds
