[2021-07-12 13:39:13,620] {scheduler_job.py:182} INFO - Started process (PID=65640) to work on /Users/pierre-olivierboisvert/Desktop/GIT/Spotify-ETL/env/lib/python3.8/site-packages/airflow/example_dags/example_xcom.py
[2021-07-12 13:39:13,620] {scheduler_job.py:633} INFO - Processing file /Users/pierre-olivierboisvert/Desktop/GIT/Spotify-ETL/env/lib/python3.8/site-packages/airflow/example_dags/example_xcom.py for tasks to queue
[2021-07-12 13:39:13,621] {logging_mixin.py:104} INFO - [2021-07-12 13:39:13,621] {dagbag.py:496} INFO - Filling up the DagBag from /Users/pierre-olivierboisvert/Desktop/GIT/Spotify-ETL/env/lib/python3.8/site-packages/airflow/example_dags/example_xcom.py
[2021-07-12 13:39:13,629] {scheduler_job.py:643} INFO - DAG(s) dict_keys(['example_xcom']) retrieved from /Users/pierre-olivierboisvert/Desktop/GIT/Spotify-ETL/env/lib/python3.8/site-packages/airflow/example_dags/example_xcom.py
[2021-07-12 13:39:13,636] {logging_mixin.py:104} INFO - [2021-07-12 13:39:13,636] {dag.py:1833} INFO - Sync 1 DAGs
[2021-07-12 13:39:13,685] {logging_mixin.py:104} INFO - [2021-07-12 13:39:13,685] {dag.py:2306} INFO - Setting next_dagrun for example_xcom to 2021-07-10 00:00:00+00:00
[2021-07-12 13:39:13,698] {scheduler_job.py:190} INFO - Processing /Users/pierre-olivierboisvert/Desktop/GIT/Spotify-ETL/env/lib/python3.8/site-packages/airflow/example_dags/example_xcom.py took 0.079 seconds
[2021-07-12 13:40:37,597] {scheduler_job.py:182} INFO - Started process (PID=65835) to work on /Users/pierre-olivierboisvert/Desktop/GIT/Spotify-ETL/env/lib/python3.8/site-packages/airflow/example_dags/example_xcom.py
[2021-07-12 13:40:37,598] {scheduler_job.py:633} INFO - Processing file /Users/pierre-olivierboisvert/Desktop/GIT/Spotify-ETL/env/lib/python3.8/site-packages/airflow/example_dags/example_xcom.py for tasks to queue
[2021-07-12 13:40:37,598] {logging_mixin.py:104} INFO - [2021-07-12 13:40:37,598] {dagbag.py:496} INFO - Filling up the DagBag from /Users/pierre-olivierboisvert/Desktop/GIT/Spotify-ETL/env/lib/python3.8/site-packages/airflow/example_dags/example_xcom.py
[2021-07-12 13:40:37,608] {scheduler_job.py:643} INFO - DAG(s) dict_keys(['example_xcom']) retrieved from /Users/pierre-olivierboisvert/Desktop/GIT/Spotify-ETL/env/lib/python3.8/site-packages/airflow/example_dags/example_xcom.py
[2021-07-12 13:40:37,656] {logging_mixin.py:104} INFO - [2021-07-12 13:40:37,655] {dag.py:1833} INFO - Sync 1 DAGs
[2021-07-12 13:40:37,666] {logging_mixin.py:104} INFO - [2021-07-12 13:40:37,665] {dag.py:2306} INFO - Setting next_dagrun for example_xcom to 2021-07-10 00:00:00+00:00
[2021-07-12 13:40:37,680] {scheduler_job.py:190} INFO - Processing /Users/pierre-olivierboisvert/Desktop/GIT/Spotify-ETL/env/lib/python3.8/site-packages/airflow/example_dags/example_xcom.py took 0.083 seconds
[2021-07-12 13:41:28,862] {scheduler_job.py:182} INFO - Started process (PID=65929) to work on /Users/pierre-olivierboisvert/Desktop/GIT/Spotify-ETL/env/lib/python3.8/site-packages/airflow/example_dags/example_xcom.py
[2021-07-12 13:41:28,862] {scheduler_job.py:633} INFO - Processing file /Users/pierre-olivierboisvert/Desktop/GIT/Spotify-ETL/env/lib/python3.8/site-packages/airflow/example_dags/example_xcom.py for tasks to queue
[2021-07-12 13:41:28,863] {logging_mixin.py:104} INFO - [2021-07-12 13:41:28,863] {dagbag.py:496} INFO - Filling up the DagBag from /Users/pierre-olivierboisvert/Desktop/GIT/Spotify-ETL/env/lib/python3.8/site-packages/airflow/example_dags/example_xcom.py
[2021-07-12 13:41:28,871] {scheduler_job.py:643} INFO - DAG(s) dict_keys(['example_xcom']) retrieved from /Users/pierre-olivierboisvert/Desktop/GIT/Spotify-ETL/env/lib/python3.8/site-packages/airflow/example_dags/example_xcom.py
[2021-07-12 13:41:28,912] {logging_mixin.py:104} INFO - [2021-07-12 13:41:28,911] {dag.py:1833} INFO - Sync 1 DAGs
[2021-07-12 13:41:28,923] {logging_mixin.py:104} INFO - [2021-07-12 13:41:28,923] {dag.py:2306} INFO - Setting next_dagrun for example_xcom to 2021-07-10 00:00:00+00:00
[2021-07-12 13:41:28,938] {scheduler_job.py:190} INFO - Processing /Users/pierre-olivierboisvert/Desktop/GIT/Spotify-ETL/env/lib/python3.8/site-packages/airflow/example_dags/example_xcom.py took 0.077 seconds
[2021-07-12 13:42:39,199] {scheduler_job.py:182} INFO - Started process (PID=65995) to work on /Users/pierre-olivierboisvert/Desktop/GIT/Spotify-ETL/env/lib/python3.8/site-packages/airflow/example_dags/example_xcom.py
[2021-07-12 13:42:39,200] {scheduler_job.py:633} INFO - Processing file /Users/pierre-olivierboisvert/Desktop/GIT/Spotify-ETL/env/lib/python3.8/site-packages/airflow/example_dags/example_xcom.py for tasks to queue
[2021-07-12 13:42:39,200] {logging_mixin.py:104} INFO - [2021-07-12 13:42:39,200] {dagbag.py:496} INFO - Filling up the DagBag from /Users/pierre-olivierboisvert/Desktop/GIT/Spotify-ETL/env/lib/python3.8/site-packages/airflow/example_dags/example_xcom.py
[2021-07-12 13:42:39,208] {scheduler_job.py:643} INFO - DAG(s) dict_keys(['example_xcom']) retrieved from /Users/pierre-olivierboisvert/Desktop/GIT/Spotify-ETL/env/lib/python3.8/site-packages/airflow/example_dags/example_xcom.py
[2021-07-12 13:42:39,250] {logging_mixin.py:104} INFO - [2021-07-12 13:42:39,249] {dag.py:1833} INFO - Sync 1 DAGs
[2021-07-12 13:42:39,259] {logging_mixin.py:104} INFO - [2021-07-12 13:42:39,258] {dag.py:2306} INFO - Setting next_dagrun for example_xcom to 2021-07-10 00:00:00+00:00
[2021-07-12 13:42:39,269] {scheduler_job.py:190} INFO - Processing /Users/pierre-olivierboisvert/Desktop/GIT/Spotify-ETL/env/lib/python3.8/site-packages/airflow/example_dags/example_xcom.py took 0.071 seconds
[2021-07-12 13:43:45,497] {scheduler_job.py:182} INFO - Started process (PID=66059) to work on /Users/pierre-olivierboisvert/Desktop/GIT/Spotify-ETL/env/lib/python3.8/site-packages/airflow/example_dags/example_xcom.py
[2021-07-12 13:43:45,498] {scheduler_job.py:633} INFO - Processing file /Users/pierre-olivierboisvert/Desktop/GIT/Spotify-ETL/env/lib/python3.8/site-packages/airflow/example_dags/example_xcom.py for tasks to queue
[2021-07-12 13:43:45,498] {logging_mixin.py:104} INFO - [2021-07-12 13:43:45,498] {dagbag.py:496} INFO - Filling up the DagBag from /Users/pierre-olivierboisvert/Desktop/GIT/Spotify-ETL/env/lib/python3.8/site-packages/airflow/example_dags/example_xcom.py
[2021-07-12 13:43:45,506] {scheduler_job.py:643} INFO - DAG(s) dict_keys(['example_xcom']) retrieved from /Users/pierre-olivierboisvert/Desktop/GIT/Spotify-ETL/env/lib/python3.8/site-packages/airflow/example_dags/example_xcom.py
[2021-07-12 13:43:45,540] {logging_mixin.py:104} INFO - [2021-07-12 13:43:45,540] {dag.py:1833} INFO - Sync 1 DAGs
[2021-07-12 13:43:45,548] {logging_mixin.py:104} INFO - [2021-07-12 13:43:45,548] {dag.py:2306} INFO - Setting next_dagrun for example_xcom to 2021-07-10 00:00:00+00:00
[2021-07-12 13:43:45,559] {scheduler_job.py:190} INFO - Processing /Users/pierre-olivierboisvert/Desktop/GIT/Spotify-ETL/env/lib/python3.8/site-packages/airflow/example_dags/example_xcom.py took 0.063 seconds
[2021-07-12 13:44:55,711] {scheduler_job.py:182} INFO - Started process (PID=66129) to work on /Users/pierre-olivierboisvert/Desktop/GIT/Spotify-ETL/env/lib/python3.8/site-packages/airflow/example_dags/example_xcom.py
[2021-07-12 13:44:55,711] {scheduler_job.py:633} INFO - Processing file /Users/pierre-olivierboisvert/Desktop/GIT/Spotify-ETL/env/lib/python3.8/site-packages/airflow/example_dags/example_xcom.py for tasks to queue
[2021-07-12 13:44:55,712] {logging_mixin.py:104} INFO - [2021-07-12 13:44:55,712] {dagbag.py:496} INFO - Filling up the DagBag from /Users/pierre-olivierboisvert/Desktop/GIT/Spotify-ETL/env/lib/python3.8/site-packages/airflow/example_dags/example_xcom.py
[2021-07-12 13:44:55,719] {scheduler_job.py:643} INFO - DAG(s) dict_keys(['example_xcom']) retrieved from /Users/pierre-olivierboisvert/Desktop/GIT/Spotify-ETL/env/lib/python3.8/site-packages/airflow/example_dags/example_xcom.py
[2021-07-12 13:44:55,757] {logging_mixin.py:104} INFO - [2021-07-12 13:44:55,757] {dag.py:1833} INFO - Sync 1 DAGs
[2021-07-12 13:44:55,767] {logging_mixin.py:104} INFO - [2021-07-12 13:44:55,767] {dag.py:2306} INFO - Setting next_dagrun for example_xcom to 2021-07-10 00:00:00+00:00
[2021-07-12 13:44:55,782] {scheduler_job.py:190} INFO - Processing /Users/pierre-olivierboisvert/Desktop/GIT/Spotify-ETL/env/lib/python3.8/site-packages/airflow/example_dags/example_xcom.py took 0.072 seconds
[2021-07-12 13:46:02,029] {scheduler_job.py:182} INFO - Started process (PID=66194) to work on /Users/pierre-olivierboisvert/Desktop/GIT/Spotify-ETL/env/lib/python3.8/site-packages/airflow/example_dags/example_xcom.py
[2021-07-12 13:46:02,030] {scheduler_job.py:633} INFO - Processing file /Users/pierre-olivierboisvert/Desktop/GIT/Spotify-ETL/env/lib/python3.8/site-packages/airflow/example_dags/example_xcom.py for tasks to queue
[2021-07-12 13:46:02,030] {logging_mixin.py:104} INFO - [2021-07-12 13:46:02,030] {dagbag.py:496} INFO - Filling up the DagBag from /Users/pierre-olivierboisvert/Desktop/GIT/Spotify-ETL/env/lib/python3.8/site-packages/airflow/example_dags/example_xcom.py
[2021-07-12 13:46:02,038] {scheduler_job.py:643} INFO - DAG(s) dict_keys(['example_xcom']) retrieved from /Users/pierre-olivierboisvert/Desktop/GIT/Spotify-ETL/env/lib/python3.8/site-packages/airflow/example_dags/example_xcom.py
[2021-07-12 13:46:02,077] {logging_mixin.py:104} INFO - [2021-07-12 13:46:02,077] {dag.py:1833} INFO - Sync 1 DAGs
[2021-07-12 13:46:02,087] {logging_mixin.py:104} INFO - [2021-07-12 13:46:02,086] {dag.py:2306} INFO - Setting next_dagrun for example_xcom to 2021-07-10 00:00:00+00:00
[2021-07-12 13:46:02,099] {scheduler_job.py:190} INFO - Processing /Users/pierre-olivierboisvert/Desktop/GIT/Spotify-ETL/env/lib/python3.8/site-packages/airflow/example_dags/example_xcom.py took 0.071 seconds
[2021-07-12 13:47:12,326] {scheduler_job.py:182} INFO - Started process (PID=66264) to work on /Users/pierre-olivierboisvert/Desktop/GIT/Spotify-ETL/env/lib/python3.8/site-packages/airflow/example_dags/example_xcom.py
[2021-07-12 13:47:12,327] {scheduler_job.py:633} INFO - Processing file /Users/pierre-olivierboisvert/Desktop/GIT/Spotify-ETL/env/lib/python3.8/site-packages/airflow/example_dags/example_xcom.py for tasks to queue
[2021-07-12 13:47:12,327] {logging_mixin.py:104} INFO - [2021-07-12 13:47:12,327] {dagbag.py:496} INFO - Filling up the DagBag from /Users/pierre-olivierboisvert/Desktop/GIT/Spotify-ETL/env/lib/python3.8/site-packages/airflow/example_dags/example_xcom.py
[2021-07-12 13:47:12,335] {scheduler_job.py:643} INFO - DAG(s) dict_keys(['example_xcom']) retrieved from /Users/pierre-olivierboisvert/Desktop/GIT/Spotify-ETL/env/lib/python3.8/site-packages/airflow/example_dags/example_xcom.py
[2021-07-12 13:47:12,374] {logging_mixin.py:104} INFO - [2021-07-12 13:47:12,374] {dag.py:1833} INFO - Sync 1 DAGs
[2021-07-12 13:47:12,384] {logging_mixin.py:104} INFO - [2021-07-12 13:47:12,384] {dag.py:2306} INFO - Setting next_dagrun for example_xcom to 2021-07-10 00:00:00+00:00
[2021-07-12 13:47:12,396] {scheduler_job.py:190} INFO - Processing /Users/pierre-olivierboisvert/Desktop/GIT/Spotify-ETL/env/lib/python3.8/site-packages/airflow/example_dags/example_xcom.py took 0.071 seconds
[2021-07-12 13:48:23,256] {scheduler_job.py:182} INFO - Started process (PID=66339) to work on /Users/pierre-olivierboisvert/Desktop/GIT/Spotify-ETL/env/lib/python3.8/site-packages/airflow/example_dags/example_xcom.py
[2021-07-12 13:48:23,256] {scheduler_job.py:633} INFO - Processing file /Users/pierre-olivierboisvert/Desktop/GIT/Spotify-ETL/env/lib/python3.8/site-packages/airflow/example_dags/example_xcom.py for tasks to queue
[2021-07-12 13:48:23,257] {logging_mixin.py:104} INFO - [2021-07-12 13:48:23,257] {dagbag.py:496} INFO - Filling up the DagBag from /Users/pierre-olivierboisvert/Desktop/GIT/Spotify-ETL/env/lib/python3.8/site-packages/airflow/example_dags/example_xcom.py
[2021-07-12 13:48:23,264] {scheduler_job.py:643} INFO - DAG(s) dict_keys(['example_xcom']) retrieved from /Users/pierre-olivierboisvert/Desktop/GIT/Spotify-ETL/env/lib/python3.8/site-packages/airflow/example_dags/example_xcom.py
[2021-07-12 13:48:23,307] {logging_mixin.py:104} INFO - [2021-07-12 13:48:23,307] {dag.py:1833} INFO - Sync 1 DAGs
[2021-07-12 13:48:23,315] {logging_mixin.py:104} INFO - [2021-07-12 13:48:23,315] {dag.py:2306} INFO - Setting next_dagrun for example_xcom to 2021-07-10 00:00:00+00:00
[2021-07-12 13:48:23,324] {scheduler_job.py:190} INFO - Processing /Users/pierre-olivierboisvert/Desktop/GIT/Spotify-ETL/env/lib/python3.8/site-packages/airflow/example_dags/example_xcom.py took 0.069 seconds
[2021-07-12 13:49:54,781] {scheduler_job.py:182} INFO - Started process (PID=66439) to work on /Users/pierre-olivierboisvert/Desktop/GIT/Spotify-ETL/env/lib/python3.8/site-packages/airflow/example_dags/example_xcom.py
[2021-07-12 13:49:54,782] {scheduler_job.py:633} INFO - Processing file /Users/pierre-olivierboisvert/Desktop/GIT/Spotify-ETL/env/lib/python3.8/site-packages/airflow/example_dags/example_xcom.py for tasks to queue
[2021-07-12 13:49:54,782] {logging_mixin.py:104} INFO - [2021-07-12 13:49:54,782] {dagbag.py:496} INFO - Filling up the DagBag from /Users/pierre-olivierboisvert/Desktop/GIT/Spotify-ETL/env/lib/python3.8/site-packages/airflow/example_dags/example_xcom.py
[2021-07-12 13:49:54,791] {scheduler_job.py:643} INFO - DAG(s) dict_keys(['example_xcom']) retrieved from /Users/pierre-olivierboisvert/Desktop/GIT/Spotify-ETL/env/lib/python3.8/site-packages/airflow/example_dags/example_xcom.py
[2021-07-12 13:49:54,826] {logging_mixin.py:104} INFO - [2021-07-12 13:49:54,826] {dag.py:1833} INFO - Sync 1 DAGs
[2021-07-12 13:49:54,837] {logging_mixin.py:104} INFO - [2021-07-12 13:49:54,837] {dag.py:2306} INFO - Setting next_dagrun for example_xcom to 2021-07-10 00:00:00+00:00
[2021-07-12 13:49:54,847] {scheduler_job.py:190} INFO - Processing /Users/pierre-olivierboisvert/Desktop/GIT/Spotify-ETL/env/lib/python3.8/site-packages/airflow/example_dags/example_xcom.py took 0.067 seconds
[2021-07-12 13:51:06,861] {scheduler_job.py:182} INFO - Started process (PID=66508) to work on /Users/pierre-olivierboisvert/Desktop/GIT/Spotify-ETL/env/lib/python3.8/site-packages/airflow/example_dags/example_xcom.py
[2021-07-12 13:51:06,862] {scheduler_job.py:633} INFO - Processing file /Users/pierre-olivierboisvert/Desktop/GIT/Spotify-ETL/env/lib/python3.8/site-packages/airflow/example_dags/example_xcom.py for tasks to queue
[2021-07-12 13:51:06,862] {logging_mixin.py:104} INFO - [2021-07-12 13:51:06,862] {dagbag.py:496} INFO - Filling up the DagBag from /Users/pierre-olivierboisvert/Desktop/GIT/Spotify-ETL/env/lib/python3.8/site-packages/airflow/example_dags/example_xcom.py
[2021-07-12 13:51:06,870] {scheduler_job.py:643} INFO - DAG(s) dict_keys(['example_xcom']) retrieved from /Users/pierre-olivierboisvert/Desktop/GIT/Spotify-ETL/env/lib/python3.8/site-packages/airflow/example_dags/example_xcom.py
[2021-07-12 13:51:06,905] {logging_mixin.py:104} INFO - [2021-07-12 13:51:06,905] {dag.py:1833} INFO - Sync 1 DAGs
[2021-07-12 13:51:06,913] {logging_mixin.py:104} INFO - [2021-07-12 13:51:06,913] {dag.py:2306} INFO - Setting next_dagrun for example_xcom to 2021-07-10 00:00:00+00:00
[2021-07-12 13:51:06,924] {scheduler_job.py:190} INFO - Processing /Users/pierre-olivierboisvert/Desktop/GIT/Spotify-ETL/env/lib/python3.8/site-packages/airflow/example_dags/example_xcom.py took 0.064 seconds
[2021-07-12 13:52:29,245] {scheduler_job.py:182} INFO - Started process (PID=66614) to work on /Users/pierre-olivierboisvert/Desktop/GIT/Spotify-ETL/env/lib/python3.8/site-packages/airflow/example_dags/example_xcom.py
[2021-07-12 13:52:29,246] {scheduler_job.py:633} INFO - Processing file /Users/pierre-olivierboisvert/Desktop/GIT/Spotify-ETL/env/lib/python3.8/site-packages/airflow/example_dags/example_xcom.py for tasks to queue
[2021-07-12 13:52:29,246] {logging_mixin.py:104} INFO - [2021-07-12 13:52:29,246] {dagbag.py:496} INFO - Filling up the DagBag from /Users/pierre-olivierboisvert/Desktop/GIT/Spotify-ETL/env/lib/python3.8/site-packages/airflow/example_dags/example_xcom.py
[2021-07-12 13:52:29,256] {scheduler_job.py:643} INFO - DAG(s) dict_keys(['example_xcom']) retrieved from /Users/pierre-olivierboisvert/Desktop/GIT/Spotify-ETL/env/lib/python3.8/site-packages/airflow/example_dags/example_xcom.py
[2021-07-12 13:52:29,293] {logging_mixin.py:104} INFO - [2021-07-12 13:52:29,293] {dag.py:1833} INFO - Sync 1 DAGs
[2021-07-12 13:52:29,301] {logging_mixin.py:104} INFO - [2021-07-12 13:52:29,301] {dag.py:2306} INFO - Setting next_dagrun for example_xcom to 2021-07-10 00:00:00+00:00
[2021-07-12 13:52:29,309] {scheduler_job.py:190} INFO - Processing /Users/pierre-olivierboisvert/Desktop/GIT/Spotify-ETL/env/lib/python3.8/site-packages/airflow/example_dags/example_xcom.py took 0.065 seconds
[2021-07-12 13:53:17,436] {scheduler_job.py:182} INFO - Started process (PID=66662) to work on /Users/pierre-olivierboisvert/Desktop/GIT/Spotify-ETL/env/lib/python3.8/site-packages/airflow/example_dags/example_xcom.py
[2021-07-12 13:53:17,437] {scheduler_job.py:633} INFO - Processing file /Users/pierre-olivierboisvert/Desktop/GIT/Spotify-ETL/env/lib/python3.8/site-packages/airflow/example_dags/example_xcom.py for tasks to queue
[2021-07-12 13:53:17,437] {logging_mixin.py:104} INFO - [2021-07-12 13:53:17,437] {dagbag.py:496} INFO - Filling up the DagBag from /Users/pierre-olivierboisvert/Desktop/GIT/Spotify-ETL/env/lib/python3.8/site-packages/airflow/example_dags/example_xcom.py
[2021-07-12 13:53:17,449] {scheduler_job.py:643} INFO - DAG(s) dict_keys(['example_xcom']) retrieved from /Users/pierre-olivierboisvert/Desktop/GIT/Spotify-ETL/env/lib/python3.8/site-packages/airflow/example_dags/example_xcom.py
[2021-07-12 13:53:17,502] {logging_mixin.py:104} INFO - [2021-07-12 13:53:17,502] {dag.py:1833} INFO - Sync 1 DAGs
[2021-07-12 13:53:17,512] {logging_mixin.py:104} INFO - [2021-07-12 13:53:17,512] {dag.py:2306} INFO - Setting next_dagrun for example_xcom to 2021-07-10 00:00:00+00:00
[2021-07-12 13:53:17,530] {scheduler_job.py:190} INFO - Processing /Users/pierre-olivierboisvert/Desktop/GIT/Spotify-ETL/env/lib/python3.8/site-packages/airflow/example_dags/example_xcom.py took 0.096 seconds
