[2021-07-12 13:39:22,300] {scheduler_job.py:182} INFO - Started process (PID=65686) to work on /Users/pierre-olivierboisvert/Desktop/GIT/Spotify-ETL/env/lib/python3.8/site-packages/airflow/example_dags/example_task_group.py
[2021-07-12 13:39:22,301] {scheduler_job.py:633} INFO - Processing file /Users/pierre-olivierboisvert/Desktop/GIT/Spotify-ETL/env/lib/python3.8/site-packages/airflow/example_dags/example_task_group.py for tasks to queue
[2021-07-12 13:39:22,301] {logging_mixin.py:104} INFO - [2021-07-12 13:39:22,301] {dagbag.py:496} INFO - Filling up the DagBag from /Users/pierre-olivierboisvert/Desktop/GIT/Spotify-ETL/env/lib/python3.8/site-packages/airflow/example_dags/example_task_group.py
[2021-07-12 13:39:22,311] {scheduler_job.py:643} INFO - DAG(s) dict_keys(['example_task_group']) retrieved from /Users/pierre-olivierboisvert/Desktop/GIT/Spotify-ETL/env/lib/python3.8/site-packages/airflow/example_dags/example_task_group.py
[2021-07-12 13:39:22,319] {logging_mixin.py:104} INFO - [2021-07-12 13:39:22,319] {dag.py:1833} INFO - Sync 1 DAGs
[2021-07-12 13:39:22,358] {logging_mixin.py:104} INFO - [2021-07-12 13:39:22,358] {dag.py:2306} INFO - Setting next_dagrun for example_task_group to 2021-07-10 00:00:00+00:00
[2021-07-12 13:39:22,371] {scheduler_job.py:190} INFO - Processing /Users/pierre-olivierboisvert/Desktop/GIT/Spotify-ETL/env/lib/python3.8/site-packages/airflow/example_dags/example_task_group.py took 0.071 seconds
[2021-07-12 13:40:48,287] {scheduler_job.py:182} INFO - Started process (PID=65896) to work on /Users/pierre-olivierboisvert/Desktop/GIT/Spotify-ETL/env/lib/python3.8/site-packages/airflow/example_dags/example_task_group.py
[2021-07-12 13:40:48,287] {scheduler_job.py:633} INFO - Processing file /Users/pierre-olivierboisvert/Desktop/GIT/Spotify-ETL/env/lib/python3.8/site-packages/airflow/example_dags/example_task_group.py for tasks to queue
[2021-07-12 13:40:48,288] {logging_mixin.py:104} INFO - [2021-07-12 13:40:48,288] {dagbag.py:496} INFO - Filling up the DagBag from /Users/pierre-olivierboisvert/Desktop/GIT/Spotify-ETL/env/lib/python3.8/site-packages/airflow/example_dags/example_task_group.py
[2021-07-12 13:40:48,315] {scheduler_job.py:643} INFO - DAG(s) dict_keys(['example_task_group']) retrieved from /Users/pierre-olivierboisvert/Desktop/GIT/Spotify-ETL/env/lib/python3.8/site-packages/airflow/example_dags/example_task_group.py
[2021-07-12 13:40:48,382] {logging_mixin.py:104} INFO - [2021-07-12 13:40:48,381] {dag.py:1833} INFO - Sync 1 DAGs
[2021-07-12 13:40:48,391] {logging_mixin.py:104} INFO - [2021-07-12 13:40:48,391] {dag.py:2306} INFO - Setting next_dagrun for example_task_group to 2021-07-10 00:00:00+00:00
[2021-07-12 13:40:48,405] {scheduler_job.py:190} INFO - Processing /Users/pierre-olivierboisvert/Desktop/GIT/Spotify-ETL/env/lib/python3.8/site-packages/airflow/example_dags/example_task_group.py took 0.119 seconds
[2021-07-12 13:42:11,655] {scheduler_job.py:182} INFO - Started process (PID=65969) to work on /Users/pierre-olivierboisvert/Desktop/GIT/Spotify-ETL/env/lib/python3.8/site-packages/airflow/example_dags/example_task_group.py
[2021-07-12 13:42:11,656] {scheduler_job.py:633} INFO - Processing file /Users/pierre-olivierboisvert/Desktop/GIT/Spotify-ETL/env/lib/python3.8/site-packages/airflow/example_dags/example_task_group.py for tasks to queue
[2021-07-12 13:42:11,656] {logging_mixin.py:104} INFO - [2021-07-12 13:42:11,656] {dagbag.py:496} INFO - Filling up the DagBag from /Users/pierre-olivierboisvert/Desktop/GIT/Spotify-ETL/env/lib/python3.8/site-packages/airflow/example_dags/example_task_group.py
[2021-07-12 13:42:11,666] {scheduler_job.py:643} INFO - DAG(s) dict_keys(['example_task_group']) retrieved from /Users/pierre-olivierboisvert/Desktop/GIT/Spotify-ETL/env/lib/python3.8/site-packages/airflow/example_dags/example_task_group.py
[2021-07-12 13:42:12,012] {logging_mixin.py:104} INFO - [2021-07-12 13:42:12,011] {dag.py:1833} INFO - Sync 1 DAGs
[2021-07-12 13:42:12,019] {logging_mixin.py:104} INFO - [2021-07-12 13:42:12,019] {dag.py:2306} INFO - Setting next_dagrun for example_task_group to 2021-07-10 00:00:00+00:00
[2021-07-12 13:42:12,032] {scheduler_job.py:190} INFO - Processing /Users/pierre-olivierboisvert/Desktop/GIT/Spotify-ETL/env/lib/python3.8/site-packages/airflow/example_dags/example_task_group.py took 0.378 seconds
[2021-07-12 13:43:18,468] {scheduler_job.py:182} INFO - Started process (PID=66033) to work on /Users/pierre-olivierboisvert/Desktop/GIT/Spotify-ETL/env/lib/python3.8/site-packages/airflow/example_dags/example_task_group.py
[2021-07-12 13:43:18,469] {scheduler_job.py:633} INFO - Processing file /Users/pierre-olivierboisvert/Desktop/GIT/Spotify-ETL/env/lib/python3.8/site-packages/airflow/example_dags/example_task_group.py for tasks to queue
[2021-07-12 13:43:18,469] {logging_mixin.py:104} INFO - [2021-07-12 13:43:18,469] {dagbag.py:496} INFO - Filling up the DagBag from /Users/pierre-olivierboisvert/Desktop/GIT/Spotify-ETL/env/lib/python3.8/site-packages/airflow/example_dags/example_task_group.py
[2021-07-12 13:43:18,478] {scheduler_job.py:643} INFO - DAG(s) dict_keys(['example_task_group']) retrieved from /Users/pierre-olivierboisvert/Desktop/GIT/Spotify-ETL/env/lib/python3.8/site-packages/airflow/example_dags/example_task_group.py
[2021-07-12 13:43:18,514] {logging_mixin.py:104} INFO - [2021-07-12 13:43:18,514] {dag.py:1833} INFO - Sync 1 DAGs
[2021-07-12 13:43:18,522] {logging_mixin.py:104} INFO - [2021-07-12 13:43:18,521] {dag.py:2306} INFO - Setting next_dagrun for example_task_group to 2021-07-10 00:00:00+00:00
[2021-07-12 13:43:18,535] {scheduler_job.py:190} INFO - Processing /Users/pierre-olivierboisvert/Desktop/GIT/Spotify-ETL/env/lib/python3.8/site-packages/airflow/example_dags/example_task_group.py took 0.067 seconds
[2021-07-12 13:44:28,346] {scheduler_job.py:182} INFO - Started process (PID=66103) to work on /Users/pierre-olivierboisvert/Desktop/GIT/Spotify-ETL/env/lib/python3.8/site-packages/airflow/example_dags/example_task_group.py
[2021-07-12 13:44:28,347] {scheduler_job.py:633} INFO - Processing file /Users/pierre-olivierboisvert/Desktop/GIT/Spotify-ETL/env/lib/python3.8/site-packages/airflow/example_dags/example_task_group.py for tasks to queue
[2021-07-12 13:44:28,347] {logging_mixin.py:104} INFO - [2021-07-12 13:44:28,347] {dagbag.py:496} INFO - Filling up the DagBag from /Users/pierre-olivierboisvert/Desktop/GIT/Spotify-ETL/env/lib/python3.8/site-packages/airflow/example_dags/example_task_group.py
[2021-07-12 13:44:28,357] {scheduler_job.py:643} INFO - DAG(s) dict_keys(['example_task_group']) retrieved from /Users/pierre-olivierboisvert/Desktop/GIT/Spotify-ETL/env/lib/python3.8/site-packages/airflow/example_dags/example_task_group.py
[2021-07-12 13:44:28,396] {logging_mixin.py:104} INFO - [2021-07-12 13:44:28,396] {dag.py:1833} INFO - Sync 1 DAGs
[2021-07-12 13:44:28,404] {logging_mixin.py:104} INFO - [2021-07-12 13:44:28,404] {dag.py:2306} INFO - Setting next_dagrun for example_task_group to 2021-07-10 00:00:00+00:00
[2021-07-12 13:44:28,417] {scheduler_job.py:190} INFO - Processing /Users/pierre-olivierboisvert/Desktop/GIT/Spotify-ETL/env/lib/python3.8/site-packages/airflow/example_dags/example_task_group.py took 0.072 seconds
[2021-07-12 13:45:34,548] {scheduler_job.py:182} INFO - Started process (PID=66167) to work on /Users/pierre-olivierboisvert/Desktop/GIT/Spotify-ETL/env/lib/python3.8/site-packages/airflow/example_dags/example_task_group.py
[2021-07-12 13:45:34,548] {scheduler_job.py:633} INFO - Processing file /Users/pierre-olivierboisvert/Desktop/GIT/Spotify-ETL/env/lib/python3.8/site-packages/airflow/example_dags/example_task_group.py for tasks to queue
[2021-07-12 13:45:34,549] {logging_mixin.py:104} INFO - [2021-07-12 13:45:34,549] {dagbag.py:496} INFO - Filling up the DagBag from /Users/pierre-olivierboisvert/Desktop/GIT/Spotify-ETL/env/lib/python3.8/site-packages/airflow/example_dags/example_task_group.py
[2021-07-12 13:45:34,560] {scheduler_job.py:643} INFO - DAG(s) dict_keys(['example_task_group']) retrieved from /Users/pierre-olivierboisvert/Desktop/GIT/Spotify-ETL/env/lib/python3.8/site-packages/airflow/example_dags/example_task_group.py
[2021-07-12 13:45:34,601] {logging_mixin.py:104} INFO - [2021-07-12 13:45:34,600] {dag.py:1833} INFO - Sync 1 DAGs
[2021-07-12 13:45:34,611] {logging_mixin.py:104} INFO - [2021-07-12 13:45:34,610] {dag.py:2306} INFO - Setting next_dagrun for example_task_group to 2021-07-10 00:00:00+00:00
[2021-07-12 13:45:34,622] {scheduler_job.py:190} INFO - Processing /Users/pierre-olivierboisvert/Desktop/GIT/Spotify-ETL/env/lib/python3.8/site-packages/airflow/example_dags/example_task_group.py took 0.076 seconds
[2021-07-12 13:46:45,114] {scheduler_job.py:182} INFO - Started process (PID=66236) to work on /Users/pierre-olivierboisvert/Desktop/GIT/Spotify-ETL/env/lib/python3.8/site-packages/airflow/example_dags/example_task_group.py
[2021-07-12 13:46:45,115] {scheduler_job.py:633} INFO - Processing file /Users/pierre-olivierboisvert/Desktop/GIT/Spotify-ETL/env/lib/python3.8/site-packages/airflow/example_dags/example_task_group.py for tasks to queue
[2021-07-12 13:46:45,115] {logging_mixin.py:104} INFO - [2021-07-12 13:46:45,115] {dagbag.py:496} INFO - Filling up the DagBag from /Users/pierre-olivierboisvert/Desktop/GIT/Spotify-ETL/env/lib/python3.8/site-packages/airflow/example_dags/example_task_group.py
[2021-07-12 13:46:45,126] {scheduler_job.py:643} INFO - DAG(s) dict_keys(['example_task_group']) retrieved from /Users/pierre-olivierboisvert/Desktop/GIT/Spotify-ETL/env/lib/python3.8/site-packages/airflow/example_dags/example_task_group.py
[2021-07-12 13:46:45,171] {logging_mixin.py:104} INFO - [2021-07-12 13:46:45,171] {dag.py:1833} INFO - Sync 1 DAGs
[2021-07-12 13:46:45,179] {logging_mixin.py:104} INFO - [2021-07-12 13:46:45,179] {dag.py:2306} INFO - Setting next_dagrun for example_task_group to 2021-07-10 00:00:00+00:00
[2021-07-12 13:46:45,191] {scheduler_job.py:190} INFO - Processing /Users/pierre-olivierboisvert/Desktop/GIT/Spotify-ETL/env/lib/python3.8/site-packages/airflow/example_dags/example_task_group.py took 0.077 seconds
[2021-07-12 13:47:51,595] {scheduler_job.py:182} INFO - Started process (PID=66302) to work on /Users/pierre-olivierboisvert/Desktop/GIT/Spotify-ETL/env/lib/python3.8/site-packages/airflow/example_dags/example_task_group.py
[2021-07-12 13:47:51,595] {scheduler_job.py:633} INFO - Processing file /Users/pierre-olivierboisvert/Desktop/GIT/Spotify-ETL/env/lib/python3.8/site-packages/airflow/example_dags/example_task_group.py for tasks to queue
[2021-07-12 13:47:51,596] {logging_mixin.py:104} INFO - [2021-07-12 13:47:51,596] {dagbag.py:496} INFO - Filling up the DagBag from /Users/pierre-olivierboisvert/Desktop/GIT/Spotify-ETL/env/lib/python3.8/site-packages/airflow/example_dags/example_task_group.py
[2021-07-12 13:47:51,606] {scheduler_job.py:643} INFO - DAG(s) dict_keys(['example_task_group']) retrieved from /Users/pierre-olivierboisvert/Desktop/GIT/Spotify-ETL/env/lib/python3.8/site-packages/airflow/example_dags/example_task_group.py
[2021-07-12 13:47:51,952] {logging_mixin.py:104} INFO - [2021-07-12 13:47:51,952] {dag.py:1833} INFO - Sync 1 DAGs
[2021-07-12 13:47:51,960] {logging_mixin.py:104} INFO - [2021-07-12 13:47:51,960] {dag.py:2306} INFO - Setting next_dagrun for example_task_group to 2021-07-10 00:00:00+00:00
[2021-07-12 13:47:51,974] {scheduler_job.py:190} INFO - Processing /Users/pierre-olivierboisvert/Desktop/GIT/Spotify-ETL/env/lib/python3.8/site-packages/airflow/example_dags/example_task_group.py took 0.380 seconds
[2021-07-12 13:49:06,354] {scheduler_job.py:182} INFO - Started process (PID=66380) to work on /Users/pierre-olivierboisvert/Desktop/GIT/Spotify-ETL/env/lib/python3.8/site-packages/airflow/example_dags/example_task_group.py
[2021-07-12 13:49:06,354] {scheduler_job.py:633} INFO - Processing file /Users/pierre-olivierboisvert/Desktop/GIT/Spotify-ETL/env/lib/python3.8/site-packages/airflow/example_dags/example_task_group.py for tasks to queue
[2021-07-12 13:49:06,355] {logging_mixin.py:104} INFO - [2021-07-12 13:49:06,355] {dagbag.py:496} INFO - Filling up the DagBag from /Users/pierre-olivierboisvert/Desktop/GIT/Spotify-ETL/env/lib/python3.8/site-packages/airflow/example_dags/example_task_group.py
[2021-07-12 13:49:06,366] {scheduler_job.py:643} INFO - DAG(s) dict_keys(['example_task_group']) retrieved from /Users/pierre-olivierboisvert/Desktop/GIT/Spotify-ETL/env/lib/python3.8/site-packages/airflow/example_dags/example_task_group.py
[2021-07-12 13:49:06,711] {logging_mixin.py:104} INFO - [2021-07-12 13:49:06,711] {dag.py:1833} INFO - Sync 1 DAGs
[2021-07-12 13:49:06,719] {logging_mixin.py:104} INFO - [2021-07-12 13:49:06,719] {dag.py:2306} INFO - Setting next_dagrun for example_task_group to 2021-07-10 00:00:00+00:00
[2021-07-12 13:49:06,735] {scheduler_job.py:190} INFO - Processing /Users/pierre-olivierboisvert/Desktop/GIT/Spotify-ETL/env/lib/python3.8/site-packages/airflow/example_dags/example_task_group.py took 0.382 seconds
[2021-07-12 13:50:39,516] {scheduler_job.py:182} INFO - Started process (PID=66482) to work on /Users/pierre-olivierboisvert/Desktop/GIT/Spotify-ETL/env/lib/python3.8/site-packages/airflow/example_dags/example_task_group.py
[2021-07-12 13:50:39,520] {scheduler_job.py:633} INFO - Processing file /Users/pierre-olivierboisvert/Desktop/GIT/Spotify-ETL/env/lib/python3.8/site-packages/airflow/example_dags/example_task_group.py for tasks to queue
[2021-07-12 13:50:39,521] {logging_mixin.py:104} INFO - [2021-07-12 13:50:39,521] {dagbag.py:496} INFO - Filling up the DagBag from /Users/pierre-olivierboisvert/Desktop/GIT/Spotify-ETL/env/lib/python3.8/site-packages/airflow/example_dags/example_task_group.py
[2021-07-12 13:50:39,533] {scheduler_job.py:643} INFO - DAG(s) dict_keys(['example_task_group']) retrieved from /Users/pierre-olivierboisvert/Desktop/GIT/Spotify-ETL/env/lib/python3.8/site-packages/airflow/example_dags/example_task_group.py
[2021-07-12 13:50:39,888] {logging_mixin.py:104} INFO - [2021-07-12 13:50:39,888] {dag.py:1833} INFO - Sync 1 DAGs
[2021-07-12 13:50:39,896] {logging_mixin.py:104} INFO - [2021-07-12 13:50:39,896] {dag.py:2306} INFO - Setting next_dagrun for example_task_group to 2021-07-10 00:00:00+00:00
[2021-07-12 13:50:39,909] {scheduler_job.py:190} INFO - Processing /Users/pierre-olivierboisvert/Desktop/GIT/Spotify-ETL/env/lib/python3.8/site-packages/airflow/example_dags/example_task_group.py took 0.394 seconds
[2021-07-12 13:51:55,142] {scheduler_job.py:182} INFO - Started process (PID=66562) to work on /Users/pierre-olivierboisvert/Desktop/GIT/Spotify-ETL/env/lib/python3.8/site-packages/airflow/example_dags/example_task_group.py
[2021-07-12 13:51:55,143] {scheduler_job.py:633} INFO - Processing file /Users/pierre-olivierboisvert/Desktop/GIT/Spotify-ETL/env/lib/python3.8/site-packages/airflow/example_dags/example_task_group.py for tasks to queue
[2021-07-12 13:51:55,143] {logging_mixin.py:104} INFO - [2021-07-12 13:51:55,143] {dagbag.py:496} INFO - Filling up the DagBag from /Users/pierre-olivierboisvert/Desktop/GIT/Spotify-ETL/env/lib/python3.8/site-packages/airflow/example_dags/example_task_group.py
[2021-07-12 13:51:55,153] {scheduler_job.py:643} INFO - DAG(s) dict_keys(['example_task_group']) retrieved from /Users/pierre-olivierboisvert/Desktop/GIT/Spotify-ETL/env/lib/python3.8/site-packages/airflow/example_dags/example_task_group.py
[2021-07-12 13:51:55,189] {logging_mixin.py:104} INFO - [2021-07-12 13:51:55,189] {dag.py:1833} INFO - Sync 1 DAGs
[2021-07-12 13:51:55,197] {logging_mixin.py:104} INFO - [2021-07-12 13:51:55,197] {dag.py:2306} INFO - Setting next_dagrun for example_task_group to 2021-07-10 00:00:00+00:00
[2021-07-12 13:51:55,208] {scheduler_job.py:190} INFO - Processing /Users/pierre-olivierboisvert/Desktop/GIT/Spotify-ETL/env/lib/python3.8/site-packages/airflow/example_dags/example_task_group.py took 0.066 seconds
[2021-07-12 13:53:25,506] {scheduler_job.py:182} INFO - Started process (PID=66669) to work on /Users/pierre-olivierboisvert/Desktop/GIT/Spotify-ETL/env/lib/python3.8/site-packages/airflow/example_dags/example_task_group.py
[2021-07-12 13:53:25,507] {scheduler_job.py:633} INFO - Processing file /Users/pierre-olivierboisvert/Desktop/GIT/Spotify-ETL/env/lib/python3.8/site-packages/airflow/example_dags/example_task_group.py for tasks to queue
[2021-07-12 13:53:25,508] {logging_mixin.py:104} INFO - [2021-07-12 13:53:25,508] {dagbag.py:496} INFO - Filling up the DagBag from /Users/pierre-olivierboisvert/Desktop/GIT/Spotify-ETL/env/lib/python3.8/site-packages/airflow/example_dags/example_task_group.py
[2021-07-12 13:53:25,519] {scheduler_job.py:643} INFO - DAG(s) dict_keys(['example_task_group']) retrieved from /Users/pierre-olivierboisvert/Desktop/GIT/Spotify-ETL/env/lib/python3.8/site-packages/airflow/example_dags/example_task_group.py
[2021-07-12 13:53:25,565] {logging_mixin.py:104} INFO - [2021-07-12 13:53:25,565] {dag.py:1833} INFO - Sync 1 DAGs
[2021-07-12 13:53:25,573] {logging_mixin.py:104} INFO - [2021-07-12 13:53:25,573] {dag.py:2306} INFO - Setting next_dagrun for example_task_group to 2021-07-10 00:00:00+00:00
[2021-07-12 13:53:25,585] {scheduler_job.py:190} INFO - Processing /Users/pierre-olivierboisvert/Desktop/GIT/Spotify-ETL/env/lib/python3.8/site-packages/airflow/example_dags/example_task_group.py took 0.080 seconds
