[2021-07-12 13:39:03,403] {scheduler_job.py:182} INFO - Started process (PID=65615) to work on /Users/pierre-olivierboisvert/Desktop/GIT/Spotify-ETL/env/lib/python3.8/site-packages/airflow/example_dags/tutorial_taskflow_api_etl.py
[2021-07-12 13:39:03,404] {scheduler_job.py:633} INFO - Processing file /Users/pierre-olivierboisvert/Desktop/GIT/Spotify-ETL/env/lib/python3.8/site-packages/airflow/example_dags/tutorial_taskflow_api_etl.py for tasks to queue
[2021-07-12 13:39:03,404] {logging_mixin.py:104} INFO - [2021-07-12 13:39:03,404] {dagbag.py:496} INFO - Filling up the DagBag from /Users/pierre-olivierboisvert/Desktop/GIT/Spotify-ETL/env/lib/python3.8/site-packages/airflow/example_dags/tutorial_taskflow_api_etl.py
[2021-07-12 13:39:03,419] {scheduler_job.py:643} INFO - DAG(s) dict_keys(['tutorial_taskflow_api_etl']) retrieved from /Users/pierre-olivierboisvert/Desktop/GIT/Spotify-ETL/env/lib/python3.8/site-packages/airflow/example_dags/tutorial_taskflow_api_etl.py
[2021-07-12 13:39:03,424] {logging_mixin.py:104} INFO - [2021-07-12 13:39:03,424] {dag.py:1833} INFO - Sync 1 DAGs
[2021-07-12 13:39:03,470] {logging_mixin.py:104} INFO - [2021-07-12 13:39:03,470] {dag.py:2306} INFO - Setting next_dagrun for tutorial_taskflow_api_etl to None
[2021-07-12 13:39:03,485] {scheduler_job.py:190} INFO - Processing /Users/pierre-olivierboisvert/Desktop/GIT/Spotify-ETL/env/lib/python3.8/site-packages/airflow/example_dags/tutorial_taskflow_api_etl.py took 0.082 seconds
[2021-07-12 13:40:23,448] {scheduler_job.py:182} INFO - Started process (PID=65789) to work on /Users/pierre-olivierboisvert/Desktop/GIT/Spotify-ETL/env/lib/python3.8/site-packages/airflow/example_dags/tutorial_taskflow_api_etl.py
[2021-07-12 13:40:23,449] {scheduler_job.py:633} INFO - Processing file /Users/pierre-olivierboisvert/Desktop/GIT/Spotify-ETL/env/lib/python3.8/site-packages/airflow/example_dags/tutorial_taskflow_api_etl.py for tasks to queue
[2021-07-12 13:40:23,449] {logging_mixin.py:104} INFO - [2021-07-12 13:40:23,449] {dagbag.py:496} INFO - Filling up the DagBag from /Users/pierre-olivierboisvert/Desktop/GIT/Spotify-ETL/env/lib/python3.8/site-packages/airflow/example_dags/tutorial_taskflow_api_etl.py
[2021-07-12 13:40:23,463] {scheduler_job.py:643} INFO - DAG(s) dict_keys(['tutorial_taskflow_api_etl']) retrieved from /Users/pierre-olivierboisvert/Desktop/GIT/Spotify-ETL/env/lib/python3.8/site-packages/airflow/example_dags/tutorial_taskflow_api_etl.py
[2021-07-12 13:40:23,900] {logging_mixin.py:104} INFO - [2021-07-12 13:40:23,899] {dag.py:1833} INFO - Sync 1 DAGs
[2021-07-12 13:40:23,915] {logging_mixin.py:104} INFO - [2021-07-12 13:40:23,915] {dag.py:2306} INFO - Setting next_dagrun for tutorial_taskflow_api_etl to None
[2021-07-12 13:40:23,930] {scheduler_job.py:190} INFO - Processing /Users/pierre-olivierboisvert/Desktop/GIT/Spotify-ETL/env/lib/python3.8/site-packages/airflow/example_dags/tutorial_taskflow_api_etl.py took 0.483 seconds
[2021-07-12 13:41:17,210] {scheduler_job.py:182} INFO - Started process (PID=65919) to work on /Users/pierre-olivierboisvert/Desktop/GIT/Spotify-ETL/env/lib/python3.8/site-packages/airflow/example_dags/tutorial_taskflow_api_etl.py
[2021-07-12 13:41:17,211] {scheduler_job.py:633} INFO - Processing file /Users/pierre-olivierboisvert/Desktop/GIT/Spotify-ETL/env/lib/python3.8/site-packages/airflow/example_dags/tutorial_taskflow_api_etl.py for tasks to queue
[2021-07-12 13:41:17,211] {logging_mixin.py:104} INFO - [2021-07-12 13:41:17,211] {dagbag.py:496} INFO - Filling up the DagBag from /Users/pierre-olivierboisvert/Desktop/GIT/Spotify-ETL/env/lib/python3.8/site-packages/airflow/example_dags/tutorial_taskflow_api_etl.py
[2021-07-12 13:41:17,226] {scheduler_job.py:643} INFO - DAG(s) dict_keys(['tutorial_taskflow_api_etl']) retrieved from /Users/pierre-olivierboisvert/Desktop/GIT/Spotify-ETL/env/lib/python3.8/site-packages/airflow/example_dags/tutorial_taskflow_api_etl.py
[2021-07-12 13:41:17,626] {logging_mixin.py:104} INFO - [2021-07-12 13:41:17,626] {dag.py:1833} INFO - Sync 1 DAGs
[2021-07-12 13:41:17,637] {logging_mixin.py:104} INFO - [2021-07-12 13:41:17,637] {dag.py:2306} INFO - Setting next_dagrun for tutorial_taskflow_api_etl to None
[2021-07-12 13:41:17,650] {scheduler_job.py:190} INFO - Processing /Users/pierre-olivierboisvert/Desktop/GIT/Spotify-ETL/env/lib/python3.8/site-packages/airflow/example_dags/tutorial_taskflow_api_etl.py took 0.441 seconds
[2021-07-12 13:41:59,331] {scheduler_job.py:182} INFO - Started process (PID=65957) to work on /Users/pierre-olivierboisvert/Desktop/GIT/Spotify-ETL/env/lib/python3.8/site-packages/airflow/example_dags/tutorial_taskflow_api_etl.py
[2021-07-12 13:41:59,331] {scheduler_job.py:633} INFO - Processing file /Users/pierre-olivierboisvert/Desktop/GIT/Spotify-ETL/env/lib/python3.8/site-packages/airflow/example_dags/tutorial_taskflow_api_etl.py for tasks to queue
[2021-07-12 13:41:59,332] {logging_mixin.py:104} INFO - [2021-07-12 13:41:59,332] {dagbag.py:496} INFO - Filling up the DagBag from /Users/pierre-olivierboisvert/Desktop/GIT/Spotify-ETL/env/lib/python3.8/site-packages/airflow/example_dags/tutorial_taskflow_api_etl.py
[2021-07-12 13:41:59,343] {scheduler_job.py:643} INFO - DAG(s) dict_keys(['tutorial_taskflow_api_etl']) retrieved from /Users/pierre-olivierboisvert/Desktop/GIT/Spotify-ETL/env/lib/python3.8/site-packages/airflow/example_dags/tutorial_taskflow_api_etl.py
[2021-07-12 13:41:59,704] {logging_mixin.py:104} INFO - [2021-07-12 13:41:59,704] {dag.py:1833} INFO - Sync 1 DAGs
[2021-07-12 13:41:59,712] {logging_mixin.py:104} INFO - [2021-07-12 13:41:59,711] {dag.py:2306} INFO - Setting next_dagrun for tutorial_taskflow_api_etl to None
[2021-07-12 13:41:59,724] {scheduler_job.py:190} INFO - Processing /Users/pierre-olivierboisvert/Desktop/GIT/Spotify-ETL/env/lib/python3.8/site-packages/airflow/example_dags/tutorial_taskflow_api_etl.py took 0.394 seconds
[2021-07-12 13:43:05,643] {scheduler_job.py:182} INFO - Started process (PID=66021) to work on /Users/pierre-olivierboisvert/Desktop/GIT/Spotify-ETL/env/lib/python3.8/site-packages/airflow/example_dags/tutorial_taskflow_api_etl.py
[2021-07-12 13:43:05,644] {scheduler_job.py:633} INFO - Processing file /Users/pierre-olivierboisvert/Desktop/GIT/Spotify-ETL/env/lib/python3.8/site-packages/airflow/example_dags/tutorial_taskflow_api_etl.py for tasks to queue
[2021-07-12 13:43:05,644] {logging_mixin.py:104} INFO - [2021-07-12 13:43:05,644] {dagbag.py:496} INFO - Filling up the DagBag from /Users/pierre-olivierboisvert/Desktop/GIT/Spotify-ETL/env/lib/python3.8/site-packages/airflow/example_dags/tutorial_taskflow_api_etl.py
[2021-07-12 13:43:05,656] {scheduler_job.py:643} INFO - DAG(s) dict_keys(['tutorial_taskflow_api_etl']) retrieved from /Users/pierre-olivierboisvert/Desktop/GIT/Spotify-ETL/env/lib/python3.8/site-packages/airflow/example_dags/tutorial_taskflow_api_etl.py
[2021-07-12 13:43:06,017] {logging_mixin.py:104} INFO - [2021-07-12 13:43:06,017] {dag.py:1833} INFO - Sync 1 DAGs
[2021-07-12 13:43:06,024] {logging_mixin.py:104} INFO - [2021-07-12 13:43:06,024] {dag.py:2306} INFO - Setting next_dagrun for tutorial_taskflow_api_etl to None
[2021-07-12 13:43:06,039] {scheduler_job.py:190} INFO - Processing /Users/pierre-olivierboisvert/Desktop/GIT/Spotify-ETL/env/lib/python3.8/site-packages/airflow/example_dags/tutorial_taskflow_api_etl.py took 0.396 seconds
[2021-07-12 13:44:15,530] {scheduler_job.py:182} INFO - Started process (PID=66091) to work on /Users/pierre-olivierboisvert/Desktop/GIT/Spotify-ETL/env/lib/python3.8/site-packages/airflow/example_dags/tutorial_taskflow_api_etl.py
[2021-07-12 13:44:15,531] {scheduler_job.py:633} INFO - Processing file /Users/pierre-olivierboisvert/Desktop/GIT/Spotify-ETL/env/lib/python3.8/site-packages/airflow/example_dags/tutorial_taskflow_api_etl.py for tasks to queue
[2021-07-12 13:44:15,531] {logging_mixin.py:104} INFO - [2021-07-12 13:44:15,531] {dagbag.py:496} INFO - Filling up the DagBag from /Users/pierre-olivierboisvert/Desktop/GIT/Spotify-ETL/env/lib/python3.8/site-packages/airflow/example_dags/tutorial_taskflow_api_etl.py
[2021-07-12 13:44:15,543] {scheduler_job.py:643} INFO - DAG(s) dict_keys(['tutorial_taskflow_api_etl']) retrieved from /Users/pierre-olivierboisvert/Desktop/GIT/Spotify-ETL/env/lib/python3.8/site-packages/airflow/example_dags/tutorial_taskflow_api_etl.py
[2021-07-12 13:44:15,891] {logging_mixin.py:104} INFO - [2021-07-12 13:44:15,890] {dag.py:1833} INFO - Sync 1 DAGs
[2021-07-12 13:44:15,899] {logging_mixin.py:104} INFO - [2021-07-12 13:44:15,899] {dag.py:2306} INFO - Setting next_dagrun for tutorial_taskflow_api_etl to None
[2021-07-12 13:44:15,912] {scheduler_job.py:190} INFO - Processing /Users/pierre-olivierboisvert/Desktop/GIT/Spotify-ETL/env/lib/python3.8/site-packages/airflow/example_dags/tutorial_taskflow_api_etl.py took 0.382 seconds
[2021-07-12 13:45:21,760] {scheduler_job.py:182} INFO - Started process (PID=66155) to work on /Users/pierre-olivierboisvert/Desktop/GIT/Spotify-ETL/env/lib/python3.8/site-packages/airflow/example_dags/tutorial_taskflow_api_etl.py
[2021-07-12 13:45:21,761] {scheduler_job.py:633} INFO - Processing file /Users/pierre-olivierboisvert/Desktop/GIT/Spotify-ETL/env/lib/python3.8/site-packages/airflow/example_dags/tutorial_taskflow_api_etl.py for tasks to queue
[2021-07-12 13:45:21,761] {logging_mixin.py:104} INFO - [2021-07-12 13:45:21,761] {dagbag.py:496} INFO - Filling up the DagBag from /Users/pierre-olivierboisvert/Desktop/GIT/Spotify-ETL/env/lib/python3.8/site-packages/airflow/example_dags/tutorial_taskflow_api_etl.py
[2021-07-12 13:45:21,774] {scheduler_job.py:643} INFO - DAG(s) dict_keys(['tutorial_taskflow_api_etl']) retrieved from /Users/pierre-olivierboisvert/Desktop/GIT/Spotify-ETL/env/lib/python3.8/site-packages/airflow/example_dags/tutorial_taskflow_api_etl.py
[2021-07-12 13:45:22,126] {logging_mixin.py:104} INFO - [2021-07-12 13:45:22,126] {dag.py:1833} INFO - Sync 1 DAGs
[2021-07-12 13:45:22,135] {logging_mixin.py:104} INFO - [2021-07-12 13:45:22,135] {dag.py:2306} INFO - Setting next_dagrun for tutorial_taskflow_api_etl to None
[2021-07-12 13:45:22,148] {scheduler_job.py:190} INFO - Processing /Users/pierre-olivierboisvert/Desktop/GIT/Spotify-ETL/env/lib/python3.8/site-packages/airflow/example_dags/tutorial_taskflow_api_etl.py took 0.389 seconds
[2021-07-12 13:46:32,244] {scheduler_job.py:182} INFO - Started process (PID=66224) to work on /Users/pierre-olivierboisvert/Desktop/GIT/Spotify-ETL/env/lib/python3.8/site-packages/airflow/example_dags/tutorial_taskflow_api_etl.py
[2021-07-12 13:46:32,244] {scheduler_job.py:633} INFO - Processing file /Users/pierre-olivierboisvert/Desktop/GIT/Spotify-ETL/env/lib/python3.8/site-packages/airflow/example_dags/tutorial_taskflow_api_etl.py for tasks to queue
[2021-07-12 13:46:32,245] {logging_mixin.py:104} INFO - [2021-07-12 13:46:32,244] {dagbag.py:496} INFO - Filling up the DagBag from /Users/pierre-olivierboisvert/Desktop/GIT/Spotify-ETL/env/lib/python3.8/site-packages/airflow/example_dags/tutorial_taskflow_api_etl.py
[2021-07-12 13:46:32,256] {scheduler_job.py:643} INFO - DAG(s) dict_keys(['tutorial_taskflow_api_etl']) retrieved from /Users/pierre-olivierboisvert/Desktop/GIT/Spotify-ETL/env/lib/python3.8/site-packages/airflow/example_dags/tutorial_taskflow_api_etl.py
[2021-07-12 13:46:32,651] {logging_mixin.py:104} INFO - [2021-07-12 13:46:32,650] {dag.py:1833} INFO - Sync 1 DAGs
[2021-07-12 13:46:32,660] {logging_mixin.py:104} INFO - [2021-07-12 13:46:32,659] {dag.py:2306} INFO - Setting next_dagrun for tutorial_taskflow_api_etl to None
[2021-07-12 13:46:32,673] {scheduler_job.py:190} INFO - Processing /Users/pierre-olivierboisvert/Desktop/GIT/Spotify-ETL/env/lib/python3.8/site-packages/airflow/example_dags/tutorial_taskflow_api_etl.py took 0.430 seconds
[2021-07-12 13:47:38,796] {scheduler_job.py:182} INFO - Started process (PID=66290) to work on /Users/pierre-olivierboisvert/Desktop/GIT/Spotify-ETL/env/lib/python3.8/site-packages/airflow/example_dags/tutorial_taskflow_api_etl.py
[2021-07-12 13:47:38,797] {scheduler_job.py:633} INFO - Processing file /Users/pierre-olivierboisvert/Desktop/GIT/Spotify-ETL/env/lib/python3.8/site-packages/airflow/example_dags/tutorial_taskflow_api_etl.py for tasks to queue
[2021-07-12 13:47:38,797] {logging_mixin.py:104} INFO - [2021-07-12 13:47:38,797] {dagbag.py:496} INFO - Filling up the DagBag from /Users/pierre-olivierboisvert/Desktop/GIT/Spotify-ETL/env/lib/python3.8/site-packages/airflow/example_dags/tutorial_taskflow_api_etl.py
[2021-07-12 13:47:38,809] {scheduler_job.py:643} INFO - DAG(s) dict_keys(['tutorial_taskflow_api_etl']) retrieved from /Users/pierre-olivierboisvert/Desktop/GIT/Spotify-ETL/env/lib/python3.8/site-packages/airflow/example_dags/tutorial_taskflow_api_etl.py
[2021-07-12 13:47:39,159] {logging_mixin.py:104} INFO - [2021-07-12 13:47:39,159] {dag.py:1833} INFO - Sync 1 DAGs
[2021-07-12 13:47:39,167] {logging_mixin.py:104} INFO - [2021-07-12 13:47:39,167] {dag.py:2306} INFO - Setting next_dagrun for tutorial_taskflow_api_etl to None
[2021-07-12 13:47:39,179] {scheduler_job.py:190} INFO - Processing /Users/pierre-olivierboisvert/Desktop/GIT/Spotify-ETL/env/lib/python3.8/site-packages/airflow/example_dags/tutorial_taskflow_api_etl.py took 0.384 seconds
[2021-07-12 13:48:15,419] {scheduler_job.py:182} INFO - Started process (PID=66330) to work on /Users/pierre-olivierboisvert/Desktop/GIT/Spotify-ETL/env/lib/python3.8/site-packages/airflow/example_dags/tutorial_taskflow_api_etl.py
[2021-07-12 13:48:15,420] {scheduler_job.py:633} INFO - Processing file /Users/pierre-olivierboisvert/Desktop/GIT/Spotify-ETL/env/lib/python3.8/site-packages/airflow/example_dags/tutorial_taskflow_api_etl.py for tasks to queue
[2021-07-12 13:48:15,420] {logging_mixin.py:104} INFO - [2021-07-12 13:48:15,420] {dagbag.py:496} INFO - Filling up the DagBag from /Users/pierre-olivierboisvert/Desktop/GIT/Spotify-ETL/env/lib/python3.8/site-packages/airflow/example_dags/tutorial_taskflow_api_etl.py
[2021-07-12 13:48:15,437] {scheduler_job.py:643} INFO - DAG(s) dict_keys(['tutorial_taskflow_api_etl']) retrieved from /Users/pierre-olivierboisvert/Desktop/GIT/Spotify-ETL/env/lib/python3.8/site-packages/airflow/example_dags/tutorial_taskflow_api_etl.py
[2021-07-12 13:48:15,823] {logging_mixin.py:104} INFO - [2021-07-12 13:48:15,823] {dag.py:1833} INFO - Sync 1 DAGs
[2021-07-12 13:48:15,832] {logging_mixin.py:104} INFO - [2021-07-12 13:48:15,832] {dag.py:2306} INFO - Setting next_dagrun for tutorial_taskflow_api_etl to None
[2021-07-12 13:48:15,844] {scheduler_job.py:190} INFO - Processing /Users/pierre-olivierboisvert/Desktop/GIT/Spotify-ETL/env/lib/python3.8/site-packages/airflow/example_dags/tutorial_taskflow_api_etl.py took 0.426 seconds
[2021-07-12 13:48:53,521] {scheduler_job.py:182} INFO - Started process (PID=66367) to work on /Users/pierre-olivierboisvert/Desktop/GIT/Spotify-ETL/env/lib/python3.8/site-packages/airflow/example_dags/tutorial_taskflow_api_etl.py
[2021-07-12 13:48:53,522] {scheduler_job.py:633} INFO - Processing file /Users/pierre-olivierboisvert/Desktop/GIT/Spotify-ETL/env/lib/python3.8/site-packages/airflow/example_dags/tutorial_taskflow_api_etl.py for tasks to queue
[2021-07-12 13:48:53,522] {logging_mixin.py:104} INFO - [2021-07-12 13:48:53,522] {dagbag.py:496} INFO - Filling up the DagBag from /Users/pierre-olivierboisvert/Desktop/GIT/Spotify-ETL/env/lib/python3.8/site-packages/airflow/example_dags/tutorial_taskflow_api_etl.py
[2021-07-12 13:48:53,538] {scheduler_job.py:643} INFO - DAG(s) dict_keys(['tutorial_taskflow_api_etl']) retrieved from /Users/pierre-olivierboisvert/Desktop/GIT/Spotify-ETL/env/lib/python3.8/site-packages/airflow/example_dags/tutorial_taskflow_api_etl.py
[2021-07-12 13:48:53,886] {logging_mixin.py:104} INFO - [2021-07-12 13:48:53,886] {dag.py:1833} INFO - Sync 1 DAGs
[2021-07-12 13:48:53,897] {logging_mixin.py:104} INFO - [2021-07-12 13:48:53,896] {dag.py:2306} INFO - Setting next_dagrun for tutorial_taskflow_api_etl to None
[2021-07-12 13:48:53,910] {scheduler_job.py:190} INFO - Processing /Users/pierre-olivierboisvert/Desktop/GIT/Spotify-ETL/env/lib/python3.8/site-packages/airflow/example_dags/tutorial_taskflow_api_etl.py took 0.389 seconds
[2021-07-12 13:49:42,875] {scheduler_job.py:182} INFO - Started process (PID=66427) to work on /Users/pierre-olivierboisvert/Desktop/GIT/Spotify-ETL/env/lib/python3.8/site-packages/airflow/example_dags/tutorial_taskflow_api_etl.py
[2021-07-12 13:49:42,878] {scheduler_job.py:633} INFO - Processing file /Users/pierre-olivierboisvert/Desktop/GIT/Spotify-ETL/env/lib/python3.8/site-packages/airflow/example_dags/tutorial_taskflow_api_etl.py for tasks to queue
[2021-07-12 13:49:42,879] {logging_mixin.py:104} INFO - [2021-07-12 13:49:42,878] {dagbag.py:496} INFO - Filling up the DagBag from /Users/pierre-olivierboisvert/Desktop/GIT/Spotify-ETL/env/lib/python3.8/site-packages/airflow/example_dags/tutorial_taskflow_api_etl.py
[2021-07-12 13:49:42,893] {scheduler_job.py:643} INFO - DAG(s) dict_keys(['tutorial_taskflow_api_etl']) retrieved from /Users/pierre-olivierboisvert/Desktop/GIT/Spotify-ETL/env/lib/python3.8/site-packages/airflow/example_dags/tutorial_taskflow_api_etl.py
[2021-07-12 13:49:43,327] {logging_mixin.py:104} INFO - [2021-07-12 13:49:43,326] {dag.py:1833} INFO - Sync 1 DAGs
[2021-07-12 13:49:43,337] {logging_mixin.py:104} INFO - [2021-07-12 13:49:43,337] {dag.py:2306} INFO - Setting next_dagrun for tutorial_taskflow_api_etl to None
[2021-07-12 13:49:43,348] {scheduler_job.py:190} INFO - Processing /Users/pierre-olivierboisvert/Desktop/GIT/Spotify-ETL/env/lib/python3.8/site-packages/airflow/example_dags/tutorial_taskflow_api_etl.py took 0.476 seconds
[2021-07-12 13:50:26,707] {scheduler_job.py:182} INFO - Started process (PID=66470) to work on /Users/pierre-olivierboisvert/Desktop/GIT/Spotify-ETL/env/lib/python3.8/site-packages/airflow/example_dags/tutorial_taskflow_api_etl.py
[2021-07-12 13:50:26,707] {scheduler_job.py:633} INFO - Processing file /Users/pierre-olivierboisvert/Desktop/GIT/Spotify-ETL/env/lib/python3.8/site-packages/airflow/example_dags/tutorial_taskflow_api_etl.py for tasks to queue
[2021-07-12 13:50:26,708] {logging_mixin.py:104} INFO - [2021-07-12 13:50:26,708] {dagbag.py:496} INFO - Filling up the DagBag from /Users/pierre-olivierboisvert/Desktop/GIT/Spotify-ETL/env/lib/python3.8/site-packages/airflow/example_dags/tutorial_taskflow_api_etl.py
[2021-07-12 13:50:26,721] {scheduler_job.py:643} INFO - DAG(s) dict_keys(['tutorial_taskflow_api_etl']) retrieved from /Users/pierre-olivierboisvert/Desktop/GIT/Spotify-ETL/env/lib/python3.8/site-packages/airflow/example_dags/tutorial_taskflow_api_etl.py
[2021-07-12 13:50:27,081] {logging_mixin.py:104} INFO - [2021-07-12 13:50:27,080] {dag.py:1833} INFO - Sync 1 DAGs
[2021-07-12 13:50:27,089] {logging_mixin.py:104} INFO - [2021-07-12 13:50:27,089] {dag.py:2306} INFO - Setting next_dagrun for tutorial_taskflow_api_etl to None
[2021-07-12 13:50:27,104] {scheduler_job.py:190} INFO - Processing /Users/pierre-olivierboisvert/Desktop/GIT/Spotify-ETL/env/lib/python3.8/site-packages/airflow/example_dags/tutorial_taskflow_api_etl.py took 0.398 seconds
[2021-07-12 13:51:02,255] {scheduler_job.py:182} INFO - Started process (PID=66504) to work on /Users/pierre-olivierboisvert/Desktop/GIT/Spotify-ETL/env/lib/python3.8/site-packages/airflow/example_dags/tutorial_taskflow_api_etl.py
[2021-07-12 13:51:02,256] {scheduler_job.py:633} INFO - Processing file /Users/pierre-olivierboisvert/Desktop/GIT/Spotify-ETL/env/lib/python3.8/site-packages/airflow/example_dags/tutorial_taskflow_api_etl.py for tasks to queue
[2021-07-12 13:51:02,257] {logging_mixin.py:104} INFO - [2021-07-12 13:51:02,257] {dagbag.py:496} INFO - Filling up the DagBag from /Users/pierre-olivierboisvert/Desktop/GIT/Spotify-ETL/env/lib/python3.8/site-packages/airflow/example_dags/tutorial_taskflow_api_etl.py
[2021-07-12 13:51:02,269] {scheduler_job.py:643} INFO - DAG(s) dict_keys(['tutorial_taskflow_api_etl']) retrieved from /Users/pierre-olivierboisvert/Desktop/GIT/Spotify-ETL/env/lib/python3.8/site-packages/airflow/example_dags/tutorial_taskflow_api_etl.py
[2021-07-12 13:51:02,613] {logging_mixin.py:104} INFO - [2021-07-12 13:51:02,613] {dag.py:1833} INFO - Sync 1 DAGs
[2021-07-12 13:51:02,622] {logging_mixin.py:104} INFO - [2021-07-12 13:51:02,622] {dag.py:2306} INFO - Setting next_dagrun for tutorial_taskflow_api_etl to None
[2021-07-12 13:51:02,635] {scheduler_job.py:190} INFO - Processing /Users/pierre-olivierboisvert/Desktop/GIT/Spotify-ETL/env/lib/python3.8/site-packages/airflow/example_dags/tutorial_taskflow_api_etl.py took 0.380 seconds
[2021-07-12 13:51:39,894] {scheduler_job.py:182} INFO - Started process (PID=66549) to work on /Users/pierre-olivierboisvert/Desktop/GIT/Spotify-ETL/env/lib/python3.8/site-packages/airflow/example_dags/tutorial_taskflow_api_etl.py
[2021-07-12 13:51:39,895] {scheduler_job.py:633} INFO - Processing file /Users/pierre-olivierboisvert/Desktop/GIT/Spotify-ETL/env/lib/python3.8/site-packages/airflow/example_dags/tutorial_taskflow_api_etl.py for tasks to queue
[2021-07-12 13:51:39,895] {logging_mixin.py:104} INFO - [2021-07-12 13:51:39,895] {dagbag.py:496} INFO - Filling up the DagBag from /Users/pierre-olivierboisvert/Desktop/GIT/Spotify-ETL/env/lib/python3.8/site-packages/airflow/example_dags/tutorial_taskflow_api_etl.py
[2021-07-12 13:51:39,907] {scheduler_job.py:643} INFO - DAG(s) dict_keys(['tutorial_taskflow_api_etl']) retrieved from /Users/pierre-olivierboisvert/Desktop/GIT/Spotify-ETL/env/lib/python3.8/site-packages/airflow/example_dags/tutorial_taskflow_api_etl.py
[2021-07-12 13:51:40,291] {logging_mixin.py:104} INFO - [2021-07-12 13:51:40,291] {dag.py:1833} INFO - Sync 1 DAGs
[2021-07-12 13:51:40,306] {logging_mixin.py:104} INFO - [2021-07-12 13:51:40,305] {dag.py:2306} INFO - Setting next_dagrun for tutorial_taskflow_api_etl to None
[2021-07-12 13:51:40,321] {scheduler_job.py:190} INFO - Processing /Users/pierre-olivierboisvert/Desktop/GIT/Spotify-ETL/env/lib/python3.8/site-packages/airflow/example_dags/tutorial_taskflow_api_etl.py took 0.428 seconds
[2021-07-12 13:52:21,536] {scheduler_job.py:182} INFO - Started process (PID=66592) to work on /Users/pierre-olivierboisvert/Desktop/GIT/Spotify-ETL/env/lib/python3.8/site-packages/airflow/example_dags/tutorial_taskflow_api_etl.py
[2021-07-12 13:52:21,536] {scheduler_job.py:633} INFO - Processing file /Users/pierre-olivierboisvert/Desktop/GIT/Spotify-ETL/env/lib/python3.8/site-packages/airflow/example_dags/tutorial_taskflow_api_etl.py for tasks to queue
[2021-07-12 13:52:21,537] {logging_mixin.py:104} INFO - [2021-07-12 13:52:21,537] {dagbag.py:496} INFO - Filling up the DagBag from /Users/pierre-olivierboisvert/Desktop/GIT/Spotify-ETL/env/lib/python3.8/site-packages/airflow/example_dags/tutorial_taskflow_api_etl.py
[2021-07-12 13:52:21,778] {scheduler_job.py:643} INFO - DAG(s) dict_keys(['tutorial_taskflow_api_etl']) retrieved from /Users/pierre-olivierboisvert/Desktop/GIT/Spotify-ETL/env/lib/python3.8/site-packages/airflow/example_dags/tutorial_taskflow_api_etl.py
[2021-07-12 13:52:22,904] {logging_mixin.py:104} INFO - [2021-07-12 13:52:22,904] {dag.py:1833} INFO - Sync 1 DAGs
[2021-07-12 13:52:22,916] {logging_mixin.py:104} INFO - [2021-07-12 13:52:22,916] {dag.py:2306} INFO - Setting next_dagrun for tutorial_taskflow_api_etl to None
[2021-07-12 13:52:22,937] {scheduler_job.py:190} INFO - Processing /Users/pierre-olivierboisvert/Desktop/GIT/Spotify-ETL/env/lib/python3.8/site-packages/airflow/example_dags/tutorial_taskflow_api_etl.py took 1.402 seconds
[2021-07-12 13:53:04,639] {scheduler_job.py:182} INFO - Started process (PID=66652) to work on /Users/pierre-olivierboisvert/Desktop/GIT/Spotify-ETL/env/lib/python3.8/site-packages/airflow/example_dags/tutorial_taskflow_api_etl.py
[2021-07-12 13:53:04,640] {scheduler_job.py:633} INFO - Processing file /Users/pierre-olivierboisvert/Desktop/GIT/Spotify-ETL/env/lib/python3.8/site-packages/airflow/example_dags/tutorial_taskflow_api_etl.py for tasks to queue
[2021-07-12 13:53:04,640] {logging_mixin.py:104} INFO - [2021-07-12 13:53:04,640] {dagbag.py:496} INFO - Filling up the DagBag from /Users/pierre-olivierboisvert/Desktop/GIT/Spotify-ETL/env/lib/python3.8/site-packages/airflow/example_dags/tutorial_taskflow_api_etl.py
[2021-07-12 13:53:04,651] {scheduler_job.py:643} INFO - DAG(s) dict_keys(['tutorial_taskflow_api_etl']) retrieved from /Users/pierre-olivierboisvert/Desktop/GIT/Spotify-ETL/env/lib/python3.8/site-packages/airflow/example_dags/tutorial_taskflow_api_etl.py
[2021-07-12 13:53:05,008] {logging_mixin.py:104} INFO - [2021-07-12 13:53:05,008] {dag.py:1833} INFO - Sync 1 DAGs
[2021-07-12 13:53:05,016] {logging_mixin.py:104} INFO - [2021-07-12 13:53:05,016] {dag.py:2306} INFO - Setting next_dagrun for tutorial_taskflow_api_etl to None
[2021-07-12 13:53:05,030] {scheduler_job.py:190} INFO - Processing /Users/pierre-olivierboisvert/Desktop/GIT/Spotify-ETL/env/lib/python3.8/site-packages/airflow/example_dags/tutorial_taskflow_api_etl.py took 0.392 seconds
[2021-07-12 13:53:50,888] {scheduler_job.py:182} INFO - Started process (PID=66795) to work on /Users/pierre-olivierboisvert/Desktop/GIT/Spotify-ETL/env/lib/python3.8/site-packages/airflow/example_dags/tutorial_taskflow_api_etl.py
[2021-07-12 13:53:50,888] {scheduler_job.py:633} INFO - Processing file /Users/pierre-olivierboisvert/Desktop/GIT/Spotify-ETL/env/lib/python3.8/site-packages/airflow/example_dags/tutorial_taskflow_api_etl.py for tasks to queue
[2021-07-12 13:53:50,889] {logging_mixin.py:104} INFO - [2021-07-12 13:53:50,889] {dagbag.py:496} INFO - Filling up the DagBag from /Users/pierre-olivierboisvert/Desktop/GIT/Spotify-ETL/env/lib/python3.8/site-packages/airflow/example_dags/tutorial_taskflow_api_etl.py
[2021-07-12 13:53:50,900] {scheduler_job.py:643} INFO - DAG(s) dict_keys(['tutorial_taskflow_api_etl']) retrieved from /Users/pierre-olivierboisvert/Desktop/GIT/Spotify-ETL/env/lib/python3.8/site-packages/airflow/example_dags/tutorial_taskflow_api_etl.py
[2021-07-12 13:53:51,260] {logging_mixin.py:104} INFO - [2021-07-12 13:53:51,260] {dag.py:1833} INFO - Sync 1 DAGs
[2021-07-12 13:53:51,267] {logging_mixin.py:104} INFO - [2021-07-12 13:53:51,267] {dag.py:2306} INFO - Setting next_dagrun for tutorial_taskflow_api_etl to None
[2021-07-12 13:53:51,281] {scheduler_job.py:190} INFO - Processing /Users/pierre-olivierboisvert/Desktop/GIT/Spotify-ETL/env/lib/python3.8/site-packages/airflow/example_dags/tutorial_taskflow_api_etl.py took 0.394 seconds
[2021-07-12 13:54:34,034] {scheduler_job.py:182} INFO - Started process (PID=66931) to work on /Users/pierre-olivierboisvert/Desktop/GIT/Spotify-ETL/env/lib/python3.8/site-packages/airflow/example_dags/tutorial_taskflow_api_etl.py
[2021-07-12 13:54:34,035] {scheduler_job.py:633} INFO - Processing file /Users/pierre-olivierboisvert/Desktop/GIT/Spotify-ETL/env/lib/python3.8/site-packages/airflow/example_dags/tutorial_taskflow_api_etl.py for tasks to queue
[2021-07-12 13:54:34,035] {logging_mixin.py:104} INFO - [2021-07-12 13:54:34,035] {dagbag.py:496} INFO - Filling up the DagBag from /Users/pierre-olivierboisvert/Desktop/GIT/Spotify-ETL/env/lib/python3.8/site-packages/airflow/example_dags/tutorial_taskflow_api_etl.py
[2021-07-12 13:54:34,049] {scheduler_job.py:643} INFO - DAG(s) dict_keys(['tutorial_taskflow_api_etl']) retrieved from /Users/pierre-olivierboisvert/Desktop/GIT/Spotify-ETL/env/lib/python3.8/site-packages/airflow/example_dags/tutorial_taskflow_api_etl.py
[2021-07-12 13:54:34,411] {logging_mixin.py:104} INFO - [2021-07-12 13:54:34,411] {dag.py:1833} INFO - Sync 1 DAGs
[2021-07-12 13:54:34,420] {logging_mixin.py:104} INFO - [2021-07-12 13:54:34,420] {dag.py:2306} INFO - Setting next_dagrun for tutorial_taskflow_api_etl to None
[2021-07-12 13:54:34,435] {scheduler_job.py:190} INFO - Processing /Users/pierre-olivierboisvert/Desktop/GIT/Spotify-ETL/env/lib/python3.8/site-packages/airflow/example_dags/tutorial_taskflow_api_etl.py took 0.402 seconds
[2021-07-12 13:55:12,220] {scheduler_job.py:182} INFO - Started process (PID=66967) to work on /Users/pierre-olivierboisvert/Desktop/GIT/Spotify-ETL/env/lib/python3.8/site-packages/airflow/example_dags/tutorial_taskflow_api_etl.py
[2021-07-12 13:55:12,221] {scheduler_job.py:633} INFO - Processing file /Users/pierre-olivierboisvert/Desktop/GIT/Spotify-ETL/env/lib/python3.8/site-packages/airflow/example_dags/tutorial_taskflow_api_etl.py for tasks to queue
[2021-07-12 13:55:12,221] {logging_mixin.py:104} INFO - [2021-07-12 13:55:12,221] {dagbag.py:496} INFO - Filling up the DagBag from /Users/pierre-olivierboisvert/Desktop/GIT/Spotify-ETL/env/lib/python3.8/site-packages/airflow/example_dags/tutorial_taskflow_api_etl.py
[2021-07-12 13:55:12,233] {scheduler_job.py:643} INFO - DAG(s) dict_keys(['tutorial_taskflow_api_etl']) retrieved from /Users/pierre-olivierboisvert/Desktop/GIT/Spotify-ETL/env/lib/python3.8/site-packages/airflow/example_dags/tutorial_taskflow_api_etl.py
[2021-07-12 13:55:12,590] {logging_mixin.py:104} INFO - [2021-07-12 13:55:12,590] {dag.py:1833} INFO - Sync 1 DAGs
[2021-07-12 13:55:12,600] {logging_mixin.py:104} INFO - [2021-07-12 13:55:12,600] {dag.py:2306} INFO - Setting next_dagrun for tutorial_taskflow_api_etl to None
[2021-07-12 13:55:12,614] {scheduler_job.py:190} INFO - Processing /Users/pierre-olivierboisvert/Desktop/GIT/Spotify-ETL/env/lib/python3.8/site-packages/airflow/example_dags/tutorial_taskflow_api_etl.py took 0.395 seconds
[2021-07-12 13:55:48,934] {scheduler_job.py:182} INFO - Started process (PID=67003) to work on /Users/pierre-olivierboisvert/Desktop/GIT/Spotify-ETL/env/lib/python3.8/site-packages/airflow/example_dags/tutorial_taskflow_api_etl.py
[2021-07-12 13:55:48,934] {scheduler_job.py:633} INFO - Processing file /Users/pierre-olivierboisvert/Desktop/GIT/Spotify-ETL/env/lib/python3.8/site-packages/airflow/example_dags/tutorial_taskflow_api_etl.py for tasks to queue
[2021-07-12 13:55:48,935] {logging_mixin.py:104} INFO - [2021-07-12 13:55:48,935] {dagbag.py:496} INFO - Filling up the DagBag from /Users/pierre-olivierboisvert/Desktop/GIT/Spotify-ETL/env/lib/python3.8/site-packages/airflow/example_dags/tutorial_taskflow_api_etl.py
[2021-07-12 13:55:48,949] {scheduler_job.py:643} INFO - DAG(s) dict_keys(['tutorial_taskflow_api_etl']) retrieved from /Users/pierre-olivierboisvert/Desktop/GIT/Spotify-ETL/env/lib/python3.8/site-packages/airflow/example_dags/tutorial_taskflow_api_etl.py
[2021-07-12 13:55:49,301] {logging_mixin.py:104} INFO - [2021-07-12 13:55:49,301] {dag.py:1833} INFO - Sync 1 DAGs
[2021-07-12 13:55:49,310] {logging_mixin.py:104} INFO - [2021-07-12 13:55:49,310] {dag.py:2306} INFO - Setting next_dagrun for tutorial_taskflow_api_etl to None
[2021-07-12 13:55:49,325] {scheduler_job.py:190} INFO - Processing /Users/pierre-olivierboisvert/Desktop/GIT/Spotify-ETL/env/lib/python3.8/site-packages/airflow/example_dags/tutorial_taskflow_api_etl.py took 0.392 seconds
[2021-07-12 13:56:25,374] {scheduler_job.py:182} INFO - Started process (PID=67037) to work on /Users/pierre-olivierboisvert/Desktop/GIT/Spotify-ETL/env/lib/python3.8/site-packages/airflow/example_dags/tutorial_taskflow_api_etl.py
[2021-07-12 13:56:25,374] {scheduler_job.py:633} INFO - Processing file /Users/pierre-olivierboisvert/Desktop/GIT/Spotify-ETL/env/lib/python3.8/site-packages/airflow/example_dags/tutorial_taskflow_api_etl.py for tasks to queue
[2021-07-12 13:56:25,375] {logging_mixin.py:104} INFO - [2021-07-12 13:56:25,375] {dagbag.py:496} INFO - Filling up the DagBag from /Users/pierre-olivierboisvert/Desktop/GIT/Spotify-ETL/env/lib/python3.8/site-packages/airflow/example_dags/tutorial_taskflow_api_etl.py
[2021-07-12 13:56:25,386] {scheduler_job.py:643} INFO - DAG(s) dict_keys(['tutorial_taskflow_api_etl']) retrieved from /Users/pierre-olivierboisvert/Desktop/GIT/Spotify-ETL/env/lib/python3.8/site-packages/airflow/example_dags/tutorial_taskflow_api_etl.py
[2021-07-12 13:56:25,726] {logging_mixin.py:104} INFO - [2021-07-12 13:56:25,725] {dag.py:1833} INFO - Sync 1 DAGs
[2021-07-12 13:56:25,734] {logging_mixin.py:104} INFO - [2021-07-12 13:56:25,734] {dag.py:2306} INFO - Setting next_dagrun for tutorial_taskflow_api_etl to None
[2021-07-12 13:56:25,749] {scheduler_job.py:190} INFO - Processing /Users/pierre-olivierboisvert/Desktop/GIT/Spotify-ETL/env/lib/python3.8/site-packages/airflow/example_dags/tutorial_taskflow_api_etl.py took 0.376 seconds
[2021-07-12 13:57:38,817] {scheduler_job.py:182} INFO - Started process (PID=67104) to work on /Users/pierre-olivierboisvert/Desktop/GIT/Spotify-ETL/env/lib/python3.8/site-packages/airflow/example_dags/tutorial_taskflow_api_etl.py
[2021-07-12 13:57:38,818] {scheduler_job.py:633} INFO - Processing file /Users/pierre-olivierboisvert/Desktop/GIT/Spotify-ETL/env/lib/python3.8/site-packages/airflow/example_dags/tutorial_taskflow_api_etl.py for tasks to queue
[2021-07-12 13:57:38,818] {logging_mixin.py:104} INFO - [2021-07-12 13:57:38,818] {dagbag.py:496} INFO - Filling up the DagBag from /Users/pierre-olivierboisvert/Desktop/GIT/Spotify-ETL/env/lib/python3.8/site-packages/airflow/example_dags/tutorial_taskflow_api_etl.py
[2021-07-12 13:57:38,843] {scheduler_job.py:643} INFO - DAG(s) dict_keys(['tutorial_taskflow_api_etl']) retrieved from /Users/pierre-olivierboisvert/Desktop/GIT/Spotify-ETL/env/lib/python3.8/site-packages/airflow/example_dags/tutorial_taskflow_api_etl.py
[2021-07-12 13:57:39,435] {logging_mixin.py:104} INFO - [2021-07-12 13:57:39,435] {dag.py:1833} INFO - Sync 1 DAGs
[2021-07-12 13:57:39,450] {logging_mixin.py:104} INFO - [2021-07-12 13:57:39,450] {dag.py:2306} INFO - Setting next_dagrun for tutorial_taskflow_api_etl to None
[2021-07-12 13:57:39,467] {scheduler_job.py:190} INFO - Processing /Users/pierre-olivierboisvert/Desktop/GIT/Spotify-ETL/env/lib/python3.8/site-packages/airflow/example_dags/tutorial_taskflow_api_etl.py took 0.650 seconds
[2021-07-12 13:58:22,483] {scheduler_job.py:182} INFO - Started process (PID=67149) to work on /Users/pierre-olivierboisvert/Desktop/GIT/Spotify-ETL/env/lib/python3.8/site-packages/airflow/example_dags/tutorial_taskflow_api_etl.py
[2021-07-12 13:58:22,484] {scheduler_job.py:633} INFO - Processing file /Users/pierre-olivierboisvert/Desktop/GIT/Spotify-ETL/env/lib/python3.8/site-packages/airflow/example_dags/tutorial_taskflow_api_etl.py for tasks to queue
[2021-07-12 13:58:22,485] {logging_mixin.py:104} INFO - [2021-07-12 13:58:22,485] {dagbag.py:496} INFO - Filling up the DagBag from /Users/pierre-olivierboisvert/Desktop/GIT/Spotify-ETL/env/lib/python3.8/site-packages/airflow/example_dags/tutorial_taskflow_api_etl.py
[2021-07-12 13:58:22,533] {scheduler_job.py:643} INFO - DAG(s) dict_keys(['tutorial_taskflow_api_etl']) retrieved from /Users/pierre-olivierboisvert/Desktop/GIT/Spotify-ETL/env/lib/python3.8/site-packages/airflow/example_dags/tutorial_taskflow_api_etl.py
[2021-07-12 13:58:23,400] {logging_mixin.py:104} INFO - [2021-07-12 13:58:23,400] {dag.py:1833} INFO - Sync 1 DAGs
[2021-07-12 13:58:23,412] {logging_mixin.py:104} INFO - [2021-07-12 13:58:23,412] {dag.py:2306} INFO - Setting next_dagrun for tutorial_taskflow_api_etl to None
[2021-07-12 13:58:23,430] {scheduler_job.py:190} INFO - Processing /Users/pierre-olivierboisvert/Desktop/GIT/Spotify-ETL/env/lib/python3.8/site-packages/airflow/example_dags/tutorial_taskflow_api_etl.py took 0.948 seconds
[2021-07-12 13:59:07,283] {scheduler_job.py:182} INFO - Started process (PID=67187) to work on /Users/pierre-olivierboisvert/Desktop/GIT/Spotify-ETL/env/lib/python3.8/site-packages/airflow/example_dags/tutorial_taskflow_api_etl.py
[2021-07-12 13:59:07,283] {scheduler_job.py:633} INFO - Processing file /Users/pierre-olivierboisvert/Desktop/GIT/Spotify-ETL/env/lib/python3.8/site-packages/airflow/example_dags/tutorial_taskflow_api_etl.py for tasks to queue
[2021-07-12 13:59:07,284] {logging_mixin.py:104} INFO - [2021-07-12 13:59:07,283] {dagbag.py:496} INFO - Filling up the DagBag from /Users/pierre-olivierboisvert/Desktop/GIT/Spotify-ETL/env/lib/python3.8/site-packages/airflow/example_dags/tutorial_taskflow_api_etl.py
[2021-07-12 13:59:07,295] {scheduler_job.py:643} INFO - DAG(s) dict_keys(['tutorial_taskflow_api_etl']) retrieved from /Users/pierre-olivierboisvert/Desktop/GIT/Spotify-ETL/env/lib/python3.8/site-packages/airflow/example_dags/tutorial_taskflow_api_etl.py
[2021-07-12 13:59:07,676] {logging_mixin.py:104} INFO - [2021-07-12 13:59:07,676] {dag.py:1833} INFO - Sync 1 DAGs
[2021-07-12 13:59:07,684] {logging_mixin.py:104} INFO - [2021-07-12 13:59:07,684] {dag.py:2306} INFO - Setting next_dagrun for tutorial_taskflow_api_etl to None
[2021-07-12 13:59:07,699] {scheduler_job.py:190} INFO - Processing /Users/pierre-olivierboisvert/Desktop/GIT/Spotify-ETL/env/lib/python3.8/site-packages/airflow/example_dags/tutorial_taskflow_api_etl.py took 0.417 seconds
[2021-07-12 13:59:53,647] {scheduler_job.py:182} INFO - Started process (PID=67232) to work on /Users/pierre-olivierboisvert/Desktop/GIT/Spotify-ETL/env/lib/python3.8/site-packages/airflow/example_dags/tutorial_taskflow_api_etl.py
[2021-07-12 13:59:53,647] {scheduler_job.py:633} INFO - Processing file /Users/pierre-olivierboisvert/Desktop/GIT/Spotify-ETL/env/lib/python3.8/site-packages/airflow/example_dags/tutorial_taskflow_api_etl.py for tasks to queue
[2021-07-12 13:59:53,648] {logging_mixin.py:104} INFO - [2021-07-12 13:59:53,648] {dagbag.py:496} INFO - Filling up the DagBag from /Users/pierre-olivierboisvert/Desktop/GIT/Spotify-ETL/env/lib/python3.8/site-packages/airflow/example_dags/tutorial_taskflow_api_etl.py
[2021-07-12 13:59:53,659] {scheduler_job.py:643} INFO - DAG(s) dict_keys(['tutorial_taskflow_api_etl']) retrieved from /Users/pierre-olivierboisvert/Desktop/GIT/Spotify-ETL/env/lib/python3.8/site-packages/airflow/example_dags/tutorial_taskflow_api_etl.py
[2021-07-12 13:59:54,040] {logging_mixin.py:104} INFO - [2021-07-12 13:59:54,040] {dag.py:1833} INFO - Sync 1 DAGs
[2021-07-12 13:59:54,050] {logging_mixin.py:104} INFO - [2021-07-12 13:59:54,050] {dag.py:2306} INFO - Setting next_dagrun for tutorial_taskflow_api_etl to None
[2021-07-12 13:59:54,062] {scheduler_job.py:190} INFO - Processing /Users/pierre-olivierboisvert/Desktop/GIT/Spotify-ETL/env/lib/python3.8/site-packages/airflow/example_dags/tutorial_taskflow_api_etl.py took 0.415 seconds
[2021-07-12 14:00:35,504] {scheduler_job.py:182} INFO - Started process (PID=67268) to work on /Users/pierre-olivierboisvert/Desktop/GIT/Spotify-ETL/env/lib/python3.8/site-packages/airflow/example_dags/tutorial_taskflow_api_etl.py
[2021-07-12 14:00:35,505] {scheduler_job.py:633} INFO - Processing file /Users/pierre-olivierboisvert/Desktop/GIT/Spotify-ETL/env/lib/python3.8/site-packages/airflow/example_dags/tutorial_taskflow_api_etl.py for tasks to queue
[2021-07-12 14:00:35,505] {logging_mixin.py:104} INFO - [2021-07-12 14:00:35,505] {dagbag.py:496} INFO - Filling up the DagBag from /Users/pierre-olivierboisvert/Desktop/GIT/Spotify-ETL/env/lib/python3.8/site-packages/airflow/example_dags/tutorial_taskflow_api_etl.py
[2021-07-12 14:00:35,517] {scheduler_job.py:643} INFO - DAG(s) dict_keys(['tutorial_taskflow_api_etl']) retrieved from /Users/pierre-olivierboisvert/Desktop/GIT/Spotify-ETL/env/lib/python3.8/site-packages/airflow/example_dags/tutorial_taskflow_api_etl.py
[2021-07-12 14:00:35,866] {logging_mixin.py:104} INFO - [2021-07-12 14:00:35,866] {dag.py:1833} INFO - Sync 1 DAGs
[2021-07-12 14:00:35,874] {logging_mixin.py:104} INFO - [2021-07-12 14:00:35,873] {dag.py:2306} INFO - Setting next_dagrun for tutorial_taskflow_api_etl to None
[2021-07-12 14:00:35,888] {scheduler_job.py:190} INFO - Processing /Users/pierre-olivierboisvert/Desktop/GIT/Spotify-ETL/env/lib/python3.8/site-packages/airflow/example_dags/tutorial_taskflow_api_etl.py took 0.384 seconds
[2021-07-12 14:01:16,417] {scheduler_job.py:182} INFO - Started process (PID=67308) to work on /Users/pierre-olivierboisvert/Desktop/GIT/Spotify-ETL/env/lib/python3.8/site-packages/airflow/example_dags/tutorial_taskflow_api_etl.py
[2021-07-12 14:01:16,418] {scheduler_job.py:633} INFO - Processing file /Users/pierre-olivierboisvert/Desktop/GIT/Spotify-ETL/env/lib/python3.8/site-packages/airflow/example_dags/tutorial_taskflow_api_etl.py for tasks to queue
[2021-07-12 14:01:16,418] {logging_mixin.py:104} INFO - [2021-07-12 14:01:16,418] {dagbag.py:496} INFO - Filling up the DagBag from /Users/pierre-olivierboisvert/Desktop/GIT/Spotify-ETL/env/lib/python3.8/site-packages/airflow/example_dags/tutorial_taskflow_api_etl.py
[2021-07-12 14:01:16,432] {scheduler_job.py:643} INFO - DAG(s) dict_keys(['tutorial_taskflow_api_etl']) retrieved from /Users/pierre-olivierboisvert/Desktop/GIT/Spotify-ETL/env/lib/python3.8/site-packages/airflow/example_dags/tutorial_taskflow_api_etl.py
[2021-07-12 14:01:16,797] {logging_mixin.py:104} INFO - [2021-07-12 14:01:16,797] {dag.py:1833} INFO - Sync 1 DAGs
[2021-07-12 14:01:16,805] {logging_mixin.py:104} INFO - [2021-07-12 14:01:16,805] {dag.py:2306} INFO - Setting next_dagrun for tutorial_taskflow_api_etl to None
[2021-07-12 14:01:16,818] {scheduler_job.py:190} INFO - Processing /Users/pierre-olivierboisvert/Desktop/GIT/Spotify-ETL/env/lib/python3.8/site-packages/airflow/example_dags/tutorial_taskflow_api_etl.py took 0.402 seconds
[2021-07-12 14:01:56,835] {scheduler_job.py:182} INFO - Started process (PID=67343) to work on /Users/pierre-olivierboisvert/Desktop/GIT/Spotify-ETL/env/lib/python3.8/site-packages/airflow/example_dags/tutorial_taskflow_api_etl.py
[2021-07-12 14:01:56,836] {scheduler_job.py:633} INFO - Processing file /Users/pierre-olivierboisvert/Desktop/GIT/Spotify-ETL/env/lib/python3.8/site-packages/airflow/example_dags/tutorial_taskflow_api_etl.py for tasks to queue
[2021-07-12 14:01:56,836] {logging_mixin.py:104} INFO - [2021-07-12 14:01:56,836] {dagbag.py:496} INFO - Filling up the DagBag from /Users/pierre-olivierboisvert/Desktop/GIT/Spotify-ETL/env/lib/python3.8/site-packages/airflow/example_dags/tutorial_taskflow_api_etl.py
[2021-07-12 14:01:56,848] {scheduler_job.py:643} INFO - DAG(s) dict_keys(['tutorial_taskflow_api_etl']) retrieved from /Users/pierre-olivierboisvert/Desktop/GIT/Spotify-ETL/env/lib/python3.8/site-packages/airflow/example_dags/tutorial_taskflow_api_etl.py
[2021-07-12 14:01:57,228] {logging_mixin.py:104} INFO - [2021-07-12 14:01:57,228] {dag.py:1833} INFO - Sync 1 DAGs
[2021-07-12 14:01:57,236] {logging_mixin.py:104} INFO - [2021-07-12 14:01:57,236] {dag.py:2306} INFO - Setting next_dagrun for tutorial_taskflow_api_etl to None
[2021-07-12 14:01:57,250] {scheduler_job.py:190} INFO - Processing /Users/pierre-olivierboisvert/Desktop/GIT/Spotify-ETL/env/lib/python3.8/site-packages/airflow/example_dags/tutorial_taskflow_api_etl.py took 0.416 seconds
[2021-07-12 14:02:41,653] {scheduler_job.py:182} INFO - Started process (PID=67382) to work on /Users/pierre-olivierboisvert/Desktop/GIT/Spotify-ETL/env/lib/python3.8/site-packages/airflow/example_dags/tutorial_taskflow_api_etl.py
[2021-07-12 14:02:41,654] {scheduler_job.py:633} INFO - Processing file /Users/pierre-olivierboisvert/Desktop/GIT/Spotify-ETL/env/lib/python3.8/site-packages/airflow/example_dags/tutorial_taskflow_api_etl.py for tasks to queue
[2021-07-12 14:02:41,654] {logging_mixin.py:104} INFO - [2021-07-12 14:02:41,654] {dagbag.py:496} INFO - Filling up the DagBag from /Users/pierre-olivierboisvert/Desktop/GIT/Spotify-ETL/env/lib/python3.8/site-packages/airflow/example_dags/tutorial_taskflow_api_etl.py
[2021-07-12 14:02:41,665] {scheduler_job.py:643} INFO - DAG(s) dict_keys(['tutorial_taskflow_api_etl']) retrieved from /Users/pierre-olivierboisvert/Desktop/GIT/Spotify-ETL/env/lib/python3.8/site-packages/airflow/example_dags/tutorial_taskflow_api_etl.py
[2021-07-12 14:02:42,076] {logging_mixin.py:104} INFO - [2021-07-12 14:02:42,076] {dag.py:1833} INFO - Sync 1 DAGs
[2021-07-12 14:02:42,084] {logging_mixin.py:104} INFO - [2021-07-12 14:02:42,084] {dag.py:2306} INFO - Setting next_dagrun for tutorial_taskflow_api_etl to None
[2021-07-12 14:02:42,098] {scheduler_job.py:190} INFO - Processing /Users/pierre-olivierboisvert/Desktop/GIT/Spotify-ETL/env/lib/python3.8/site-packages/airflow/example_dags/tutorial_taskflow_api_etl.py took 0.445 seconds
[2021-07-12 14:03:22,371] {scheduler_job.py:182} INFO - Started process (PID=67419) to work on /Users/pierre-olivierboisvert/Desktop/GIT/Spotify-ETL/env/lib/python3.8/site-packages/airflow/example_dags/tutorial_taskflow_api_etl.py
[2021-07-12 14:03:22,372] {scheduler_job.py:633} INFO - Processing file /Users/pierre-olivierboisvert/Desktop/GIT/Spotify-ETL/env/lib/python3.8/site-packages/airflow/example_dags/tutorial_taskflow_api_etl.py for tasks to queue
[2021-07-12 14:03:22,373] {logging_mixin.py:104} INFO - [2021-07-12 14:03:22,372] {dagbag.py:496} INFO - Filling up the DagBag from /Users/pierre-olivierboisvert/Desktop/GIT/Spotify-ETL/env/lib/python3.8/site-packages/airflow/example_dags/tutorial_taskflow_api_etl.py
[2021-07-12 14:03:22,386] {scheduler_job.py:643} INFO - DAG(s) dict_keys(['tutorial_taskflow_api_etl']) retrieved from /Users/pierre-olivierboisvert/Desktop/GIT/Spotify-ETL/env/lib/python3.8/site-packages/airflow/example_dags/tutorial_taskflow_api_etl.py
[2021-07-12 14:03:22,737] {logging_mixin.py:104} INFO - [2021-07-12 14:03:22,737] {dag.py:1833} INFO - Sync 1 DAGs
[2021-07-12 14:03:22,747] {logging_mixin.py:104} INFO - [2021-07-12 14:03:22,746] {dag.py:2306} INFO - Setting next_dagrun for tutorial_taskflow_api_etl to None
[2021-07-12 14:03:22,758] {scheduler_job.py:190} INFO - Processing /Users/pierre-olivierboisvert/Desktop/GIT/Spotify-ETL/env/lib/python3.8/site-packages/airflow/example_dags/tutorial_taskflow_api_etl.py took 0.388 seconds
[2021-07-12 14:04:06,812] {scheduler_job.py:182} INFO - Started process (PID=67456) to work on /Users/pierre-olivierboisvert/Desktop/GIT/Spotify-ETL/env/lib/python3.8/site-packages/airflow/example_dags/tutorial_taskflow_api_etl.py
[2021-07-12 14:04:06,812] {scheduler_job.py:633} INFO - Processing file /Users/pierre-olivierboisvert/Desktop/GIT/Spotify-ETL/env/lib/python3.8/site-packages/airflow/example_dags/tutorial_taskflow_api_etl.py for tasks to queue
[2021-07-12 14:04:06,813] {logging_mixin.py:104} INFO - [2021-07-12 14:04:06,813] {dagbag.py:496} INFO - Filling up the DagBag from /Users/pierre-olivierboisvert/Desktop/GIT/Spotify-ETL/env/lib/python3.8/site-packages/airflow/example_dags/tutorial_taskflow_api_etl.py
[2021-07-12 14:04:06,825] {scheduler_job.py:643} INFO - DAG(s) dict_keys(['tutorial_taskflow_api_etl']) retrieved from /Users/pierre-olivierboisvert/Desktop/GIT/Spotify-ETL/env/lib/python3.8/site-packages/airflow/example_dags/tutorial_taskflow_api_etl.py
[2021-07-12 14:04:07,373] {logging_mixin.py:104} INFO - [2021-07-12 14:04:07,373] {dag.py:1833} INFO - Sync 1 DAGs
[2021-07-12 14:04:07,384] {logging_mixin.py:104} INFO - [2021-07-12 14:04:07,384] {dag.py:2306} INFO - Setting next_dagrun for tutorial_taskflow_api_etl to None
[2021-07-12 14:04:07,400] {scheduler_job.py:190} INFO - Processing /Users/pierre-olivierboisvert/Desktop/GIT/Spotify-ETL/env/lib/python3.8/site-packages/airflow/example_dags/tutorial_taskflow_api_etl.py took 0.589 seconds
[2021-07-12 14:04:54,894] {scheduler_job.py:182} INFO - Started process (PID=67495) to work on /Users/pierre-olivierboisvert/Desktop/GIT/Spotify-ETL/env/lib/python3.8/site-packages/airflow/example_dags/tutorial_taskflow_api_etl.py
[2021-07-12 14:04:54,895] {scheduler_job.py:633} INFO - Processing file /Users/pierre-olivierboisvert/Desktop/GIT/Spotify-ETL/env/lib/python3.8/site-packages/airflow/example_dags/tutorial_taskflow_api_etl.py for tasks to queue
[2021-07-12 14:04:54,895] {logging_mixin.py:104} INFO - [2021-07-12 14:04:54,895] {dagbag.py:496} INFO - Filling up the DagBag from /Users/pierre-olivierboisvert/Desktop/GIT/Spotify-ETL/env/lib/python3.8/site-packages/airflow/example_dags/tutorial_taskflow_api_etl.py
[2021-07-12 14:04:54,910] {scheduler_job.py:643} INFO - DAG(s) dict_keys(['tutorial_taskflow_api_etl']) retrieved from /Users/pierre-olivierboisvert/Desktop/GIT/Spotify-ETL/env/lib/python3.8/site-packages/airflow/example_dags/tutorial_taskflow_api_etl.py
[2021-07-12 14:04:55,330] {logging_mixin.py:104} INFO - [2021-07-12 14:04:55,329] {dag.py:1833} INFO - Sync 1 DAGs
[2021-07-12 14:04:55,337] {logging_mixin.py:104} INFO - [2021-07-12 14:04:55,337] {dag.py:2306} INFO - Setting next_dagrun for tutorial_taskflow_api_etl to None
[2021-07-12 14:04:55,349] {scheduler_job.py:190} INFO - Processing /Users/pierre-olivierboisvert/Desktop/GIT/Spotify-ETL/env/lib/python3.8/site-packages/airflow/example_dags/tutorial_taskflow_api_etl.py took 0.456 seconds
[2021-07-12 14:05:36,763] {scheduler_job.py:182} INFO - Started process (PID=67531) to work on /Users/pierre-olivierboisvert/Desktop/GIT/Spotify-ETL/env/lib/python3.8/site-packages/airflow/example_dags/tutorial_taskflow_api_etl.py
[2021-07-12 14:05:36,765] {scheduler_job.py:633} INFO - Processing file /Users/pierre-olivierboisvert/Desktop/GIT/Spotify-ETL/env/lib/python3.8/site-packages/airflow/example_dags/tutorial_taskflow_api_etl.py for tasks to queue
[2021-07-12 14:05:36,766] {logging_mixin.py:104} INFO - [2021-07-12 14:05:36,766] {dagbag.py:496} INFO - Filling up the DagBag from /Users/pierre-olivierboisvert/Desktop/GIT/Spotify-ETL/env/lib/python3.8/site-packages/airflow/example_dags/tutorial_taskflow_api_etl.py
[2021-07-12 14:05:36,781] {scheduler_job.py:643} INFO - DAG(s) dict_keys(['tutorial_taskflow_api_etl']) retrieved from /Users/pierre-olivierboisvert/Desktop/GIT/Spotify-ETL/env/lib/python3.8/site-packages/airflow/example_dags/tutorial_taskflow_api_etl.py
[2021-07-12 14:05:37,133] {logging_mixin.py:104} INFO - [2021-07-12 14:05:37,132] {dag.py:1833} INFO - Sync 1 DAGs
[2021-07-12 14:05:37,142] {logging_mixin.py:104} INFO - [2021-07-12 14:05:37,142] {dag.py:2306} INFO - Setting next_dagrun for tutorial_taskflow_api_etl to None
[2021-07-12 14:05:37,152] {scheduler_job.py:190} INFO - Processing /Users/pierre-olivierboisvert/Desktop/GIT/Spotify-ETL/env/lib/python3.8/site-packages/airflow/example_dags/tutorial_taskflow_api_etl.py took 0.390 seconds
[2021-07-12 14:06:26,248] {scheduler_job.py:182} INFO - Started process (PID=67574) to work on /Users/pierre-olivierboisvert/Desktop/GIT/Spotify-ETL/env/lib/python3.8/site-packages/airflow/example_dags/tutorial_taskflow_api_etl.py
[2021-07-12 14:06:26,249] {scheduler_job.py:633} INFO - Processing file /Users/pierre-olivierboisvert/Desktop/GIT/Spotify-ETL/env/lib/python3.8/site-packages/airflow/example_dags/tutorial_taskflow_api_etl.py for tasks to queue
[2021-07-12 14:06:26,250] {logging_mixin.py:104} INFO - [2021-07-12 14:06:26,249] {dagbag.py:496} INFO - Filling up the DagBag from /Users/pierre-olivierboisvert/Desktop/GIT/Spotify-ETL/env/lib/python3.8/site-packages/airflow/example_dags/tutorial_taskflow_api_etl.py
[2021-07-12 14:06:26,278] {scheduler_job.py:643} INFO - DAG(s) dict_keys(['tutorial_taskflow_api_etl']) retrieved from /Users/pierre-olivierboisvert/Desktop/GIT/Spotify-ETL/env/lib/python3.8/site-packages/airflow/example_dags/tutorial_taskflow_api_etl.py
[2021-07-12 14:06:26,698] {logging_mixin.py:104} INFO - [2021-07-12 14:06:26,697] {dag.py:1833} INFO - Sync 1 DAGs
[2021-07-12 14:06:26,708] {logging_mixin.py:104} INFO - [2021-07-12 14:06:26,708] {dag.py:2306} INFO - Setting next_dagrun for tutorial_taskflow_api_etl to None
[2021-07-12 14:06:26,724] {scheduler_job.py:190} INFO - Processing /Users/pierre-olivierboisvert/Desktop/GIT/Spotify-ETL/env/lib/python3.8/site-packages/airflow/example_dags/tutorial_taskflow_api_etl.py took 0.477 seconds
[2021-07-12 14:07:20,189] {scheduler_job.py:182} INFO - Started process (PID=67621) to work on /Users/pierre-olivierboisvert/Desktop/GIT/Spotify-ETL/env/lib/python3.8/site-packages/airflow/example_dags/tutorial_taskflow_api_etl.py
[2021-07-12 14:07:20,190] {scheduler_job.py:633} INFO - Processing file /Users/pierre-olivierboisvert/Desktop/GIT/Spotify-ETL/env/lib/python3.8/site-packages/airflow/example_dags/tutorial_taskflow_api_etl.py for tasks to queue
[2021-07-12 14:07:20,191] {logging_mixin.py:104} INFO - [2021-07-12 14:07:20,190] {dagbag.py:496} INFO - Filling up the DagBag from /Users/pierre-olivierboisvert/Desktop/GIT/Spotify-ETL/env/lib/python3.8/site-packages/airflow/example_dags/tutorial_taskflow_api_etl.py
[2021-07-12 14:07:20,203] {scheduler_job.py:643} INFO - DAG(s) dict_keys(['tutorial_taskflow_api_etl']) retrieved from /Users/pierre-olivierboisvert/Desktop/GIT/Spotify-ETL/env/lib/python3.8/site-packages/airflow/example_dags/tutorial_taskflow_api_etl.py
[2021-07-12 14:07:20,600] {logging_mixin.py:104} INFO - [2021-07-12 14:07:20,600] {dag.py:1833} INFO - Sync 1 DAGs
[2021-07-12 14:07:20,608] {logging_mixin.py:104} INFO - [2021-07-12 14:07:20,608] {dag.py:2306} INFO - Setting next_dagrun for tutorial_taskflow_api_etl to None
[2021-07-12 14:07:20,624] {scheduler_job.py:190} INFO - Processing /Users/pierre-olivierboisvert/Desktop/GIT/Spotify-ETL/env/lib/python3.8/site-packages/airflow/example_dags/tutorial_taskflow_api_etl.py took 0.436 seconds
[2021-07-12 14:08:04,771] {scheduler_job.py:182} INFO - Started process (PID=67660) to work on /Users/pierre-olivierboisvert/Desktop/GIT/Spotify-ETL/env/lib/python3.8/site-packages/airflow/example_dags/tutorial_taskflow_api_etl.py
[2021-07-12 14:08:04,771] {scheduler_job.py:633} INFO - Processing file /Users/pierre-olivierboisvert/Desktop/GIT/Spotify-ETL/env/lib/python3.8/site-packages/airflow/example_dags/tutorial_taskflow_api_etl.py for tasks to queue
[2021-07-12 14:08:04,772] {logging_mixin.py:104} INFO - [2021-07-12 14:08:04,772] {dagbag.py:496} INFO - Filling up the DagBag from /Users/pierre-olivierboisvert/Desktop/GIT/Spotify-ETL/env/lib/python3.8/site-packages/airflow/example_dags/tutorial_taskflow_api_etl.py
[2021-07-12 14:08:04,787] {scheduler_job.py:643} INFO - DAG(s) dict_keys(['tutorial_taskflow_api_etl']) retrieved from /Users/pierre-olivierboisvert/Desktop/GIT/Spotify-ETL/env/lib/python3.8/site-packages/airflow/example_dags/tutorial_taskflow_api_etl.py
[2021-07-12 14:08:05,185] {logging_mixin.py:104} INFO - [2021-07-12 14:08:05,184] {dag.py:1833} INFO - Sync 1 DAGs
[2021-07-12 14:08:05,195] {logging_mixin.py:104} INFO - [2021-07-12 14:08:05,195] {dag.py:2306} INFO - Setting next_dagrun for tutorial_taskflow_api_etl to None
[2021-07-12 14:08:05,210] {scheduler_job.py:190} INFO - Processing /Users/pierre-olivierboisvert/Desktop/GIT/Spotify-ETL/env/lib/python3.8/site-packages/airflow/example_dags/tutorial_taskflow_api_etl.py took 0.441 seconds
[2021-07-12 14:08:50,470] {scheduler_job.py:182} INFO - Started process (PID=67701) to work on /Users/pierre-olivierboisvert/Desktop/GIT/Spotify-ETL/env/lib/python3.8/site-packages/airflow/example_dags/tutorial_taskflow_api_etl.py
[2021-07-12 14:08:50,471] {scheduler_job.py:633} INFO - Processing file /Users/pierre-olivierboisvert/Desktop/GIT/Spotify-ETL/env/lib/python3.8/site-packages/airflow/example_dags/tutorial_taskflow_api_etl.py for tasks to queue
[2021-07-12 14:08:50,472] {logging_mixin.py:104} INFO - [2021-07-12 14:08:50,471] {dagbag.py:496} INFO - Filling up the DagBag from /Users/pierre-olivierboisvert/Desktop/GIT/Spotify-ETL/env/lib/python3.8/site-packages/airflow/example_dags/tutorial_taskflow_api_etl.py
[2021-07-12 14:08:50,486] {scheduler_job.py:643} INFO - DAG(s) dict_keys(['tutorial_taskflow_api_etl']) retrieved from /Users/pierre-olivierboisvert/Desktop/GIT/Spotify-ETL/env/lib/python3.8/site-packages/airflow/example_dags/tutorial_taskflow_api_etl.py
[2021-07-12 14:08:50,878] {logging_mixin.py:104} INFO - [2021-07-12 14:08:50,878] {dag.py:1833} INFO - Sync 1 DAGs
[2021-07-12 14:08:50,886] {logging_mixin.py:104} INFO - [2021-07-12 14:08:50,886] {dag.py:2306} INFO - Setting next_dagrun for tutorial_taskflow_api_etl to None
[2021-07-12 14:08:50,897] {scheduler_job.py:190} INFO - Processing /Users/pierre-olivierboisvert/Desktop/GIT/Spotify-ETL/env/lib/python3.8/site-packages/airflow/example_dags/tutorial_taskflow_api_etl.py took 0.429 seconds
[2021-07-12 14:09:36,453] {scheduler_job.py:182} INFO - Started process (PID=67754) to work on /Users/pierre-olivierboisvert/Desktop/GIT/Spotify-ETL/env/lib/python3.8/site-packages/airflow/example_dags/tutorial_taskflow_api_etl.py
[2021-07-12 14:09:36,454] {scheduler_job.py:633} INFO - Processing file /Users/pierre-olivierboisvert/Desktop/GIT/Spotify-ETL/env/lib/python3.8/site-packages/airflow/example_dags/tutorial_taskflow_api_etl.py for tasks to queue
[2021-07-12 14:09:36,455] {logging_mixin.py:104} INFO - [2021-07-12 14:09:36,454] {dagbag.py:496} INFO - Filling up the DagBag from /Users/pierre-olivierboisvert/Desktop/GIT/Spotify-ETL/env/lib/python3.8/site-packages/airflow/example_dags/tutorial_taskflow_api_etl.py
[2021-07-12 14:09:36,474] {scheduler_job.py:643} INFO - DAG(s) dict_keys(['tutorial_taskflow_api_etl']) retrieved from /Users/pierre-olivierboisvert/Desktop/GIT/Spotify-ETL/env/lib/python3.8/site-packages/airflow/example_dags/tutorial_taskflow_api_etl.py
[2021-07-12 14:09:36,891] {logging_mixin.py:104} INFO - [2021-07-12 14:09:36,891] {dag.py:1833} INFO - Sync 1 DAGs
[2021-07-12 14:09:36,899] {logging_mixin.py:104} INFO - [2021-07-12 14:09:36,899] {dag.py:2306} INFO - Setting next_dagrun for tutorial_taskflow_api_etl to None
[2021-07-12 14:09:36,915] {scheduler_job.py:190} INFO - Processing /Users/pierre-olivierboisvert/Desktop/GIT/Spotify-ETL/env/lib/python3.8/site-packages/airflow/example_dags/tutorial_taskflow_api_etl.py took 0.463 seconds
[2021-07-12 14:10:21,878] {scheduler_job.py:182} INFO - Started process (PID=67794) to work on /Users/pierre-olivierboisvert/Desktop/GIT/Spotify-ETL/env/lib/python3.8/site-packages/airflow/example_dags/tutorial_taskflow_api_etl.py
[2021-07-12 14:10:21,879] {scheduler_job.py:633} INFO - Processing file /Users/pierre-olivierboisvert/Desktop/GIT/Spotify-ETL/env/lib/python3.8/site-packages/airflow/example_dags/tutorial_taskflow_api_etl.py for tasks to queue
[2021-07-12 14:10:21,879] {logging_mixin.py:104} INFO - [2021-07-12 14:10:21,879] {dagbag.py:496} INFO - Filling up the DagBag from /Users/pierre-olivierboisvert/Desktop/GIT/Spotify-ETL/env/lib/python3.8/site-packages/airflow/example_dags/tutorial_taskflow_api_etl.py
[2021-07-12 14:10:21,895] {scheduler_job.py:643} INFO - DAG(s) dict_keys(['tutorial_taskflow_api_etl']) retrieved from /Users/pierre-olivierboisvert/Desktop/GIT/Spotify-ETL/env/lib/python3.8/site-packages/airflow/example_dags/tutorial_taskflow_api_etl.py
[2021-07-12 14:10:22,273] {logging_mixin.py:104} INFO - [2021-07-12 14:10:22,273] {dag.py:1833} INFO - Sync 1 DAGs
[2021-07-12 14:10:22,284] {logging_mixin.py:104} INFO - [2021-07-12 14:10:22,284] {dag.py:2306} INFO - Setting next_dagrun for tutorial_taskflow_api_etl to None
[2021-07-12 14:10:22,303] {scheduler_job.py:190} INFO - Processing /Users/pierre-olivierboisvert/Desktop/GIT/Spotify-ETL/env/lib/python3.8/site-packages/airflow/example_dags/tutorial_taskflow_api_etl.py took 0.426 seconds
[2021-07-12 14:11:02,024] {scheduler_job.py:182} INFO - Started process (PID=67831) to work on /Users/pierre-olivierboisvert/Desktop/GIT/Spotify-ETL/env/lib/python3.8/site-packages/airflow/example_dags/tutorial_taskflow_api_etl.py
[2021-07-12 14:11:02,024] {scheduler_job.py:633} INFO - Processing file /Users/pierre-olivierboisvert/Desktop/GIT/Spotify-ETL/env/lib/python3.8/site-packages/airflow/example_dags/tutorial_taskflow_api_etl.py for tasks to queue
[2021-07-12 14:11:02,025] {logging_mixin.py:104} INFO - [2021-07-12 14:11:02,025] {dagbag.py:496} INFO - Filling up the DagBag from /Users/pierre-olivierboisvert/Desktop/GIT/Spotify-ETL/env/lib/python3.8/site-packages/airflow/example_dags/tutorial_taskflow_api_etl.py
[2021-07-12 14:11:02,037] {scheduler_job.py:643} INFO - DAG(s) dict_keys(['tutorial_taskflow_api_etl']) retrieved from /Users/pierre-olivierboisvert/Desktop/GIT/Spotify-ETL/env/lib/python3.8/site-packages/airflow/example_dags/tutorial_taskflow_api_etl.py
[2021-07-12 14:11:02,414] {logging_mixin.py:104} INFO - [2021-07-12 14:11:02,414] {dag.py:1833} INFO - Sync 1 DAGs
[2021-07-12 14:11:02,422] {logging_mixin.py:104} INFO - [2021-07-12 14:11:02,422] {dag.py:2306} INFO - Setting next_dagrun for tutorial_taskflow_api_etl to None
[2021-07-12 14:11:02,437] {scheduler_job.py:190} INFO - Processing /Users/pierre-olivierboisvert/Desktop/GIT/Spotify-ETL/env/lib/python3.8/site-packages/airflow/example_dags/tutorial_taskflow_api_etl.py took 0.414 seconds
[2021-07-12 14:11:44,130] {scheduler_job.py:182} INFO - Started process (PID=67870) to work on /Users/pierre-olivierboisvert/Desktop/GIT/Spotify-ETL/env/lib/python3.8/site-packages/airflow/example_dags/tutorial_taskflow_api_etl.py
[2021-07-12 14:11:44,131] {scheduler_job.py:633} INFO - Processing file /Users/pierre-olivierboisvert/Desktop/GIT/Spotify-ETL/env/lib/python3.8/site-packages/airflow/example_dags/tutorial_taskflow_api_etl.py for tasks to queue
[2021-07-12 14:11:44,131] {logging_mixin.py:104} INFO - [2021-07-12 14:11:44,131] {dagbag.py:496} INFO - Filling up the DagBag from /Users/pierre-olivierboisvert/Desktop/GIT/Spotify-ETL/env/lib/python3.8/site-packages/airflow/example_dags/tutorial_taskflow_api_etl.py
[2021-07-12 14:11:44,142] {scheduler_job.py:643} INFO - DAG(s) dict_keys(['tutorial_taskflow_api_etl']) retrieved from /Users/pierre-olivierboisvert/Desktop/GIT/Spotify-ETL/env/lib/python3.8/site-packages/airflow/example_dags/tutorial_taskflow_api_etl.py
[2021-07-12 14:11:44,486] {logging_mixin.py:104} INFO - [2021-07-12 14:11:44,486] {dag.py:1833} INFO - Sync 1 DAGs
[2021-07-12 14:11:44,493] {logging_mixin.py:104} INFO - [2021-07-12 14:11:44,493] {dag.py:2306} INFO - Setting next_dagrun for tutorial_taskflow_api_etl to None
[2021-07-12 14:11:44,509] {scheduler_job.py:190} INFO - Processing /Users/pierre-olivierboisvert/Desktop/GIT/Spotify-ETL/env/lib/python3.8/site-packages/airflow/example_dags/tutorial_taskflow_api_etl.py took 0.379 seconds
[2021-07-12 14:12:20,480] {scheduler_job.py:182} INFO - Started process (PID=67904) to work on /Users/pierre-olivierboisvert/Desktop/GIT/Spotify-ETL/env/lib/python3.8/site-packages/airflow/example_dags/tutorial_taskflow_api_etl.py
[2021-07-12 14:12:20,481] {scheduler_job.py:633} INFO - Processing file /Users/pierre-olivierboisvert/Desktop/GIT/Spotify-ETL/env/lib/python3.8/site-packages/airflow/example_dags/tutorial_taskflow_api_etl.py for tasks to queue
[2021-07-12 14:12:20,481] {logging_mixin.py:104} INFO - [2021-07-12 14:12:20,481] {dagbag.py:496} INFO - Filling up the DagBag from /Users/pierre-olivierboisvert/Desktop/GIT/Spotify-ETL/env/lib/python3.8/site-packages/airflow/example_dags/tutorial_taskflow_api_etl.py
[2021-07-12 14:12:20,493] {scheduler_job.py:643} INFO - DAG(s) dict_keys(['tutorial_taskflow_api_etl']) retrieved from /Users/pierre-olivierboisvert/Desktop/GIT/Spotify-ETL/env/lib/python3.8/site-packages/airflow/example_dags/tutorial_taskflow_api_etl.py
[2021-07-12 14:12:20,837] {logging_mixin.py:104} INFO - [2021-07-12 14:12:20,837] {dag.py:1833} INFO - Sync 1 DAGs
[2021-07-12 14:12:20,845] {logging_mixin.py:104} INFO - [2021-07-12 14:12:20,845] {dag.py:2306} INFO - Setting next_dagrun for tutorial_taskflow_api_etl to None
[2021-07-12 14:12:20,859] {scheduler_job.py:190} INFO - Processing /Users/pierre-olivierboisvert/Desktop/GIT/Spotify-ETL/env/lib/python3.8/site-packages/airflow/example_dags/tutorial_taskflow_api_etl.py took 0.380 seconds
[2021-07-12 14:13:01,769] {scheduler_job.py:182} INFO - Started process (PID=67958) to work on /Users/pierre-olivierboisvert/Desktop/GIT/Spotify-ETL/env/lib/python3.8/site-packages/airflow/example_dags/tutorial_taskflow_api_etl.py
[2021-07-12 14:13:01,770] {scheduler_job.py:633} INFO - Processing file /Users/pierre-olivierboisvert/Desktop/GIT/Spotify-ETL/env/lib/python3.8/site-packages/airflow/example_dags/tutorial_taskflow_api_etl.py for tasks to queue
[2021-07-12 14:13:01,770] {logging_mixin.py:104} INFO - [2021-07-12 14:13:01,770] {dagbag.py:496} INFO - Filling up the DagBag from /Users/pierre-olivierboisvert/Desktop/GIT/Spotify-ETL/env/lib/python3.8/site-packages/airflow/example_dags/tutorial_taskflow_api_etl.py
[2021-07-12 14:13:01,787] {scheduler_job.py:643} INFO - DAG(s) dict_keys(['tutorial_taskflow_api_etl']) retrieved from /Users/pierre-olivierboisvert/Desktop/GIT/Spotify-ETL/env/lib/python3.8/site-packages/airflow/example_dags/tutorial_taskflow_api_etl.py
[2021-07-12 14:13:02,245] {logging_mixin.py:104} INFO - [2021-07-12 14:13:02,245] {dag.py:1833} INFO - Sync 1 DAGs
[2021-07-12 14:13:02,255] {logging_mixin.py:104} INFO - [2021-07-12 14:13:02,255] {dag.py:2306} INFO - Setting next_dagrun for tutorial_taskflow_api_etl to None
[2021-07-12 14:13:02,267] {scheduler_job.py:190} INFO - Processing /Users/pierre-olivierboisvert/Desktop/GIT/Spotify-ETL/env/lib/python3.8/site-packages/airflow/example_dags/tutorial_taskflow_api_etl.py took 0.499 seconds
[2021-07-12 14:13:42,895] {scheduler_job.py:182} INFO - Started process (PID=68044) to work on /Users/pierre-olivierboisvert/Desktop/GIT/Spotify-ETL/env/lib/python3.8/site-packages/airflow/example_dags/tutorial_taskflow_api_etl.py
[2021-07-12 14:13:42,895] {scheduler_job.py:633} INFO - Processing file /Users/pierre-olivierboisvert/Desktop/GIT/Spotify-ETL/env/lib/python3.8/site-packages/airflow/example_dags/tutorial_taskflow_api_etl.py for tasks to queue
[2021-07-12 14:13:42,896] {logging_mixin.py:104} INFO - [2021-07-12 14:13:42,896] {dagbag.py:496} INFO - Filling up the DagBag from /Users/pierre-olivierboisvert/Desktop/GIT/Spotify-ETL/env/lib/python3.8/site-packages/airflow/example_dags/tutorial_taskflow_api_etl.py
[2021-07-12 14:13:42,909] {scheduler_job.py:643} INFO - DAG(s) dict_keys(['tutorial_taskflow_api_etl']) retrieved from /Users/pierre-olivierboisvert/Desktop/GIT/Spotify-ETL/env/lib/python3.8/site-packages/airflow/example_dags/tutorial_taskflow_api_etl.py
[2021-07-12 14:13:43,352] {logging_mixin.py:104} INFO - [2021-07-12 14:13:43,352] {dag.py:1833} INFO - Sync 1 DAGs
[2021-07-12 14:13:43,361] {logging_mixin.py:104} INFO - [2021-07-12 14:13:43,361] {dag.py:2306} INFO - Setting next_dagrun for tutorial_taskflow_api_etl to None
[2021-07-12 14:13:43,374] {scheduler_job.py:190} INFO - Processing /Users/pierre-olivierboisvert/Desktop/GIT/Spotify-ETL/env/lib/python3.8/site-packages/airflow/example_dags/tutorial_taskflow_api_etl.py took 0.480 seconds
[2021-07-12 14:14:35,502] {scheduler_job.py:182} INFO - Started process (PID=68137) to work on /Users/pierre-olivierboisvert/Desktop/GIT/Spotify-ETL/env/lib/python3.8/site-packages/airflow/example_dags/tutorial_taskflow_api_etl.py
[2021-07-12 14:14:35,503] {scheduler_job.py:633} INFO - Processing file /Users/pierre-olivierboisvert/Desktop/GIT/Spotify-ETL/env/lib/python3.8/site-packages/airflow/example_dags/tutorial_taskflow_api_etl.py for tasks to queue
[2021-07-12 14:14:35,503] {logging_mixin.py:104} INFO - [2021-07-12 14:14:35,503] {dagbag.py:496} INFO - Filling up the DagBag from /Users/pierre-olivierboisvert/Desktop/GIT/Spotify-ETL/env/lib/python3.8/site-packages/airflow/example_dags/tutorial_taskflow_api_etl.py
[2021-07-12 14:14:35,533] {scheduler_job.py:643} INFO - DAG(s) dict_keys(['tutorial_taskflow_api_etl']) retrieved from /Users/pierre-olivierboisvert/Desktop/GIT/Spotify-ETL/env/lib/python3.8/site-packages/airflow/example_dags/tutorial_taskflow_api_etl.py
[2021-07-12 14:14:36,055] {logging_mixin.py:104} INFO - [2021-07-12 14:14:36,055] {dag.py:1833} INFO - Sync 1 DAGs
[2021-07-12 14:14:36,068] {logging_mixin.py:104} INFO - [2021-07-12 14:14:36,068] {dag.py:2306} INFO - Setting next_dagrun for tutorial_taskflow_api_etl to None
[2021-07-12 14:14:36,093] {scheduler_job.py:190} INFO - Processing /Users/pierre-olivierboisvert/Desktop/GIT/Spotify-ETL/env/lib/python3.8/site-packages/airflow/example_dags/tutorial_taskflow_api_etl.py took 0.592 seconds
[2021-07-12 14:15:01,726] {scheduler_job.py:182} INFO - Started process (PID=68216) to work on /Users/pierre-olivierboisvert/Desktop/GIT/Spotify-ETL/env/lib/python3.8/site-packages/airflow/example_dags/tutorial_taskflow_api_etl.py
[2021-07-12 14:15:01,728] {scheduler_job.py:633} INFO - Processing file /Users/pierre-olivierboisvert/Desktop/GIT/Spotify-ETL/env/lib/python3.8/site-packages/airflow/example_dags/tutorial_taskflow_api_etl.py for tasks to queue
[2021-07-12 14:15:01,728] {logging_mixin.py:104} INFO - [2021-07-12 14:15:01,728] {dagbag.py:496} INFO - Filling up the DagBag from /Users/pierre-olivierboisvert/Desktop/GIT/Spotify-ETL/env/lib/python3.8/site-packages/airflow/example_dags/tutorial_taskflow_api_etl.py
[2021-07-12 14:15:01,861] {scheduler_job.py:643} INFO - DAG(s) dict_keys(['tutorial_taskflow_api_etl']) retrieved from /Users/pierre-olivierboisvert/Desktop/GIT/Spotify-ETL/env/lib/python3.8/site-packages/airflow/example_dags/tutorial_taskflow_api_etl.py
[2021-07-12 14:15:01,869] {logging_mixin.py:104} INFO - [2021-07-12 14:15:01,869] {dag.py:1833} INFO - Sync 1 DAGs
[2021-07-12 14:15:02,066] {logging_mixin.py:104} INFO - [2021-07-12 14:15:02,065] {dag.py:2306} INFO - Setting next_dagrun for tutorial_taskflow_api_etl to None
[2021-07-12 14:15:02,115] {scheduler_job.py:190} INFO - Processing /Users/pierre-olivierboisvert/Desktop/GIT/Spotify-ETL/env/lib/python3.8/site-packages/airflow/example_dags/tutorial_taskflow_api_etl.py took 0.391 seconds
[2021-07-12 14:16:39,410] {scheduler_job.py:182} INFO - Started process (PID=68389) to work on /Users/pierre-olivierboisvert/Desktop/GIT/Spotify-ETL/env/lib/python3.8/site-packages/airflow/example_dags/tutorial_taskflow_api_etl.py
[2021-07-12 14:16:39,411] {scheduler_job.py:633} INFO - Processing file /Users/pierre-olivierboisvert/Desktop/GIT/Spotify-ETL/env/lib/python3.8/site-packages/airflow/example_dags/tutorial_taskflow_api_etl.py for tasks to queue
[2021-07-12 14:16:39,411] {logging_mixin.py:104} INFO - [2021-07-12 14:16:39,411] {dagbag.py:496} INFO - Filling up the DagBag from /Users/pierre-olivierboisvert/Desktop/GIT/Spotify-ETL/env/lib/python3.8/site-packages/airflow/example_dags/tutorial_taskflow_api_etl.py
[2021-07-12 14:16:39,439] {scheduler_job.py:643} INFO - DAG(s) dict_keys(['tutorial_taskflow_api_etl']) retrieved from /Users/pierre-olivierboisvert/Desktop/GIT/Spotify-ETL/env/lib/python3.8/site-packages/airflow/example_dags/tutorial_taskflow_api_etl.py
[2021-07-12 14:16:40,696] {logging_mixin.py:104} INFO - [2021-07-12 14:16:40,695] {dag.py:1833} INFO - Sync 1 DAGs
[2021-07-12 14:16:40,705] {logging_mixin.py:104} INFO - [2021-07-12 14:16:40,705] {dag.py:2306} INFO - Setting next_dagrun for tutorial_taskflow_api_etl to None
[2021-07-12 14:16:40,727] {scheduler_job.py:190} INFO - Processing /Users/pierre-olivierboisvert/Desktop/GIT/Spotify-ETL/env/lib/python3.8/site-packages/airflow/example_dags/tutorial_taskflow_api_etl.py took 1.317 seconds
[2021-07-12 14:17:19,156] {scheduler_job.py:182} INFO - Started process (PID=68502) to work on /Users/pierre-olivierboisvert/Desktop/GIT/Spotify-ETL/env/lib/python3.8/site-packages/airflow/example_dags/tutorial_taskflow_api_etl.py
[2021-07-12 14:17:19,157] {scheduler_job.py:633} INFO - Processing file /Users/pierre-olivierboisvert/Desktop/GIT/Spotify-ETL/env/lib/python3.8/site-packages/airflow/example_dags/tutorial_taskflow_api_etl.py for tasks to queue
[2021-07-12 14:17:19,164] {logging_mixin.py:104} INFO - [2021-07-12 14:17:19,158] {dagbag.py:496} INFO - Filling up the DagBag from /Users/pierre-olivierboisvert/Desktop/GIT/Spotify-ETL/env/lib/python3.8/site-packages/airflow/example_dags/tutorial_taskflow_api_etl.py
[2021-07-12 14:17:19,198] {scheduler_job.py:643} INFO - DAG(s) dict_keys(['tutorial_taskflow_api_etl']) retrieved from /Users/pierre-olivierboisvert/Desktop/GIT/Spotify-ETL/env/lib/python3.8/site-packages/airflow/example_dags/tutorial_taskflow_api_etl.py
[2021-07-12 14:17:20,118] {logging_mixin.py:104} INFO - [2021-07-12 14:17:20,117] {dag.py:1833} INFO - Sync 1 DAGs
[2021-07-12 14:17:20,139] {logging_mixin.py:104} INFO - [2021-07-12 14:17:20,139] {dag.py:2306} INFO - Setting next_dagrun for tutorial_taskflow_api_etl to None
[2021-07-12 14:17:20,164] {scheduler_job.py:190} INFO - Processing /Users/pierre-olivierboisvert/Desktop/GIT/Spotify-ETL/env/lib/python3.8/site-packages/airflow/example_dags/tutorial_taskflow_api_etl.py took 1.009 seconds
[2021-07-12 14:18:29,972] {scheduler_job.py:182} INFO - Started process (PID=68682) to work on /Users/pierre-olivierboisvert/Desktop/GIT/Spotify-ETL/env/lib/python3.8/site-packages/airflow/example_dags/tutorial_taskflow_api_etl.py
[2021-07-12 14:18:29,973] {scheduler_job.py:633} INFO - Processing file /Users/pierre-olivierboisvert/Desktop/GIT/Spotify-ETL/env/lib/python3.8/site-packages/airflow/example_dags/tutorial_taskflow_api_etl.py for tasks to queue
[2021-07-12 14:18:29,973] {logging_mixin.py:104} INFO - [2021-07-12 14:18:29,973] {dagbag.py:496} INFO - Filling up the DagBag from /Users/pierre-olivierboisvert/Desktop/GIT/Spotify-ETL/env/lib/python3.8/site-packages/airflow/example_dags/tutorial_taskflow_api_etl.py
[2021-07-12 14:18:30,016] {scheduler_job.py:643} INFO - DAG(s) dict_keys(['tutorial_taskflow_api_etl']) retrieved from /Users/pierre-olivierboisvert/Desktop/GIT/Spotify-ETL/env/lib/python3.8/site-packages/airflow/example_dags/tutorial_taskflow_api_etl.py
[2021-07-12 14:18:31,316] {logging_mixin.py:104} INFO - [2021-07-12 14:18:31,315] {dag.py:1833} INFO - Sync 1 DAGs
[2021-07-12 14:18:31,345] {logging_mixin.py:104} INFO - [2021-07-12 14:18:31,345] {dag.py:2306} INFO - Setting next_dagrun for tutorial_taskflow_api_etl to None
[2021-07-12 14:18:31,370] {scheduler_job.py:190} INFO - Processing /Users/pierre-olivierboisvert/Desktop/GIT/Spotify-ETL/env/lib/python3.8/site-packages/airflow/example_dags/tutorial_taskflow_api_etl.py took 1.411 seconds
[2021-07-12 14:19:48,676] {scheduler_job.py:182} INFO - Started process (PID=68757) to work on /Users/pierre-olivierboisvert/Desktop/GIT/Spotify-ETL/env/lib/python3.8/site-packages/airflow/example_dags/tutorial_taskflow_api_etl.py
[2021-07-12 14:19:48,676] {scheduler_job.py:633} INFO - Processing file /Users/pierre-olivierboisvert/Desktop/GIT/Spotify-ETL/env/lib/python3.8/site-packages/airflow/example_dags/tutorial_taskflow_api_etl.py for tasks to queue
[2021-07-12 14:19:48,677] {logging_mixin.py:104} INFO - [2021-07-12 14:19:48,677] {dagbag.py:496} INFO - Filling up the DagBag from /Users/pierre-olivierboisvert/Desktop/GIT/Spotify-ETL/env/lib/python3.8/site-packages/airflow/example_dags/tutorial_taskflow_api_etl.py
[2021-07-12 14:19:48,691] {scheduler_job.py:643} INFO - DAG(s) dict_keys(['tutorial_taskflow_api_etl']) retrieved from /Users/pierre-olivierboisvert/Desktop/GIT/Spotify-ETL/env/lib/python3.8/site-packages/airflow/example_dags/tutorial_taskflow_api_etl.py
[2021-07-12 14:19:49,040] {logging_mixin.py:104} INFO - [2021-07-12 14:19:49,040] {dag.py:1833} INFO - Sync 1 DAGs
[2021-07-12 14:19:49,048] {logging_mixin.py:104} INFO - [2021-07-12 14:19:49,048] {dag.py:2306} INFO - Setting next_dagrun for tutorial_taskflow_api_etl to None
[2021-07-12 14:19:49,062] {scheduler_job.py:190} INFO - Processing /Users/pierre-olivierboisvert/Desktop/GIT/Spotify-ETL/env/lib/python3.8/site-packages/airflow/example_dags/tutorial_taskflow_api_etl.py took 0.387 seconds
[2021-07-12 14:20:31,147] {scheduler_job.py:182} INFO - Started process (PID=68832) to work on /Users/pierre-olivierboisvert/Desktop/GIT/Spotify-ETL/env/lib/python3.8/site-packages/airflow/example_dags/tutorial_taskflow_api_etl.py
[2021-07-12 14:20:31,148] {scheduler_job.py:633} INFO - Processing file /Users/pierre-olivierboisvert/Desktop/GIT/Spotify-ETL/env/lib/python3.8/site-packages/airflow/example_dags/tutorial_taskflow_api_etl.py for tasks to queue
[2021-07-12 14:20:31,149] {logging_mixin.py:104} INFO - [2021-07-12 14:20:31,149] {dagbag.py:496} INFO - Filling up the DagBag from /Users/pierre-olivierboisvert/Desktop/GIT/Spotify-ETL/env/lib/python3.8/site-packages/airflow/example_dags/tutorial_taskflow_api_etl.py
[2021-07-12 14:20:31,163] {scheduler_job.py:643} INFO - DAG(s) dict_keys(['tutorial_taskflow_api_etl']) retrieved from /Users/pierre-olivierboisvert/Desktop/GIT/Spotify-ETL/env/lib/python3.8/site-packages/airflow/example_dags/tutorial_taskflow_api_etl.py
[2021-07-12 14:20:31,824] {logging_mixin.py:104} INFO - [2021-07-12 14:20:31,824] {dag.py:1833} INFO - Sync 1 DAGs
[2021-07-12 14:20:31,846] {logging_mixin.py:104} INFO - [2021-07-12 14:20:31,846] {dag.py:2306} INFO - Setting next_dagrun for tutorial_taskflow_api_etl to None
[2021-07-12 14:20:31,860] {scheduler_job.py:190} INFO - Processing /Users/pierre-olivierboisvert/Desktop/GIT/Spotify-ETL/env/lib/python3.8/site-packages/airflow/example_dags/tutorial_taskflow_api_etl.py took 0.714 seconds
[2021-07-12 14:21:18,113] {scheduler_job.py:182} INFO - Started process (PID=68946) to work on /Users/pierre-olivierboisvert/Desktop/GIT/Spotify-ETL/env/lib/python3.8/site-packages/airflow/example_dags/tutorial_taskflow_api_etl.py
[2021-07-12 14:21:18,117] {scheduler_job.py:633} INFO - Processing file /Users/pierre-olivierboisvert/Desktop/GIT/Spotify-ETL/env/lib/python3.8/site-packages/airflow/example_dags/tutorial_taskflow_api_etl.py for tasks to queue
[2021-07-12 14:21:18,118] {logging_mixin.py:104} INFO - [2021-07-12 14:21:18,118] {dagbag.py:496} INFO - Filling up the DagBag from /Users/pierre-olivierboisvert/Desktop/GIT/Spotify-ETL/env/lib/python3.8/site-packages/airflow/example_dags/tutorial_taskflow_api_etl.py
[2021-07-12 14:21:18,148] {scheduler_job.py:643} INFO - DAG(s) dict_keys(['tutorial_taskflow_api_etl']) retrieved from /Users/pierre-olivierboisvert/Desktop/GIT/Spotify-ETL/env/lib/python3.8/site-packages/airflow/example_dags/tutorial_taskflow_api_etl.py
[2021-07-12 14:21:19,110] {logging_mixin.py:104} INFO - [2021-07-12 14:21:19,109] {dag.py:1833} INFO - Sync 1 DAGs
[2021-07-12 14:21:19,126] {logging_mixin.py:104} INFO - [2021-07-12 14:21:19,126] {dag.py:2306} INFO - Setting next_dagrun for tutorial_taskflow_api_etl to None
[2021-07-12 14:21:19,151] {scheduler_job.py:190} INFO - Processing /Users/pierre-olivierboisvert/Desktop/GIT/Spotify-ETL/env/lib/python3.8/site-packages/airflow/example_dags/tutorial_taskflow_api_etl.py took 1.039 seconds
[2021-07-12 14:22:21,497] {scheduler_job.py:182} INFO - Started process (PID=69111) to work on /Users/pierre-olivierboisvert/Desktop/GIT/Spotify-ETL/env/lib/python3.8/site-packages/airflow/example_dags/tutorial_taskflow_api_etl.py
[2021-07-12 14:22:21,498] {scheduler_job.py:633} INFO - Processing file /Users/pierre-olivierboisvert/Desktop/GIT/Spotify-ETL/env/lib/python3.8/site-packages/airflow/example_dags/tutorial_taskflow_api_etl.py for tasks to queue
[2021-07-12 14:22:21,498] {logging_mixin.py:104} INFO - [2021-07-12 14:22:21,498] {dagbag.py:496} INFO - Filling up the DagBag from /Users/pierre-olivierboisvert/Desktop/GIT/Spotify-ETL/env/lib/python3.8/site-packages/airflow/example_dags/tutorial_taskflow_api_etl.py
[2021-07-12 14:22:21,528] {scheduler_job.py:643} INFO - DAG(s) dict_keys(['tutorial_taskflow_api_etl']) retrieved from /Users/pierre-olivierboisvert/Desktop/GIT/Spotify-ETL/env/lib/python3.8/site-packages/airflow/example_dags/tutorial_taskflow_api_etl.py
[2021-07-12 14:22:22,356] {logging_mixin.py:104} INFO - [2021-07-12 14:22:22,355] {dag.py:1833} INFO - Sync 1 DAGs
[2021-07-12 14:22:22,372] {logging_mixin.py:104} INFO - [2021-07-12 14:22:22,372] {dag.py:2306} INFO - Setting next_dagrun for tutorial_taskflow_api_etl to None
[2021-07-12 14:22:22,399] {scheduler_job.py:190} INFO - Processing /Users/pierre-olivierboisvert/Desktop/GIT/Spotify-ETL/env/lib/python3.8/site-packages/airflow/example_dags/tutorial_taskflow_api_etl.py took 0.904 seconds
[2021-07-12 14:23:41,429] {scheduler_job.py:182} INFO - Started process (PID=69205) to work on /Users/pierre-olivierboisvert/Desktop/GIT/Spotify-ETL/env/lib/python3.8/site-packages/airflow/example_dags/tutorial_taskflow_api_etl.py
[2021-07-12 14:23:41,429] {scheduler_job.py:633} INFO - Processing file /Users/pierre-olivierboisvert/Desktop/GIT/Spotify-ETL/env/lib/python3.8/site-packages/airflow/example_dags/tutorial_taskflow_api_etl.py for tasks to queue
[2021-07-12 14:23:41,430] {logging_mixin.py:104} INFO - [2021-07-12 14:23:41,430] {dagbag.py:496} INFO - Filling up the DagBag from /Users/pierre-olivierboisvert/Desktop/GIT/Spotify-ETL/env/lib/python3.8/site-packages/airflow/example_dags/tutorial_taskflow_api_etl.py
[2021-07-12 14:23:41,448] {scheduler_job.py:643} INFO - DAG(s) dict_keys(['tutorial_taskflow_api_etl']) retrieved from /Users/pierre-olivierboisvert/Desktop/GIT/Spotify-ETL/env/lib/python3.8/site-packages/airflow/example_dags/tutorial_taskflow_api_etl.py
[2021-07-12 14:23:41,957] {logging_mixin.py:104} INFO - [2021-07-12 14:23:41,956] {dag.py:1833} INFO - Sync 1 DAGs
[2021-07-12 14:23:41,967] {logging_mixin.py:104} INFO - [2021-07-12 14:23:41,967] {dag.py:2306} INFO - Setting next_dagrun for tutorial_taskflow_api_etl to None
[2021-07-12 14:23:41,980] {scheduler_job.py:190} INFO - Processing /Users/pierre-olivierboisvert/Desktop/GIT/Spotify-ETL/env/lib/python3.8/site-packages/airflow/example_dags/tutorial_taskflow_api_etl.py took 0.552 seconds
[2021-07-12 14:24:39,750] {scheduler_job.py:182} INFO - Started process (PID=69356) to work on /Users/pierre-olivierboisvert/Desktop/GIT/Spotify-ETL/env/lib/python3.8/site-packages/airflow/example_dags/tutorial_taskflow_api_etl.py
[2021-07-12 14:24:39,751] {scheduler_job.py:633} INFO - Processing file /Users/pierre-olivierboisvert/Desktop/GIT/Spotify-ETL/env/lib/python3.8/site-packages/airflow/example_dags/tutorial_taskflow_api_etl.py for tasks to queue
[2021-07-12 14:24:39,751] {logging_mixin.py:104} INFO - [2021-07-12 14:24:39,751] {dagbag.py:496} INFO - Filling up the DagBag from /Users/pierre-olivierboisvert/Desktop/GIT/Spotify-ETL/env/lib/python3.8/site-packages/airflow/example_dags/tutorial_taskflow_api_etl.py
[2021-07-12 14:24:39,784] {scheduler_job.py:643} INFO - DAG(s) dict_keys(['tutorial_taskflow_api_etl']) retrieved from /Users/pierre-olivierboisvert/Desktop/GIT/Spotify-ETL/env/lib/python3.8/site-packages/airflow/example_dags/tutorial_taskflow_api_etl.py
[2021-07-12 14:24:40,688] {logging_mixin.py:104} INFO - [2021-07-12 14:24:40,687] {dag.py:1833} INFO - Sync 1 DAGs
[2021-07-12 14:24:40,709] {logging_mixin.py:104} INFO - [2021-07-12 14:24:40,709] {dag.py:2306} INFO - Setting next_dagrun for tutorial_taskflow_api_etl to None
[2021-07-12 14:24:40,738] {scheduler_job.py:190} INFO - Processing /Users/pierre-olivierboisvert/Desktop/GIT/Spotify-ETL/env/lib/python3.8/site-packages/airflow/example_dags/tutorial_taskflow_api_etl.py took 0.989 seconds
[2021-07-12 14:25:45,127] {scheduler_job.py:182} INFO - Started process (PID=69464) to work on /Users/pierre-olivierboisvert/Desktop/GIT/Spotify-ETL/env/lib/python3.8/site-packages/airflow/example_dags/tutorial_taskflow_api_etl.py
[2021-07-12 14:25:45,128] {scheduler_job.py:633} INFO - Processing file /Users/pierre-olivierboisvert/Desktop/GIT/Spotify-ETL/env/lib/python3.8/site-packages/airflow/example_dags/tutorial_taskflow_api_etl.py for tasks to queue
[2021-07-12 14:25:45,129] {logging_mixin.py:104} INFO - [2021-07-12 14:25:45,128] {dagbag.py:496} INFO - Filling up the DagBag from /Users/pierre-olivierboisvert/Desktop/GIT/Spotify-ETL/env/lib/python3.8/site-packages/airflow/example_dags/tutorial_taskflow_api_etl.py
[2021-07-12 14:25:45,155] {scheduler_job.py:643} INFO - DAG(s) dict_keys(['tutorial_taskflow_api_etl']) retrieved from /Users/pierre-olivierboisvert/Desktop/GIT/Spotify-ETL/env/lib/python3.8/site-packages/airflow/example_dags/tutorial_taskflow_api_etl.py
[2021-07-12 14:25:46,084] {logging_mixin.py:104} INFO - [2021-07-12 14:25:46,082] {dag.py:1833} INFO - Sync 1 DAGs
[2021-07-12 14:25:46,104] {logging_mixin.py:104} INFO - [2021-07-12 14:25:46,098] {dag.py:2306} INFO - Setting next_dagrun for tutorial_taskflow_api_etl to None
[2021-07-12 14:25:46,139] {scheduler_job.py:190} INFO - Processing /Users/pierre-olivierboisvert/Desktop/GIT/Spotify-ETL/env/lib/python3.8/site-packages/airflow/example_dags/tutorial_taskflow_api_etl.py took 1.013 seconds
[2021-07-12 14:26:46,166] {scheduler_job.py:182} INFO - Started process (PID=69579) to work on /Users/pierre-olivierboisvert/Desktop/GIT/Spotify-ETL/env/lib/python3.8/site-packages/airflow/example_dags/tutorial_taskflow_api_etl.py
[2021-07-12 14:26:46,167] {scheduler_job.py:633} INFO - Processing file /Users/pierre-olivierboisvert/Desktop/GIT/Spotify-ETL/env/lib/python3.8/site-packages/airflow/example_dags/tutorial_taskflow_api_etl.py for tasks to queue
[2021-07-12 14:26:46,168] {logging_mixin.py:104} INFO - [2021-07-12 14:26:46,168] {dagbag.py:496} INFO - Filling up the DagBag from /Users/pierre-olivierboisvert/Desktop/GIT/Spotify-ETL/env/lib/python3.8/site-packages/airflow/example_dags/tutorial_taskflow_api_etl.py
[2021-07-12 14:26:46,195] {scheduler_job.py:643} INFO - DAG(s) dict_keys(['tutorial_taskflow_api_etl']) retrieved from /Users/pierre-olivierboisvert/Desktop/GIT/Spotify-ETL/env/lib/python3.8/site-packages/airflow/example_dags/tutorial_taskflow_api_etl.py
[2021-07-12 14:26:47,136] {logging_mixin.py:104} INFO - [2021-07-12 14:26:47,136] {dag.py:1833} INFO - Sync 1 DAGs
[2021-07-12 14:26:47,156] {logging_mixin.py:104} INFO - [2021-07-12 14:26:47,156] {dag.py:2306} INFO - Setting next_dagrun for tutorial_taskflow_api_etl to None
[2021-07-12 14:26:47,193] {scheduler_job.py:190} INFO - Processing /Users/pierre-olivierboisvert/Desktop/GIT/Spotify-ETL/env/lib/python3.8/site-packages/airflow/example_dags/tutorial_taskflow_api_etl.py took 1.028 seconds
