[2021-07-12 13:39:07,388] {scheduler_job.py:182} INFO - Started process (PID=65628) to work on /Users/pierre-olivierboisvert/Desktop/GIT/Spotify-ETL/env/lib/python3.8/site-packages/airflow/example_dags/tutorial.py
[2021-07-12 13:39:07,388] {scheduler_job.py:633} INFO - Processing file /Users/pierre-olivierboisvert/Desktop/GIT/Spotify-ETL/env/lib/python3.8/site-packages/airflow/example_dags/tutorial.py for tasks to queue
[2021-07-12 13:39:07,389] {logging_mixin.py:104} INFO - [2021-07-12 13:39:07,389] {dagbag.py:496} INFO - Filling up the DagBag from /Users/pierre-olivierboisvert/Desktop/GIT/Spotify-ETL/env/lib/python3.8/site-packages/airflow/example_dags/tutorial.py
[2021-07-12 13:39:07,398] {scheduler_job.py:643} INFO - DAG(s) dict_keys(['tutorial']) retrieved from /Users/pierre-olivierboisvert/Desktop/GIT/Spotify-ETL/env/lib/python3.8/site-packages/airflow/example_dags/tutorial.py
[2021-07-12 13:39:07,404] {logging_mixin.py:104} INFO - [2021-07-12 13:39:07,403] {dag.py:1833} INFO - Sync 1 DAGs
[2021-07-12 13:39:07,445] {logging_mixin.py:104} INFO - [2021-07-12 13:39:07,445] {dag.py:2306} INFO - Setting next_dagrun for tutorial to 2021-07-10 00:00:00+00:00
[2021-07-12 13:39:07,461] {scheduler_job.py:190} INFO - Processing /Users/pierre-olivierboisvert/Desktop/GIT/Spotify-ETL/env/lib/python3.8/site-packages/airflow/example_dags/tutorial.py took 0.074 seconds
[2021-07-12 13:40:29,717] {scheduler_job.py:182} INFO - Started process (PID=65800) to work on /Users/pierre-olivierboisvert/Desktop/GIT/Spotify-ETL/env/lib/python3.8/site-packages/airflow/example_dags/tutorial.py
[2021-07-12 13:40:29,717] {scheduler_job.py:633} INFO - Processing file /Users/pierre-olivierboisvert/Desktop/GIT/Spotify-ETL/env/lib/python3.8/site-packages/airflow/example_dags/tutorial.py for tasks to queue
[2021-07-12 13:40:29,718] {logging_mixin.py:104} INFO - [2021-07-12 13:40:29,717] {dagbag.py:496} INFO - Filling up the DagBag from /Users/pierre-olivierboisvert/Desktop/GIT/Spotify-ETL/env/lib/python3.8/site-packages/airflow/example_dags/tutorial.py
[2021-07-12 13:40:29,731] {scheduler_job.py:643} INFO - DAG(s) dict_keys(['tutorial']) retrieved from /Users/pierre-olivierboisvert/Desktop/GIT/Spotify-ETL/env/lib/python3.8/site-packages/airflow/example_dags/tutorial.py
[2021-07-12 13:40:29,774] {logging_mixin.py:104} INFO - [2021-07-12 13:40:29,774] {dag.py:1833} INFO - Sync 1 DAGs
[2021-07-12 13:40:29,797] {logging_mixin.py:104} INFO - [2021-07-12 13:40:29,797] {dag.py:2306} INFO - Setting next_dagrun for tutorial to 2021-07-10 00:00:00+00:00
[2021-07-12 13:40:29,813] {scheduler_job.py:190} INFO - Processing /Users/pierre-olivierboisvert/Desktop/GIT/Spotify-ETL/env/lib/python3.8/site-packages/airflow/example_dags/tutorial.py took 0.097 seconds
[2021-07-12 13:41:22,342] {scheduler_job.py:182} INFO - Started process (PID=65923) to work on /Users/pierre-olivierboisvert/Desktop/GIT/Spotify-ETL/env/lib/python3.8/site-packages/airflow/example_dags/tutorial.py
[2021-07-12 13:41:22,343] {scheduler_job.py:633} INFO - Processing file /Users/pierre-olivierboisvert/Desktop/GIT/Spotify-ETL/env/lib/python3.8/site-packages/airflow/example_dags/tutorial.py for tasks to queue
[2021-07-12 13:41:22,344] {logging_mixin.py:104} INFO - [2021-07-12 13:41:22,344] {dagbag.py:496} INFO - Filling up the DagBag from /Users/pierre-olivierboisvert/Desktop/GIT/Spotify-ETL/env/lib/python3.8/site-packages/airflow/example_dags/tutorial.py
[2021-07-12 13:41:22,355] {scheduler_job.py:643} INFO - DAG(s) dict_keys(['tutorial']) retrieved from /Users/pierre-olivierboisvert/Desktop/GIT/Spotify-ETL/env/lib/python3.8/site-packages/airflow/example_dags/tutorial.py
[2021-07-12 13:41:22,396] {logging_mixin.py:104} INFO - [2021-07-12 13:41:22,396] {dag.py:1833} INFO - Sync 1 DAGs
[2021-07-12 13:41:22,404] {logging_mixin.py:104} INFO - [2021-07-12 13:41:22,403] {dag.py:2306} INFO - Setting next_dagrun for tutorial to 2021-07-10 00:00:00+00:00
[2021-07-12 13:41:22,417] {scheduler_job.py:190} INFO - Processing /Users/pierre-olivierboisvert/Desktop/GIT/Spotify-ETL/env/lib/python3.8/site-packages/airflow/example_dags/tutorial.py took 0.076 seconds
[2021-07-12 13:42:03,330] {scheduler_job.py:182} INFO - Started process (PID=65961) to work on /Users/pierre-olivierboisvert/Desktop/GIT/Spotify-ETL/env/lib/python3.8/site-packages/airflow/example_dags/tutorial.py
[2021-07-12 13:42:03,331] {scheduler_job.py:633} INFO - Processing file /Users/pierre-olivierboisvert/Desktop/GIT/Spotify-ETL/env/lib/python3.8/site-packages/airflow/example_dags/tutorial.py for tasks to queue
[2021-07-12 13:42:03,331] {logging_mixin.py:104} INFO - [2021-07-12 13:42:03,331] {dagbag.py:496} INFO - Filling up the DagBag from /Users/pierre-olivierboisvert/Desktop/GIT/Spotify-ETL/env/lib/python3.8/site-packages/airflow/example_dags/tutorial.py
[2021-07-12 13:42:03,339] {scheduler_job.py:643} INFO - DAG(s) dict_keys(['tutorial']) retrieved from /Users/pierre-olivierboisvert/Desktop/GIT/Spotify-ETL/env/lib/python3.8/site-packages/airflow/example_dags/tutorial.py
[2021-07-12 13:42:03,381] {logging_mixin.py:104} INFO - [2021-07-12 13:42:03,381] {dag.py:1833} INFO - Sync 1 DAGs
[2021-07-12 13:42:03,389] {logging_mixin.py:104} INFO - [2021-07-12 13:42:03,389] {dag.py:2306} INFO - Setting next_dagrun for tutorial to 2021-07-10 00:00:00+00:00
[2021-07-12 13:42:03,403] {scheduler_job.py:190} INFO - Processing /Users/pierre-olivierboisvert/Desktop/GIT/Spotify-ETL/env/lib/python3.8/site-packages/airflow/example_dags/tutorial.py took 0.073 seconds
[2021-07-12 13:43:10,479] {scheduler_job.py:182} INFO - Started process (PID=66025) to work on /Users/pierre-olivierboisvert/Desktop/GIT/Spotify-ETL/env/lib/python3.8/site-packages/airflow/example_dags/tutorial.py
[2021-07-12 13:43:10,480] {scheduler_job.py:633} INFO - Processing file /Users/pierre-olivierboisvert/Desktop/GIT/Spotify-ETL/env/lib/python3.8/site-packages/airflow/example_dags/tutorial.py for tasks to queue
[2021-07-12 13:43:10,480] {logging_mixin.py:104} INFO - [2021-07-12 13:43:10,480] {dagbag.py:496} INFO - Filling up the DagBag from /Users/pierre-olivierboisvert/Desktop/GIT/Spotify-ETL/env/lib/python3.8/site-packages/airflow/example_dags/tutorial.py
[2021-07-12 13:43:10,489] {scheduler_job.py:643} INFO - DAG(s) dict_keys(['tutorial']) retrieved from /Users/pierre-olivierboisvert/Desktop/GIT/Spotify-ETL/env/lib/python3.8/site-packages/airflow/example_dags/tutorial.py
[2021-07-12 13:43:10,526] {logging_mixin.py:104} INFO - [2021-07-12 13:43:10,526] {dag.py:1833} INFO - Sync 1 DAGs
[2021-07-12 13:43:10,534] {logging_mixin.py:104} INFO - [2021-07-12 13:43:10,534] {dag.py:2306} INFO - Setting next_dagrun for tutorial to 2021-07-10 00:00:00+00:00
[2021-07-12 13:43:10,546] {scheduler_job.py:190} INFO - Processing /Users/pierre-olivierboisvert/Desktop/GIT/Spotify-ETL/env/lib/python3.8/site-packages/airflow/example_dags/tutorial.py took 0.067 seconds
[2021-07-12 13:44:19,543] {scheduler_job.py:182} INFO - Started process (PID=66095) to work on /Users/pierre-olivierboisvert/Desktop/GIT/Spotify-ETL/env/lib/python3.8/site-packages/airflow/example_dags/tutorial.py
[2021-07-12 13:44:19,544] {scheduler_job.py:633} INFO - Processing file /Users/pierre-olivierboisvert/Desktop/GIT/Spotify-ETL/env/lib/python3.8/site-packages/airflow/example_dags/tutorial.py for tasks to queue
[2021-07-12 13:44:19,544] {logging_mixin.py:104} INFO - [2021-07-12 13:44:19,544] {dagbag.py:496} INFO - Filling up the DagBag from /Users/pierre-olivierboisvert/Desktop/GIT/Spotify-ETL/env/lib/python3.8/site-packages/airflow/example_dags/tutorial.py
[2021-07-12 13:44:19,555] {scheduler_job.py:643} INFO - DAG(s) dict_keys(['tutorial']) retrieved from /Users/pierre-olivierboisvert/Desktop/GIT/Spotify-ETL/env/lib/python3.8/site-packages/airflow/example_dags/tutorial.py
[2021-07-12 13:44:19,590] {logging_mixin.py:104} INFO - [2021-07-12 13:44:19,590] {dag.py:1833} INFO - Sync 1 DAGs
[2021-07-12 13:44:19,598] {logging_mixin.py:104} INFO - [2021-07-12 13:44:19,598] {dag.py:2306} INFO - Setting next_dagrun for tutorial to 2021-07-10 00:00:00+00:00
[2021-07-12 13:44:19,612] {scheduler_job.py:190} INFO - Processing /Users/pierre-olivierboisvert/Desktop/GIT/Spotify-ETL/env/lib/python3.8/site-packages/airflow/example_dags/tutorial.py took 0.069 seconds
[2021-07-12 13:45:26,557] {scheduler_job.py:182} INFO - Started process (PID=66159) to work on /Users/pierre-olivierboisvert/Desktop/GIT/Spotify-ETL/env/lib/python3.8/site-packages/airflow/example_dags/tutorial.py
[2021-07-12 13:45:26,558] {scheduler_job.py:633} INFO - Processing file /Users/pierre-olivierboisvert/Desktop/GIT/Spotify-ETL/env/lib/python3.8/site-packages/airflow/example_dags/tutorial.py for tasks to queue
[2021-07-12 13:45:26,558] {logging_mixin.py:104} INFO - [2021-07-12 13:45:26,558] {dagbag.py:496} INFO - Filling up the DagBag from /Users/pierre-olivierboisvert/Desktop/GIT/Spotify-ETL/env/lib/python3.8/site-packages/airflow/example_dags/tutorial.py
[2021-07-12 13:45:26,567] {scheduler_job.py:643} INFO - DAG(s) dict_keys(['tutorial']) retrieved from /Users/pierre-olivierboisvert/Desktop/GIT/Spotify-ETL/env/lib/python3.8/site-packages/airflow/example_dags/tutorial.py
[2021-07-12 13:45:26,603] {logging_mixin.py:104} INFO - [2021-07-12 13:45:26,603] {dag.py:1833} INFO - Sync 1 DAGs
[2021-07-12 13:45:26,611] {logging_mixin.py:104} INFO - [2021-07-12 13:45:26,610] {dag.py:2306} INFO - Setting next_dagrun for tutorial to 2021-07-10 00:00:00+00:00
[2021-07-12 13:45:26,624] {scheduler_job.py:190} INFO - Processing /Users/pierre-olivierboisvert/Desktop/GIT/Spotify-ETL/env/lib/python3.8/site-packages/airflow/example_dags/tutorial.py took 0.067 seconds
[2021-07-12 13:46:36,279] {scheduler_job.py:182} INFO - Started process (PID=66228) to work on /Users/pierre-olivierboisvert/Desktop/GIT/Spotify-ETL/env/lib/python3.8/site-packages/airflow/example_dags/tutorial.py
[2021-07-12 13:46:36,280] {scheduler_job.py:633} INFO - Processing file /Users/pierre-olivierboisvert/Desktop/GIT/Spotify-ETL/env/lib/python3.8/site-packages/airflow/example_dags/tutorial.py for tasks to queue
[2021-07-12 13:46:36,280] {logging_mixin.py:104} INFO - [2021-07-12 13:46:36,280] {dagbag.py:496} INFO - Filling up the DagBag from /Users/pierre-olivierboisvert/Desktop/GIT/Spotify-ETL/env/lib/python3.8/site-packages/airflow/example_dags/tutorial.py
[2021-07-12 13:46:36,292] {scheduler_job.py:643} INFO - DAG(s) dict_keys(['tutorial']) retrieved from /Users/pierre-olivierboisvert/Desktop/GIT/Spotify-ETL/env/lib/python3.8/site-packages/airflow/example_dags/tutorial.py
[2021-07-12 13:46:36,337] {logging_mixin.py:104} INFO - [2021-07-12 13:46:36,337] {dag.py:1833} INFO - Sync 1 DAGs
[2021-07-12 13:46:36,346] {logging_mixin.py:104} INFO - [2021-07-12 13:46:36,345] {dag.py:2306} INFO - Setting next_dagrun for tutorial to 2021-07-10 00:00:00+00:00
[2021-07-12 13:46:36,355] {scheduler_job.py:190} INFO - Processing /Users/pierre-olivierboisvert/Desktop/GIT/Spotify-ETL/env/lib/python3.8/site-packages/airflow/example_dags/tutorial.py took 0.077 seconds
[2021-07-12 13:47:43,574] {scheduler_job.py:182} INFO - Started process (PID=66294) to work on /Users/pierre-olivierboisvert/Desktop/GIT/Spotify-ETL/env/lib/python3.8/site-packages/airflow/example_dags/tutorial.py
[2021-07-12 13:47:43,575] {scheduler_job.py:633} INFO - Processing file /Users/pierre-olivierboisvert/Desktop/GIT/Spotify-ETL/env/lib/python3.8/site-packages/airflow/example_dags/tutorial.py for tasks to queue
[2021-07-12 13:47:43,575] {logging_mixin.py:104} INFO - [2021-07-12 13:47:43,575] {dagbag.py:496} INFO - Filling up the DagBag from /Users/pierre-olivierboisvert/Desktop/GIT/Spotify-ETL/env/lib/python3.8/site-packages/airflow/example_dags/tutorial.py
[2021-07-12 13:47:43,584] {scheduler_job.py:643} INFO - DAG(s) dict_keys(['tutorial']) retrieved from /Users/pierre-olivierboisvert/Desktop/GIT/Spotify-ETL/env/lib/python3.8/site-packages/airflow/example_dags/tutorial.py
[2021-07-12 13:47:43,620] {logging_mixin.py:104} INFO - [2021-07-12 13:47:43,620] {dag.py:1833} INFO - Sync 1 DAGs
[2021-07-12 13:47:43,629] {logging_mixin.py:104} INFO - [2021-07-12 13:47:43,629] {dag.py:2306} INFO - Setting next_dagrun for tutorial to 2021-07-10 00:00:00+00:00
[2021-07-12 13:47:43,645] {scheduler_job.py:190} INFO - Processing /Users/pierre-olivierboisvert/Desktop/GIT/Spotify-ETL/env/lib/python3.8/site-packages/airflow/example_dags/tutorial.py took 0.072 seconds
[2021-07-12 13:48:57,548] {scheduler_job.py:182} INFO - Started process (PID=66371) to work on /Users/pierre-olivierboisvert/Desktop/GIT/Spotify-ETL/env/lib/python3.8/site-packages/airflow/example_dags/tutorial.py
[2021-07-12 13:48:57,548] {scheduler_job.py:633} INFO - Processing file /Users/pierre-olivierboisvert/Desktop/GIT/Spotify-ETL/env/lib/python3.8/site-packages/airflow/example_dags/tutorial.py for tasks to queue
[2021-07-12 13:48:57,549] {logging_mixin.py:104} INFO - [2021-07-12 13:48:57,549] {dagbag.py:496} INFO - Filling up the DagBag from /Users/pierre-olivierboisvert/Desktop/GIT/Spotify-ETL/env/lib/python3.8/site-packages/airflow/example_dags/tutorial.py
[2021-07-12 13:48:57,557] {scheduler_job.py:643} INFO - DAG(s) dict_keys(['tutorial']) retrieved from /Users/pierre-olivierboisvert/Desktop/GIT/Spotify-ETL/env/lib/python3.8/site-packages/airflow/example_dags/tutorial.py
[2021-07-12 13:48:57,596] {logging_mixin.py:104} INFO - [2021-07-12 13:48:57,596] {dag.py:1833} INFO - Sync 1 DAGs
[2021-07-12 13:48:57,604] {logging_mixin.py:104} INFO - [2021-07-12 13:48:57,604] {dag.py:2306} INFO - Setting next_dagrun for tutorial to 2021-07-10 00:00:00+00:00
[2021-07-12 13:48:57,615] {scheduler_job.py:190} INFO - Processing /Users/pierre-olivierboisvert/Desktop/GIT/Spotify-ETL/env/lib/python3.8/site-packages/airflow/example_dags/tutorial.py took 0.068 seconds
[2021-07-12 13:49:48,274] {scheduler_job.py:182} INFO - Started process (PID=66433) to work on /Users/pierre-olivierboisvert/Desktop/GIT/Spotify-ETL/env/lib/python3.8/site-packages/airflow/example_dags/tutorial.py
[2021-07-12 13:49:48,275] {scheduler_job.py:633} INFO - Processing file /Users/pierre-olivierboisvert/Desktop/GIT/Spotify-ETL/env/lib/python3.8/site-packages/airflow/example_dags/tutorial.py for tasks to queue
[2021-07-12 13:49:48,276] {logging_mixin.py:104} INFO - [2021-07-12 13:49:48,275] {dagbag.py:496} INFO - Filling up the DagBag from /Users/pierre-olivierboisvert/Desktop/GIT/Spotify-ETL/env/lib/python3.8/site-packages/airflow/example_dags/tutorial.py
[2021-07-12 13:49:48,290] {scheduler_job.py:643} INFO - DAG(s) dict_keys(['tutorial']) retrieved from /Users/pierre-olivierboisvert/Desktop/GIT/Spotify-ETL/env/lib/python3.8/site-packages/airflow/example_dags/tutorial.py
[2021-07-12 13:49:48,337] {logging_mixin.py:104} INFO - [2021-07-12 13:49:48,336] {dag.py:1833} INFO - Sync 1 DAGs
[2021-07-12 13:49:48,350] {logging_mixin.py:104} INFO - [2021-07-12 13:49:48,350] {dag.py:2306} INFO - Setting next_dagrun for tutorial to 2021-07-10 00:00:00+00:00
[2021-07-12 13:49:48,361] {scheduler_job.py:190} INFO - Processing /Users/pierre-olivierboisvert/Desktop/GIT/Spotify-ETL/env/lib/python3.8/site-packages/airflow/example_dags/tutorial.py took 0.089 seconds
[2021-07-12 13:50:30,684] {scheduler_job.py:182} INFO - Started process (PID=66474) to work on /Users/pierre-olivierboisvert/Desktop/GIT/Spotify-ETL/env/lib/python3.8/site-packages/airflow/example_dags/tutorial.py
[2021-07-12 13:50:30,685] {scheduler_job.py:633} INFO - Processing file /Users/pierre-olivierboisvert/Desktop/GIT/Spotify-ETL/env/lib/python3.8/site-packages/airflow/example_dags/tutorial.py for tasks to queue
[2021-07-12 13:50:30,685] {logging_mixin.py:104} INFO - [2021-07-12 13:50:30,685] {dagbag.py:496} INFO - Filling up the DagBag from /Users/pierre-olivierboisvert/Desktop/GIT/Spotify-ETL/env/lib/python3.8/site-packages/airflow/example_dags/tutorial.py
[2021-07-12 13:50:30,693] {scheduler_job.py:643} INFO - DAG(s) dict_keys(['tutorial']) retrieved from /Users/pierre-olivierboisvert/Desktop/GIT/Spotify-ETL/env/lib/python3.8/site-packages/airflow/example_dags/tutorial.py
[2021-07-12 13:50:30,733] {logging_mixin.py:104} INFO - [2021-07-12 13:50:30,733] {dag.py:1833} INFO - Sync 1 DAGs
[2021-07-12 13:50:30,741] {logging_mixin.py:104} INFO - [2021-07-12 13:50:30,741] {dag.py:2306} INFO - Setting next_dagrun for tutorial to 2021-07-10 00:00:00+00:00
[2021-07-12 13:50:30,754] {scheduler_job.py:190} INFO - Processing /Users/pierre-olivierboisvert/Desktop/GIT/Spotify-ETL/env/lib/python3.8/site-packages/airflow/example_dags/tutorial.py took 0.070 seconds
[2021-07-12 13:51:46,012] {scheduler_job.py:182} INFO - Started process (PID=66554) to work on /Users/pierre-olivierboisvert/Desktop/GIT/Spotify-ETL/env/lib/python3.8/site-packages/airflow/example_dags/tutorial.py
[2021-07-12 13:51:46,013] {scheduler_job.py:633} INFO - Processing file /Users/pierre-olivierboisvert/Desktop/GIT/Spotify-ETL/env/lib/python3.8/site-packages/airflow/example_dags/tutorial.py for tasks to queue
[2021-07-12 13:51:46,014] {logging_mixin.py:104} INFO - [2021-07-12 13:51:46,014] {dagbag.py:496} INFO - Filling up the DagBag from /Users/pierre-olivierboisvert/Desktop/GIT/Spotify-ETL/env/lib/python3.8/site-packages/airflow/example_dags/tutorial.py
[2021-07-12 13:51:46,024] {scheduler_job.py:643} INFO - DAG(s) dict_keys(['tutorial']) retrieved from /Users/pierre-olivierboisvert/Desktop/GIT/Spotify-ETL/env/lib/python3.8/site-packages/airflow/example_dags/tutorial.py
[2021-07-12 13:51:46,150] {logging_mixin.py:104} INFO - [2021-07-12 13:51:46,150] {dag.py:1833} INFO - Sync 1 DAGs
[2021-07-12 13:51:46,165] {logging_mixin.py:104} INFO - [2021-07-12 13:51:46,165] {dag.py:2306} INFO - Setting next_dagrun for tutorial to 2021-07-10 00:00:00+00:00
[2021-07-12 13:51:46,185] {scheduler_job.py:190} INFO - Processing /Users/pierre-olivierboisvert/Desktop/GIT/Spotify-ETL/env/lib/python3.8/site-packages/airflow/example_dags/tutorial.py took 0.174 seconds
[2021-07-12 13:53:09,770] {scheduler_job.py:182} INFO - Started process (PID=66656) to work on /Users/pierre-olivierboisvert/Desktop/GIT/Spotify-ETL/env/lib/python3.8/site-packages/airflow/example_dags/tutorial.py
[2021-07-12 13:53:09,771] {scheduler_job.py:633} INFO - Processing file /Users/pierre-olivierboisvert/Desktop/GIT/Spotify-ETL/env/lib/python3.8/site-packages/airflow/example_dags/tutorial.py for tasks to queue
[2021-07-12 13:53:09,771] {logging_mixin.py:104} INFO - [2021-07-12 13:53:09,771] {dagbag.py:496} INFO - Filling up the DagBag from /Users/pierre-olivierboisvert/Desktop/GIT/Spotify-ETL/env/lib/python3.8/site-packages/airflow/example_dags/tutorial.py
[2021-07-12 13:53:09,782] {scheduler_job.py:643} INFO - DAG(s) dict_keys(['tutorial']) retrieved from /Users/pierre-olivierboisvert/Desktop/GIT/Spotify-ETL/env/lib/python3.8/site-packages/airflow/example_dags/tutorial.py
[2021-07-12 13:53:09,851] {logging_mixin.py:104} INFO - [2021-07-12 13:53:09,851] {dag.py:1833} INFO - Sync 1 DAGs
[2021-07-12 13:53:09,866] {logging_mixin.py:104} INFO - [2021-07-12 13:53:09,865] {dag.py:2306} INFO - Setting next_dagrun for tutorial to 2021-07-10 00:00:00+00:00
[2021-07-12 13:53:09,879] {scheduler_job.py:190} INFO - Processing /Users/pierre-olivierboisvert/Desktop/GIT/Spotify-ETL/env/lib/python3.8/site-packages/airflow/example_dags/tutorial.py took 0.109 seconds
