[2021-07-12 13:39:05,703] {scheduler_job.py:182} INFO - Started process (PID=65623) to work on /Users/pierre-olivierboisvert/Desktop/GIT/Spotify-ETL/env/lib/python3.8/site-packages/airflow/example_dags/tutorial_etl_dag.py
[2021-07-12 13:39:05,704] {scheduler_job.py:633} INFO - Processing file /Users/pierre-olivierboisvert/Desktop/GIT/Spotify-ETL/env/lib/python3.8/site-packages/airflow/example_dags/tutorial_etl_dag.py for tasks to queue
[2021-07-12 13:39:05,705] {logging_mixin.py:104} INFO - [2021-07-12 13:39:05,705] {dagbag.py:496} INFO - Filling up the DagBag from /Users/pierre-olivierboisvert/Desktop/GIT/Spotify-ETL/env/lib/python3.8/site-packages/airflow/example_dags/tutorial_etl_dag.py
[2021-07-12 13:39:05,721] {scheduler_job.py:643} INFO - DAG(s) dict_keys(['tutorial_etl_dag']) retrieved from /Users/pierre-olivierboisvert/Desktop/GIT/Spotify-ETL/env/lib/python3.8/site-packages/airflow/example_dags/tutorial_etl_dag.py
[2021-07-12 13:39:05,729] {logging_mixin.py:104} INFO - [2021-07-12 13:39:05,729] {dag.py:1833} INFO - Sync 1 DAGs
[2021-07-12 13:39:05,770] {logging_mixin.py:104} INFO - [2021-07-12 13:39:05,770] {dag.py:2306} INFO - Setting next_dagrun for tutorial_etl_dag to None
[2021-07-12 13:39:05,782] {scheduler_job.py:190} INFO - Processing /Users/pierre-olivierboisvert/Desktop/GIT/Spotify-ETL/env/lib/python3.8/site-packages/airflow/example_dags/tutorial_etl_dag.py took 0.080 seconds
[2021-07-12 13:40:26,761] {scheduler_job.py:182} INFO - Started process (PID=65797) to work on /Users/pierre-olivierboisvert/Desktop/GIT/Spotify-ETL/env/lib/python3.8/site-packages/airflow/example_dags/tutorial_etl_dag.py
[2021-07-12 13:40:26,761] {scheduler_job.py:633} INFO - Processing file /Users/pierre-olivierboisvert/Desktop/GIT/Spotify-ETL/env/lib/python3.8/site-packages/airflow/example_dags/tutorial_etl_dag.py for tasks to queue
[2021-07-12 13:40:26,762] {logging_mixin.py:104} INFO - [2021-07-12 13:40:26,762] {dagbag.py:496} INFO - Filling up the DagBag from /Users/pierre-olivierboisvert/Desktop/GIT/Spotify-ETL/env/lib/python3.8/site-packages/airflow/example_dags/tutorial_etl_dag.py
[2021-07-12 13:40:26,776] {scheduler_job.py:643} INFO - DAG(s) dict_keys(['tutorial_etl_dag']) retrieved from /Users/pierre-olivierboisvert/Desktop/GIT/Spotify-ETL/env/lib/python3.8/site-packages/airflow/example_dags/tutorial_etl_dag.py
[2021-07-12 13:40:26,817] {logging_mixin.py:104} INFO - [2021-07-12 13:40:26,817] {dag.py:1833} INFO - Sync 1 DAGs
[2021-07-12 13:40:26,825] {logging_mixin.py:104} INFO - [2021-07-12 13:40:26,825] {dag.py:2306} INFO - Setting next_dagrun for tutorial_etl_dag to None
[2021-07-12 13:40:26,845] {scheduler_job.py:190} INFO - Processing /Users/pierre-olivierboisvert/Desktop/GIT/Spotify-ETL/env/lib/python3.8/site-packages/airflow/example_dags/tutorial_etl_dag.py took 0.085 seconds
[2021-07-12 13:41:19,906] {scheduler_job.py:182} INFO - Started process (PID=65921) to work on /Users/pierre-olivierboisvert/Desktop/GIT/Spotify-ETL/env/lib/python3.8/site-packages/airflow/example_dags/tutorial_etl_dag.py
[2021-07-12 13:41:19,907] {scheduler_job.py:633} INFO - Processing file /Users/pierre-olivierboisvert/Desktop/GIT/Spotify-ETL/env/lib/python3.8/site-packages/airflow/example_dags/tutorial_etl_dag.py for tasks to queue
[2021-07-12 13:41:19,907] {logging_mixin.py:104} INFO - [2021-07-12 13:41:19,907] {dagbag.py:496} INFO - Filling up the DagBag from /Users/pierre-olivierboisvert/Desktop/GIT/Spotify-ETL/env/lib/python3.8/site-packages/airflow/example_dags/tutorial_etl_dag.py
[2021-07-12 13:41:19,917] {scheduler_job.py:643} INFO - DAG(s) dict_keys(['tutorial_etl_dag']) retrieved from /Users/pierre-olivierboisvert/Desktop/GIT/Spotify-ETL/env/lib/python3.8/site-packages/airflow/example_dags/tutorial_etl_dag.py
[2021-07-12 13:41:19,980] {logging_mixin.py:104} INFO - [2021-07-12 13:41:19,980] {dag.py:1833} INFO - Sync 1 DAGs
[2021-07-12 13:41:19,992] {logging_mixin.py:104} INFO - [2021-07-12 13:41:19,992] {dag.py:2306} INFO - Setting next_dagrun for tutorial_etl_dag to None
[2021-07-12 13:41:20,005] {scheduler_job.py:190} INFO - Processing /Users/pierre-olivierboisvert/Desktop/GIT/Spotify-ETL/env/lib/python3.8/site-packages/airflow/example_dags/tutorial_etl_dag.py took 0.100 seconds
[2021-07-12 13:42:01,897] {scheduler_job.py:182} INFO - Started process (PID=65959) to work on /Users/pierre-olivierboisvert/Desktop/GIT/Spotify-ETL/env/lib/python3.8/site-packages/airflow/example_dags/tutorial_etl_dag.py
[2021-07-12 13:42:01,897] {scheduler_job.py:633} INFO - Processing file /Users/pierre-olivierboisvert/Desktop/GIT/Spotify-ETL/env/lib/python3.8/site-packages/airflow/example_dags/tutorial_etl_dag.py for tasks to queue
[2021-07-12 13:42:01,898] {logging_mixin.py:104} INFO - [2021-07-12 13:42:01,898] {dagbag.py:496} INFO - Filling up the DagBag from /Users/pierre-olivierboisvert/Desktop/GIT/Spotify-ETL/env/lib/python3.8/site-packages/airflow/example_dags/tutorial_etl_dag.py
[2021-07-12 13:42:01,908] {scheduler_job.py:643} INFO - DAG(s) dict_keys(['tutorial_etl_dag']) retrieved from /Users/pierre-olivierboisvert/Desktop/GIT/Spotify-ETL/env/lib/python3.8/site-packages/airflow/example_dags/tutorial_etl_dag.py
[2021-07-12 13:42:01,948] {logging_mixin.py:104} INFO - [2021-07-12 13:42:01,948] {dag.py:1833} INFO - Sync 1 DAGs
[2021-07-12 13:42:01,959] {logging_mixin.py:104} INFO - [2021-07-12 13:42:01,959] {dag.py:2306} INFO - Setting next_dagrun for tutorial_etl_dag to None
[2021-07-12 13:42:01,972] {scheduler_job.py:190} INFO - Processing /Users/pierre-olivierboisvert/Desktop/GIT/Spotify-ETL/env/lib/python3.8/site-packages/airflow/example_dags/tutorial_etl_dag.py took 0.076 seconds
[2021-07-12 13:43:08,245] {scheduler_job.py:182} INFO - Started process (PID=66023) to work on /Users/pierre-olivierboisvert/Desktop/GIT/Spotify-ETL/env/lib/python3.8/site-packages/airflow/example_dags/tutorial_etl_dag.py
[2021-07-12 13:43:08,245] {scheduler_job.py:633} INFO - Processing file /Users/pierre-olivierboisvert/Desktop/GIT/Spotify-ETL/env/lib/python3.8/site-packages/airflow/example_dags/tutorial_etl_dag.py for tasks to queue
[2021-07-12 13:43:08,246] {logging_mixin.py:104} INFO - [2021-07-12 13:43:08,246] {dagbag.py:496} INFO - Filling up the DagBag from /Users/pierre-olivierboisvert/Desktop/GIT/Spotify-ETL/env/lib/python3.8/site-packages/airflow/example_dags/tutorial_etl_dag.py
[2021-07-12 13:43:08,254] {scheduler_job.py:643} INFO - DAG(s) dict_keys(['tutorial_etl_dag']) retrieved from /Users/pierre-olivierboisvert/Desktop/GIT/Spotify-ETL/env/lib/python3.8/site-packages/airflow/example_dags/tutorial_etl_dag.py
[2021-07-12 13:43:08,293] {logging_mixin.py:104} INFO - [2021-07-12 13:43:08,293] {dag.py:1833} INFO - Sync 1 DAGs
[2021-07-12 13:43:08,301] {logging_mixin.py:104} INFO - [2021-07-12 13:43:08,301] {dag.py:2306} INFO - Setting next_dagrun for tutorial_etl_dag to None
[2021-07-12 13:43:08,313] {scheduler_job.py:190} INFO - Processing /Users/pierre-olivierboisvert/Desktop/GIT/Spotify-ETL/env/lib/python3.8/site-packages/airflow/example_dags/tutorial_etl_dag.py took 0.070 seconds
[2021-07-12 13:44:18,077] {scheduler_job.py:182} INFO - Started process (PID=66093) to work on /Users/pierre-olivierboisvert/Desktop/GIT/Spotify-ETL/env/lib/python3.8/site-packages/airflow/example_dags/tutorial_etl_dag.py
[2021-07-12 13:44:18,077] {scheduler_job.py:633} INFO - Processing file /Users/pierre-olivierboisvert/Desktop/GIT/Spotify-ETL/env/lib/python3.8/site-packages/airflow/example_dags/tutorial_etl_dag.py for tasks to queue
[2021-07-12 13:44:18,077] {logging_mixin.py:104} INFO - [2021-07-12 13:44:18,077] {dagbag.py:496} INFO - Filling up the DagBag from /Users/pierre-olivierboisvert/Desktop/GIT/Spotify-ETL/env/lib/python3.8/site-packages/airflow/example_dags/tutorial_etl_dag.py
[2021-07-12 13:44:18,087] {scheduler_job.py:643} INFO - DAG(s) dict_keys(['tutorial_etl_dag']) retrieved from /Users/pierre-olivierboisvert/Desktop/GIT/Spotify-ETL/env/lib/python3.8/site-packages/airflow/example_dags/tutorial_etl_dag.py
[2021-07-12 13:44:18,126] {logging_mixin.py:104} INFO - [2021-07-12 13:44:18,126] {dag.py:1833} INFO - Sync 1 DAGs
[2021-07-12 13:44:18,135] {logging_mixin.py:104} INFO - [2021-07-12 13:44:18,135] {dag.py:2306} INFO - Setting next_dagrun for tutorial_etl_dag to None
[2021-07-12 13:44:18,152] {scheduler_job.py:190} INFO - Processing /Users/pierre-olivierboisvert/Desktop/GIT/Spotify-ETL/env/lib/python3.8/site-packages/airflow/example_dags/tutorial_etl_dag.py took 0.076 seconds
[2021-07-12 13:45:24,346] {scheduler_job.py:182} INFO - Started process (PID=66157) to work on /Users/pierre-olivierboisvert/Desktop/GIT/Spotify-ETL/env/lib/python3.8/site-packages/airflow/example_dags/tutorial_etl_dag.py
[2021-07-12 13:45:24,346] {scheduler_job.py:633} INFO - Processing file /Users/pierre-olivierboisvert/Desktop/GIT/Spotify-ETL/env/lib/python3.8/site-packages/airflow/example_dags/tutorial_etl_dag.py for tasks to queue
[2021-07-12 13:45:24,347] {logging_mixin.py:104} INFO - [2021-07-12 13:45:24,347] {dagbag.py:496} INFO - Filling up the DagBag from /Users/pierre-olivierboisvert/Desktop/GIT/Spotify-ETL/env/lib/python3.8/site-packages/airflow/example_dags/tutorial_etl_dag.py
[2021-07-12 13:45:24,356] {scheduler_job.py:643} INFO - DAG(s) dict_keys(['tutorial_etl_dag']) retrieved from /Users/pierre-olivierboisvert/Desktop/GIT/Spotify-ETL/env/lib/python3.8/site-packages/airflow/example_dags/tutorial_etl_dag.py
[2021-07-12 13:45:24,394] {logging_mixin.py:104} INFO - [2021-07-12 13:45:24,394] {dag.py:1833} INFO - Sync 1 DAGs
[2021-07-12 13:45:24,401] {logging_mixin.py:104} INFO - [2021-07-12 13:45:24,401] {dag.py:2306} INFO - Setting next_dagrun for tutorial_etl_dag to None
[2021-07-12 13:45:24,413] {scheduler_job.py:190} INFO - Processing /Users/pierre-olivierboisvert/Desktop/GIT/Spotify-ETL/env/lib/python3.8/site-packages/airflow/example_dags/tutorial_etl_dag.py took 0.068 seconds
[2021-07-12 13:46:34,880] {scheduler_job.py:182} INFO - Started process (PID=66226) to work on /Users/pierre-olivierboisvert/Desktop/GIT/Spotify-ETL/env/lib/python3.8/site-packages/airflow/example_dags/tutorial_etl_dag.py
[2021-07-12 13:46:34,881] {scheduler_job.py:633} INFO - Processing file /Users/pierre-olivierboisvert/Desktop/GIT/Spotify-ETL/env/lib/python3.8/site-packages/airflow/example_dags/tutorial_etl_dag.py for tasks to queue
[2021-07-12 13:46:34,881] {logging_mixin.py:104} INFO - [2021-07-12 13:46:34,881] {dagbag.py:496} INFO - Filling up the DagBag from /Users/pierre-olivierboisvert/Desktop/GIT/Spotify-ETL/env/lib/python3.8/site-packages/airflow/example_dags/tutorial_etl_dag.py
[2021-07-12 13:46:34,889] {scheduler_job.py:643} INFO - DAG(s) dict_keys(['tutorial_etl_dag']) retrieved from /Users/pierre-olivierboisvert/Desktop/GIT/Spotify-ETL/env/lib/python3.8/site-packages/airflow/example_dags/tutorial_etl_dag.py
[2021-07-12 13:46:34,928] {logging_mixin.py:104} INFO - [2021-07-12 13:46:34,928] {dag.py:1833} INFO - Sync 1 DAGs
[2021-07-12 13:46:34,941] {logging_mixin.py:104} INFO - [2021-07-12 13:46:34,940] {dag.py:2306} INFO - Setting next_dagrun for tutorial_etl_dag to None
[2021-07-12 13:46:34,950] {scheduler_job.py:190} INFO - Processing /Users/pierre-olivierboisvert/Desktop/GIT/Spotify-ETL/env/lib/python3.8/site-packages/airflow/example_dags/tutorial_etl_dag.py took 0.071 seconds
[2021-07-12 13:47:41,367] {scheduler_job.py:182} INFO - Started process (PID=66292) to work on /Users/pierre-olivierboisvert/Desktop/GIT/Spotify-ETL/env/lib/python3.8/site-packages/airflow/example_dags/tutorial_etl_dag.py
[2021-07-12 13:47:41,368] {scheduler_job.py:633} INFO - Processing file /Users/pierre-olivierboisvert/Desktop/GIT/Spotify-ETL/env/lib/python3.8/site-packages/airflow/example_dags/tutorial_etl_dag.py for tasks to queue
[2021-07-12 13:47:41,368] {logging_mixin.py:104} INFO - [2021-07-12 13:47:41,368] {dagbag.py:496} INFO - Filling up the DagBag from /Users/pierre-olivierboisvert/Desktop/GIT/Spotify-ETL/env/lib/python3.8/site-packages/airflow/example_dags/tutorial_etl_dag.py
[2021-07-12 13:47:41,379] {scheduler_job.py:643} INFO - DAG(s) dict_keys(['tutorial_etl_dag']) retrieved from /Users/pierre-olivierboisvert/Desktop/GIT/Spotify-ETL/env/lib/python3.8/site-packages/airflow/example_dags/tutorial_etl_dag.py
[2021-07-12 13:47:41,413] {logging_mixin.py:104} INFO - [2021-07-12 13:47:41,413] {dag.py:1833} INFO - Sync 1 DAGs
[2021-07-12 13:47:41,421] {logging_mixin.py:104} INFO - [2021-07-12 13:47:41,421] {dag.py:2306} INFO - Setting next_dagrun for tutorial_etl_dag to None
[2021-07-12 13:47:41,434] {scheduler_job.py:190} INFO - Processing /Users/pierre-olivierboisvert/Desktop/GIT/Spotify-ETL/env/lib/python3.8/site-packages/airflow/example_dags/tutorial_etl_dag.py took 0.068 seconds
[2021-07-12 13:48:56,072] {scheduler_job.py:182} INFO - Started process (PID=66369) to work on /Users/pierre-olivierboisvert/Desktop/GIT/Spotify-ETL/env/lib/python3.8/site-packages/airflow/example_dags/tutorial_etl_dag.py
[2021-07-12 13:48:56,073] {scheduler_job.py:633} INFO - Processing file /Users/pierre-olivierboisvert/Desktop/GIT/Spotify-ETL/env/lib/python3.8/site-packages/airflow/example_dags/tutorial_etl_dag.py for tasks to queue
[2021-07-12 13:48:56,073] {logging_mixin.py:104} INFO - [2021-07-12 13:48:56,073] {dagbag.py:496} INFO - Filling up the DagBag from /Users/pierre-olivierboisvert/Desktop/GIT/Spotify-ETL/env/lib/python3.8/site-packages/airflow/example_dags/tutorial_etl_dag.py
[2021-07-12 13:48:56,081] {scheduler_job.py:643} INFO - DAG(s) dict_keys(['tutorial_etl_dag']) retrieved from /Users/pierre-olivierboisvert/Desktop/GIT/Spotify-ETL/env/lib/python3.8/site-packages/airflow/example_dags/tutorial_etl_dag.py
[2021-07-12 13:48:56,119] {logging_mixin.py:104} INFO - [2021-07-12 13:48:56,119] {dag.py:1833} INFO - Sync 1 DAGs
[2021-07-12 13:48:56,129] {logging_mixin.py:104} INFO - [2021-07-12 13:48:56,129] {dag.py:2306} INFO - Setting next_dagrun for tutorial_etl_dag to None
[2021-07-12 13:48:56,141] {scheduler_job.py:190} INFO - Processing /Users/pierre-olivierboisvert/Desktop/GIT/Spotify-ETL/env/lib/python3.8/site-packages/airflow/example_dags/tutorial_etl_dag.py took 0.070 seconds
[2021-07-12 13:49:45,763] {scheduler_job.py:182} INFO - Started process (PID=66431) to work on /Users/pierre-olivierboisvert/Desktop/GIT/Spotify-ETL/env/lib/python3.8/site-packages/airflow/example_dags/tutorial_etl_dag.py
[2021-07-12 13:49:45,764] {scheduler_job.py:633} INFO - Processing file /Users/pierre-olivierboisvert/Desktop/GIT/Spotify-ETL/env/lib/python3.8/site-packages/airflow/example_dags/tutorial_etl_dag.py for tasks to queue
[2021-07-12 13:49:45,765] {logging_mixin.py:104} INFO - [2021-07-12 13:49:45,764] {dagbag.py:496} INFO - Filling up the DagBag from /Users/pierre-olivierboisvert/Desktop/GIT/Spotify-ETL/env/lib/python3.8/site-packages/airflow/example_dags/tutorial_etl_dag.py
[2021-07-12 13:49:45,776] {scheduler_job.py:643} INFO - DAG(s) dict_keys(['tutorial_etl_dag']) retrieved from /Users/pierre-olivierboisvert/Desktop/GIT/Spotify-ETL/env/lib/python3.8/site-packages/airflow/example_dags/tutorial_etl_dag.py
[2021-07-12 13:49:45,831] {logging_mixin.py:104} INFO - [2021-07-12 13:49:45,830] {dag.py:1833} INFO - Sync 1 DAGs
[2021-07-12 13:49:45,846] {logging_mixin.py:104} INFO - [2021-07-12 13:49:45,846] {dag.py:2306} INFO - Setting next_dagrun for tutorial_etl_dag to None
[2021-07-12 13:49:45,861] {scheduler_job.py:190} INFO - Processing /Users/pierre-olivierboisvert/Desktop/GIT/Spotify-ETL/env/lib/python3.8/site-packages/airflow/example_dags/tutorial_etl_dag.py took 0.099 seconds
[2021-07-12 13:50:29,320] {scheduler_job.py:182} INFO - Started process (PID=66472) to work on /Users/pierre-olivierboisvert/Desktop/GIT/Spotify-ETL/env/lib/python3.8/site-packages/airflow/example_dags/tutorial_etl_dag.py
[2021-07-12 13:50:29,320] {scheduler_job.py:633} INFO - Processing file /Users/pierre-olivierboisvert/Desktop/GIT/Spotify-ETL/env/lib/python3.8/site-packages/airflow/example_dags/tutorial_etl_dag.py for tasks to queue
[2021-07-12 13:50:29,321] {logging_mixin.py:104} INFO - [2021-07-12 13:50:29,321] {dagbag.py:496} INFO - Filling up the DagBag from /Users/pierre-olivierboisvert/Desktop/GIT/Spotify-ETL/env/lib/python3.8/site-packages/airflow/example_dags/tutorial_etl_dag.py
[2021-07-12 13:50:29,333] {scheduler_job.py:643} INFO - DAG(s) dict_keys(['tutorial_etl_dag']) retrieved from /Users/pierre-olivierboisvert/Desktop/GIT/Spotify-ETL/env/lib/python3.8/site-packages/airflow/example_dags/tutorial_etl_dag.py
[2021-07-12 13:50:29,369] {logging_mixin.py:104} INFO - [2021-07-12 13:50:29,369] {dag.py:1833} INFO - Sync 1 DAGs
[2021-07-12 13:50:29,378] {logging_mixin.py:104} INFO - [2021-07-12 13:50:29,378] {dag.py:2306} INFO - Setting next_dagrun for tutorial_etl_dag to None
[2021-07-12 13:50:29,390] {scheduler_job.py:190} INFO - Processing /Users/pierre-olivierboisvert/Desktop/GIT/Spotify-ETL/env/lib/python3.8/site-packages/airflow/example_dags/tutorial_etl_dag.py took 0.070 seconds
[2021-07-12 13:51:43,599] {scheduler_job.py:182} INFO - Started process (PID=66551) to work on /Users/pierre-olivierboisvert/Desktop/GIT/Spotify-ETL/env/lib/python3.8/site-packages/airflow/example_dags/tutorial_etl_dag.py
[2021-07-12 13:51:43,600] {scheduler_job.py:633} INFO - Processing file /Users/pierre-olivierboisvert/Desktop/GIT/Spotify-ETL/env/lib/python3.8/site-packages/airflow/example_dags/tutorial_etl_dag.py for tasks to queue
[2021-07-12 13:51:43,600] {logging_mixin.py:104} INFO - [2021-07-12 13:51:43,600] {dagbag.py:496} INFO - Filling up the DagBag from /Users/pierre-olivierboisvert/Desktop/GIT/Spotify-ETL/env/lib/python3.8/site-packages/airflow/example_dags/tutorial_etl_dag.py
[2021-07-12 13:51:43,609] {scheduler_job.py:643} INFO - DAG(s) dict_keys(['tutorial_etl_dag']) retrieved from /Users/pierre-olivierboisvert/Desktop/GIT/Spotify-ETL/env/lib/python3.8/site-packages/airflow/example_dags/tutorial_etl_dag.py
[2021-07-12 13:51:43,665] {logging_mixin.py:104} INFO - [2021-07-12 13:51:43,665] {dag.py:1833} INFO - Sync 1 DAGs
[2021-07-12 13:51:43,674] {logging_mixin.py:104} INFO - [2021-07-12 13:51:43,674] {dag.py:2306} INFO - Setting next_dagrun for tutorial_etl_dag to None
[2021-07-12 13:51:43,687] {scheduler_job.py:190} INFO - Processing /Users/pierre-olivierboisvert/Desktop/GIT/Spotify-ETL/env/lib/python3.8/site-packages/airflow/example_dags/tutorial_etl_dag.py took 0.089 seconds
[2021-07-12 13:52:24,814] {scheduler_job.py:182} INFO - Started process (PID=66604) to work on /Users/pierre-olivierboisvert/Desktop/GIT/Spotify-ETL/env/lib/python3.8/site-packages/airflow/example_dags/tutorial_etl_dag.py
[2021-07-12 13:52:24,815] {scheduler_job.py:633} INFO - Processing file /Users/pierre-olivierboisvert/Desktop/GIT/Spotify-ETL/env/lib/python3.8/site-packages/airflow/example_dags/tutorial_etl_dag.py for tasks to queue
[2021-07-12 13:52:24,815] {logging_mixin.py:104} INFO - [2021-07-12 13:52:24,815] {dagbag.py:496} INFO - Filling up the DagBag from /Users/pierre-olivierboisvert/Desktop/GIT/Spotify-ETL/env/lib/python3.8/site-packages/airflow/example_dags/tutorial_etl_dag.py
[2021-07-12 13:52:24,823] {scheduler_job.py:643} INFO - DAG(s) dict_keys(['tutorial_etl_dag']) retrieved from /Users/pierre-olivierboisvert/Desktop/GIT/Spotify-ETL/env/lib/python3.8/site-packages/airflow/example_dags/tutorial_etl_dag.py
[2021-07-12 13:52:24,865] {logging_mixin.py:104} INFO - [2021-07-12 13:52:24,865] {dag.py:1833} INFO - Sync 1 DAGs
[2021-07-12 13:52:24,875] {logging_mixin.py:104} INFO - [2021-07-12 13:52:24,875] {dag.py:2306} INFO - Setting next_dagrun for tutorial_etl_dag to None
[2021-07-12 13:52:24,885] {scheduler_job.py:190} INFO - Processing /Users/pierre-olivierboisvert/Desktop/GIT/Spotify-ETL/env/lib/python3.8/site-packages/airflow/example_dags/tutorial_etl_dag.py took 0.072 seconds
[2021-07-12 13:53:07,254] {scheduler_job.py:182} INFO - Started process (PID=66654) to work on /Users/pierre-olivierboisvert/Desktop/GIT/Spotify-ETL/env/lib/python3.8/site-packages/airflow/example_dags/tutorial_etl_dag.py
[2021-07-12 13:53:07,255] {scheduler_job.py:633} INFO - Processing file /Users/pierre-olivierboisvert/Desktop/GIT/Spotify-ETL/env/lib/python3.8/site-packages/airflow/example_dags/tutorial_etl_dag.py for tasks to queue
[2021-07-12 13:53:07,255] {logging_mixin.py:104} INFO - [2021-07-12 13:53:07,255] {dagbag.py:496} INFO - Filling up the DagBag from /Users/pierre-olivierboisvert/Desktop/GIT/Spotify-ETL/env/lib/python3.8/site-packages/airflow/example_dags/tutorial_etl_dag.py
[2021-07-12 13:53:07,267] {scheduler_job.py:643} INFO - DAG(s) dict_keys(['tutorial_etl_dag']) retrieved from /Users/pierre-olivierboisvert/Desktop/GIT/Spotify-ETL/env/lib/python3.8/site-packages/airflow/example_dags/tutorial_etl_dag.py
[2021-07-12 13:53:07,310] {logging_mixin.py:104} INFO - [2021-07-12 13:53:07,310] {dag.py:1833} INFO - Sync 1 DAGs
[2021-07-12 13:53:07,321] {logging_mixin.py:104} INFO - [2021-07-12 13:53:07,321] {dag.py:2306} INFO - Setting next_dagrun for tutorial_etl_dag to None
[2021-07-12 13:53:07,335] {scheduler_job.py:190} INFO - Processing /Users/pierre-olivierboisvert/Desktop/GIT/Spotify-ETL/env/lib/python3.8/site-packages/airflow/example_dags/tutorial_etl_dag.py took 0.082 seconds
