[2021-07-12 13:38:56,928] {dag_processing.py:604} INFO - Processing files using up to 1 processes at a time 
[2021-07-12 13:38:56,928] {dag_processing.py:605} INFO - Process each file at most once every 30 seconds
[2021-07-12 13:38:56,928] {dag_processing.py:606} INFO - Checking for new files in /Users/pierre-olivierboisvert/Desktop/GIT/Spotify-ETL/api/dags every 300 seconds
[2021-07-12 13:38:56,928] {dag_processing.py:755} INFO - Searching for files in /Users/pierre-olivierboisvert/Desktop/GIT/Spotify-ETL/api/dags
[2021-07-12 13:38:56,944] {dag_processing.py:758} INFO - There are 31 files in /Users/pierre-olivierboisvert/Desktop/GIT/Spotify-ETL/api/dags
[2021-07-12 13:38:57,006] {dag_processing.py:1129} INFO - Finding 'running' jobs without a recent heartbeat
[2021-07-12 13:38:57,006] {dag_processing.py:1133} INFO - Failing jobs without heartbeat after 2021-07-12 17:33:57.006209+00:00
[2021-07-12 13:39:08,643] {dag_processing.py:1129} INFO - Finding 'running' jobs without a recent heartbeat
[2021-07-12 13:39:08,643] {dag_processing.py:1133} INFO - Failing jobs without heartbeat after 2021-07-12 17:34:08.643883+00:00
[2021-07-12 13:39:18,877] {dag_processing.py:1129} INFO - Finding 'running' jobs without a recent heartbeat
[2021-07-12 13:39:18,878] {dag_processing.py:1133} INFO - Failing jobs without heartbeat after 2021-07-12 17:34:18.878023+00:00
[2021-07-12 13:39:26,673] {dag_processing.py:862} INFO - 
================================================================================
DAG File Processing Stats

File Path                                                                                                                                              PID    Runtime      # DAGs    # Errors  Last Runtime    Last Run
-----------------------------------------------------------------------------------------------------------------------------------------------------  -----  ---------  --------  ----------  --------------  -------------------
/Users/pierre-olivierboisvert/Desktop/GIT/Spotify-ETL/env/lib/python3.8/site-packages/airflow/example_dags/example_latest_only.py                                               0           0
/Users/pierre-olivierboisvert/Desktop/GIT/Spotify-ETL/env/lib/python3.8/site-packages/airflow/example_dags/example_complex.py                                                   0           0
/Users/pierre-olivierboisvert/Desktop/GIT/Spotify-ETL/env/lib/python3.8/site-packages/airflow/example_dags/example_python_operator.py                                           0           0
/Users/pierre-olivierboisvert/Desktop/GIT/Spotify-ETL/env/lib/python3.8/site-packages/airflow/example_dags/example_external_task_marker_dag.py                                  0           0
/Users/pierre-olivierboisvert/Desktop/GIT/Spotify-ETL/env/lib/python3.8/site-packages/airflow/example_dags/example_bash_operator.py                                             0           0
/Users/pierre-olivierboisvert/Desktop/GIT/Spotify-ETL/env/lib/python3.8/site-packages/airflow/example_dags/example_short_circuit_operator.py                                    0           0
/Users/pierre-olivierboisvert/Desktop/GIT/Spotify-ETL/env/lib/python3.8/site-packages/airflow/example_dags/example_branch_operator.py                                           0           0
/Users/pierre-olivierboisvert/Desktop/GIT/Spotify-ETL/env/lib/python3.8/site-packages/airflow/example_dags/example_branch_labels.py                                             0           0
/Users/pierre-olivierboisvert/Desktop/GIT/Spotify-ETL/env/lib/python3.8/site-packages/airflow/example_dags/example_kubernetes_executor_config.py                                0           0
/Users/pierre-olivierboisvert/Desktop/GIT/Spotify-ETL/env/lib/python3.8/site-packages/airflow/example_dags/example_passing_params_via_test_command.py                           0           0
/Users/pierre-olivierboisvert/Desktop/GIT/Spotify-ETL/env/lib/python3.8/site-packages/airflow/example_dags/example_latest_only_with_trigger.py                                  0           0
/Users/pierre-olivierboisvert/Desktop/GIT/Spotify-ETL/env/lib/python3.8/site-packages/airflow/example_dags/example_dag_decorator.py                                             0           0
/Users/pierre-olivierboisvert/Desktop/GIT/Spotify-ETL/env/lib/python3.8/site-packages/airflow/example_dags/example_branch_day_of_week_operator.py                               0           0
/Users/pierre-olivierboisvert/Desktop/GIT/Spotify-ETL/env/lib/python3.8/site-packages/airflow/example_dags/example_kubernetes_executor.py                                       0           0
/Users/pierre-olivierboisvert/Desktop/GIT/Spotify-ETL/env/lib/python3.8/site-packages/airflow/example_dags/example_branch_python_dop_operator_3.py                              0           0
/Users/pierre-olivierboisvert/Desktop/GIT/Spotify-ETL/env/lib/python3.8/site-packages/airflow/example_dags/example_branch_datetime_operator.py                                  0           0
/Users/pierre-olivierboisvert/Desktop/GIT/Spotify-ETL/env/lib/python3.8/site-packages/airflow/example_dags/example_nested_branch_dag.py                                         0           0
/Users/pierre-olivierboisvert/Desktop/GIT/Spotify-ETL/env/lib/python3.8/site-packages/airflow/example_dags/subdags/subdag.py                                                    0           0  1.49s           2021-07-12T17:38:58
/Users/pierre-olivierboisvert/Desktop/GIT/Spotify-ETL/env/lib/python3.8/site-packages/airflow/example_dags/example_task_group_decorator.py                                      1           0  1.38s           2021-07-12T17:39:20
/Users/pierre-olivierboisvert/Desktop/GIT/Spotify-ETL/env/lib/python3.8/site-packages/airflow/example_dags/tutorial_taskflow_api_etl.py                                         1           0  1.33s           2021-07-12T17:39:03
/Users/pierre-olivierboisvert/Desktop/GIT/Spotify-ETL/env/lib/python3.8/site-packages/airflow/example_dags/test_utils.py                                                        1           0  1.34s           2021-07-12T17:39:09
/Users/pierre-olivierboisvert/Desktop/GIT/Spotify-ETL/env/lib/python3.8/site-packages/airflow/example_dags/tutorial_etl_dag.py                                                  1           0  1.27s           2021-07-12T17:39:05
/Users/pierre-olivierboisvert/Desktop/GIT/Spotify-ETL/env/lib/python3.8/site-packages/airflow/example_dags/example_task_group.py                                                1           0  1.20s           2021-07-12T17:39:22
/Users/pierre-olivierboisvert/Desktop/GIT/Spotify-ETL/env/lib/python3.8/site-packages/airflow/example_dags/tutorial_taskflow_api_etl_virtualenv.py                              1           0  1.70s           2021-07-12T17:39:01
/Users/pierre-olivierboisvert/Desktop/GIT/Spotify-ETL/env/lib/python3.8/site-packages/airflow/example_dags/tutorial.py                                                          1           0  1.30s           2021-07-12T17:39:07
/Users/pierre-olivierboisvert/Desktop/GIT/Spotify-ETL/env/lib/python3.8/site-packages/airflow/example_dags/example_xcom.py                                                      1           0  1.19s           2021-07-12T17:39:13
/Users/pierre-olivierboisvert/Desktop/GIT/Spotify-ETL/env/lib/python3.8/site-packages/airflow/example_dags/example_skip_dag.py                                                  1           0  1.35s           2021-07-12T17:39:26
/Users/pierre-olivierboisvert/Desktop/GIT/Spotify-ETL/env/lib/python3.8/site-packages/airflow/example_dags/example_trigger_target_dag.py                                        1           0  1.20s           2021-07-12T17:39:16
/Users/pierre-olivierboisvert/Desktop/GIT/Spotify-ETL/env/lib/python3.8/site-packages/airflow/example_dags/example_trigger_controller_dag.py                                    1           0  1.31s           2021-07-12T17:39:18
/Users/pierre-olivierboisvert/Desktop/GIT/Spotify-ETL/env/lib/python3.8/site-packages/airflow/example_dags/example_xcomargs.py                                                  2           0  1.22s           2021-07-12T17:39:11
/Users/pierre-olivierboisvert/Desktop/GIT/Spotify-ETL/env/lib/python3.8/site-packages/airflow/example_dags/example_subdag_operator.py                                           3           0  1.42s           2021-07-12T17:39:24
================================================================================
[2021-07-12 13:39:29,315] {dag_processing.py:1129} INFO - Finding 'running' jobs without a recent heartbeat
[2021-07-12 13:39:29,316] {dag_processing.py:1133} INFO - Failing jobs without heartbeat after 2021-07-12 17:34:29.316009+00:00
[2021-07-12 13:39:40,321] {dag_processing.py:1129} INFO - Finding 'running' jobs without a recent heartbeat
[2021-07-12 13:39:40,322] {dag_processing.py:1133} INFO - Failing jobs without heartbeat after 2021-07-12 17:34:40.322055+00:00
[2021-07-12 13:39:54,024] {dag_processing.py:1129} INFO - Finding 'running' jobs without a recent heartbeat
[2021-07-12 13:39:54,025] {dag_processing.py:1133} INFO - Failing jobs without heartbeat after 2021-07-12 17:34:54.025286+00:00
[2021-07-12 13:39:56,804] {dag_processing.py:862} INFO - 
================================================================================
DAG File Processing Stats

File Path                                                                                                                                              PID    Runtime      # DAGs    # Errors  Last Runtime    Last Run
-----------------------------------------------------------------------------------------------------------------------------------------------------  -----  ---------  --------  ----------  --------------  -------------------
/Users/pierre-olivierboisvert/Desktop/GIT/Spotify-ETL/env/lib/python3.8/site-packages/airflow/example_dags/example_complex.py                                                   0           0
/Users/pierre-olivierboisvert/Desktop/GIT/Spotify-ETL/env/lib/python3.8/site-packages/airflow/example_dags/example_bash_operator.py                                             0           0
/Users/pierre-olivierboisvert/Desktop/GIT/Spotify-ETL/env/lib/python3.8/site-packages/airflow/example_dags/example_branch_operator.py                                           0           0
/Users/pierre-olivierboisvert/Desktop/GIT/Spotify-ETL/env/lib/python3.8/site-packages/airflow/example_dags/example_branch_labels.py                                             0           0
/Users/pierre-olivierboisvert/Desktop/GIT/Spotify-ETL/env/lib/python3.8/site-packages/airflow/example_dags/example_kubernetes_executor_config.py                                0           0  1.32s           2021-07-12T17:39:46
/Users/pierre-olivierboisvert/Desktop/GIT/Spotify-ETL/env/lib/python3.8/site-packages/airflow/example_dags/example_branch_day_of_week_operator.py                               0           0
/Users/pierre-olivierboisvert/Desktop/GIT/Spotify-ETL/env/lib/python3.8/site-packages/airflow/example_dags/example_branch_python_dop_operator_3.py                              0           0
/Users/pierre-olivierboisvert/Desktop/GIT/Spotify-ETL/env/lib/python3.8/site-packages/airflow/example_dags/example_branch_datetime_operator.py                                  0           0
/Users/pierre-olivierboisvert/Desktop/GIT/Spotify-ETL/env/lib/python3.8/site-packages/airflow/example_dags/subdags/subdag.py                                                    0           0  1.49s           2021-07-12T17:38:58
/Users/pierre-olivierboisvert/Desktop/GIT/Spotify-ETL/env/lib/python3.8/site-packages/airflow/example_dags/example_latest_only.py                                               1           0  1.28s           2021-07-12T17:39:44
/Users/pierre-olivierboisvert/Desktop/GIT/Spotify-ETL/env/lib/python3.8/site-packages/airflow/example_dags/example_task_group_decorator.py                                      1           0  1.38s           2021-07-12T17:39:20
/Users/pierre-olivierboisvert/Desktop/GIT/Spotify-ETL/env/lib/python3.8/site-packages/airflow/example_dags/example_python_operator.py                                           1           0  1.56s           2021-07-12T17:39:30
/Users/pierre-olivierboisvert/Desktop/GIT/Spotify-ETL/env/lib/python3.8/site-packages/airflow/example_dags/tutorial_taskflow_api_etl.py                                         1           0  1.33s           2021-07-12T17:39:03
/Users/pierre-olivierboisvert/Desktop/GIT/Spotify-ETL/env/lib/python3.8/site-packages/airflow/example_dags/test_utils.py                                                        1           0  1.34s           2021-07-12T17:39:09
/Users/pierre-olivierboisvert/Desktop/GIT/Spotify-ETL/env/lib/python3.8/site-packages/airflow/example_dags/example_short_circuit_operator.py                                    1           0  1.27s           2021-07-12T17:39:28
/Users/pierre-olivierboisvert/Desktop/GIT/Spotify-ETL/env/lib/python3.8/site-packages/airflow/example_dags/tutorial_etl_dag.py                                                  1           0  1.27s           2021-07-12T17:39:05
/Users/pierre-olivierboisvert/Desktop/GIT/Spotify-ETL/env/lib/python3.8/site-packages/airflow/example_dags/example_task_group.py                                                1           0  1.20s           2021-07-12T17:39:22
/Users/pierre-olivierboisvert/Desktop/GIT/Spotify-ETL/env/lib/python3.8/site-packages/airflow/example_dags/tutorial_taskflow_api_etl_virtualenv.py                              1           0  1.70s           2021-07-12T17:39:01
/Users/pierre-olivierboisvert/Desktop/GIT/Spotify-ETL/env/lib/python3.8/site-packages/airflow/example_dags/tutorial.py                                                          1           0  1.30s           2021-07-12T17:39:07
/Users/pierre-olivierboisvert/Desktop/GIT/Spotify-ETL/env/lib/python3.8/site-packages/airflow/example_dags/example_passing_params_via_test_command.py                           1           0  3.55s           2021-07-12T17:39:35
/Users/pierre-olivierboisvert/Desktop/GIT/Spotify-ETL/env/lib/python3.8/site-packages/airflow/example_dags/example_latest_only_with_trigger.py                                  1           0  2.36s           2021-07-12T17:39:42
/Users/pierre-olivierboisvert/Desktop/GIT/Spotify-ETL/env/lib/python3.8/site-packages/airflow/example_dags/example_dag_decorator.py                                             1           0  2.76s           2021-07-12T17:39:56
/Users/pierre-olivierboisvert/Desktop/GIT/Spotify-ETL/env/lib/python3.8/site-packages/airflow/example_dags/example_xcom.py                                                      1           0  1.19s           2021-07-12T17:39:13
/Users/pierre-olivierboisvert/Desktop/GIT/Spotify-ETL/env/lib/python3.8/site-packages/airflow/example_dags/example_skip_dag.py                                                  1           0  1.35s           2021-07-12T17:39:26
/Users/pierre-olivierboisvert/Desktop/GIT/Spotify-ETL/env/lib/python3.8/site-packages/airflow/example_dags/example_trigger_target_dag.py                                        1           0  1.20s           2021-07-12T17:39:16
/Users/pierre-olivierboisvert/Desktop/GIT/Spotify-ETL/env/lib/python3.8/site-packages/airflow/example_dags/example_kubernetes_executor.py                                       1           0  1.23s           2021-07-12T17:39:48
/Users/pierre-olivierboisvert/Desktop/GIT/Spotify-ETL/env/lib/python3.8/site-packages/airflow/example_dags/example_nested_branch_dag.py                                         1           0  2.94s           2021-07-12T17:39:39
/Users/pierre-olivierboisvert/Desktop/GIT/Spotify-ETL/env/lib/python3.8/site-packages/airflow/example_dags/example_trigger_controller_dag.py                                    1           0  1.31s           2021-07-12T17:39:18
/Users/pierre-olivierboisvert/Desktop/GIT/Spotify-ETL/env/lib/python3.8/site-packages/airflow/example_dags/example_external_task_marker_dag.py                                  2           0  3.38s           2021-07-12T17:39:53
/Users/pierre-olivierboisvert/Desktop/GIT/Spotify-ETL/env/lib/python3.8/site-packages/airflow/example_dags/example_xcomargs.py                                                  2           0  1.22s           2021-07-12T17:39:11
/Users/pierre-olivierboisvert/Desktop/GIT/Spotify-ETL/env/lib/python3.8/site-packages/airflow/example_dags/example_subdag_operator.py                                           3           0  1.42s           2021-07-12T17:39:24
================================================================================
[2021-07-12 13:40:05,927] {dag_processing.py:1129} INFO - Finding 'running' jobs without a recent heartbeat
[2021-07-12 13:40:05,928] {dag_processing.py:1133} INFO - Failing jobs without heartbeat after 2021-07-12 17:35:05.928462+00:00
[2021-07-12 13:40:16,545] {dag_processing.py:1129} INFO - Finding 'running' jobs without a recent heartbeat
[2021-07-12 13:40:16,546] {dag_processing.py:1133} INFO - Failing jobs without heartbeat after 2021-07-12 17:35:16.546881+00:00
[2021-07-12 13:40:27,022] {dag_processing.py:862} INFO - 
================================================================================
DAG File Processing Stats

File Path                                                                                                                                              PID    Runtime      # DAGs    # Errors  Last Runtime    Last Run
-----------------------------------------------------------------------------------------------------------------------------------------------------  -----  ---------  --------  ----------  --------------  -------------------
/Users/pierre-olivierboisvert/Desktop/GIT/Spotify-ETL/env/lib/python3.8/site-packages/airflow/example_dags/example_kubernetes_executor_config.py                                0           0  1.32s           2021-07-12T17:39:46
/Users/pierre-olivierboisvert/Desktop/GIT/Spotify-ETL/env/lib/python3.8/site-packages/airflow/example_dags/subdags/subdag.py                                                    0           0  1.57s           2021-07-12T17:40:18
/Users/pierre-olivierboisvert/Desktop/GIT/Spotify-ETL/env/lib/python3.8/site-packages/airflow/example_dags/example_latest_only.py                                               1           0  1.28s           2021-07-12T17:39:44
/Users/pierre-olivierboisvert/Desktop/GIT/Spotify-ETL/env/lib/python3.8/site-packages/airflow/example_dags/example_task_group_decorator.py                                      1           0  1.38s           2021-07-12T17:39:20
/Users/pierre-olivierboisvert/Desktop/GIT/Spotify-ETL/env/lib/python3.8/site-packages/airflow/example_dags/example_complex.py                                                   1           0  1.77s           2021-07-12T17:39:59
/Users/pierre-olivierboisvert/Desktop/GIT/Spotify-ETL/env/lib/python3.8/site-packages/airflow/example_dags/example_python_operator.py                                           1           0  1.56s           2021-07-12T17:39:30
/Users/pierre-olivierboisvert/Desktop/GIT/Spotify-ETL/env/lib/python3.8/site-packages/airflow/example_dags/tutorial_taskflow_api_etl.py                                         1           0  1.79s           2021-07-12T17:40:24
/Users/pierre-olivierboisvert/Desktop/GIT/Spotify-ETL/env/lib/python3.8/site-packages/airflow/example_dags/test_utils.py                                                        1           0  1.34s           2021-07-12T17:39:09
/Users/pierre-olivierboisvert/Desktop/GIT/Spotify-ETL/env/lib/python3.8/site-packages/airflow/example_dags/example_bash_operator.py                                             1           0  1.80s           2021-07-12T17:40:15
/Users/pierre-olivierboisvert/Desktop/GIT/Spotify-ETL/env/lib/python3.8/site-packages/airflow/example_dags/example_short_circuit_operator.py                                    1           0  1.27s           2021-07-12T17:39:28
/Users/pierre-olivierboisvert/Desktop/GIT/Spotify-ETL/env/lib/python3.8/site-packages/airflow/example_dags/example_branch_operator.py                                           1           0  1.58s           2021-07-12T17:40:04
/Users/pierre-olivierboisvert/Desktop/GIT/Spotify-ETL/env/lib/python3.8/site-packages/airflow/example_dags/tutorial_etl_dag.py                                                  1           0  1.83s           2021-07-12T17:40:27
/Users/pierre-olivierboisvert/Desktop/GIT/Spotify-ETL/env/lib/python3.8/site-packages/airflow/example_dags/example_branch_labels.py                                             1           0  1.58s           2021-07-12T17:40:07
/Users/pierre-olivierboisvert/Desktop/GIT/Spotify-ETL/env/lib/python3.8/site-packages/airflow/example_dags/example_task_group.py                                                1           0  1.20s           2021-07-12T17:39:22
/Users/pierre-olivierboisvert/Desktop/GIT/Spotify-ETL/env/lib/python3.8/site-packages/airflow/example_dags/tutorial_taskflow_api_etl_virtualenv.py                              1           0  2.13s           2021-07-12T17:40:21
/Users/pierre-olivierboisvert/Desktop/GIT/Spotify-ETL/env/lib/python3.8/site-packages/airflow/example_dags/tutorial.py                                                          1           0  1.30s           2021-07-12T17:39:07
/Users/pierre-olivierboisvert/Desktop/GIT/Spotify-ETL/env/lib/python3.8/site-packages/airflow/example_dags/example_passing_params_via_test_command.py                           1           0  3.55s           2021-07-12T17:39:35
/Users/pierre-olivierboisvert/Desktop/GIT/Spotify-ETL/env/lib/python3.8/site-packages/airflow/example_dags/example_latest_only_with_trigger.py                                  1           0  2.36s           2021-07-12T17:39:42
/Users/pierre-olivierboisvert/Desktop/GIT/Spotify-ETL/env/lib/python3.8/site-packages/airflow/example_dags/example_dag_decorator.py                                             1           0  2.76s           2021-07-12T17:39:56
/Users/pierre-olivierboisvert/Desktop/GIT/Spotify-ETL/env/lib/python3.8/site-packages/airflow/example_dags/example_xcom.py                                                      1           0  1.19s           2021-07-12T17:39:13
/Users/pierre-olivierboisvert/Desktop/GIT/Spotify-ETL/env/lib/python3.8/site-packages/airflow/example_dags/example_branch_day_of_week_operator.py                               1           0  1.53s           2021-07-12T17:40:10
/Users/pierre-olivierboisvert/Desktop/GIT/Spotify-ETL/env/lib/python3.8/site-packages/airflow/example_dags/example_skip_dag.py                                                  1           0  1.35s           2021-07-12T17:39:26
/Users/pierre-olivierboisvert/Desktop/GIT/Spotify-ETL/env/lib/python3.8/site-packages/airflow/example_dags/example_trigger_target_dag.py                                        1           0  1.20s           2021-07-12T17:39:16
/Users/pierre-olivierboisvert/Desktop/GIT/Spotify-ETL/env/lib/python3.8/site-packages/airflow/example_dags/example_kubernetes_executor.py                                       1           0  1.23s           2021-07-12T17:39:48
/Users/pierre-olivierboisvert/Desktop/GIT/Spotify-ETL/env/lib/python3.8/site-packages/airflow/example_dags/example_branch_python_dop_operator_3.py                              1           0  1.57s           2021-07-12T17:40:02
/Users/pierre-olivierboisvert/Desktop/GIT/Spotify-ETL/env/lib/python3.8/site-packages/airflow/example_dags/example_branch_datetime_operator.py                                  1           0  1.48s           2021-07-12T17:40:12
/Users/pierre-olivierboisvert/Desktop/GIT/Spotify-ETL/env/lib/python3.8/site-packages/airflow/example_dags/example_nested_branch_dag.py                                         1           0  2.94s           2021-07-12T17:39:39
/Users/pierre-olivierboisvert/Desktop/GIT/Spotify-ETL/env/lib/python3.8/site-packages/airflow/example_dags/example_trigger_controller_dag.py                                    1           0  1.31s           2021-07-12T17:39:18
/Users/pierre-olivierboisvert/Desktop/GIT/Spotify-ETL/env/lib/python3.8/site-packages/airflow/example_dags/example_external_task_marker_dag.py                                  2           0  3.38s           2021-07-12T17:39:53
/Users/pierre-olivierboisvert/Desktop/GIT/Spotify-ETL/env/lib/python3.8/site-packages/airflow/example_dags/example_xcomargs.py                                                  2           0  1.22s           2021-07-12T17:39:11
/Users/pierre-olivierboisvert/Desktop/GIT/Spotify-ETL/env/lib/python3.8/site-packages/airflow/example_dags/example_subdag_operator.py                                           3           0  1.42s           2021-07-12T17:39:24
================================================================================
[2021-07-12 13:40:28,066] {dag_processing.py:1129} INFO - Finding 'running' jobs without a recent heartbeat
[2021-07-12 13:40:28,066] {dag_processing.py:1133} INFO - Failing jobs without heartbeat after 2021-07-12 17:35:28.066644+00:00
