[2021-07-12 13:38:58,323] {scheduler_job.py:182} INFO - Started process (PID=65603) to work on /Users/pierre-olivierboisvert/Desktop/GIT/Spotify-ETL/env/lib/python3.8/site-packages/airflow/example_dags/subdags/subdag.py
[2021-07-12 13:38:58,323] {scheduler_job.py:633} INFO - Processing file /Users/pierre-olivierboisvert/Desktop/GIT/Spotify-ETL/env/lib/python3.8/site-packages/airflow/example_dags/subdags/subdag.py for tasks to queue
[2021-07-12 13:38:58,324] {logging_mixin.py:104} INFO - [2021-07-12 13:38:58,324] {dagbag.py:496} INFO - Filling up the DagBag from /Users/pierre-olivierboisvert/Desktop/GIT/Spotify-ETL/env/lib/python3.8/site-packages/airflow/example_dags/subdags/subdag.py
[2021-07-12 13:38:58,325] {scheduler_job.py:645} WARNING - No viable dags retrieved from /Users/pierre-olivierboisvert/Desktop/GIT/Spotify-ETL/env/lib/python3.8/site-packages/airflow/example_dags/subdags/subdag.py
[2021-07-12 13:38:58,364] {scheduler_job.py:190} INFO - Processing /Users/pierre-olivierboisvert/Desktop/GIT/Spotify-ETL/env/lib/python3.8/site-packages/airflow/example_dags/subdags/subdag.py took 0.042 seconds
[2021-07-12 13:40:17,837] {scheduler_job.py:182} INFO - Started process (PID=65779) to work on /Users/pierre-olivierboisvert/Desktop/GIT/Spotify-ETL/env/lib/python3.8/site-packages/airflow/example_dags/subdags/subdag.py
[2021-07-12 13:40:17,838] {scheduler_job.py:633} INFO - Processing file /Users/pierre-olivierboisvert/Desktop/GIT/Spotify-ETL/env/lib/python3.8/site-packages/airflow/example_dags/subdags/subdag.py for tasks to queue
[2021-07-12 13:40:17,838] {logging_mixin.py:104} INFO - [2021-07-12 13:40:17,838] {dagbag.py:496} INFO - Filling up the DagBag from /Users/pierre-olivierboisvert/Desktop/GIT/Spotify-ETL/env/lib/python3.8/site-packages/airflow/example_dags/subdags/subdag.py
[2021-07-12 13:40:17,843] {scheduler_job.py:645} WARNING - No viable dags retrieved from /Users/pierre-olivierboisvert/Desktop/GIT/Spotify-ETL/env/lib/python3.8/site-packages/airflow/example_dags/subdags/subdag.py
[2021-07-12 13:40:17,907] {scheduler_job.py:190} INFO - Processing /Users/pierre-olivierboisvert/Desktop/GIT/Spotify-ETL/env/lib/python3.8/site-packages/airflow/example_dags/subdags/subdag.py took 0.070 seconds
[2021-07-12 13:41:11,757] {scheduler_job.py:182} INFO - Started process (PID=65915) to work on /Users/pierre-olivierboisvert/Desktop/GIT/Spotify-ETL/env/lib/python3.8/site-packages/airflow/example_dags/subdags/subdag.py
[2021-07-12 13:41:11,758] {scheduler_job.py:633} INFO - Processing file /Users/pierre-olivierboisvert/Desktop/GIT/Spotify-ETL/env/lib/python3.8/site-packages/airflow/example_dags/subdags/subdag.py for tasks to queue
[2021-07-12 13:41:11,758] {logging_mixin.py:104} INFO - [2021-07-12 13:41:11,758] {dagbag.py:496} INFO - Filling up the DagBag from /Users/pierre-olivierboisvert/Desktop/GIT/Spotify-ETL/env/lib/python3.8/site-packages/airflow/example_dags/subdags/subdag.py
[2021-07-12 13:41:11,760] {scheduler_job.py:645} WARNING - No viable dags retrieved from /Users/pierre-olivierboisvert/Desktop/GIT/Spotify-ETL/env/lib/python3.8/site-packages/airflow/example_dags/subdags/subdag.py
[2021-07-12 13:41:11,794] {scheduler_job.py:190} INFO - Processing /Users/pierre-olivierboisvert/Desktop/GIT/Spotify-ETL/env/lib/python3.8/site-packages/airflow/example_dags/subdags/subdag.py took 0.038 seconds
[2021-07-12 13:41:55,003] {scheduler_job.py:182} INFO - Started process (PID=65953) to work on /Users/pierre-olivierboisvert/Desktop/GIT/Spotify-ETL/env/lib/python3.8/site-packages/airflow/example_dags/subdags/subdag.py
[2021-07-12 13:41:55,003] {scheduler_job.py:633} INFO - Processing file /Users/pierre-olivierboisvert/Desktop/GIT/Spotify-ETL/env/lib/python3.8/site-packages/airflow/example_dags/subdags/subdag.py for tasks to queue
[2021-07-12 13:41:55,004] {logging_mixin.py:104} INFO - [2021-07-12 13:41:55,004] {dagbag.py:496} INFO - Filling up the DagBag from /Users/pierre-olivierboisvert/Desktop/GIT/Spotify-ETL/env/lib/python3.8/site-packages/airflow/example_dags/subdags/subdag.py
[2021-07-12 13:41:55,006] {scheduler_job.py:645} WARNING - No viable dags retrieved from /Users/pierre-olivierboisvert/Desktop/GIT/Spotify-ETL/env/lib/python3.8/site-packages/airflow/example_dags/subdags/subdag.py
[2021-07-12 13:41:55,036] {scheduler_job.py:190} INFO - Processing /Users/pierre-olivierboisvert/Desktop/GIT/Spotify-ETL/env/lib/python3.8/site-packages/airflow/example_dags/subdags/subdag.py took 0.033 seconds
[2021-07-12 13:42:30,354] {scheduler_job.py:182} INFO - Started process (PID=65987) to work on /Users/pierre-olivierboisvert/Desktop/GIT/Spotify-ETL/env/lib/python3.8/site-packages/airflow/example_dags/subdags/subdag.py
[2021-07-12 13:42:30,355] {scheduler_job.py:633} INFO - Processing file /Users/pierre-olivierboisvert/Desktop/GIT/Spotify-ETL/env/lib/python3.8/site-packages/airflow/example_dags/subdags/subdag.py for tasks to queue
[2021-07-12 13:42:30,355] {logging_mixin.py:104} INFO - [2021-07-12 13:42:30,355] {dagbag.py:496} INFO - Filling up the DagBag from /Users/pierre-olivierboisvert/Desktop/GIT/Spotify-ETL/env/lib/python3.8/site-packages/airflow/example_dags/subdags/subdag.py
[2021-07-12 13:42:30,357] {scheduler_job.py:645} WARNING - No viable dags retrieved from /Users/pierre-olivierboisvert/Desktop/GIT/Spotify-ETL/env/lib/python3.8/site-packages/airflow/example_dags/subdags/subdag.py
[2021-07-12 13:42:30,393] {scheduler_job.py:190} INFO - Processing /Users/pierre-olivierboisvert/Desktop/GIT/Spotify-ETL/env/lib/python3.8/site-packages/airflow/example_dags/subdags/subdag.py took 0.039 seconds
[2021-07-12 13:43:03,903] {scheduler_job.py:182} INFO - Started process (PID=66019) to work on /Users/pierre-olivierboisvert/Desktop/GIT/Spotify-ETL/env/lib/python3.8/site-packages/airflow/example_dags/subdags/subdag.py
[2021-07-12 13:43:03,903] {scheduler_job.py:633} INFO - Processing file /Users/pierre-olivierboisvert/Desktop/GIT/Spotify-ETL/env/lib/python3.8/site-packages/airflow/example_dags/subdags/subdag.py for tasks to queue
[2021-07-12 13:43:03,904] {logging_mixin.py:104} INFO - [2021-07-12 13:43:03,903] {dagbag.py:496} INFO - Filling up the DagBag from /Users/pierre-olivierboisvert/Desktop/GIT/Spotify-ETL/env/lib/python3.8/site-packages/airflow/example_dags/subdags/subdag.py
[2021-07-12 13:43:03,905] {scheduler_job.py:645} WARNING - No viable dags retrieved from /Users/pierre-olivierboisvert/Desktop/GIT/Spotify-ETL/env/lib/python3.8/site-packages/airflow/example_dags/subdags/subdag.py
[2021-07-12 13:43:03,936] {scheduler_job.py:190} INFO - Processing /Users/pierre-olivierboisvert/Desktop/GIT/Spotify-ETL/env/lib/python3.8/site-packages/airflow/example_dags/subdags/subdag.py took 0.034 seconds
[2021-07-12 13:43:36,932] {scheduler_job.py:182} INFO - Started process (PID=66051) to work on /Users/pierre-olivierboisvert/Desktop/GIT/Spotify-ETL/env/lib/python3.8/site-packages/airflow/example_dags/subdags/subdag.py
[2021-07-12 13:43:36,932] {scheduler_job.py:633} INFO - Processing file /Users/pierre-olivierboisvert/Desktop/GIT/Spotify-ETL/env/lib/python3.8/site-packages/airflow/example_dags/subdags/subdag.py for tasks to queue
[2021-07-12 13:43:36,932] {logging_mixin.py:104} INFO - [2021-07-12 13:43:36,932] {dagbag.py:496} INFO - Filling up the DagBag from /Users/pierre-olivierboisvert/Desktop/GIT/Spotify-ETL/env/lib/python3.8/site-packages/airflow/example_dags/subdags/subdag.py
[2021-07-12 13:43:36,934] {scheduler_job.py:645} WARNING - No viable dags retrieved from /Users/pierre-olivierboisvert/Desktop/GIT/Spotify-ETL/env/lib/python3.8/site-packages/airflow/example_dags/subdags/subdag.py
[2021-07-12 13:43:36,965] {scheduler_job.py:190} INFO - Processing /Users/pierre-olivierboisvert/Desktop/GIT/Spotify-ETL/env/lib/python3.8/site-packages/airflow/example_dags/subdags/subdag.py took 0.034 seconds
[2021-07-12 13:44:11,547] {scheduler_job.py:182} INFO - Started process (PID=66083) to work on /Users/pierre-olivierboisvert/Desktop/GIT/Spotify-ETL/env/lib/python3.8/site-packages/airflow/example_dags/subdags/subdag.py
[2021-07-12 13:44:11,548] {scheduler_job.py:633} INFO - Processing file /Users/pierre-olivierboisvert/Desktop/GIT/Spotify-ETL/env/lib/python3.8/site-packages/airflow/example_dags/subdags/subdag.py for tasks to queue
[2021-07-12 13:44:11,548] {logging_mixin.py:104} INFO - [2021-07-12 13:44:11,548] {dagbag.py:496} INFO - Filling up the DagBag from /Users/pierre-olivierboisvert/Desktop/GIT/Spotify-ETL/env/lib/python3.8/site-packages/airflow/example_dags/subdags/subdag.py
[2021-07-12 13:44:11,550] {scheduler_job.py:645} WARNING - No viable dags retrieved from /Users/pierre-olivierboisvert/Desktop/GIT/Spotify-ETL/env/lib/python3.8/site-packages/airflow/example_dags/subdags/subdag.py
[2021-07-12 13:44:11,591] {scheduler_job.py:190} INFO - Processing /Users/pierre-olivierboisvert/Desktop/GIT/Spotify-ETL/env/lib/python3.8/site-packages/airflow/example_dags/subdags/subdag.py took 0.045 seconds
[2021-07-12 13:44:46,813] {scheduler_job.py:182} INFO - Started process (PID=66121) to work on /Users/pierre-olivierboisvert/Desktop/GIT/Spotify-ETL/env/lib/python3.8/site-packages/airflow/example_dags/subdags/subdag.py
[2021-07-12 13:44:46,813] {scheduler_job.py:633} INFO - Processing file /Users/pierre-olivierboisvert/Desktop/GIT/Spotify-ETL/env/lib/python3.8/site-packages/airflow/example_dags/subdags/subdag.py for tasks to queue
[2021-07-12 13:44:46,814] {logging_mixin.py:104} INFO - [2021-07-12 13:44:46,814] {dagbag.py:496} INFO - Filling up the DagBag from /Users/pierre-olivierboisvert/Desktop/GIT/Spotify-ETL/env/lib/python3.8/site-packages/airflow/example_dags/subdags/subdag.py
[2021-07-12 13:44:46,816] {scheduler_job.py:645} WARNING - No viable dags retrieved from /Users/pierre-olivierboisvert/Desktop/GIT/Spotify-ETL/env/lib/python3.8/site-packages/airflow/example_dags/subdags/subdag.py
[2021-07-12 13:44:46,863] {scheduler_job.py:190} INFO - Processing /Users/pierre-olivierboisvert/Desktop/GIT/Spotify-ETL/env/lib/python3.8/site-packages/airflow/example_dags/subdags/subdag.py took 0.051 seconds
[2021-07-12 13:45:19,569] {scheduler_job.py:182} INFO - Started process (PID=66153) to work on /Users/pierre-olivierboisvert/Desktop/GIT/Spotify-ETL/env/lib/python3.8/site-packages/airflow/example_dags/subdags/subdag.py
[2021-07-12 13:45:19,569] {scheduler_job.py:633} INFO - Processing file /Users/pierre-olivierboisvert/Desktop/GIT/Spotify-ETL/env/lib/python3.8/site-packages/airflow/example_dags/subdags/subdag.py for tasks to queue
[2021-07-12 13:45:19,570] {logging_mixin.py:104} INFO - [2021-07-12 13:45:19,569] {dagbag.py:496} INFO - Filling up the DagBag from /Users/pierre-olivierboisvert/Desktop/GIT/Spotify-ETL/env/lib/python3.8/site-packages/airflow/example_dags/subdags/subdag.py
[2021-07-12 13:45:19,571] {scheduler_job.py:645} WARNING - No viable dags retrieved from /Users/pierre-olivierboisvert/Desktop/GIT/Spotify-ETL/env/lib/python3.8/site-packages/airflow/example_dags/subdags/subdag.py
[2021-07-12 13:45:19,606] {scheduler_job.py:190} INFO - Processing /Users/pierre-olivierboisvert/Desktop/GIT/Spotify-ETL/env/lib/python3.8/site-packages/airflow/example_dags/subdags/subdag.py took 0.038 seconds
[2021-07-12 13:45:53,260] {scheduler_job.py:182} INFO - Started process (PID=66186) to work on /Users/pierre-olivierboisvert/Desktop/GIT/Spotify-ETL/env/lib/python3.8/site-packages/airflow/example_dags/subdags/subdag.py
[2021-07-12 13:45:53,260] {scheduler_job.py:633} INFO - Processing file /Users/pierre-olivierboisvert/Desktop/GIT/Spotify-ETL/env/lib/python3.8/site-packages/airflow/example_dags/subdags/subdag.py for tasks to queue
[2021-07-12 13:45:53,261] {logging_mixin.py:104} INFO - [2021-07-12 13:45:53,261] {dagbag.py:496} INFO - Filling up the DagBag from /Users/pierre-olivierboisvert/Desktop/GIT/Spotify-ETL/env/lib/python3.8/site-packages/airflow/example_dags/subdags/subdag.py
[2021-07-12 13:45:53,262] {scheduler_job.py:645} WARNING - No viable dags retrieved from /Users/pierre-olivierboisvert/Desktop/GIT/Spotify-ETL/env/lib/python3.8/site-packages/airflow/example_dags/subdags/subdag.py
[2021-07-12 13:45:53,293] {scheduler_job.py:190} INFO - Processing /Users/pierre-olivierboisvert/Desktop/GIT/Spotify-ETL/env/lib/python3.8/site-packages/airflow/example_dags/subdags/subdag.py took 0.034 seconds
[2021-07-12 13:46:27,855] {scheduler_job.py:182} INFO - Started process (PID=66220) to work on /Users/pierre-olivierboisvert/Desktop/GIT/Spotify-ETL/env/lib/python3.8/site-packages/airflow/example_dags/subdags/subdag.py
[2021-07-12 13:46:27,856] {scheduler_job.py:633} INFO - Processing file /Users/pierre-olivierboisvert/Desktop/GIT/Spotify-ETL/env/lib/python3.8/site-packages/airflow/example_dags/subdags/subdag.py for tasks to queue
[2021-07-12 13:46:27,856] {logging_mixin.py:104} INFO - [2021-07-12 13:46:27,856] {dagbag.py:496} INFO - Filling up the DagBag from /Users/pierre-olivierboisvert/Desktop/GIT/Spotify-ETL/env/lib/python3.8/site-packages/airflow/example_dags/subdags/subdag.py
[2021-07-12 13:46:27,859] {scheduler_job.py:645} WARNING - No viable dags retrieved from /Users/pierre-olivierboisvert/Desktop/GIT/Spotify-ETL/env/lib/python3.8/site-packages/airflow/example_dags/subdags/subdag.py
[2021-07-12 13:46:27,897] {scheduler_job.py:190} INFO - Processing /Users/pierre-olivierboisvert/Desktop/GIT/Spotify-ETL/env/lib/python3.8/site-packages/airflow/example_dags/subdags/subdag.py took 0.043 seconds
[2021-07-12 13:47:03,782] {scheduler_job.py:182} INFO - Started process (PID=66255) to work on /Users/pierre-olivierboisvert/Desktop/GIT/Spotify-ETL/env/lib/python3.8/site-packages/airflow/example_dags/subdags/subdag.py
[2021-07-12 13:47:03,782] {scheduler_job.py:633} INFO - Processing file /Users/pierre-olivierboisvert/Desktop/GIT/Spotify-ETL/env/lib/python3.8/site-packages/airflow/example_dags/subdags/subdag.py for tasks to queue
[2021-07-12 13:47:03,783] {logging_mixin.py:104} INFO - [2021-07-12 13:47:03,782] {dagbag.py:496} INFO - Filling up the DagBag from /Users/pierre-olivierboisvert/Desktop/GIT/Spotify-ETL/env/lib/python3.8/site-packages/airflow/example_dags/subdags/subdag.py
[2021-07-12 13:47:03,784] {scheduler_job.py:645} WARNING - No viable dags retrieved from /Users/pierre-olivierboisvert/Desktop/GIT/Spotify-ETL/env/lib/python3.8/site-packages/airflow/example_dags/subdags/subdag.py
[2021-07-12 13:47:03,821] {scheduler_job.py:190} INFO - Processing /Users/pierre-olivierboisvert/Desktop/GIT/Spotify-ETL/env/lib/python3.8/site-packages/airflow/example_dags/subdags/subdag.py took 0.040 seconds
[2021-07-12 13:47:37,172] {scheduler_job.py:182} INFO - Started process (PID=66288) to work on /Users/pierre-olivierboisvert/Desktop/GIT/Spotify-ETL/env/lib/python3.8/site-packages/airflow/example_dags/subdags/subdag.py
[2021-07-12 13:47:37,173] {scheduler_job.py:633} INFO - Processing file /Users/pierre-olivierboisvert/Desktop/GIT/Spotify-ETL/env/lib/python3.8/site-packages/airflow/example_dags/subdags/subdag.py for tasks to queue
[2021-07-12 13:47:37,173] {logging_mixin.py:104} INFO - [2021-07-12 13:47:37,173] {dagbag.py:496} INFO - Filling up the DagBag from /Users/pierre-olivierboisvert/Desktop/GIT/Spotify-ETL/env/lib/python3.8/site-packages/airflow/example_dags/subdags/subdag.py
[2021-07-12 13:47:37,175] {scheduler_job.py:645} WARNING - No viable dags retrieved from /Users/pierre-olivierboisvert/Desktop/GIT/Spotify-ETL/env/lib/python3.8/site-packages/airflow/example_dags/subdags/subdag.py
[2021-07-12 13:47:37,216] {scheduler_job.py:190} INFO - Processing /Users/pierre-olivierboisvert/Desktop/GIT/Spotify-ETL/env/lib/python3.8/site-packages/airflow/example_dags/subdags/subdag.py took 0.044 seconds
[2021-07-12 13:48:10,414] {scheduler_job.py:182} INFO - Started process (PID=66326) to work on /Users/pierre-olivierboisvert/Desktop/GIT/Spotify-ETL/env/lib/python3.8/site-packages/airflow/example_dags/subdags/subdag.py
[2021-07-12 13:48:10,415] {scheduler_job.py:633} INFO - Processing file /Users/pierre-olivierboisvert/Desktop/GIT/Spotify-ETL/env/lib/python3.8/site-packages/airflow/example_dags/subdags/subdag.py for tasks to queue
[2021-07-12 13:48:10,415] {logging_mixin.py:104} INFO - [2021-07-12 13:48:10,415] {dagbag.py:496} INFO - Filling up the DagBag from /Users/pierre-olivierboisvert/Desktop/GIT/Spotify-ETL/env/lib/python3.8/site-packages/airflow/example_dags/subdags/subdag.py
[2021-07-12 13:48:10,417] {scheduler_job.py:645} WARNING - No viable dags retrieved from /Users/pierre-olivierboisvert/Desktop/GIT/Spotify-ETL/env/lib/python3.8/site-packages/airflow/example_dags/subdags/subdag.py
[2021-07-12 13:48:10,457] {scheduler_job.py:190} INFO - Processing /Users/pierre-olivierboisvert/Desktop/GIT/Spotify-ETL/env/lib/python3.8/site-packages/airflow/example_dags/subdags/subdag.py took 0.044 seconds
[2021-07-12 13:48:49,164] {scheduler_job.py:182} INFO - Started process (PID=66363) to work on /Users/pierre-olivierboisvert/Desktop/GIT/Spotify-ETL/env/lib/python3.8/site-packages/airflow/example_dags/subdags/subdag.py
[2021-07-12 13:48:49,165] {scheduler_job.py:633} INFO - Processing file /Users/pierre-olivierboisvert/Desktop/GIT/Spotify-ETL/env/lib/python3.8/site-packages/airflow/example_dags/subdags/subdag.py for tasks to queue
[2021-07-12 13:48:49,165] {logging_mixin.py:104} INFO - [2021-07-12 13:48:49,165] {dagbag.py:496} INFO - Filling up the DagBag from /Users/pierre-olivierboisvert/Desktop/GIT/Spotify-ETL/env/lib/python3.8/site-packages/airflow/example_dags/subdags/subdag.py
[2021-07-12 13:48:49,167] {scheduler_job.py:645} WARNING - No viable dags retrieved from /Users/pierre-olivierboisvert/Desktop/GIT/Spotify-ETL/env/lib/python3.8/site-packages/airflow/example_dags/subdags/subdag.py
[2021-07-12 13:48:49,200] {scheduler_job.py:190} INFO - Processing /Users/pierre-olivierboisvert/Desktop/GIT/Spotify-ETL/env/lib/python3.8/site-packages/airflow/example_dags/subdags/subdag.py took 0.036 seconds
[2021-07-12 13:49:32,509] {scheduler_job.py:182} INFO - Started process (PID=66420) to work on /Users/pierre-olivierboisvert/Desktop/GIT/Spotify-ETL/env/lib/python3.8/site-packages/airflow/example_dags/subdags/subdag.py
[2021-07-12 13:49:32,510] {scheduler_job.py:633} INFO - Processing file /Users/pierre-olivierboisvert/Desktop/GIT/Spotify-ETL/env/lib/python3.8/site-packages/airflow/example_dags/subdags/subdag.py for tasks to queue
[2021-07-12 13:49:32,510] {logging_mixin.py:104} INFO - [2021-07-12 13:49:32,510] {dagbag.py:496} INFO - Filling up the DagBag from /Users/pierre-olivierboisvert/Desktop/GIT/Spotify-ETL/env/lib/python3.8/site-packages/airflow/example_dags/subdags/subdag.py
[2021-07-12 13:49:32,512] {scheduler_job.py:645} WARNING - No viable dags retrieved from /Users/pierre-olivierboisvert/Desktop/GIT/Spotify-ETL/env/lib/python3.8/site-packages/airflow/example_dags/subdags/subdag.py
[2021-07-12 13:49:32,553] {scheduler_job.py:190} INFO - Processing /Users/pierre-olivierboisvert/Desktop/GIT/Spotify-ETL/env/lib/python3.8/site-packages/airflow/example_dags/subdags/subdag.py took 0.044 seconds
[2021-07-12 13:50:22,272] {scheduler_job.py:182} INFO - Started process (PID=66466) to work on /Users/pierre-olivierboisvert/Desktop/GIT/Spotify-ETL/env/lib/python3.8/site-packages/airflow/example_dags/subdags/subdag.py
[2021-07-12 13:50:22,273] {scheduler_job.py:633} INFO - Processing file /Users/pierre-olivierboisvert/Desktop/GIT/Spotify-ETL/env/lib/python3.8/site-packages/airflow/example_dags/subdags/subdag.py for tasks to queue
[2021-07-12 13:50:22,273] {logging_mixin.py:104} INFO - [2021-07-12 13:50:22,273] {dagbag.py:496} INFO - Filling up the DagBag from /Users/pierre-olivierboisvert/Desktop/GIT/Spotify-ETL/env/lib/python3.8/site-packages/airflow/example_dags/subdags/subdag.py
[2021-07-12 13:50:22,275] {scheduler_job.py:645} WARNING - No viable dags retrieved from /Users/pierre-olivierboisvert/Desktop/GIT/Spotify-ETL/env/lib/python3.8/site-packages/airflow/example_dags/subdags/subdag.py
[2021-07-12 13:50:22,311] {scheduler_job.py:190} INFO - Processing /Users/pierre-olivierboisvert/Desktop/GIT/Spotify-ETL/env/lib/python3.8/site-packages/airflow/example_dags/subdags/subdag.py took 0.039 seconds
[2021-07-12 13:50:58,261] {scheduler_job.py:182} INFO - Started process (PID=66500) to work on /Users/pierre-olivierboisvert/Desktop/GIT/Spotify-ETL/env/lib/python3.8/site-packages/airflow/example_dags/subdags/subdag.py
[2021-07-12 13:50:58,262] {scheduler_job.py:633} INFO - Processing file /Users/pierre-olivierboisvert/Desktop/GIT/Spotify-ETL/env/lib/python3.8/site-packages/airflow/example_dags/subdags/subdag.py for tasks to queue
[2021-07-12 13:50:58,262] {logging_mixin.py:104} INFO - [2021-07-12 13:50:58,262] {dagbag.py:496} INFO - Filling up the DagBag from /Users/pierre-olivierboisvert/Desktop/GIT/Spotify-ETL/env/lib/python3.8/site-packages/airflow/example_dags/subdags/subdag.py
[2021-07-12 13:50:58,265] {scheduler_job.py:645} WARNING - No viable dags retrieved from /Users/pierre-olivierboisvert/Desktop/GIT/Spotify-ETL/env/lib/python3.8/site-packages/airflow/example_dags/subdags/subdag.py
[2021-07-12 13:50:58,300] {scheduler_job.py:190} INFO - Processing /Users/pierre-olivierboisvert/Desktop/GIT/Spotify-ETL/env/lib/python3.8/site-packages/airflow/example_dags/subdags/subdag.py took 0.040 seconds
[2021-07-12 13:51:34,144] {scheduler_job.py:182} INFO - Started process (PID=66536) to work on /Users/pierre-olivierboisvert/Desktop/GIT/Spotify-ETL/env/lib/python3.8/site-packages/airflow/example_dags/subdags/subdag.py
[2021-07-12 13:51:34,145] {scheduler_job.py:633} INFO - Processing file /Users/pierre-olivierboisvert/Desktop/GIT/Spotify-ETL/env/lib/python3.8/site-packages/airflow/example_dags/subdags/subdag.py for tasks to queue
[2021-07-12 13:51:34,146] {logging_mixin.py:104} INFO - [2021-07-12 13:51:34,145] {dagbag.py:496} INFO - Filling up the DagBag from /Users/pierre-olivierboisvert/Desktop/GIT/Spotify-ETL/env/lib/python3.8/site-packages/airflow/example_dags/subdags/subdag.py
[2021-07-12 13:51:34,148] {scheduler_job.py:645} WARNING - No viable dags retrieved from /Users/pierre-olivierboisvert/Desktop/GIT/Spotify-ETL/env/lib/python3.8/site-packages/airflow/example_dags/subdags/subdag.py
[2021-07-12 13:51:34,181] {scheduler_job.py:190} INFO - Processing /Users/pierre-olivierboisvert/Desktop/GIT/Spotify-ETL/env/lib/python3.8/site-packages/airflow/example_dags/subdags/subdag.py took 0.038 seconds
[2021-07-12 13:52:15,434] {scheduler_job.py:182} INFO - Started process (PID=66580) to work on /Users/pierre-olivierboisvert/Desktop/GIT/Spotify-ETL/env/lib/python3.8/site-packages/airflow/example_dags/subdags/subdag.py
[2021-07-12 13:52:15,435] {scheduler_job.py:633} INFO - Processing file /Users/pierre-olivierboisvert/Desktop/GIT/Spotify-ETL/env/lib/python3.8/site-packages/airflow/example_dags/subdags/subdag.py for tasks to queue
[2021-07-12 13:52:15,435] {logging_mixin.py:104} INFO - [2021-07-12 13:52:15,435] {dagbag.py:496} INFO - Filling up the DagBag from /Users/pierre-olivierboisvert/Desktop/GIT/Spotify-ETL/env/lib/python3.8/site-packages/airflow/example_dags/subdags/subdag.py
[2021-07-12 13:52:15,437] {scheduler_job.py:645} WARNING - No viable dags retrieved from /Users/pierre-olivierboisvert/Desktop/GIT/Spotify-ETL/env/lib/python3.8/site-packages/airflow/example_dags/subdags/subdag.py
[2021-07-12 13:52:15,471] {scheduler_job.py:190} INFO - Processing /Users/pierre-olivierboisvert/Desktop/GIT/Spotify-ETL/env/lib/python3.8/site-packages/airflow/example_dags/subdags/subdag.py took 0.037 seconds
[2021-07-12 13:53:00,731] {scheduler_job.py:182} INFO - Started process (PID=66648) to work on /Users/pierre-olivierboisvert/Desktop/GIT/Spotify-ETL/env/lib/python3.8/site-packages/airflow/example_dags/subdags/subdag.py
[2021-07-12 13:53:00,731] {scheduler_job.py:633} INFO - Processing file /Users/pierre-olivierboisvert/Desktop/GIT/Spotify-ETL/env/lib/python3.8/site-packages/airflow/example_dags/subdags/subdag.py for tasks to queue
[2021-07-12 13:53:00,732] {logging_mixin.py:104} INFO - [2021-07-12 13:53:00,732] {dagbag.py:496} INFO - Filling up the DagBag from /Users/pierre-olivierboisvert/Desktop/GIT/Spotify-ETL/env/lib/python3.8/site-packages/airflow/example_dags/subdags/subdag.py
[2021-07-12 13:53:00,734] {scheduler_job.py:645} WARNING - No viable dags retrieved from /Users/pierre-olivierboisvert/Desktop/GIT/Spotify-ETL/env/lib/python3.8/site-packages/airflow/example_dags/subdags/subdag.py
[2021-07-12 13:53:00,768] {scheduler_job.py:190} INFO - Processing /Users/pierre-olivierboisvert/Desktop/GIT/Spotify-ETL/env/lib/python3.8/site-packages/airflow/example_dags/subdags/subdag.py took 0.038 seconds
[2021-07-12 13:53:46,450] {scheduler_job.py:182} INFO - Started process (PID=66771) to work on /Users/pierre-olivierboisvert/Desktop/GIT/Spotify-ETL/env/lib/python3.8/site-packages/airflow/example_dags/subdags/subdag.py
[2021-07-12 13:53:46,451] {scheduler_job.py:633} INFO - Processing file /Users/pierre-olivierboisvert/Desktop/GIT/Spotify-ETL/env/lib/python3.8/site-packages/airflow/example_dags/subdags/subdag.py for tasks to queue
[2021-07-12 13:53:46,451] {logging_mixin.py:104} INFO - [2021-07-12 13:53:46,451] {dagbag.py:496} INFO - Filling up the DagBag from /Users/pierre-olivierboisvert/Desktop/GIT/Spotify-ETL/env/lib/python3.8/site-packages/airflow/example_dags/subdags/subdag.py
[2021-07-12 13:53:46,453] {scheduler_job.py:645} WARNING - No viable dags retrieved from /Users/pierre-olivierboisvert/Desktop/GIT/Spotify-ETL/env/lib/python3.8/site-packages/airflow/example_dags/subdags/subdag.py
[2021-07-12 13:53:46,487] {scheduler_job.py:190} INFO - Processing /Users/pierre-olivierboisvert/Desktop/GIT/Spotify-ETL/env/lib/python3.8/site-packages/airflow/example_dags/subdags/subdag.py took 0.038 seconds
[2021-07-12 13:54:30,082] {scheduler_job.py:182} INFO - Started process (PID=66926) to work on /Users/pierre-olivierboisvert/Desktop/GIT/Spotify-ETL/env/lib/python3.8/site-packages/airflow/example_dags/subdags/subdag.py
[2021-07-12 13:54:30,083] {scheduler_job.py:633} INFO - Processing file /Users/pierre-olivierboisvert/Desktop/GIT/Spotify-ETL/env/lib/python3.8/site-packages/airflow/example_dags/subdags/subdag.py for tasks to queue
[2021-07-12 13:54:30,083] {logging_mixin.py:104} INFO - [2021-07-12 13:54:30,083] {dagbag.py:496} INFO - Filling up the DagBag from /Users/pierre-olivierboisvert/Desktop/GIT/Spotify-ETL/env/lib/python3.8/site-packages/airflow/example_dags/subdags/subdag.py
[2021-07-12 13:54:30,086] {scheduler_job.py:645} WARNING - No viable dags retrieved from /Users/pierre-olivierboisvert/Desktop/GIT/Spotify-ETL/env/lib/python3.8/site-packages/airflow/example_dags/subdags/subdag.py
[2021-07-12 13:54:30,122] {scheduler_job.py:190} INFO - Processing /Users/pierre-olivierboisvert/Desktop/GIT/Spotify-ETL/env/lib/python3.8/site-packages/airflow/example_dags/subdags/subdag.py took 0.040 seconds
[2021-07-12 13:55:08,210] {scheduler_job.py:182} INFO - Started process (PID=66963) to work on /Users/pierre-olivierboisvert/Desktop/GIT/Spotify-ETL/env/lib/python3.8/site-packages/airflow/example_dags/subdags/subdag.py
[2021-07-12 13:55:08,211] {scheduler_job.py:633} INFO - Processing file /Users/pierre-olivierboisvert/Desktop/GIT/Spotify-ETL/env/lib/python3.8/site-packages/airflow/example_dags/subdags/subdag.py for tasks to queue
[2021-07-12 13:55:08,212] {logging_mixin.py:104} INFO - [2021-07-12 13:55:08,212] {dagbag.py:496} INFO - Filling up the DagBag from /Users/pierre-olivierboisvert/Desktop/GIT/Spotify-ETL/env/lib/python3.8/site-packages/airflow/example_dags/subdags/subdag.py
[2021-07-12 13:55:08,214] {scheduler_job.py:645} WARNING - No viable dags retrieved from /Users/pierre-olivierboisvert/Desktop/GIT/Spotify-ETL/env/lib/python3.8/site-packages/airflow/example_dags/subdags/subdag.py
[2021-07-12 13:55:08,247] {scheduler_job.py:190} INFO - Processing /Users/pierre-olivierboisvert/Desktop/GIT/Spotify-ETL/env/lib/python3.8/site-packages/airflow/example_dags/subdags/subdag.py took 0.038 seconds
[2021-07-12 13:55:44,159] {scheduler_job.py:182} INFO - Started process (PID=66999) to work on /Users/pierre-olivierboisvert/Desktop/GIT/Spotify-ETL/env/lib/python3.8/site-packages/airflow/example_dags/subdags/subdag.py
[2021-07-12 13:55:44,159] {scheduler_job.py:633} INFO - Processing file /Users/pierre-olivierboisvert/Desktop/GIT/Spotify-ETL/env/lib/python3.8/site-packages/airflow/example_dags/subdags/subdag.py for tasks to queue
[2021-07-12 13:55:44,160] {logging_mixin.py:104} INFO - [2021-07-12 13:55:44,160] {dagbag.py:496} INFO - Filling up the DagBag from /Users/pierre-olivierboisvert/Desktop/GIT/Spotify-ETL/env/lib/python3.8/site-packages/airflow/example_dags/subdags/subdag.py
[2021-07-12 13:55:44,161] {scheduler_job.py:645} WARNING - No viable dags retrieved from /Users/pierre-olivierboisvert/Desktop/GIT/Spotify-ETL/env/lib/python3.8/site-packages/airflow/example_dags/subdags/subdag.py
[2021-07-12 13:55:44,193] {scheduler_job.py:190} INFO - Processing /Users/pierre-olivierboisvert/Desktop/GIT/Spotify-ETL/env/lib/python3.8/site-packages/airflow/example_dags/subdags/subdag.py took 0.035 seconds
[2021-07-12 13:56:20,790] {scheduler_job.py:182} INFO - Started process (PID=67033) to work on /Users/pierre-olivierboisvert/Desktop/GIT/Spotify-ETL/env/lib/python3.8/site-packages/airflow/example_dags/subdags/subdag.py
[2021-07-12 13:56:20,790] {scheduler_job.py:633} INFO - Processing file /Users/pierre-olivierboisvert/Desktop/GIT/Spotify-ETL/env/lib/python3.8/site-packages/airflow/example_dags/subdags/subdag.py for tasks to queue
[2021-07-12 13:56:20,791] {logging_mixin.py:104} INFO - [2021-07-12 13:56:20,791] {dagbag.py:496} INFO - Filling up the DagBag from /Users/pierre-olivierboisvert/Desktop/GIT/Spotify-ETL/env/lib/python3.8/site-packages/airflow/example_dags/subdags/subdag.py
[2021-07-12 13:56:20,793] {scheduler_job.py:645} WARNING - No viable dags retrieved from /Users/pierre-olivierboisvert/Desktop/GIT/Spotify-ETL/env/lib/python3.8/site-packages/airflow/example_dags/subdags/subdag.py
[2021-07-12 13:56:20,829] {scheduler_job.py:190} INFO - Processing /Users/pierre-olivierboisvert/Desktop/GIT/Spotify-ETL/env/lib/python3.8/site-packages/airflow/example_dags/subdags/subdag.py took 0.040 seconds
[2021-07-12 13:56:55,957] {scheduler_job.py:182} INFO - Started process (PID=67067) to work on /Users/pierre-olivierboisvert/Desktop/GIT/Spotify-ETL/env/lib/python3.8/site-packages/airflow/example_dags/subdags/subdag.py
[2021-07-12 13:56:55,958] {scheduler_job.py:633} INFO - Processing file /Users/pierre-olivierboisvert/Desktop/GIT/Spotify-ETL/env/lib/python3.8/site-packages/airflow/example_dags/subdags/subdag.py for tasks to queue
[2021-07-12 13:56:55,958] {logging_mixin.py:104} INFO - [2021-07-12 13:56:55,958] {dagbag.py:496} INFO - Filling up the DagBag from /Users/pierre-olivierboisvert/Desktop/GIT/Spotify-ETL/env/lib/python3.8/site-packages/airflow/example_dags/subdags/subdag.py
[2021-07-12 13:56:55,960] {scheduler_job.py:645} WARNING - No viable dags retrieved from /Users/pierre-olivierboisvert/Desktop/GIT/Spotify-ETL/env/lib/python3.8/site-packages/airflow/example_dags/subdags/subdag.py
[2021-07-12 13:56:55,997] {scheduler_job.py:190} INFO - Processing /Users/pierre-olivierboisvert/Desktop/GIT/Spotify-ETL/env/lib/python3.8/site-packages/airflow/example_dags/subdags/subdag.py took 0.041 seconds
[2021-07-12 13:57:34,688] {scheduler_job.py:182} INFO - Started process (PID=67100) to work on /Users/pierre-olivierboisvert/Desktop/GIT/Spotify-ETL/env/lib/python3.8/site-packages/airflow/example_dags/subdags/subdag.py
[2021-07-12 13:57:34,689] {scheduler_job.py:633} INFO - Processing file /Users/pierre-olivierboisvert/Desktop/GIT/Spotify-ETL/env/lib/python3.8/site-packages/airflow/example_dags/subdags/subdag.py for tasks to queue
[2021-07-12 13:57:34,689] {logging_mixin.py:104} INFO - [2021-07-12 13:57:34,689] {dagbag.py:496} INFO - Filling up the DagBag from /Users/pierre-olivierboisvert/Desktop/GIT/Spotify-ETL/env/lib/python3.8/site-packages/airflow/example_dags/subdags/subdag.py
[2021-07-12 13:57:34,691] {scheduler_job.py:645} WARNING - No viable dags retrieved from /Users/pierre-olivierboisvert/Desktop/GIT/Spotify-ETL/env/lib/python3.8/site-packages/airflow/example_dags/subdags/subdag.py
[2021-07-12 13:57:34,723] {scheduler_job.py:190} INFO - Processing /Users/pierre-olivierboisvert/Desktop/GIT/Spotify-ETL/env/lib/python3.8/site-packages/airflow/example_dags/subdags/subdag.py took 0.036 seconds
[2021-07-12 13:58:15,890] {scheduler_job.py:182} INFO - Started process (PID=67142) to work on /Users/pierre-olivierboisvert/Desktop/GIT/Spotify-ETL/env/lib/python3.8/site-packages/airflow/example_dags/subdags/subdag.py
[2021-07-12 13:58:15,891] {scheduler_job.py:633} INFO - Processing file /Users/pierre-olivierboisvert/Desktop/GIT/Spotify-ETL/env/lib/python3.8/site-packages/airflow/example_dags/subdags/subdag.py for tasks to queue
[2021-07-12 13:58:15,891] {logging_mixin.py:104} INFO - [2021-07-12 13:58:15,891] {dagbag.py:496} INFO - Filling up the DagBag from /Users/pierre-olivierboisvert/Desktop/GIT/Spotify-ETL/env/lib/python3.8/site-packages/airflow/example_dags/subdags/subdag.py
[2021-07-12 13:58:15,893] {scheduler_job.py:645} WARNING - No viable dags retrieved from /Users/pierre-olivierboisvert/Desktop/GIT/Spotify-ETL/env/lib/python3.8/site-packages/airflow/example_dags/subdags/subdag.py
[2021-07-12 13:58:15,932] {scheduler_job.py:190} INFO - Processing /Users/pierre-olivierboisvert/Desktop/GIT/Spotify-ETL/env/lib/python3.8/site-packages/airflow/example_dags/subdags/subdag.py took 0.043 seconds
[2021-07-12 13:59:02,068] {scheduler_job.py:182} INFO - Started process (PID=67183) to work on /Users/pierre-olivierboisvert/Desktop/GIT/Spotify-ETL/env/lib/python3.8/site-packages/airflow/example_dags/subdags/subdag.py
[2021-07-12 13:59:02,069] {scheduler_job.py:633} INFO - Processing file /Users/pierre-olivierboisvert/Desktop/GIT/Spotify-ETL/env/lib/python3.8/site-packages/airflow/example_dags/subdags/subdag.py for tasks to queue
[2021-07-12 13:59:02,069] {logging_mixin.py:104} INFO - [2021-07-12 13:59:02,069] {dagbag.py:496} INFO - Filling up the DagBag from /Users/pierre-olivierboisvert/Desktop/GIT/Spotify-ETL/env/lib/python3.8/site-packages/airflow/example_dags/subdags/subdag.py
[2021-07-12 13:59:02,075] {scheduler_job.py:645} WARNING - No viable dags retrieved from /Users/pierre-olivierboisvert/Desktop/GIT/Spotify-ETL/env/lib/python3.8/site-packages/airflow/example_dags/subdags/subdag.py
[2021-07-12 13:59:02,134] {scheduler_job.py:190} INFO - Processing /Users/pierre-olivierboisvert/Desktop/GIT/Spotify-ETL/env/lib/python3.8/site-packages/airflow/example_dags/subdags/subdag.py took 0.066 seconds
[2021-07-12 13:59:48,372] {scheduler_job.py:182} INFO - Started process (PID=67228) to work on /Users/pierre-olivierboisvert/Desktop/GIT/Spotify-ETL/env/lib/python3.8/site-packages/airflow/example_dags/subdags/subdag.py
[2021-07-12 13:59:48,373] {scheduler_job.py:633} INFO - Processing file /Users/pierre-olivierboisvert/Desktop/GIT/Spotify-ETL/env/lib/python3.8/site-packages/airflow/example_dags/subdags/subdag.py for tasks to queue
[2021-07-12 13:59:48,373] {logging_mixin.py:104} INFO - [2021-07-12 13:59:48,373] {dagbag.py:496} INFO - Filling up the DagBag from /Users/pierre-olivierboisvert/Desktop/GIT/Spotify-ETL/env/lib/python3.8/site-packages/airflow/example_dags/subdags/subdag.py
[2021-07-12 13:59:48,377] {scheduler_job.py:645} WARNING - No viable dags retrieved from /Users/pierre-olivierboisvert/Desktop/GIT/Spotify-ETL/env/lib/python3.8/site-packages/airflow/example_dags/subdags/subdag.py
[2021-07-12 13:59:48,411] {scheduler_job.py:190} INFO - Processing /Users/pierre-olivierboisvert/Desktop/GIT/Spotify-ETL/env/lib/python3.8/site-packages/airflow/example_dags/subdags/subdag.py took 0.040 seconds
[2021-07-12 14:00:30,705] {scheduler_job.py:182} INFO - Started process (PID=67264) to work on /Users/pierre-olivierboisvert/Desktop/GIT/Spotify-ETL/env/lib/python3.8/site-packages/airflow/example_dags/subdags/subdag.py
[2021-07-12 14:00:30,706] {scheduler_job.py:633} INFO - Processing file /Users/pierre-olivierboisvert/Desktop/GIT/Spotify-ETL/env/lib/python3.8/site-packages/airflow/example_dags/subdags/subdag.py for tasks to queue
[2021-07-12 14:00:30,706] {logging_mixin.py:104} INFO - [2021-07-12 14:00:30,706] {dagbag.py:496} INFO - Filling up the DagBag from /Users/pierre-olivierboisvert/Desktop/GIT/Spotify-ETL/env/lib/python3.8/site-packages/airflow/example_dags/subdags/subdag.py
[2021-07-12 14:00:30,708] {scheduler_job.py:645} WARNING - No viable dags retrieved from /Users/pierre-olivierboisvert/Desktop/GIT/Spotify-ETL/env/lib/python3.8/site-packages/airflow/example_dags/subdags/subdag.py
[2021-07-12 14:00:30,743] {scheduler_job.py:190} INFO - Processing /Users/pierre-olivierboisvert/Desktop/GIT/Spotify-ETL/env/lib/python3.8/site-packages/airflow/example_dags/subdags/subdag.py took 0.038 seconds
[2021-07-12 14:01:12,253] {scheduler_job.py:182} INFO - Started process (PID=67304) to work on /Users/pierre-olivierboisvert/Desktop/GIT/Spotify-ETL/env/lib/python3.8/site-packages/airflow/example_dags/subdags/subdag.py
[2021-07-12 14:01:12,254] {scheduler_job.py:633} INFO - Processing file /Users/pierre-olivierboisvert/Desktop/GIT/Spotify-ETL/env/lib/python3.8/site-packages/airflow/example_dags/subdags/subdag.py for tasks to queue
[2021-07-12 14:01:12,254] {logging_mixin.py:104} INFO - [2021-07-12 14:01:12,254] {dagbag.py:496} INFO - Filling up the DagBag from /Users/pierre-olivierboisvert/Desktop/GIT/Spotify-ETL/env/lib/python3.8/site-packages/airflow/example_dags/subdags/subdag.py
[2021-07-12 14:01:12,257] {scheduler_job.py:645} WARNING - No viable dags retrieved from /Users/pierre-olivierboisvert/Desktop/GIT/Spotify-ETL/env/lib/python3.8/site-packages/airflow/example_dags/subdags/subdag.py
[2021-07-12 14:01:12,293] {scheduler_job.py:190} INFO - Processing /Users/pierre-olivierboisvert/Desktop/GIT/Spotify-ETL/env/lib/python3.8/site-packages/airflow/example_dags/subdags/subdag.py took 0.041 seconds
[2021-07-12 14:01:51,828] {scheduler_job.py:182} INFO - Started process (PID=67339) to work on /Users/pierre-olivierboisvert/Desktop/GIT/Spotify-ETL/env/lib/python3.8/site-packages/airflow/example_dags/subdags/subdag.py
[2021-07-12 14:01:51,829] {scheduler_job.py:633} INFO - Processing file /Users/pierre-olivierboisvert/Desktop/GIT/Spotify-ETL/env/lib/python3.8/site-packages/airflow/example_dags/subdags/subdag.py for tasks to queue
[2021-07-12 14:01:51,830] {logging_mixin.py:104} INFO - [2021-07-12 14:01:51,830] {dagbag.py:496} INFO - Filling up the DagBag from /Users/pierre-olivierboisvert/Desktop/GIT/Spotify-ETL/env/lib/python3.8/site-packages/airflow/example_dags/subdags/subdag.py
[2021-07-12 14:01:51,832] {scheduler_job.py:645} WARNING - No viable dags retrieved from /Users/pierre-olivierboisvert/Desktop/GIT/Spotify-ETL/env/lib/python3.8/site-packages/airflow/example_dags/subdags/subdag.py
[2021-07-12 14:01:51,874] {scheduler_job.py:190} INFO - Processing /Users/pierre-olivierboisvert/Desktop/GIT/Spotify-ETL/env/lib/python3.8/site-packages/airflow/example_dags/subdags/subdag.py took 0.046 seconds
[2021-07-12 14:02:36,433] {scheduler_job.py:182} INFO - Started process (PID=67378) to work on /Users/pierre-olivierboisvert/Desktop/GIT/Spotify-ETL/env/lib/python3.8/site-packages/airflow/example_dags/subdags/subdag.py
[2021-07-12 14:02:36,434] {scheduler_job.py:633} INFO - Processing file /Users/pierre-olivierboisvert/Desktop/GIT/Spotify-ETL/env/lib/python3.8/site-packages/airflow/example_dags/subdags/subdag.py for tasks to queue
[2021-07-12 14:02:36,434] {logging_mixin.py:104} INFO - [2021-07-12 14:02:36,434] {dagbag.py:496} INFO - Filling up the DagBag from /Users/pierre-olivierboisvert/Desktop/GIT/Spotify-ETL/env/lib/python3.8/site-packages/airflow/example_dags/subdags/subdag.py
[2021-07-12 14:02:36,436] {scheduler_job.py:645} WARNING - No viable dags retrieved from /Users/pierre-olivierboisvert/Desktop/GIT/Spotify-ETL/env/lib/python3.8/site-packages/airflow/example_dags/subdags/subdag.py
[2021-07-12 14:02:36,470] {scheduler_job.py:190} INFO - Processing /Users/pierre-olivierboisvert/Desktop/GIT/Spotify-ETL/env/lib/python3.8/site-packages/airflow/example_dags/subdags/subdag.py took 0.038 seconds
[2021-07-12 14:03:16,615] {scheduler_job.py:182} INFO - Started process (PID=67415) to work on /Users/pierre-olivierboisvert/Desktop/GIT/Spotify-ETL/env/lib/python3.8/site-packages/airflow/example_dags/subdags/subdag.py
[2021-07-12 14:03:16,616] {scheduler_job.py:633} INFO - Processing file /Users/pierre-olivierboisvert/Desktop/GIT/Spotify-ETL/env/lib/python3.8/site-packages/airflow/example_dags/subdags/subdag.py for tasks to queue
[2021-07-12 14:03:16,616] {logging_mixin.py:104} INFO - [2021-07-12 14:03:16,616] {dagbag.py:496} INFO - Filling up the DagBag from /Users/pierre-olivierboisvert/Desktop/GIT/Spotify-ETL/env/lib/python3.8/site-packages/airflow/example_dags/subdags/subdag.py
[2021-07-12 14:03:16,620] {scheduler_job.py:645} WARNING - No viable dags retrieved from /Users/pierre-olivierboisvert/Desktop/GIT/Spotify-ETL/env/lib/python3.8/site-packages/airflow/example_dags/subdags/subdag.py
[2021-07-12 14:03:16,652] {scheduler_job.py:190} INFO - Processing /Users/pierre-olivierboisvert/Desktop/GIT/Spotify-ETL/env/lib/python3.8/site-packages/airflow/example_dags/subdags/subdag.py took 0.037 seconds
[2021-07-12 14:04:01,715] {scheduler_job.py:182} INFO - Started process (PID=67452) to work on /Users/pierre-olivierboisvert/Desktop/GIT/Spotify-ETL/env/lib/python3.8/site-packages/airflow/example_dags/subdags/subdag.py
[2021-07-12 14:04:01,716] {scheduler_job.py:633} INFO - Processing file /Users/pierre-olivierboisvert/Desktop/GIT/Spotify-ETL/env/lib/python3.8/site-packages/airflow/example_dags/subdags/subdag.py for tasks to queue
[2021-07-12 14:04:01,717] {logging_mixin.py:104} INFO - [2021-07-12 14:04:01,717] {dagbag.py:496} INFO - Filling up the DagBag from /Users/pierre-olivierboisvert/Desktop/GIT/Spotify-ETL/env/lib/python3.8/site-packages/airflow/example_dags/subdags/subdag.py
[2021-07-12 14:04:01,719] {scheduler_job.py:645} WARNING - No viable dags retrieved from /Users/pierre-olivierboisvert/Desktop/GIT/Spotify-ETL/env/lib/python3.8/site-packages/airflow/example_dags/subdags/subdag.py
[2021-07-12 14:04:01,760] {scheduler_job.py:190} INFO - Processing /Users/pierre-olivierboisvert/Desktop/GIT/Spotify-ETL/env/lib/python3.8/site-packages/airflow/example_dags/subdags/subdag.py took 0.045 seconds
[2021-07-12 14:04:50,048] {scheduler_job.py:182} INFO - Started process (PID=67491) to work on /Users/pierre-olivierboisvert/Desktop/GIT/Spotify-ETL/env/lib/python3.8/site-packages/airflow/example_dags/subdags/subdag.py
[2021-07-12 14:04:50,049] {scheduler_job.py:633} INFO - Processing file /Users/pierre-olivierboisvert/Desktop/GIT/Spotify-ETL/env/lib/python3.8/site-packages/airflow/example_dags/subdags/subdag.py for tasks to queue
[2021-07-12 14:04:50,049] {logging_mixin.py:104} INFO - [2021-07-12 14:04:50,049] {dagbag.py:496} INFO - Filling up the DagBag from /Users/pierre-olivierboisvert/Desktop/GIT/Spotify-ETL/env/lib/python3.8/site-packages/airflow/example_dags/subdags/subdag.py
[2021-07-12 14:04:50,052] {scheduler_job.py:645} WARNING - No viable dags retrieved from /Users/pierre-olivierboisvert/Desktop/GIT/Spotify-ETL/env/lib/python3.8/site-packages/airflow/example_dags/subdags/subdag.py
[2021-07-12 14:04:50,093] {scheduler_job.py:190} INFO - Processing /Users/pierre-olivierboisvert/Desktop/GIT/Spotify-ETL/env/lib/python3.8/site-packages/airflow/example_dags/subdags/subdag.py took 0.047 seconds
[2021-07-12 14:05:31,846] {scheduler_job.py:182} INFO - Started process (PID=67527) to work on /Users/pierre-olivierboisvert/Desktop/GIT/Spotify-ETL/env/lib/python3.8/site-packages/airflow/example_dags/subdags/subdag.py
[2021-07-12 14:05:31,851] {scheduler_job.py:633} INFO - Processing file /Users/pierre-olivierboisvert/Desktop/GIT/Spotify-ETL/env/lib/python3.8/site-packages/airflow/example_dags/subdags/subdag.py for tasks to queue
[2021-07-12 14:05:31,851] {logging_mixin.py:104} INFO - [2021-07-12 14:05:31,851] {dagbag.py:496} INFO - Filling up the DagBag from /Users/pierre-olivierboisvert/Desktop/GIT/Spotify-ETL/env/lib/python3.8/site-packages/airflow/example_dags/subdags/subdag.py
[2021-07-12 14:05:31,854] {scheduler_job.py:645} WARNING - No viable dags retrieved from /Users/pierre-olivierboisvert/Desktop/GIT/Spotify-ETL/env/lib/python3.8/site-packages/airflow/example_dags/subdags/subdag.py
[2021-07-12 14:05:31,892] {scheduler_job.py:190} INFO - Processing /Users/pierre-olivierboisvert/Desktop/GIT/Spotify-ETL/env/lib/python3.8/site-packages/airflow/example_dags/subdags/subdag.py took 0.046 seconds
[2021-07-12 14:06:19,572] {scheduler_job.py:182} INFO - Started process (PID=67570) to work on /Users/pierre-olivierboisvert/Desktop/GIT/Spotify-ETL/env/lib/python3.8/site-packages/airflow/example_dags/subdags/subdag.py
[2021-07-12 14:06:19,574] {scheduler_job.py:633} INFO - Processing file /Users/pierre-olivierboisvert/Desktop/GIT/Spotify-ETL/env/lib/python3.8/site-packages/airflow/example_dags/subdags/subdag.py for tasks to queue
[2021-07-12 14:06:19,575] {logging_mixin.py:104} INFO - [2021-07-12 14:06:19,575] {dagbag.py:496} INFO - Filling up the DagBag from /Users/pierre-olivierboisvert/Desktop/GIT/Spotify-ETL/env/lib/python3.8/site-packages/airflow/example_dags/subdags/subdag.py
[2021-07-12 14:06:19,579] {scheduler_job.py:645} WARNING - No viable dags retrieved from /Users/pierre-olivierboisvert/Desktop/GIT/Spotify-ETL/env/lib/python3.8/site-packages/airflow/example_dags/subdags/subdag.py
[2021-07-12 14:06:19,639] {scheduler_job.py:190} INFO - Processing /Users/pierre-olivierboisvert/Desktop/GIT/Spotify-ETL/env/lib/python3.8/site-packages/airflow/example_dags/subdags/subdag.py took 0.068 seconds
[2021-07-12 14:07:15,792] {scheduler_job.py:182} INFO - Started process (PID=67617) to work on /Users/pierre-olivierboisvert/Desktop/GIT/Spotify-ETL/env/lib/python3.8/site-packages/airflow/example_dags/subdags/subdag.py
[2021-07-12 14:07:15,792] {scheduler_job.py:633} INFO - Processing file /Users/pierre-olivierboisvert/Desktop/GIT/Spotify-ETL/env/lib/python3.8/site-packages/airflow/example_dags/subdags/subdag.py for tasks to queue
[2021-07-12 14:07:15,793] {logging_mixin.py:104} INFO - [2021-07-12 14:07:15,793] {dagbag.py:496} INFO - Filling up the DagBag from /Users/pierre-olivierboisvert/Desktop/GIT/Spotify-ETL/env/lib/python3.8/site-packages/airflow/example_dags/subdags/subdag.py
[2021-07-12 14:07:15,795] {scheduler_job.py:645} WARNING - No viable dags retrieved from /Users/pierre-olivierboisvert/Desktop/GIT/Spotify-ETL/env/lib/python3.8/site-packages/airflow/example_dags/subdags/subdag.py
[2021-07-12 14:07:15,829] {scheduler_job.py:190} INFO - Processing /Users/pierre-olivierboisvert/Desktop/GIT/Spotify-ETL/env/lib/python3.8/site-packages/airflow/example_dags/subdags/subdag.py took 0.038 seconds
[2021-07-12 14:07:59,591] {scheduler_job.py:182} INFO - Started process (PID=67656) to work on /Users/pierre-olivierboisvert/Desktop/GIT/Spotify-ETL/env/lib/python3.8/site-packages/airflow/example_dags/subdags/subdag.py
[2021-07-12 14:07:59,592] {scheduler_job.py:633} INFO - Processing file /Users/pierre-olivierboisvert/Desktop/GIT/Spotify-ETL/env/lib/python3.8/site-packages/airflow/example_dags/subdags/subdag.py for tasks to queue
[2021-07-12 14:07:59,592] {logging_mixin.py:104} INFO - [2021-07-12 14:07:59,592] {dagbag.py:496} INFO - Filling up the DagBag from /Users/pierre-olivierboisvert/Desktop/GIT/Spotify-ETL/env/lib/python3.8/site-packages/airflow/example_dags/subdags/subdag.py
[2021-07-12 14:07:59,595] {scheduler_job.py:645} WARNING - No viable dags retrieved from /Users/pierre-olivierboisvert/Desktop/GIT/Spotify-ETL/env/lib/python3.8/site-packages/airflow/example_dags/subdags/subdag.py
[2021-07-12 14:07:59,633] {scheduler_job.py:190} INFO - Processing /Users/pierre-olivierboisvert/Desktop/GIT/Spotify-ETL/env/lib/python3.8/site-packages/airflow/example_dags/subdags/subdag.py took 0.042 seconds
[2021-07-12 14:08:45,105] {scheduler_job.py:182} INFO - Started process (PID=67694) to work on /Users/pierre-olivierboisvert/Desktop/GIT/Spotify-ETL/env/lib/python3.8/site-packages/airflow/example_dags/subdags/subdag.py
[2021-07-12 14:08:45,105] {scheduler_job.py:633} INFO - Processing file /Users/pierre-olivierboisvert/Desktop/GIT/Spotify-ETL/env/lib/python3.8/site-packages/airflow/example_dags/subdags/subdag.py for tasks to queue
[2021-07-12 14:08:45,106] {logging_mixin.py:104} INFO - [2021-07-12 14:08:45,106] {dagbag.py:496} INFO - Filling up the DagBag from /Users/pierre-olivierboisvert/Desktop/GIT/Spotify-ETL/env/lib/python3.8/site-packages/airflow/example_dags/subdags/subdag.py
[2021-07-12 14:08:45,108] {scheduler_job.py:645} WARNING - No viable dags retrieved from /Users/pierre-olivierboisvert/Desktop/GIT/Spotify-ETL/env/lib/python3.8/site-packages/airflow/example_dags/subdags/subdag.py
[2021-07-12 14:08:45,149] {scheduler_job.py:190} INFO - Processing /Users/pierre-olivierboisvert/Desktop/GIT/Spotify-ETL/env/lib/python3.8/site-packages/airflow/example_dags/subdags/subdag.py took 0.046 seconds
[2021-07-12 14:09:32,361] {scheduler_job.py:182} INFO - Started process (PID=67750) to work on /Users/pierre-olivierboisvert/Desktop/GIT/Spotify-ETL/env/lib/python3.8/site-packages/airflow/example_dags/subdags/subdag.py
[2021-07-12 14:09:32,362] {scheduler_job.py:633} INFO - Processing file /Users/pierre-olivierboisvert/Desktop/GIT/Spotify-ETL/env/lib/python3.8/site-packages/airflow/example_dags/subdags/subdag.py for tasks to queue
[2021-07-12 14:09:32,362] {logging_mixin.py:104} INFO - [2021-07-12 14:09:32,362] {dagbag.py:496} INFO - Filling up the DagBag from /Users/pierre-olivierboisvert/Desktop/GIT/Spotify-ETL/env/lib/python3.8/site-packages/airflow/example_dags/subdags/subdag.py
[2021-07-12 14:09:32,364] {scheduler_job.py:645} WARNING - No viable dags retrieved from /Users/pierre-olivierboisvert/Desktop/GIT/Spotify-ETL/env/lib/python3.8/site-packages/airflow/example_dags/subdags/subdag.py
[2021-07-12 14:09:32,399] {scheduler_job.py:190} INFO - Processing /Users/pierre-olivierboisvert/Desktop/GIT/Spotify-ETL/env/lib/python3.8/site-packages/airflow/example_dags/subdags/subdag.py took 0.038 seconds
[2021-07-12 14:10:17,428] {scheduler_job.py:182} INFO - Started process (PID=67790) to work on /Users/pierre-olivierboisvert/Desktop/GIT/Spotify-ETL/env/lib/python3.8/site-packages/airflow/example_dags/subdags/subdag.py
[2021-07-12 14:10:17,429] {scheduler_job.py:633} INFO - Processing file /Users/pierre-olivierboisvert/Desktop/GIT/Spotify-ETL/env/lib/python3.8/site-packages/airflow/example_dags/subdags/subdag.py for tasks to queue
[2021-07-12 14:10:17,429] {logging_mixin.py:104} INFO - [2021-07-12 14:10:17,429] {dagbag.py:496} INFO - Filling up the DagBag from /Users/pierre-olivierboisvert/Desktop/GIT/Spotify-ETL/env/lib/python3.8/site-packages/airflow/example_dags/subdags/subdag.py
[2021-07-12 14:10:17,432] {scheduler_job.py:645} WARNING - No viable dags retrieved from /Users/pierre-olivierboisvert/Desktop/GIT/Spotify-ETL/env/lib/python3.8/site-packages/airflow/example_dags/subdags/subdag.py
[2021-07-12 14:10:17,467] {scheduler_job.py:190} INFO - Processing /Users/pierre-olivierboisvert/Desktop/GIT/Spotify-ETL/env/lib/python3.8/site-packages/airflow/example_dags/subdags/subdag.py took 0.040 seconds
[2021-07-12 14:10:58,071] {scheduler_job.py:182} INFO - Started process (PID=67827) to work on /Users/pierre-olivierboisvert/Desktop/GIT/Spotify-ETL/env/lib/python3.8/site-packages/airflow/example_dags/subdags/subdag.py
[2021-07-12 14:10:58,071] {scheduler_job.py:633} INFO - Processing file /Users/pierre-olivierboisvert/Desktop/GIT/Spotify-ETL/env/lib/python3.8/site-packages/airflow/example_dags/subdags/subdag.py for tasks to queue
[2021-07-12 14:10:58,072] {logging_mixin.py:104} INFO - [2021-07-12 14:10:58,072] {dagbag.py:496} INFO - Filling up the DagBag from /Users/pierre-olivierboisvert/Desktop/GIT/Spotify-ETL/env/lib/python3.8/site-packages/airflow/example_dags/subdags/subdag.py
[2021-07-12 14:10:58,074] {scheduler_job.py:645} WARNING - No viable dags retrieved from /Users/pierre-olivierboisvert/Desktop/GIT/Spotify-ETL/env/lib/python3.8/site-packages/airflow/example_dags/subdags/subdag.py
[2021-07-12 14:10:58,108] {scheduler_job.py:190} INFO - Processing /Users/pierre-olivierboisvert/Desktop/GIT/Spotify-ETL/env/lib/python3.8/site-packages/airflow/example_dags/subdags/subdag.py took 0.038 seconds
[2021-07-12 14:11:39,318] {scheduler_job.py:182} INFO - Started process (PID=67865) to work on /Users/pierre-olivierboisvert/Desktop/GIT/Spotify-ETL/env/lib/python3.8/site-packages/airflow/example_dags/subdags/subdag.py
[2021-07-12 14:11:39,319] {scheduler_job.py:633} INFO - Processing file /Users/pierre-olivierboisvert/Desktop/GIT/Spotify-ETL/env/lib/python3.8/site-packages/airflow/example_dags/subdags/subdag.py for tasks to queue
[2021-07-12 14:11:39,320] {logging_mixin.py:104} INFO - [2021-07-12 14:11:39,320] {dagbag.py:496} INFO - Filling up the DagBag from /Users/pierre-olivierboisvert/Desktop/GIT/Spotify-ETL/env/lib/python3.8/site-packages/airflow/example_dags/subdags/subdag.py
[2021-07-12 14:11:39,323] {scheduler_job.py:645} WARNING - No viable dags retrieved from /Users/pierre-olivierboisvert/Desktop/GIT/Spotify-ETL/env/lib/python3.8/site-packages/airflow/example_dags/subdags/subdag.py
[2021-07-12 14:11:39,376] {scheduler_job.py:190} INFO - Processing /Users/pierre-olivierboisvert/Desktop/GIT/Spotify-ETL/env/lib/python3.8/site-packages/airflow/example_dags/subdags/subdag.py took 0.058 seconds
[2021-07-12 14:12:15,724] {scheduler_job.py:182} INFO - Started process (PID=67900) to work on /Users/pierre-olivierboisvert/Desktop/GIT/Spotify-ETL/env/lib/python3.8/site-packages/airflow/example_dags/subdags/subdag.py
[2021-07-12 14:12:15,725] {scheduler_job.py:633} INFO - Processing file /Users/pierre-olivierboisvert/Desktop/GIT/Spotify-ETL/env/lib/python3.8/site-packages/airflow/example_dags/subdags/subdag.py for tasks to queue
[2021-07-12 14:12:15,725] {logging_mixin.py:104} INFO - [2021-07-12 14:12:15,725] {dagbag.py:496} INFO - Filling up the DagBag from /Users/pierre-olivierboisvert/Desktop/GIT/Spotify-ETL/env/lib/python3.8/site-packages/airflow/example_dags/subdags/subdag.py
[2021-07-12 14:12:15,727] {scheduler_job.py:645} WARNING - No viable dags retrieved from /Users/pierre-olivierboisvert/Desktop/GIT/Spotify-ETL/env/lib/python3.8/site-packages/airflow/example_dags/subdags/subdag.py
[2021-07-12 14:12:15,764] {scheduler_job.py:190} INFO - Processing /Users/pierre-olivierboisvert/Desktop/GIT/Spotify-ETL/env/lib/python3.8/site-packages/airflow/example_dags/subdags/subdag.py took 0.040 seconds
[2021-07-12 14:12:56,887] {scheduler_job.py:182} INFO - Started process (PID=67954) to work on /Users/pierre-olivierboisvert/Desktop/GIT/Spotify-ETL/env/lib/python3.8/site-packages/airflow/example_dags/subdags/subdag.py
[2021-07-12 14:12:56,887] {scheduler_job.py:633} INFO - Processing file /Users/pierre-olivierboisvert/Desktop/GIT/Spotify-ETL/env/lib/python3.8/site-packages/airflow/example_dags/subdags/subdag.py for tasks to queue
[2021-07-12 14:12:56,888] {logging_mixin.py:104} INFO - [2021-07-12 14:12:56,888] {dagbag.py:496} INFO - Filling up the DagBag from /Users/pierre-olivierboisvert/Desktop/GIT/Spotify-ETL/env/lib/python3.8/site-packages/airflow/example_dags/subdags/subdag.py
[2021-07-12 14:12:56,891] {scheduler_job.py:645} WARNING - No viable dags retrieved from /Users/pierre-olivierboisvert/Desktop/GIT/Spotify-ETL/env/lib/python3.8/site-packages/airflow/example_dags/subdags/subdag.py
[2021-07-12 14:12:56,930] {scheduler_job.py:190} INFO - Processing /Users/pierre-olivierboisvert/Desktop/GIT/Spotify-ETL/env/lib/python3.8/site-packages/airflow/example_dags/subdags/subdag.py took 0.045 seconds
[2021-07-12 14:13:38,514] {scheduler_job.py:182} INFO - Started process (PID=68034) to work on /Users/pierre-olivierboisvert/Desktop/GIT/Spotify-ETL/env/lib/python3.8/site-packages/airflow/example_dags/subdags/subdag.py
[2021-07-12 14:13:38,514] {scheduler_job.py:633} INFO - Processing file /Users/pierre-olivierboisvert/Desktop/GIT/Spotify-ETL/env/lib/python3.8/site-packages/airflow/example_dags/subdags/subdag.py for tasks to queue
[2021-07-12 14:13:38,515] {logging_mixin.py:104} INFO - [2021-07-12 14:13:38,515] {dagbag.py:496} INFO - Filling up the DagBag from /Users/pierre-olivierboisvert/Desktop/GIT/Spotify-ETL/env/lib/python3.8/site-packages/airflow/example_dags/subdags/subdag.py
[2021-07-12 14:13:38,517] {scheduler_job.py:645} WARNING - No viable dags retrieved from /Users/pierre-olivierboisvert/Desktop/GIT/Spotify-ETL/env/lib/python3.8/site-packages/airflow/example_dags/subdags/subdag.py
[2021-07-12 14:13:38,559] {scheduler_job.py:190} INFO - Processing /Users/pierre-olivierboisvert/Desktop/GIT/Spotify-ETL/env/lib/python3.8/site-packages/airflow/example_dags/subdags/subdag.py took 0.046 seconds
[2021-07-12 14:14:29,788] {scheduler_job.py:182} INFO - Started process (PID=68124) to work on /Users/pierre-olivierboisvert/Desktop/GIT/Spotify-ETL/env/lib/python3.8/site-packages/airflow/example_dags/subdags/subdag.py
[2021-07-12 14:14:29,789] {scheduler_job.py:633} INFO - Processing file /Users/pierre-olivierboisvert/Desktop/GIT/Spotify-ETL/env/lib/python3.8/site-packages/airflow/example_dags/subdags/subdag.py for tasks to queue
[2021-07-12 14:14:29,789] {logging_mixin.py:104} INFO - [2021-07-12 14:14:29,789] {dagbag.py:496} INFO - Filling up the DagBag from /Users/pierre-olivierboisvert/Desktop/GIT/Spotify-ETL/env/lib/python3.8/site-packages/airflow/example_dags/subdags/subdag.py
[2021-07-12 14:14:29,792] {scheduler_job.py:645} WARNING - No viable dags retrieved from /Users/pierre-olivierboisvert/Desktop/GIT/Spotify-ETL/env/lib/python3.8/site-packages/airflow/example_dags/subdags/subdag.py
[2021-07-12 14:14:29,827] {scheduler_job.py:190} INFO - Processing /Users/pierre-olivierboisvert/Desktop/GIT/Spotify-ETL/env/lib/python3.8/site-packages/airflow/example_dags/subdags/subdag.py took 0.039 seconds
[2021-07-12 14:14:54,627] {scheduler_job.py:182} INFO - Started process (PID=68205) to work on /Users/pierre-olivierboisvert/Desktop/GIT/Spotify-ETL/env/lib/python3.8/site-packages/airflow/example_dags/subdags/subdag.py
[2021-07-12 14:14:54,628] {scheduler_job.py:633} INFO - Processing file /Users/pierre-olivierboisvert/Desktop/GIT/Spotify-ETL/env/lib/python3.8/site-packages/airflow/example_dags/subdags/subdag.py for tasks to queue
[2021-07-12 14:14:54,628] {logging_mixin.py:104} INFO - [2021-07-12 14:14:54,628] {dagbag.py:496} INFO - Filling up the DagBag from /Users/pierre-olivierboisvert/Desktop/GIT/Spotify-ETL/env/lib/python3.8/site-packages/airflow/example_dags/subdags/subdag.py
[2021-07-12 14:14:54,630] {scheduler_job.py:645} WARNING - No viable dags retrieved from /Users/pierre-olivierboisvert/Desktop/GIT/Spotify-ETL/env/lib/python3.8/site-packages/airflow/example_dags/subdags/subdag.py
[2021-07-12 14:14:54,666] {scheduler_job.py:190} INFO - Processing /Users/pierre-olivierboisvert/Desktop/GIT/Spotify-ETL/env/lib/python3.8/site-packages/airflow/example_dags/subdags/subdag.py took 0.040 seconds
[2021-07-12 14:16:33,625] {scheduler_job.py:182} INFO - Started process (PID=68379) to work on /Users/pierre-olivierboisvert/Desktop/GIT/Spotify-ETL/env/lib/python3.8/site-packages/airflow/example_dags/subdags/subdag.py
[2021-07-12 14:16:33,625] {scheduler_job.py:633} INFO - Processing file /Users/pierre-olivierboisvert/Desktop/GIT/Spotify-ETL/env/lib/python3.8/site-packages/airflow/example_dags/subdags/subdag.py for tasks to queue
[2021-07-12 14:16:33,626] {logging_mixin.py:104} INFO - [2021-07-12 14:16:33,626] {dagbag.py:496} INFO - Filling up the DagBag from /Users/pierre-olivierboisvert/Desktop/GIT/Spotify-ETL/env/lib/python3.8/site-packages/airflow/example_dags/subdags/subdag.py
[2021-07-12 14:16:33,628] {scheduler_job.py:645} WARNING - No viable dags retrieved from /Users/pierre-olivierboisvert/Desktop/GIT/Spotify-ETL/env/lib/python3.8/site-packages/airflow/example_dags/subdags/subdag.py
[2021-07-12 14:16:33,664] {scheduler_job.py:190} INFO - Processing /Users/pierre-olivierboisvert/Desktop/GIT/Spotify-ETL/env/lib/python3.8/site-packages/airflow/example_dags/subdags/subdag.py took 0.040 seconds
[2021-07-12 14:17:10,966] {scheduler_job.py:182} INFO - Started process (PID=68488) to work on /Users/pierre-olivierboisvert/Desktop/GIT/Spotify-ETL/env/lib/python3.8/site-packages/airflow/example_dags/subdags/subdag.py
[2021-07-12 14:17:10,967] {scheduler_job.py:633} INFO - Processing file /Users/pierre-olivierboisvert/Desktop/GIT/Spotify-ETL/env/lib/python3.8/site-packages/airflow/example_dags/subdags/subdag.py for tasks to queue
[2021-07-12 14:17:10,967] {logging_mixin.py:104} INFO - [2021-07-12 14:17:10,967] {dagbag.py:496} INFO - Filling up the DagBag from /Users/pierre-olivierboisvert/Desktop/GIT/Spotify-ETL/env/lib/python3.8/site-packages/airflow/example_dags/subdags/subdag.py
[2021-07-12 14:17:10,969] {scheduler_job.py:645} WARNING - No viable dags retrieved from /Users/pierre-olivierboisvert/Desktop/GIT/Spotify-ETL/env/lib/python3.8/site-packages/airflow/example_dags/subdags/subdag.py
[2021-07-12 14:17:11,004] {scheduler_job.py:190} INFO - Processing /Users/pierre-olivierboisvert/Desktop/GIT/Spotify-ETL/env/lib/python3.8/site-packages/airflow/example_dags/subdags/subdag.py took 0.038 seconds
[2021-07-12 14:18:21,201] {scheduler_job.py:182} INFO - Started process (PID=68672) to work on /Users/pierre-olivierboisvert/Desktop/GIT/Spotify-ETL/env/lib/python3.8/site-packages/airflow/example_dags/subdags/subdag.py
[2021-07-12 14:18:21,202] {scheduler_job.py:633} INFO - Processing file /Users/pierre-olivierboisvert/Desktop/GIT/Spotify-ETL/env/lib/python3.8/site-packages/airflow/example_dags/subdags/subdag.py for tasks to queue
[2021-07-12 14:18:21,203] {logging_mixin.py:104} INFO - [2021-07-12 14:18:21,203] {dagbag.py:496} INFO - Filling up the DagBag from /Users/pierre-olivierboisvert/Desktop/GIT/Spotify-ETL/env/lib/python3.8/site-packages/airflow/example_dags/subdags/subdag.py
[2021-07-12 14:18:21,224] {scheduler_job.py:645} WARNING - No viable dags retrieved from /Users/pierre-olivierboisvert/Desktop/GIT/Spotify-ETL/env/lib/python3.8/site-packages/airflow/example_dags/subdags/subdag.py
[2021-07-12 14:18:21,372] {scheduler_job.py:190} INFO - Processing /Users/pierre-olivierboisvert/Desktop/GIT/Spotify-ETL/env/lib/python3.8/site-packages/airflow/example_dags/subdags/subdag.py took 0.177 seconds
[2021-07-12 14:19:44,693] {scheduler_job.py:182} INFO - Started process (PID=68753) to work on /Users/pierre-olivierboisvert/Desktop/GIT/Spotify-ETL/env/lib/python3.8/site-packages/airflow/example_dags/subdags/subdag.py
[2021-07-12 14:19:44,694] {scheduler_job.py:633} INFO - Processing file /Users/pierre-olivierboisvert/Desktop/GIT/Spotify-ETL/env/lib/python3.8/site-packages/airflow/example_dags/subdags/subdag.py for tasks to queue
[2021-07-12 14:19:44,694] {logging_mixin.py:104} INFO - [2021-07-12 14:19:44,694] {dagbag.py:496} INFO - Filling up the DagBag from /Users/pierre-olivierboisvert/Desktop/GIT/Spotify-ETL/env/lib/python3.8/site-packages/airflow/example_dags/subdags/subdag.py
[2021-07-12 14:19:44,696] {scheduler_job.py:645} WARNING - No viable dags retrieved from /Users/pierre-olivierboisvert/Desktop/GIT/Spotify-ETL/env/lib/python3.8/site-packages/airflow/example_dags/subdags/subdag.py
[2021-07-12 14:19:44,728] {scheduler_job.py:190} INFO - Processing /Users/pierre-olivierboisvert/Desktop/GIT/Spotify-ETL/env/lib/python3.8/site-packages/airflow/example_dags/subdags/subdag.py took 0.035 seconds
[2021-07-12 14:20:26,142] {scheduler_job.py:182} INFO - Started process (PID=68822) to work on /Users/pierre-olivierboisvert/Desktop/GIT/Spotify-ETL/env/lib/python3.8/site-packages/airflow/example_dags/subdags/subdag.py
[2021-07-12 14:20:26,143] {scheduler_job.py:633} INFO - Processing file /Users/pierre-olivierboisvert/Desktop/GIT/Spotify-ETL/env/lib/python3.8/site-packages/airflow/example_dags/subdags/subdag.py for tasks to queue
[2021-07-12 14:20:26,144] {logging_mixin.py:104} INFO - [2021-07-12 14:20:26,143] {dagbag.py:496} INFO - Filling up the DagBag from /Users/pierre-olivierboisvert/Desktop/GIT/Spotify-ETL/env/lib/python3.8/site-packages/airflow/example_dags/subdags/subdag.py
[2021-07-12 14:20:26,147] {scheduler_job.py:645} WARNING - No viable dags retrieved from /Users/pierre-olivierboisvert/Desktop/GIT/Spotify-ETL/env/lib/python3.8/site-packages/airflow/example_dags/subdags/subdag.py
[2021-07-12 14:20:26,191] {scheduler_job.py:190} INFO - Processing /Users/pierre-olivierboisvert/Desktop/GIT/Spotify-ETL/env/lib/python3.8/site-packages/airflow/example_dags/subdags/subdag.py took 0.051 seconds
[2021-07-12 14:21:09,426] {scheduler_job.py:182} INFO - Started process (PID=68935) to work on /Users/pierre-olivierboisvert/Desktop/GIT/Spotify-ETL/env/lib/python3.8/site-packages/airflow/example_dags/subdags/subdag.py
[2021-07-12 14:21:09,430] {scheduler_job.py:633} INFO - Processing file /Users/pierre-olivierboisvert/Desktop/GIT/Spotify-ETL/env/lib/python3.8/site-packages/airflow/example_dags/subdags/subdag.py for tasks to queue
[2021-07-12 14:21:09,430] {logging_mixin.py:104} INFO - [2021-07-12 14:21:09,430] {dagbag.py:496} INFO - Filling up the DagBag from /Users/pierre-olivierboisvert/Desktop/GIT/Spotify-ETL/env/lib/python3.8/site-packages/airflow/example_dags/subdags/subdag.py
[2021-07-12 14:21:09,432] {scheduler_job.py:645} WARNING - No viable dags retrieved from /Users/pierre-olivierboisvert/Desktop/GIT/Spotify-ETL/env/lib/python3.8/site-packages/airflow/example_dags/subdags/subdag.py
[2021-07-12 14:21:09,490] {scheduler_job.py:190} INFO - Processing /Users/pierre-olivierboisvert/Desktop/GIT/Spotify-ETL/env/lib/python3.8/site-packages/airflow/example_dags/subdags/subdag.py took 0.065 seconds
[2021-07-12 14:22:12,311] {scheduler_job.py:182} INFO - Started process (PID=69101) to work on /Users/pierre-olivierboisvert/Desktop/GIT/Spotify-ETL/env/lib/python3.8/site-packages/airflow/example_dags/subdags/subdag.py
[2021-07-12 14:22:12,311] {scheduler_job.py:633} INFO - Processing file /Users/pierre-olivierboisvert/Desktop/GIT/Spotify-ETL/env/lib/python3.8/site-packages/airflow/example_dags/subdags/subdag.py for tasks to queue
[2021-07-12 14:22:12,312] {logging_mixin.py:104} INFO - [2021-07-12 14:22:12,312] {dagbag.py:496} INFO - Filling up the DagBag from /Users/pierre-olivierboisvert/Desktop/GIT/Spotify-ETL/env/lib/python3.8/site-packages/airflow/example_dags/subdags/subdag.py
[2021-07-12 14:22:12,315] {scheduler_job.py:645} WARNING - No viable dags retrieved from /Users/pierre-olivierboisvert/Desktop/GIT/Spotify-ETL/env/lib/python3.8/site-packages/airflow/example_dags/subdags/subdag.py
[2021-07-12 14:22:12,366] {scheduler_job.py:190} INFO - Processing /Users/pierre-olivierboisvert/Desktop/GIT/Spotify-ETL/env/lib/python3.8/site-packages/airflow/example_dags/subdags/subdag.py took 0.056 seconds
[2021-07-12 14:23:35,682] {scheduler_job.py:182} INFO - Started process (PID=69195) to work on /Users/pierre-olivierboisvert/Desktop/GIT/Spotify-ETL/env/lib/python3.8/site-packages/airflow/example_dags/subdags/subdag.py
[2021-07-12 14:23:35,682] {scheduler_job.py:633} INFO - Processing file /Users/pierre-olivierboisvert/Desktop/GIT/Spotify-ETL/env/lib/python3.8/site-packages/airflow/example_dags/subdags/subdag.py for tasks to queue
[2021-07-12 14:23:35,682] {logging_mixin.py:104} INFO - [2021-07-12 14:23:35,682] {dagbag.py:496} INFO - Filling up the DagBag from /Users/pierre-olivierboisvert/Desktop/GIT/Spotify-ETL/env/lib/python3.8/site-packages/airflow/example_dags/subdags/subdag.py
[2021-07-12 14:23:35,684] {scheduler_job.py:645} WARNING - No viable dags retrieved from /Users/pierre-olivierboisvert/Desktop/GIT/Spotify-ETL/env/lib/python3.8/site-packages/airflow/example_dags/subdags/subdag.py
[2021-07-12 14:23:35,723] {scheduler_job.py:190} INFO - Processing /Users/pierre-olivierboisvert/Desktop/GIT/Spotify-ETL/env/lib/python3.8/site-packages/airflow/example_dags/subdags/subdag.py took 0.042 seconds
[2021-07-12 14:24:32,043] {scheduler_job.py:182} INFO - Started process (PID=69343) to work on /Users/pierre-olivierboisvert/Desktop/GIT/Spotify-ETL/env/lib/python3.8/site-packages/airflow/example_dags/subdags/subdag.py
[2021-07-12 14:24:32,043] {scheduler_job.py:633} INFO - Processing file /Users/pierre-olivierboisvert/Desktop/GIT/Spotify-ETL/env/lib/python3.8/site-packages/airflow/example_dags/subdags/subdag.py for tasks to queue
[2021-07-12 14:24:32,044] {logging_mixin.py:104} INFO - [2021-07-12 14:24:32,044] {dagbag.py:496} INFO - Filling up the DagBag from /Users/pierre-olivierboisvert/Desktop/GIT/Spotify-ETL/env/lib/python3.8/site-packages/airflow/example_dags/subdags/subdag.py
[2021-07-12 14:24:32,047] {scheduler_job.py:645} WARNING - No viable dags retrieved from /Users/pierre-olivierboisvert/Desktop/GIT/Spotify-ETL/env/lib/python3.8/site-packages/airflow/example_dags/subdags/subdag.py
[2021-07-12 14:24:32,093] {scheduler_job.py:190} INFO - Processing /Users/pierre-olivierboisvert/Desktop/GIT/Spotify-ETL/env/lib/python3.8/site-packages/airflow/example_dags/subdags/subdag.py took 0.050 seconds
[2021-07-12 14:25:37,157] {scheduler_job.py:182} INFO - Started process (PID=69454) to work on /Users/pierre-olivierboisvert/Desktop/GIT/Spotify-ETL/env/lib/python3.8/site-packages/airflow/example_dags/subdags/subdag.py
[2021-07-12 14:25:37,160] {scheduler_job.py:633} INFO - Processing file /Users/pierre-olivierboisvert/Desktop/GIT/Spotify-ETL/env/lib/python3.8/site-packages/airflow/example_dags/subdags/subdag.py for tasks to queue
[2021-07-12 14:25:37,161] {logging_mixin.py:104} INFO - [2021-07-12 14:25:37,161] {dagbag.py:496} INFO - Filling up the DagBag from /Users/pierre-olivierboisvert/Desktop/GIT/Spotify-ETL/env/lib/python3.8/site-packages/airflow/example_dags/subdags/subdag.py
[2021-07-12 14:25:37,164] {scheduler_job.py:645} WARNING - No viable dags retrieved from /Users/pierre-olivierboisvert/Desktop/GIT/Spotify-ETL/env/lib/python3.8/site-packages/airflow/example_dags/subdags/subdag.py
[2021-07-12 14:25:37,205] {scheduler_job.py:190} INFO - Processing /Users/pierre-olivierboisvert/Desktop/GIT/Spotify-ETL/env/lib/python3.8/site-packages/airflow/example_dags/subdags/subdag.py took 0.051 seconds
[2021-07-12 14:26:38,601] {scheduler_job.py:182} INFO - Started process (PID=69561) to work on /Users/pierre-olivierboisvert/Desktop/GIT/Spotify-ETL/env/lib/python3.8/site-packages/airflow/example_dags/subdags/subdag.py
[2021-07-12 14:26:38,602] {scheduler_job.py:633} INFO - Processing file /Users/pierre-olivierboisvert/Desktop/GIT/Spotify-ETL/env/lib/python3.8/site-packages/airflow/example_dags/subdags/subdag.py for tasks to queue
[2021-07-12 14:26:38,602] {logging_mixin.py:104} INFO - [2021-07-12 14:26:38,602] {dagbag.py:496} INFO - Filling up the DagBag from /Users/pierre-olivierboisvert/Desktop/GIT/Spotify-ETL/env/lib/python3.8/site-packages/airflow/example_dags/subdags/subdag.py
[2021-07-12 14:26:38,605] {scheduler_job.py:645} WARNING - No viable dags retrieved from /Users/pierre-olivierboisvert/Desktop/GIT/Spotify-ETL/env/lib/python3.8/site-packages/airflow/example_dags/subdags/subdag.py
[2021-07-12 14:26:38,640] {scheduler_job.py:190} INFO - Processing /Users/pierre-olivierboisvert/Desktop/GIT/Spotify-ETL/env/lib/python3.8/site-packages/airflow/example_dags/subdags/subdag.py took 0.039 seconds
